#
# There is insufficient memory for the Java Runtime Environment to continue.
# Native memory allocation (malloc) failed to allocate 376656 bytes for Chunk::new
# Possible reasons:
#   The system is out of physical RAM or swap space
#   The process is running with CompressedOops enabled, and the Java Heap may be blocking the growth of the native heap
# Possible solutions:
#   Reduce memory load on the system
#   Increase physical memory or swap space
#   Check if swap backing store is full
#   Decrease Java heap size (-Xmx/-Xms)
#   Decrease number of Java threads
#   Decrease Java thread stack sizes (-Xss)
#   Set larger code cache with -XX:ReservedCodeCacheSize=
#   JVM is running with Unscaled Compressed Oops mode in which the Java heap is
#     placed in the first 4GB address space. The Java Heap base address is the
#     maximum limit for the native heap growth. Please use -XX:HeapBaseMinAddress
#     to set the Java Heap base and to place the Java Heap above 4GB virtual address.
# This output file may be truncated or incomplete.
#
#  Out of Memory Error (arena.cpp:197), pid=21636, tid=21516
#
# JRE version: OpenJDK Runtime Environment Microsoft-8035250 (11.0.20+8) (build 11.0.20+8-LTS)
# Java VM: OpenJDK 64-Bit Server VM Microsoft-8035250 (11.0.20+8-LTS, mixed mode, tiered, compressed oops, g1 gc, windows-amd64)
# No core dump will be written. Minidumps are not enabled by default on client versions of Windows
#

---------------  S U M M A R Y ------------

Command Line: -XX:MaxMetaspaceSize=512m --add-opens=java.base/java.util=ALL-UNNAMED --add-opens=java.base/java.lang=ALL-UNNAMED --add-opens=java.base/java.lang.invoke=ALL-UNNAMED --add-opens=java.prefs/java.util.prefs=ALL-UNNAMED --add-opens=java.base/java.nio.charset=ALL-UNNAMED --add-opens=java.base/java.net=ALL-UNNAMED --add-opens=java.base/java.util.concurrent.atomic=ALL-UNNAMED -Xmx2048m -Dfile.encoding=windows-1252 -Duser.country=US -Duser.language=en -Duser.variant org.gradle.launcher.daemon.bootstrap.GradleDaemon 8.0.1

Host: Intel(R) Core(TM) i5-8300H CPU @ 2.30GHz, 8 cores, 15G,  Windows 11 , 64 bit Build 22621 (10.0.22621.2215)
Time: Tue Oct 10 16:44:19 2023 Nepal Standard Time elapsed time: 254.768533 seconds (0d 0h 4m 14s)

---------------  T H R E A D  ---------------

Current thread (0x000001c456640800):  JavaThread "C2 CompilerThread0" daemon [_thread_in_native, id=21516, stack(0x000000aae2700000,0x000000aae2800000)]


Current CompileTask:
C2: 254768 15816       4       sun.nio.fs.WindowsFileSystemProvider::newDirectoryStream (31 bytes)

Stack: [0x000000aae2700000,0x000000aae2800000]
Native frames: (J=compiled Java code, j=interpreted, Vv=VM code, C=native code)
V  [jvm.dll+0x62e9da]
V  [jvm.dll+0x7bc4e9]
V  [jvm.dll+0x7bdbd8]
V  [jvm.dll+0x7be2b3]
V  [jvm.dll+0x2505a8]
V  [jvm.dll+0xc263c]
V  [jvm.dll+0xc2bfc]
V  [jvm.dll+0x35fd82]
V  [jvm.dll+0x32bf13]
V  [jvm.dll+0x32b24a]
V  [jvm.dll+0x2097e3]
V  [jvm.dll+0x20893d]
V  [jvm.dll+0x18a7de]
V  [jvm.dll+0x2181ec]
V  [jvm.dll+0x21642b]
V  [jvm.dll+0x77efc0]
V  [jvm.dll+0x777db4]
V  [jvm.dll+0x62d845]
C  [ucrtbase.dll+0x29363]
C  [KERNEL32.DLL+0x1257d]
C  [ntdll.dll+0x5aa68]


---------------  P R O C E S S  ---------------

Threads class SMR info:
_java_thread_list=0x000001c462b6d5a0, length=136, elements={
0x000001c436c8f000, 0x000001c4565d7000, 0x000001c4565db800, 0x000001c45663b800,
0x000001c45663c800, 0x000001c45663d800, 0x000001c456640800, 0x000001c456643800,
0x000001c456646000, 0x000001c456755000, 0x000001c458867000, 0x000001c457eb2800,
0x000001c459979800, 0x000001c458f2f000, 0x000001c458e42000, 0x000001c459869800,
0x000001c457ff0000, 0x000001c457ae4000, 0x000001c4575ee800, 0x000001c457b13000,
0x000001c456cf2000, 0x000001c456cef800, 0x000001c456cf1800, 0x000001c456cf0800,
0x000001c456cf3000, 0x000001c456cf4000, 0x000001c456cf4800, 0x000001c456cef000,
0x000001c456cf5800, 0x000001c459387800, 0x000001c45938b000, 0x000001c459388800,
0x000001c45938c800, 0x000001c45938e000, 0x000001c459394000, 0x000001c459390000,
0x000001c45938f000, 0x000001c459390800, 0x000001c459391800, 0x000001c459392800,
0x000001c459393000, 0x000001c458de3800, 0x000001c458de2800, 0x000001c458ddf000,
0x000001c458ddd800, 0x000001c458dde800, 0x000001c458de5800, 0x000001c458de5000,
0x000001c458de4000, 0x000001c458de0000, 0x000001c458de6800, 0x000001c458de1000,
0x000001c458de7800, 0x000001c458de1800, 0x000001c458dec800, 0x000001c458dea000,
0x000001c458de9000, 0x000001c458de8000, 0x000001c458dea800, 0x000001c458deb800,
0x000001c459890000, 0x000001c45988b000, 0x000001c45988a000, 0x000001c45988e800,
0x000001c45988f000, 0x000001c45988c800, 0x000001c45988d800, 0x000001c459891800,
0x000001c459891000, 0x000001c45988c000, 0x000001c459892800, 0x000001c459899000,
0x000001c459895800, 0x000001c459893000, 0x000001c459894000, 0x000001c459896800,
0x000001c459895000, 0x000001c459898000, 0x000001c460d6b000, 0x000001c460d6a800,
0x000001c460d69800, 0x000001c460d6c000, 0x000001c460d66800, 0x000001c460d68800,
0x000001c460d6d000, 0x000001c460d67000, 0x000001c460d68000, 0x000001c45992e000,
0x000001c45992f000, 0x000001c45992c800, 0x000001c45992d000, 0x000001c459929000,
0x000001c45992f800, 0x000001c45992a000, 0x000001c45992a800, 0x000001c459930800,
0x000001c459931000, 0x000001c45992b800, 0x000001c459933000, 0x000001c459934800,
0x000001c459935800, 0x000001c459932000, 0x000001c459936000, 0x000001c459937000,
0x000001c459933800, 0x000001c459937800, 0x000001c45a410000, 0x000001c45a40c800,
0x000001c45a40e800, 0x000001c45a40d800, 0x000001c45a40f000, 0x000001c45a410800,
0x000001c45a40c000, 0x000001c45a411800, 0x000001c45a412800, 0x000001c459c2c800,
0x000001c459c2d800, 0x000001c459c30000, 0x000001c459c2b000, 0x000001c459c2f000,
0x000001c459c2a800, 0x000001c459c2e800, 0x000001c459c31000, 0x000001c459c2c000,
0x000001c45cbc1800, 0x000001c45cbbe000, 0x000001c45cbbb800, 0x000001c45cbc2000,
0x000001c45cbbf000, 0x000001c45cbbf800, 0x000001c45cbbc800, 0x000001c45cbbd800,
0x000001c45cbc4800, 0x000001c45cbc5800, 0x000001c45cbc4000, 0x000001c45cbc8800
}

Java Threads: ( => current thread )
  0x000001c436c8f000 JavaThread "main" [_thread_blocked, id=3908, stack(0x000000aae1a00000,0x000000aae1b00000)]
  0x000001c4565d7000 JavaThread "Reference Handler" daemon [_thread_blocked, id=12652, stack(0x000000aae2200000,0x000000aae2300000)]
  0x000001c4565db800 JavaThread "Finalizer" daemon [_thread_blocked, id=18708, stack(0x000000aae2300000,0x000000aae2400000)]
  0x000001c45663b800 JavaThread "Signal Dispatcher" daemon [_thread_blocked, id=21520, stack(0x000000aae2400000,0x000000aae2500000)]
  0x000001c45663c800 JavaThread "Attach Listener" daemon [_thread_blocked, id=21524, stack(0x000000aae2500000,0x000000aae2600000)]
  0x000001c45663d800 JavaThread "Service Thread" daemon [_thread_blocked, id=21508, stack(0x000000aae2600000,0x000000aae2700000)]
=>0x000001c456640800 JavaThread "C2 CompilerThread0" daemon [_thread_in_native, id=21516, stack(0x000000aae2700000,0x000000aae2800000)]
  0x000001c456643800 JavaThread "C1 CompilerThread0" daemon [_thread_blocked, id=20932, stack(0x000000aae2800000,0x000000aae2900000)]
  0x000001c456646000 JavaThread "Sweeper thread" daemon [_thread_blocked, id=13136, stack(0x000000aae2900000,0x000000aae2a00000)]
  0x000001c456755000 JavaThread "Common-Cleaner" daemon [_thread_blocked, id=21512, stack(0x000000aae2a00000,0x000000aae2b00000)]
  0x000001c458867000 JavaThread "Daemon health stats" [_thread_blocked, id=11076, stack(0x000000aae3300000,0x000000aae3400000)]
  0x000001c457eb2800 JavaThread "Incoming local TCP Connector on port 54513" [_thread_in_native, id=18512, stack(0x000000aae2c00000,0x000000aae2d00000)]
  0x000001c459979800 JavaThread "Daemon periodic checks" [_thread_in_native, id=19804, stack(0x000000aae3200000,0x000000aae3300000)]
  0x000001c458f2f000 JavaThread "Daemon" [_thread_blocked, id=20084, stack(0x000000aae3400000,0x000000aae3500000)]
  0x000001c458e42000 JavaThread "Handler for socket connection from /127.0.0.1:54513 to /127.0.0.1:54514" [_thread_in_native, id=17628, stack(0x000000aae3500000,0x000000aae3600000)]
  0x000001c459869800 JavaThread "Cancel handler" [_thread_blocked, id=7924, stack(0x000000aae3600000,0x000000aae3700000)]
  0x000001c457ff0000 JavaThread "Daemon worker" [_thread_blocked, id=20240, stack(0x000000aae3700000,0x000000aae3800000)]
  0x000001c457ae4000 JavaThread "Asynchronous log dispatcher for DefaultDaemonConnection: socket connection from /127.0.0.1:54513 to /127.0.0.1:54514" [_thread_blocked, id=20248, stack(0x000000aae3800000,0x000000aae3900000)]
  0x000001c4575ee800 JavaThread "Stdin handler" [_thread_blocked, id=13604, stack(0x000000aae3900000,0x000000aae3a00000)]
  0x000001c457b13000 JavaThread "Daemon client event forwarder" [_thread_blocked, id=8564, stack(0x000000aae3a00000,0x000000aae3b00000)]
  0x000001c456cf2000 JavaThread "Cache worker for journal cache (C:\Users\wante\.gradle\caches\journal-1)" [_thread_blocked, id=17572, stack(0x000000aae3e00000,0x000000aae3f00000)]
  0x000001c456cef800 JavaThread "File lock request listener" [_thread_in_native, id=22500, stack(0x000000aae3f00000,0x000000aae4000000)]
  0x000001c456cf1800 JavaThread "Cache worker for file hash cache (C:\Users\wante\.gradle\caches\8.0.1\fileHashes)" [_thread_blocked, id=6296, stack(0x000000aae4000000,0x000000aae4100000)]
  0x000001c456cf0800 JavaThread "File watcher server" daemon [_thread_in_native, id=19616, stack(0x000000aae4200000,0x000000aae4300000)]
  0x000001c456cf3000 JavaThread "File watcher consumer" daemon [_thread_blocked, id=9372, stack(0x000000aae4300000,0x000000aae4400000)]
  0x000001c456cf4000 JavaThread "Cache worker for checksums cache (C:\Users\wante\OneDrive\Desktop\vscode\rn_demo\android\.gradle\8.0.1\checksums)" [_thread_blocked, id=6356, stack(0x000000aae4400000,0x000000aae4500000)]
  0x000001c456cf4800 JavaThread "Cache worker for cache directory md-rule (C:\Users\wante\.gradle\caches\8.0.1\md-rule)" [_thread_blocked, id=10916, stack(0x000000aae4500000,0x000000aae4600000)]
  0x000001c456cef000 JavaThread "Cache worker for file content cache (C:\Users\wante\.gradle\caches\8.0.1\fileContent)" [_thread_blocked, id=16852, stack(0x000000aae4600000,0x000000aae4700000)]
  0x000001c456cf5800 JavaThread "Cache worker for file hash cache (C:\Users\wante\OneDrive\Desktop\vscode\rn_demo\android\.gradle\8.0.1\fileHashes)" [_thread_blocked, id=8928, stack(0x000000aae4800000,0x000000aae4900000)]
  0x000001c459387800 JavaThread "Cache worker for cache directory md-supplier (C:\Users\wante\.gradle\caches\8.0.1\md-supplier)" [_thread_blocked, id=17452, stack(0x000000aae4900000,0x000000aae4a00000)]
  0x000001c45938b000 JavaThread "Cache worker for execution history cache (C:\Users\wante\.gradle\caches\8.0.1\executionHistory)" [_thread_blocked, id=1896, stack(0x000000aae4a00000,0x000000aae4b00000)]
  0x000001c459388800 JavaThread "jar transforms" [_thread_blocked, id=6096, stack(0x000000aae4c00000,0x000000aae4d00000)]
  0x000001c45938c800 JavaThread "jar transforms Thread 2" [_thread_blocked, id=19412, stack(0x000000aae4d00000,0x000000aae4e00000)]
  0x000001c45938e000 JavaThread "jar transforms Thread 3" [_thread_blocked, id=4280, stack(0x000000aae4700000,0x000000aae4800000)]
  0x000001c459394000 JavaThread "jar transforms Thread 4" [_thread_blocked, id=4576, stack(0x000000aae4e00000,0x000000aae4f00000)]
  0x000001c459390000 JavaThread "Cache worker for kotlin-dsl (C:\Users\wante\.gradle\caches\8.0.1\kotlin-dsl)" [_thread_blocked, id=21196, stack(0x000000aae5200000,0x000000aae5300000)]
  0x000001c45938f000 JavaThread "jar transforms Thread 5" [_thread_blocked, id=20744, stack(0x000000aae5100000,0x000000aae5200000)]
  0x000001c459390800 JavaThread "jar transforms Thread 6" [_thread_blocked, id=21840, stack(0x000000aae5300000,0x000000aae5400000)]
  0x000001c459391800 JavaThread "Cache worker for dependencies-accessors (C:\Users\wante\OneDrive\Desktop\vscode\rn_demo\android\.gradle\8.0.1\dependencies-accessors)" [_thread_blocked, id=21824, stack(0x000000aae5400000,0x000000aae5500000)]
  0x000001c459392800 JavaThread "Cache worker for Build Output Cleanup Cache (C:\Users\wante\OneDrive\Desktop\vscode\rn_demo\node_modules\@react-native\gradle-plugin\.gradle\buildOutputCleanup)" [_thread_blocked, id=22184, stack(0x000000aae5500000,0x000000aae5600000)]
  0x000001c459393000 JavaThread "jar transforms Thread 7" [_thread_blocked, id=1968, stack(0x000000aae5600000,0x000000aae5700000)]
  0x000001c458de3800 JavaThread "Unconstrained build operations" [_thread_blocked, id=19564, stack(0x000000aae5700000,0x000000aae5800000)]
  0x000001c458de2800 JavaThread "Unconstrained build operations Thread 2" [_thread_blocked, id=13644, stack(0x000000aae5800000,0x000000aae5900000)]
  0x000001c458ddf000 JavaThread "Unconstrained build operations Thread 3" [_thread_blocked, id=20912, stack(0x000000aae5900000,0x000000aae5a00000)]
  0x000001c458ddd800 JavaThread "Unconstrained build operations Thread 4" [_thread_blocked, id=11816, stack(0x000000aae5a00000,0x000000aae5b00000)]
  0x000001c458dde800 JavaThread "Unconstrained build operations Thread 5" [_thread_blocked, id=11080, stack(0x000000aae5b00000,0x000000aae5c00000)]
  0x000001c458de5800 JavaThread "Unconstrained build operations Thread 6" [_thread_blocked, id=15820, stack(0x000000aae5c00000,0x000000aae5d00000)]
  0x000001c458de5000 JavaThread "Unconstrained build operations Thread 7" [_thread_blocked, id=16992, stack(0x000000aae5d00000,0x000000aae5e00000)]
  0x000001c458de4000 JavaThread "Unconstrained build operations Thread 8" [_thread_blocked, id=20024, stack(0x000000aae5e00000,0x000000aae5f00000)]
  0x000001c458de0000 JavaThread "Unconstrained build operations Thread 9" [_thread_blocked, id=16080, stack(0x000000aae5f00000,0x000000aae6000000)]
  0x000001c458de6800 JavaThread "Unconstrained build operations Thread 10" [_thread_blocked, id=11540, stack(0x000000aae6000000,0x000000aae6100000)]
  0x000001c458de1000 JavaThread "Unconstrained build operations Thread 11" [_thread_blocked, id=17940, stack(0x000000aae6100000,0x000000aae6200000)]
  0x000001c458de7800 JavaThread "Unconstrained build operations Thread 12" [_thread_blocked, id=20164, stack(0x000000aae6200000,0x000000aae6300000)]
  0x000001c458de1800 JavaThread "Unconstrained build operations Thread 13" [_thread_blocked, id=2780, stack(0x000000aae6300000,0x000000aae6400000)]
  0x000001c458dec800 JavaThread "Unconstrained build operations Thread 14" [_thread_blocked, id=21084, stack(0x000000aae6400000,0x000000aae6500000)]
  0x000001c458dea000 JavaThread "Unconstrained build operations Thread 15" [_thread_blocked, id=3740, stack(0x000000aae6500000,0x000000aae6600000)]
  0x000001c458de9000 JavaThread "Unconstrained build operations Thread 16" [_thread_blocked, id=19560, stack(0x000000aae6600000,0x000000aae6700000)]
  0x000001c458de8000 JavaThread "Unconstrained build operations Thread 17" [_thread_blocked, id=15676, stack(0x000000aae6700000,0x000000aae6800000)]
  0x000001c458dea800 JavaThread "Unconstrained build operations Thread 18" [_thread_blocked, id=21724, stack(0x000000aae6800000,0x000000aae6900000)]
  0x000001c458deb800 JavaThread "Unconstrained build operations Thread 19" [_thread_blocked, id=2428, stack(0x000000aae6900000,0x000000aae6a00000)]
  0x000001c459890000 JavaThread "Unconstrained build operations Thread 20" [_thread_blocked, id=7120, stack(0x000000aae6a00000,0x000000aae6b00000)]
  0x000001c45988b000 JavaThread "Unconstrained build operations Thread 21" [_thread_blocked, id=21568, stack(0x000000aae6b00000,0x000000aae6c00000)]
  0x000001c45988a000 JavaThread "Unconstrained build operations Thread 22" [_thread_blocked, id=12948, stack(0x000000aae6c00000,0x000000aae6d00000)]
  0x000001c45988e800 JavaThread "Unconstrained build operations Thread 23" [_thread_blocked, id=21304, stack(0x000000aae6d00000,0x000000aae6e00000)]
  0x000001c45988f000 JavaThread "Unconstrained build operations Thread 24" [_thread_blocked, id=12320, stack(0x000000aae6e00000,0x000000aae6f00000)]
  0x000001c45988c800 JavaThread "Unconstrained build operations Thread 25" [_thread_blocked, id=19384, stack(0x000000aae6f00000,0x000000aae7000000)]
  0x000001c45988d800 JavaThread "Unconstrained build operations Thread 26" [_thread_blocked, id=20508, stack(0x000000aae7000000,0x000000aae7100000)]
  0x000001c459891800 JavaThread "jar transforms Thread 8" [_thread_blocked, id=13720, stack(0x000000aae7100000,0x000000aae7200000)]
  0x000001c459891000 JavaThread "Memory manager" [_thread_blocked, id=20208, stack(0x000000aae7400000,0x000000aae7500000)]
  0x000001c45988c000 JavaThread "Cache worker for Build Output Cleanup Cache (C:\Users\wante\OneDrive\Desktop\vscode\rn_demo\android\.gradle\buildOutputCleanup)" [_thread_blocked, id=21116, stack(0x000000aae7200000,0x000000aae7300000)]
  0x000001c459892800 JavaThread "Execution worker" [_thread_blocked, id=22760, stack(0x000000aae7500000,0x000000aae7600000)]
  0x000001c459899000 JavaThread "Execution worker Thread 2" [_thread_blocked, id=22764, stack(0x000000aae7600000,0x000000aae7700000)]
  0x000001c459895800 JavaThread "Execution worker Thread 3" [_thread_blocked, id=22768, stack(0x000000aae7700000,0x000000aae7800000)]
  0x000001c459893000 JavaThread "Execution worker Thread 4" [_thread_blocked, id=22772, stack(0x000000aae7800000,0x000000aae7900000)]
  0x000001c459894000 JavaThread "Execution worker Thread 5" [_thread_blocked, id=22776, stack(0x000000aae7900000,0x000000aae7a00000)]
  0x000001c459896800 JavaThread "Execution worker Thread 6" [_thread_blocked, id=22780, stack(0x000000aae7a00000,0x000000aae7b00000)]
  0x000001c459895000 JavaThread "Execution worker Thread 7" [_thread_blocked, id=22784, stack(0x000000aae7b00000,0x000000aae7c00000)]
  0x000001c459898000 JavaThread "Cache worker for execution history cache (C:\Users\wante\OneDrive\Desktop\vscode\rn_demo\node_modules\@react-native\gradle-plugin\.gradle\8.0.1\executionHistory)" [_thread_blocked, id=22880, stack(0x000000aae7c00000,0x000000aae7d00000)]
  0x000001c460d6b000 JavaThread "Unconstrained build operations Thread 27" [_thread_blocked, id=22916, stack(0x000000aae7d00000,0x000000aae7e00000)]
  0x000001c460d6a800 JavaThread "Unconstrained build operations Thread 28" [_thread_blocked, id=22920, stack(0x000000aae7e00000,0x000000aae7f00000)]
  0x000001c460d69800 JavaThread "Unconstrained build operations Thread 29" [_thread_blocked, id=22924, stack(0x000000aae7f00000,0x000000aae8000000)]
  0x000001c460d6c000 JavaThread "Unconstrained build operations Thread 30" [_thread_blocked, id=22928, stack(0x000000aae8000000,0x000000aae8100000)]
  0x000001c460d66800 JavaThread "Unconstrained build operations Thread 31" [_thread_blocked, id=22996, stack(0x000000aae1b00000,0x000000aae1c00000)]
  0x000001c460d68800 JavaThread "Unconstrained build operations Thread 32" [_thread_blocked, id=23000, stack(0x000000aae8100000,0x000000aae8200000)]
  0x000001c460d6d000 JavaThread "Unconstrained build operations Thread 33" [_thread_blocked, id=23004, stack(0x000000aae8200000,0x000000aae8300000)]
  0x000001c460d67000 JavaThread "Unconstrained build operations Thread 34" [_thread_blocked, id=23008, stack(0x000000aae8300000,0x000000aae8400000)]
  0x000001c460d68000 JavaThread "Unconstrained build operations Thread 35" [_thread_blocked, id=23012, stack(0x000000aae8400000,0x000000aae8500000)]
  0x000001c45992e000 JavaThread "Unconstrained build operations Thread 36" [_thread_blocked, id=23016, stack(0x000000aae8500000,0x000000aae8600000)]
  0x000001c45992f000 JavaThread "Unconstrained build operations Thread 37" [_thread_blocked, id=23020, stack(0x000000aae8600000,0x000000aae8700000)]
  0x000001c45992c800 JavaThread "Unconstrained build operations Thread 38" [_thread_blocked, id=23024, stack(0x000000aae8700000,0x000000aae8800000)]
  0x000001c45992d000 JavaThread "Unconstrained build operations Thread 39" [_thread_blocked, id=23028, stack(0x000000aae8800000,0x000000aae8900000)]
  0x000001c459929000 JavaThread "Unconstrained build operations Thread 40" [_thread_blocked, id=23032, stack(0x000000aae8900000,0x000000aae8a00000)]
  0x000001c45992f800 JavaThread "Unconstrained build operations Thread 41" [_thread_blocked, id=23036, stack(0x000000aae8a00000,0x000000aae8b00000)]
  0x000001c45992a000 JavaThread "Unconstrained build operations Thread 42" [_thread_blocked, id=23040, stack(0x000000aae8b00000,0x000000aae8c00000)]
  0x000001c45992a800 JavaThread "Unconstrained build operations Thread 43" [_thread_blocked, id=23044, stack(0x000000aae8c00000,0x000000aae8d00000)]
  0x000001c459930800 JavaThread "Unconstrained build operations Thread 44" [_thread_blocked, id=23048, stack(0x000000aae8d00000,0x000000aae8e00000)]
  0x000001c459931000 JavaThread "Unconstrained build operations Thread 45" [_thread_blocked, id=23052, stack(0x000000aae8e00000,0x000000aae8f00000)]
  0x000001c45992b800 JavaThread "Unconstrained build operations Thread 46" [_thread_blocked, id=23056, stack(0x000000aae8f00000,0x000000aae9000000)]
  0x000001c459933000 JavaThread "Unconstrained build operations Thread 47" [_thread_blocked, id=23060, stack(0x000000aae9000000,0x000000aae9100000)]
  0x000001c459934800 JavaThread "Unconstrained build operations Thread 48" [_thread_blocked, id=23064, stack(0x000000aae9100000,0x000000aae9200000)]
  0x000001c459935800 JavaThread "Unconstrained build operations Thread 49" [_thread_blocked, id=23068, stack(0x000000aae9200000,0x000000aae9300000)]
  0x000001c459932000 JavaThread "Unconstrained build operations Thread 50" [_thread_blocked, id=23072, stack(0x000000aae9300000,0x000000aae9400000)]
  0x000001c459936000 JavaThread "Unconstrained build operations Thread 51" [_thread_blocked, id=23076, stack(0x000000aae9400000,0x000000aae9500000)]
  0x000001c459937000 JavaThread "Unconstrained build operations Thread 52" [_thread_blocked, id=23420, stack(0x000000aae9500000,0x000000aae9600000)]
  0x000001c459933800 JavaThread "Unconstrained build operations Thread 53" [_thread_blocked, id=9792, stack(0x000000aae1900000,0x000000aae1a00000)]
  0x000001c459937800 JavaThread "Unconstrained build operations Thread 54" [_thread_blocked, id=16352, stack(0x000000aae9600000,0x000000aae9700000)]
  0x000001c45a410000 JavaThread "Unconstrained build operations Thread 55" [_thread_blocked, id=12596, stack(0x000000aae9700000,0x000000aae9800000)]
  0x000001c45a40c800 JavaThread "Unconstrained build operations Thread 56" [_thread_blocked, id=11456, stack(0x000000aae9800000,0x000000aae9900000)]
  0x000001c45a40e800 JavaThread "Unconstrained build operations Thread 57" [_thread_blocked, id=19444, stack(0x000000aae9900000,0x000000aae9a00000)]
  0x000001c45a40d800 JavaThread "Unconstrained build operations Thread 58" [_thread_blocked, id=19000, stack(0x000000aae9a00000,0x000000aae9b00000)]
  0x000001c45a40f000 JavaThread "Unconstrained build operations Thread 59" [_thread_blocked, id=21236, stack(0x000000aae9b00000,0x000000aae9c00000)]
  0x000001c45a410800 JavaThread "Unconstrained build operations Thread 60" [_thread_blocked, id=12580, stack(0x000000aae9c00000,0x000000aae9d00000)]
  0x000001c45a40c000 JavaThread "Unconstrained build operations Thread 61" [_thread_blocked, id=22676, stack(0x000000aae9d00000,0x000000aae9e00000)]
  0x000001c45a411800 JavaThread "Unconstrained build operations Thread 62" [_thread_blocked, id=21260, stack(0x000000aae9e00000,0x000000aae9f00000)]
  0x000001c45a412800 JavaThread "Unconstrained build operations Thread 63" [_thread_blocked, id=21496, stack(0x000000aae9f00000,0x000000aaea000000)]
  0x000001c459c2c800 JavaThread "Unconstrained build operations Thread 64" [_thread_blocked, id=5672, stack(0x000000aaea000000,0x000000aaea100000)]
  0x000001c459c2d800 JavaThread "Unconstrained build operations Thread 65" [_thread_blocked, id=7520, stack(0x000000aaea100000,0x000000aaea200000)]
  0x000001c459c30000 JavaThread "Unconstrained build operations Thread 66" [_thread_blocked, id=23272, stack(0x000000aaea200000,0x000000aaea300000)]
  0x000001c459c2b000 JavaThread "Unconstrained build operations Thread 67" [_thread_blocked, id=7328, stack(0x000000aaea300000,0x000000aaea400000)]
  0x000001c459c2f000 JavaThread "Unconstrained build operations Thread 68" [_thread_blocked, id=7256, stack(0x000000aaea400000,0x000000aaea500000)]
  0x000001c459c2a800 JavaThread "Unconstrained build operations Thread 69" [_thread_blocked, id=8880, stack(0x000000aaea500000,0x000000aaea600000)]
  0x000001c459c2e800 JavaThread "Unconstrained build operations Thread 70" [_thread_blocked, id=6840, stack(0x000000aaea600000,0x000000aaea700000)]
  0x000001c459c31000 JavaThread "Unconstrained build operations Thread 71" [_thread_blocked, id=4340, stack(0x000000aaea700000,0x000000aaea800000)]
  0x000001c459c2c000 JavaThread "Unconstrained build operations Thread 72" [_thread_blocked, id=20856, stack(0x000000aaea800000,0x000000aaea900000)]
  0x000001c45cbc1800 JavaThread "Unconstrained build operations Thread 73" [_thread_blocked, id=21112, stack(0x000000aaea900000,0x000000aaeaa00000)]
  0x000001c45cbbe000 JavaThread "Unconstrained build operations Thread 74" [_thread_blocked, id=18244, stack(0x000000aaeaa00000,0x000000aaeab00000)]
  0x000001c45cbbb800 JavaThread "Unconstrained build operations Thread 75" [_thread_blocked, id=23436, stack(0x000000aaeab00000,0x000000aaeac00000)]
  0x000001c45cbc2000 JavaThread "Unconstrained build operations Thread 76" [_thread_blocked, id=23432, stack(0x000000aaeac00000,0x000000aaead00000)]
  0x000001c45cbbf000 JavaThread "Unconstrained build operations Thread 77" [_thread_blocked, id=23408, stack(0x000000aaead00000,0x000000aaeae00000)]
  0x000001c45cbbf800 JavaThread "Unconstrained build operations Thread 78" [_thread_blocked, id=20804, stack(0x000000aaeae00000,0x000000aaeaf00000)]
  0x000001c45cbbc800 JavaThread "Unconstrained build operations Thread 79" [_thread_blocked, id=20724, stack(0x000000aaeaf00000,0x000000aaeb000000)]
  0x000001c45cbbd800 JavaThread "Unconstrained build operations Thread 80" [_thread_blocked, id=21408, stack(0x000000aaeb000000,0x000000aaeb100000)]
  0x000001c45cbc4800 JavaThread "File lock release action executor Thread 3" [_thread_blocked, id=14420, stack(0x000000aae4f00000,0x000000aae5000000)]
  0x000001c45cbc5800 JavaThread "File lock release action executor Thread 4" [_thread_blocked, id=13324, stack(0x000000aae5000000,0x000000aae5100000)]
  0x000001c45cbc4000 JavaThread "included builds Thread 2" [_thread_in_native, id=25276, stack(0x000000aae7300000,0x000000aae7400000)]
  0x000001c45cbc8800 JavaThread "Cache worker for execution history cache (C:\Users\wante\OneDrive\Desktop\vscode\rn_demo\android\.gradle\8.0.1\executionHistory)" [_thread_blocked, id=22176, stack(0x000000aae4b00000,0x000000aae4c00000)]

Other Threads:
  0x000001c4565d4800 VMThread "VM Thread" [stack: 0x000000aae2100000,0x000000aae2200000] [id=20532]
  0x000001c4567a3800 WatcherThread [stack: 0x000000aae2b00000,0x000000aae2c00000] [id=2660]
  0x000001c436caa800 GCTaskThread "GC Thread#0" [stack: 0x000000aae1c00000,0x000000aae1d00000] [id=12660]
  0x000001c457514000 GCTaskThread "GC Thread#1" [stack: 0x000000aae2d00000,0x000000aae2e00000] [id=21756]
  0x000001c4570f5800 GCTaskThread "GC Thread#2" [stack: 0x000000aae2e00000,0x000000aae2f00000] [id=21696]
  0x000001c4573f0800 GCTaskThread "GC Thread#3" [stack: 0x000000aae2f00000,0x000000aae3000000] [id=20892]
  0x000001c4576dd800 GCTaskThread "GC Thread#4" [stack: 0x000000aae3000000,0x000000aae3100000] [id=21744]
  0x000001c4576de800 GCTaskThread "GC Thread#5" [stack: 0x000000aae3100000,0x000000aae3200000] [id=20536]
  0x000001c458c9f800 GCTaskThread "GC Thread#6" [stack: 0x000000aae3b00000,0x000000aae3c00000] [id=19288]
  0x000001c458952800 GCTaskThread "GC Thread#7" [stack: 0x000000aae3c00000,0x000000aae3d00000] [id=6080]
  0x000001c436cda000 ConcurrentGCThread "G1 Main Marker" [stack: 0x000000aae1d00000,0x000000aae1e00000] [id=20520]
  0x000001c436cdc000 ConcurrentGCThread "G1 Conc#0" [stack: 0x000000aae1e00000,0x000000aae1f00000] [id=20528]
  0x000001c457d23800 ConcurrentGCThread "G1 Conc#1" [stack: 0x000000aae3d00000,0x000000aae3e00000] [id=11644]
  0x000001c455c3d000 ConcurrentGCThread "G1 Refine#0" [stack: 0x000000aae1f00000,0x000000aae2000000] [id=21532]
  0x000001c455c3e800 ConcurrentGCThread "G1 Young RemSet Sampling" [stack: 0x000000aae2000000,0x000000aae2100000] [id=7868]

Threads with active compile tasks:
C2 CompilerThread0   254856 15816       4       sun.nio.fs.WindowsFileSystemProvider::newDirectoryStream (31 bytes)

VM state:not at safepoint (normal execution)

VM Mutex/Monitor currently owned by a thread: None

Heap address: 0x0000000080000000, size: 2048 MB, Compressed Oops mode: 32-bit
Narrow klass base: 0x0000000000000000, Narrow klass shift: 3
Compressed class space size: 528482304 Address: 0x0000000100000000

Heap:
 garbage-first heap   total 260096K, used 218102K [0x0000000080000000, 0x0000000100000000)
  region size 1024K, 10 young (10240K), 2 survivors (2048K)
 Metaspace       used 115502K, capacity 119997K, committed 120148K, reserved 620544K
  class space    used 15104K, capacity 16905K, committed 16972K, reserved 516096K
Heap Regions: E=young(eden), S=young(survivor), O=old, HS=humongous(starts), HC=humongous(continues), CS=collection set, F=free, A=archive, TAMS=top-at-mark-start (previous, next)
|   0|0x0000000080000000, 0x0000000080100000, 0x0000000080100000|100%|HS|  |TAMS 0x0000000080100000, 0x0000000080000000| Complete 
|   1|0x0000000080100000, 0x0000000080200000, 0x0000000080200000|100%|HC|  |TAMS 0x0000000080200000, 0x0000000080100000| Complete 
|   2|0x0000000080200000, 0x0000000080300000, 0x0000000080300000|100%|HC|  |TAMS 0x0000000080300000, 0x0000000080200000| Complete 
|   3|0x0000000080300000, 0x0000000080400000, 0x0000000080400000|100%|HC|  |TAMS 0x0000000080400000, 0x0000000080300000| Complete 
|   4|0x0000000080400000, 0x0000000080500000, 0x0000000080500000|100%| O|  |TAMS 0x0000000080500000, 0x0000000080400000| Untracked 
|   5|0x0000000080500000, 0x0000000080600000, 0x0000000080600000|100%| O|  |TAMS 0x0000000080600000, 0x0000000080500000| Untracked 
|   6|0x0000000080600000, 0x0000000080700000, 0x0000000080700000|100%| O|  |TAMS 0x0000000080700000, 0x0000000080600000| Untracked 
|   7|0x0000000080700000, 0x0000000080800000, 0x0000000080800000|100%| O|  |TAMS 0x0000000080800000, 0x0000000080700000| Untracked 
|   8|0x0000000080800000, 0x0000000080900000, 0x0000000080900000|100%| O|  |TAMS 0x0000000080900000, 0x0000000080800000| Untracked 
|   9|0x0000000080900000, 0x0000000080a00000, 0x0000000080a00000|100%| O|  |TAMS 0x0000000080a00000, 0x0000000080900000| Untracked 
|  10|0x0000000080a00000, 0x0000000080b00000, 0x0000000080b00000|100%| O|  |TAMS 0x0000000080b00000, 0x0000000080a00000| Untracked 
|  11|0x0000000080b00000, 0x0000000080c00000, 0x0000000080c00000|100%| O|  |TAMS 0x0000000080c00000, 0x0000000080b00000| Untracked 
|  12|0x0000000080c00000, 0x0000000080d00000, 0x0000000080d00000|100%| O|  |TAMS 0x0000000080d00000, 0x0000000080c00000| Untracked 
|  13|0x0000000080d00000, 0x0000000080e00000, 0x0000000080e00000|100%| O|  |TAMS 0x0000000080e00000, 0x0000000080d00000| Untracked 
|  14|0x0000000080e00000, 0x0000000080f00000, 0x0000000080f00000|100%| O|  |TAMS 0x0000000080f00000, 0x0000000080e00000| Untracked 
|  15|0x0000000080f00000, 0x0000000081000000, 0x0000000081000000|100%| O|  |TAMS 0x0000000081000000, 0x0000000080f00000| Untracked 
|  16|0x0000000081000000, 0x0000000081100000, 0x0000000081100000|100%| O|  |TAMS 0x0000000081100000, 0x0000000081000000| Untracked 
|  17|0x0000000081100000, 0x0000000081200000, 0x0000000081200000|100%| O|  |TAMS 0x0000000081200000, 0x0000000081100000| Untracked 
|  18|0x0000000081200000, 0x0000000081300000, 0x0000000081300000|100%|HS|  |TAMS 0x0000000081300000, 0x0000000081200000| Complete 
|  19|0x0000000081300000, 0x0000000081400000, 0x0000000081400000|100%|HC|  |TAMS 0x0000000081400000, 0x0000000081300000| Complete 
|  20|0x0000000081400000, 0x0000000081500000, 0x0000000081500000|100%|HS|  |TAMS 0x0000000081500000, 0x0000000081400000| Complete 
|  21|0x0000000081500000, 0x0000000081600000, 0x0000000081600000|100%|HC|  |TAMS 0x0000000081600000, 0x0000000081500000| Complete 
|  22|0x0000000081600000, 0x0000000081700000, 0x0000000081700000|100%|HC|  |TAMS 0x0000000081700000, 0x0000000081600000| Complete 
|  23|0x0000000081700000, 0x0000000081800000, 0x0000000081800000|100%|HC|  |TAMS 0x0000000081800000, 0x0000000081700000| Complete 
|  24|0x0000000081800000, 0x0000000081900000, 0x0000000081900000|100%| O|  |TAMS 0x0000000081900000, 0x0000000081800000| Untracked 
|  25|0x0000000081900000, 0x0000000081a00000, 0x0000000081a00000|100%| O|  |TAMS 0x0000000081a00000, 0x0000000081900000| Untracked 
|  26|0x0000000081a00000, 0x0000000081b00000, 0x0000000081b00000|100%| O|  |TAMS 0x0000000081b00000, 0x0000000081a00000| Untracked 
|  27|0x0000000081b00000, 0x0000000081c00000, 0x0000000081c00000|100%| O|  |TAMS 0x0000000081c00000, 0x0000000081b00000| Untracked 
|  28|0x0000000081c00000, 0x0000000081d00000, 0x0000000081d00000|100%| O|  |TAMS 0x0000000081d00000, 0x0000000081c00000| Untracked 
|  29|0x0000000081d00000, 0x0000000081e00000, 0x0000000081e00000|100%| O|  |TAMS 0x0000000081e00000, 0x0000000081d00000| Untracked 
|  30|0x0000000081e00000, 0x0000000081f00000, 0x0000000081f00000|100%| O|  |TAMS 0x0000000081f00000, 0x0000000081e00000| Untracked 
|  31|0x0000000081f00000, 0x0000000082000000, 0x0000000082000000|100%| O|  |TAMS 0x0000000082000000, 0x0000000081f00000| Untracked 
|  32|0x0000000082000000, 0x0000000082100000, 0x0000000082100000|100%| O|  |TAMS 0x0000000082100000, 0x0000000082000000| Untracked 
|  33|0x0000000082100000, 0x0000000082200000, 0x0000000082200000|100%| O|  |TAMS 0x0000000082200000, 0x0000000082100000| Untracked 
|  34|0x0000000082200000, 0x0000000082300000, 0x0000000082300000|100%| O|  |TAMS 0x0000000082300000, 0x0000000082200000| Untracked 
|  35|0x0000000082300000, 0x0000000082400000, 0x0000000082400000|100%| O|  |TAMS 0x0000000082400000, 0x0000000082300000| Untracked 
|  36|0x0000000082400000, 0x0000000082500000, 0x0000000082500000|100%|HS|  |TAMS 0x0000000082500000, 0x0000000082400000| Complete 
|  37|0x0000000082500000, 0x0000000082600000, 0x0000000082600000|100%|HS|  |TAMS 0x0000000082600000, 0x0000000082500000| Complete 
|  38|0x0000000082600000, 0x0000000082700000, 0x0000000082700000|100%| O|  |TAMS 0x0000000082700000, 0x0000000082600000| Untracked 
|  39|0x0000000082700000, 0x0000000082800000, 0x0000000082800000|100%| O|  |TAMS 0x0000000082800000, 0x0000000082700000| Untracked 
|  40|0x0000000082800000, 0x0000000082900000, 0x0000000082900000|100%| O|  |TAMS 0x0000000082900000, 0x0000000082800000| Untracked 
|  41|0x0000000082900000, 0x0000000082a00000, 0x0000000082a00000|100%| O|  |TAMS 0x0000000082a00000, 0x0000000082900000| Untracked 
|  42|0x0000000082a00000, 0x0000000082b00000, 0x0000000082b00000|100%| O|  |TAMS 0x0000000082b00000, 0x0000000082a00000| Untracked 
|  43|0x0000000082b00000, 0x0000000082c00000, 0x0000000082c00000|100%| O|  |TAMS 0x0000000082c00000, 0x0000000082b00000| Untracked 
|  44|0x0000000082c00000, 0x0000000082d00000, 0x0000000082d00000|100%|HS|  |TAMS 0x0000000082d00000, 0x0000000082c00000| Complete 
|  45|0x0000000082d00000, 0x0000000082e00000, 0x0000000082e00000|100%|HC|  |TAMS 0x0000000082e00000, 0x0000000082d00000| Complete 
|  46|0x0000000082e00000, 0x0000000082f00000, 0x0000000082f00000|100%|HS|  |TAMS 0x0000000082f00000, 0x0000000082e00000| Complete 
|  47|0x0000000082f00000, 0x0000000083000000, 0x0000000083000000|100%|HC|  |TAMS 0x0000000083000000, 0x0000000082f00000| Complete 
|  48|0x0000000083000000, 0x0000000083100000, 0x0000000083100000|100%|HC|  |TAMS 0x0000000083100000, 0x0000000083000000| Complete 
|  49|0x0000000083100000, 0x0000000083200000, 0x0000000083200000|100%|HC|  |TAMS 0x0000000083200000, 0x0000000083100000| Complete 
|  50|0x0000000083200000, 0x0000000083300000, 0x0000000083300000|100%| O|  |TAMS 0x0000000083300000, 0x0000000083200000| Untracked 
|  51|0x0000000083300000, 0x0000000083400000, 0x0000000083400000|100%| O|  |TAMS 0x0000000083400000, 0x0000000083300000| Untracked 
|  52|0x0000000083400000, 0x0000000083500000, 0x0000000083500000|100%| O|  |TAMS 0x0000000083500000, 0x0000000083400000| Untracked 
|  53|0x0000000083500000, 0x0000000083600000, 0x0000000083600000|100%| O|  |TAMS 0x0000000083600000, 0x0000000083500000| Untracked 
|  54|0x0000000083600000, 0x0000000083700000, 0x0000000083700000|100%| O|  |TAMS 0x0000000083700000, 0x0000000083600000| Untracked 
|  55|0x0000000083700000, 0x0000000083800000, 0x0000000083800000|100%| O|  |TAMS 0x0000000083800000, 0x0000000083700000| Untracked 
|  56|0x0000000083800000, 0x0000000083900000, 0x0000000083900000|100%| O|  |TAMS 0x0000000083900000, 0x0000000083800000| Untracked 
|  57|0x0000000083900000, 0x0000000083a00000, 0x0000000083a00000|100%| O|  |TAMS 0x0000000083a00000, 0x0000000083900000| Untracked 
|  58|0x0000000083a00000, 0x0000000083b00000, 0x0000000083b00000|100%| O|  |TAMS 0x0000000083b00000, 0x0000000083a00000| Untracked 
|  59|0x0000000083b00000, 0x0000000083c00000, 0x0000000083c00000|100%| O|  |TAMS 0x0000000083c00000, 0x0000000083b00000| Untracked 
|  60|0x0000000083c00000, 0x0000000083d00000, 0x0000000083d00000|100%| O|  |TAMS 0x0000000083d00000, 0x0000000083c00000| Untracked 
|  61|0x0000000083d00000, 0x0000000083e00000, 0x0000000083e00000|100%| O|  |TAMS 0x0000000083e00000, 0x0000000083d00000| Untracked 
|  62|0x0000000083e00000, 0x0000000083f00000, 0x0000000083f00000|100%| O|  |TAMS 0x0000000083f00000, 0x0000000083e00000| Untracked 
|  63|0x0000000083f00000, 0x0000000084000000, 0x0000000084000000|100%| O|  |TAMS 0x0000000084000000, 0x0000000083f00000| Untracked 
|  64|0x0000000084000000, 0x0000000084100000, 0x0000000084100000|100%| O|  |TAMS 0x0000000084100000, 0x0000000084000000| Untracked 
|  65|0x0000000084100000, 0x0000000084200000, 0x0000000084200000|100%| O|  |TAMS 0x0000000084200000, 0x0000000084100000| Untracked 
|  66|0x0000000084200000, 0x0000000084300000, 0x0000000084300000|100%| O|  |TAMS 0x0000000084300000, 0x0000000084200000| Untracked 
|  67|0x0000000084300000, 0x0000000084400000, 0x0000000084400000|100%| O|  |TAMS 0x0000000084400000, 0x0000000084300000| Untracked 
|  68|0x0000000084400000, 0x0000000084500000, 0x0000000084500000|100%| O|  |TAMS 0x0000000084500000, 0x0000000084400000| Untracked 
|  69|0x0000000084500000, 0x0000000084600000, 0x0000000084600000|100%| O|  |TAMS 0x0000000084600000, 0x0000000084500000| Untracked 
|  70|0x0000000084600000, 0x0000000084700000, 0x0000000084700000|100%| O|  |TAMS 0x0000000084700000, 0x0000000084600000| Untracked 
|  71|0x0000000084700000, 0x0000000084800000, 0x0000000084800000|100%| O|  |TAMS 0x0000000084800000, 0x0000000084700000| Untracked 
|  72|0x0000000084800000, 0x0000000084900000, 0x0000000084900000|100%| O|  |TAMS 0x0000000084900000, 0x0000000084800000| Untracked 
|  73|0x0000000084900000, 0x0000000084a00000, 0x0000000084a00000|100%| O|  |TAMS 0x0000000084a00000, 0x0000000084900000| Untracked 
|  74|0x0000000084a00000, 0x0000000084b00000, 0x0000000084b00000|100%| O|  |TAMS 0x0000000084b00000, 0x0000000084a00000| Untracked 
|  75|0x0000000084b00000, 0x0000000084c00000, 0x0000000084c00000|100%| O|  |TAMS 0x0000000084c00000, 0x0000000084b00000| Untracked 
|  76|0x0000000084c00000, 0x0000000084d00000, 0x0000000084d00000|100%| O|  |TAMS 0x0000000084d00000, 0x0000000084c00000| Untracked 
|  77|0x0000000084d00000, 0x0000000084e00000, 0x0000000084e00000|100%| O|  |TAMS 0x0000000084e00000, 0x0000000084d00000| Untracked 
|  78|0x0000000084e00000, 0x0000000084f00000, 0x0000000084f00000|100%| O|  |TAMS 0x0000000084f00000, 0x0000000084e00000| Untracked 
|  79|0x0000000084f00000, 0x0000000084f00000, 0x0000000085000000|  0%| F|  |TAMS 0x0000000084f00000, 0x0000000084f00000| Untracked 
|  80|0x0000000085000000, 0x0000000085100000, 0x0000000085100000|100%|HS|  |TAMS 0x0000000085100000, 0x0000000085000000| Complete 
|  81|0x0000000085100000, 0x0000000085200000, 0x0000000085200000|100%|HC|  |TAMS 0x0000000085200000, 0x0000000085100000| Complete 
|  82|0x0000000085200000, 0x0000000085300000, 0x0000000085300000|100%|HS|  |TAMS 0x0000000085300000, 0x0000000085200000| Complete 
|  83|0x0000000085300000, 0x0000000085400000, 0x0000000085400000|100%|HS|  |TAMS 0x0000000085400000, 0x0000000085300000| Complete 
|  84|0x0000000085400000, 0x0000000085500000, 0x0000000085500000|100%| O|  |TAMS 0x0000000085500000, 0x0000000085400000| Untracked 
|  85|0x0000000085500000, 0x0000000085600000, 0x0000000085600000|100%|HS|  |TAMS 0x0000000085600000, 0x0000000085500000| Complete 
|  86|0x0000000085600000, 0x0000000085700000, 0x0000000085700000|100%|HC|  |TAMS 0x0000000085700000, 0x0000000085600000| Complete 
|  87|0x0000000085700000, 0x0000000085800000, 0x0000000085800000|100%| O|  |TAMS 0x0000000085800000, 0x0000000085700000| Untracked 
|  88|0x0000000085800000, 0x0000000085900000, 0x0000000085900000|100%| O|  |TAMS 0x0000000085900000, 0x0000000085800000| Untracked 
|  89|0x0000000085900000, 0x0000000085a00000, 0x0000000085a00000|100%| O|  |TAMS 0x0000000085a00000, 0x0000000085900000| Untracked 
|  90|0x0000000085a00000, 0x0000000085b00000, 0x0000000085b00000|100%| O|  |TAMS 0x0000000085b00000, 0x0000000085a00000| Untracked 
|  91|0x0000000085b00000, 0x0000000085c00000, 0x0000000085c00000|100%| O|  |TAMS 0x0000000085c00000, 0x0000000085b00000| Untracked 
|  92|0x0000000085c00000, 0x0000000085d00000, 0x0000000085d00000|100%| O|  |TAMS 0x0000000085d00000, 0x0000000085c00000| Untracked 
|  93|0x0000000085d00000, 0x0000000085e00000, 0x0000000085e00000|100%| O|  |TAMS 0x0000000085e00000, 0x0000000085d00000| Untracked 
|  94|0x0000000085e00000, 0x0000000085f00000, 0x0000000085f00000|100%| O|  |TAMS 0x0000000085f00000, 0x0000000085e00000| Untracked 
|  95|0x0000000085f00000, 0x0000000086000000, 0x0000000086000000|100%| O|  |TAMS 0x0000000086000000, 0x0000000085f00000| Untracked 
|  96|0x0000000086000000, 0x0000000086100000, 0x0000000086100000|100%| O|  |TAMS 0x0000000086100000, 0x0000000086000000| Untracked 
|  97|0x0000000086100000, 0x0000000086200000, 0x0000000086200000|100%| O|  |TAMS 0x0000000086200000, 0x0000000086100000| Untracked 
|  98|0x0000000086200000, 0x0000000086300000, 0x0000000086300000|100%| O|  |TAMS 0x0000000086300000, 0x0000000086200000| Untracked 
|  99|0x0000000086300000, 0x0000000086400000, 0x0000000086400000|100%| O|  |TAMS 0x0000000086400000, 0x0000000086300000| Untracked 
| 100|0x0000000086400000, 0x0000000086500000, 0x0000000086500000|100%| O|  |TAMS 0x0000000086500000, 0x0000000086400000| Untracked 
| 101|0x0000000086500000, 0x0000000086600000, 0x0000000086600000|100%| O|  |TAMS 0x0000000086600000, 0x0000000086500000| Untracked 
| 102|0x0000000086600000, 0x0000000086700000, 0x0000000086700000|100%| O|  |TAMS 0x0000000086700000, 0x0000000086600000| Untracked 
| 103|0x0000000086700000, 0x0000000086800000, 0x0000000086800000|100%| O|  |TAMS 0x0000000086800000, 0x0000000086700000| Untracked 
| 104|0x0000000086800000, 0x0000000086900000, 0x0000000086900000|100%| O|  |TAMS 0x0000000086900000, 0x0000000086800000| Untracked 
| 105|0x0000000086900000, 0x0000000086a00000, 0x0000000086a00000|100%| O|  |TAMS 0x0000000086a00000, 0x0000000086900000| Untracked 
| 106|0x0000000086a00000, 0x0000000086b00000, 0x0000000086b00000|100%| O|  |TAMS 0x0000000086b00000, 0x0000000086a00000| Untracked 
| 107|0x0000000086b00000, 0x0000000086c00000, 0x0000000086c00000|100%| O|  |TAMS 0x0000000086c00000, 0x0000000086b00000| Untracked 
| 108|0x0000000086c00000, 0x0000000086d00000, 0x0000000086d00000|100%| O|  |TAMS 0x0000000086d00000, 0x0000000086c00000| Untracked 
| 109|0x0000000086d00000, 0x0000000086e00000, 0x0000000086e00000|100%| O|  |TAMS 0x0000000086e00000, 0x0000000086d00000| Untracked 
| 110|0x0000000086e00000, 0x0000000086f00000, 0x0000000086f00000|100%| O|  |TAMS 0x0000000086f00000, 0x0000000086e00000| Untracked 
| 111|0x0000000086f00000, 0x0000000087000000, 0x0000000087000000|100%| O|  |TAMS 0x0000000087000000, 0x0000000086f00000| Untracked 
| 112|0x0000000087000000, 0x0000000087100000, 0x0000000087100000|100%| O|  |TAMS 0x0000000087100000, 0x0000000087000000| Untracked 
| 113|0x0000000087100000, 0x0000000087200000, 0x0000000087200000|100%| O|  |TAMS 0x0000000087200000, 0x0000000087100000| Untracked 
| 114|0x0000000087200000, 0x0000000087300000, 0x0000000087300000|100%| O|  |TAMS 0x0000000087300000, 0x0000000087200000| Untracked 
| 115|0x0000000087300000, 0x0000000087400000, 0x0000000087400000|100%| O|  |TAMS 0x0000000087400000, 0x0000000087300000| Untracked 
| 116|0x0000000087400000, 0x0000000087500000, 0x0000000087500000|100%| O|  |TAMS 0x0000000087500000, 0x0000000087400000| Untracked 
| 117|0x0000000087500000, 0x0000000087600000, 0x0000000087600000|100%| O|  |TAMS 0x0000000087600000, 0x0000000087500000| Untracked 
| 118|0x0000000087600000, 0x0000000087700000, 0x0000000087700000|100%| O|  |TAMS 0x0000000087700000, 0x0000000087600000| Untracked 
| 119|0x0000000087700000, 0x0000000087800000, 0x0000000087800000|100%| O|  |TAMS 0x0000000087800000, 0x0000000087700000| Untracked 
| 120|0x0000000087800000, 0x0000000087900000, 0x0000000087900000|100%| O|  |TAMS 0x0000000087900000, 0x0000000087800000| Untracked 
| 121|0x0000000087900000, 0x0000000087a00000, 0x0000000087a00000|100%| O|  |TAMS 0x0000000087a00000, 0x0000000087900000| Untracked 
| 122|0x0000000087a00000, 0x0000000087b00000, 0x0000000087b00000|100%| O|  |TAMS 0x0000000087b00000, 0x0000000087a00000| Untracked 
| 123|0x0000000087b00000, 0x0000000087c00000, 0x0000000087c00000|100%| O|  |TAMS 0x0000000087c00000, 0x0000000087b00000| Untracked 
| 124|0x0000000087c00000, 0x0000000087d00000, 0x0000000087d00000|100%| O|  |TAMS 0x0000000087d00000, 0x0000000087c00000| Untracked 
| 125|0x0000000087d00000, 0x0000000087e00000, 0x0000000087e00000|100%| O|  |TAMS 0x0000000087e00000, 0x0000000087d00000| Untracked 
| 126|0x0000000087e00000, 0x0000000087f00000, 0x0000000087f00000|100%| O|  |TAMS 0x0000000087f00000, 0x0000000087e00000| Untracked 
| 127|0x0000000087f00000, 0x0000000088000000, 0x0000000088000000|100%| O|  |TAMS 0x0000000088000000, 0x0000000087f00000| Untracked 
| 128|0x0000000088000000, 0x0000000088100000, 0x0000000088100000|100%| O|  |TAMS 0x0000000088100000, 0x0000000088000000| Untracked 
| 129|0x0000000088100000, 0x0000000088200000, 0x0000000088200000|100%| O|  |TAMS 0x0000000088200000, 0x0000000088100000| Untracked 
| 130|0x0000000088200000, 0x0000000088300000, 0x0000000088300000|100%| O|  |TAMS 0x0000000088300000, 0x0000000088200000| Untracked 
| 131|0x0000000088300000, 0x0000000088400000, 0x0000000088400000|100%|HS|  |TAMS 0x0000000088400000, 0x0000000088300000| Complete 
| 132|0x0000000088400000, 0x0000000088500000, 0x0000000088500000|100%|HS|  |TAMS 0x0000000088500000, 0x0000000088400000| Complete 
| 133|0x0000000088500000, 0x0000000088600000, 0x0000000088600000|100%|HC|  |TAMS 0x0000000088600000, 0x0000000088500000| Complete 
| 134|0x0000000088600000, 0x0000000088700000, 0x0000000088700000|100%|HC|  |TAMS 0x0000000088700000, 0x0000000088600000| Complete 
| 135|0x0000000088700000, 0x0000000088800000, 0x0000000088800000|100%| O|  |TAMS 0x0000000088800000, 0x0000000088700000| Untracked 
| 136|0x0000000088800000, 0x0000000088900000, 0x0000000088900000|100%| O|  |TAMS 0x0000000088900000, 0x0000000088800000| Untracked 
| 137|0x0000000088900000, 0x0000000088a00000, 0x0000000088a00000|100%| O|  |TAMS 0x0000000088a00000, 0x0000000088900000| Untracked 
| 138|0x0000000088a00000, 0x0000000088b00000, 0x0000000088b00000|100%| O|  |TAMS 0x0000000088b00000, 0x0000000088a00000| Untracked 
| 139|0x0000000088b00000, 0x0000000088c00000, 0x0000000088c00000|100%| O|  |TAMS 0x0000000088c00000, 0x0000000088b00000| Untracked 
| 140|0x0000000088c00000, 0x0000000088d00000, 0x0000000088d00000|100%| O|  |TAMS 0x0000000088d00000, 0x0000000088c00000| Untracked 
| 141|0x0000000088d00000, 0x0000000088e00000, 0x0000000088e00000|100%| O|  |TAMS 0x0000000088e00000, 0x0000000088d00000| Untracked 
| 142|0x0000000088e00000, 0x0000000088f00000, 0x0000000088f00000|100%| O|  |TAMS 0x0000000088f00000, 0x0000000088e00000| Untracked 
| 143|0x0000000088f00000, 0x0000000089000000, 0x0000000089000000|100%| O|  |TAMS 0x0000000089000000, 0x0000000088f00000| Untracked 
| 144|0x0000000089000000, 0x0000000089100000, 0x0000000089100000|100%| O|  |TAMS 0x0000000089100000, 0x0000000089000000| Untracked 
| 145|0x0000000089100000, 0x0000000089200000, 0x0000000089200000|100%| O|  |TAMS 0x0000000089200000, 0x0000000089100000| Untracked 
| 146|0x0000000089200000, 0x0000000089300000, 0x0000000089300000|100%| O|  |TAMS 0x0000000089300000, 0x0000000089200000| Untracked 
| 147|0x0000000089300000, 0x0000000089400000, 0x0000000089400000|100%|HS|  |TAMS 0x0000000089400000, 0x0000000089300000| Complete 
| 148|0x0000000089400000, 0x0000000089500000, 0x0000000089500000|100%|HS|  |TAMS 0x0000000089500000, 0x0000000089400000| Complete 
| 149|0x0000000089500000, 0x0000000089600000, 0x0000000089600000|100%|HS|  |TAMS 0x0000000089600000, 0x0000000089500000| Complete 
| 150|0x0000000089600000, 0x0000000089700000, 0x0000000089700000|100%|HC|  |TAMS 0x0000000089700000, 0x0000000089600000| Complete 
| 151|0x0000000089700000, 0x0000000089800000, 0x0000000089800000|100%|HC|  |TAMS 0x0000000089800000, 0x0000000089700000| Complete 
| 152|0x0000000089800000, 0x0000000089900000, 0x0000000089900000|100%| O|  |TAMS 0x0000000089900000, 0x0000000089800000| Untracked 
| 153|0x0000000089900000, 0x0000000089a00000, 0x0000000089a00000|100%| O|  |TAMS 0x0000000089a00000, 0x0000000089900000| Untracked 
| 154|0x0000000089a00000, 0x0000000089b00000, 0x0000000089b00000|100%| O|  |TAMS 0x0000000089b00000, 0x0000000089a00000| Untracked 
| 155|0x0000000089b00000, 0x0000000089c00000, 0x0000000089c00000|100%| O|  |TAMS 0x0000000089c00000, 0x0000000089b00000| Untracked 
| 156|0x0000000089c00000, 0x0000000089d00000, 0x0000000089d00000|100%| O|  |TAMS 0x0000000089d00000, 0x0000000089c00000| Untracked 
| 157|0x0000000089d00000, 0x0000000089e00000, 0x0000000089e00000|100%| O|  |TAMS 0x0000000089e00000, 0x0000000089d00000| Untracked 
| 158|0x0000000089e00000, 0x0000000089f00000, 0x0000000089f00000|100%| O|  |TAMS 0x0000000089f00000, 0x0000000089e00000| Untracked 
| 159|0x0000000089f00000, 0x000000008a000000, 0x000000008a000000|100%| O|  |TAMS 0x000000008a000000, 0x0000000089f00000| Untracked 
| 160|0x000000008a000000, 0x000000008a100000, 0x000000008a100000|100%| O|  |TAMS 0x000000008a100000, 0x000000008a000000| Untracked 
| 161|0x000000008a100000, 0x000000008a200000, 0x000000008a200000|100%|HS|  |TAMS 0x000000008a200000, 0x000000008a100000| Complete 
| 162|0x000000008a200000, 0x000000008a300000, 0x000000008a300000|100%|HS|  |TAMS 0x000000008a300000, 0x000000008a200000| Complete 
| 163|0x000000008a300000, 0x000000008a400000, 0x000000008a400000|100%| O|  |TAMS 0x000000008a400000, 0x000000008a300000| Untracked 
| 164|0x000000008a400000, 0x000000008a500000, 0x000000008a500000|100%| O|  |TAMS 0x000000008a500000, 0x000000008a400000| Untracked 
| 165|0x000000008a500000, 0x000000008a600000, 0x000000008a600000|100%| O|  |TAMS 0x000000008a600000, 0x000000008a500000| Untracked 
| 166|0x000000008a600000, 0x000000008a700000, 0x000000008a700000|100%| O|  |TAMS 0x000000008a700000, 0x000000008a600000| Untracked 
| 167|0x000000008a700000, 0x000000008a800000, 0x000000008a800000|100%| O|  |TAMS 0x000000008a800000, 0x000000008a700000| Untracked 
| 168|0x000000008a800000, 0x000000008a900000, 0x000000008a900000|100%| O|  |TAMS 0x000000008a900000, 0x000000008a800000| Untracked 
| 169|0x000000008a900000, 0x000000008aa00000, 0x000000008aa00000|100%| O|  |TAMS 0x000000008aa00000, 0x000000008a900000| Untracked 
| 170|0x000000008aa00000, 0x000000008ab00000, 0x000000008ab00000|100%| O|  |TAMS 0x000000008ab00000, 0x000000008aa00000| Untracked 
| 171|0x000000008ab00000, 0x000000008ac00000, 0x000000008ac00000|100%| O|  |TAMS 0x000000008ac00000, 0x000000008ab00000| Untracked 
| 172|0x000000008ac00000, 0x000000008ad00000, 0x000000008ad00000|100%| O|  |TAMS 0x000000008ad00000, 0x000000008ac00000| Untracked 
| 173|0x000000008ad00000, 0x000000008ae00000, 0x000000008ae00000|100%| O|  |TAMS 0x000000008ae00000, 0x000000008ad00000| Untracked 
| 174|0x000000008ae00000, 0x000000008af00000, 0x000000008af00000|100%| O|  |TAMS 0x000000008af00000, 0x000000008ae00000| Untracked 
| 175|0x000000008af00000, 0x000000008b000000, 0x000000008b000000|100%| O|  |TAMS 0x000000008b000000, 0x000000008af00000| Untracked 
| 176|0x000000008b000000, 0x000000008b100000, 0x000000008b100000|100%| O|  |TAMS 0x000000008b100000, 0x000000008b000000| Untracked 
| 177|0x000000008b100000, 0x000000008b200000, 0x000000008b200000|100%| O|  |TAMS 0x000000008b200000, 0x000000008b100000| Untracked 
| 178|0x000000008b200000, 0x000000008b300000, 0x000000008b300000|100%| O|  |TAMS 0x000000008b300000, 0x000000008b200000| Untracked 
| 179|0x000000008b300000, 0x000000008b400000, 0x000000008b400000|100%| O|  |TAMS 0x000000008b400000, 0x000000008b300000| Untracked 
| 180|0x000000008b400000, 0x000000008b500000, 0x000000008b500000|100%| O|  |TAMS 0x000000008b500000, 0x000000008b400000| Untracked 
| 181|0x000000008b500000, 0x000000008b600000, 0x000000008b600000|100%| O|  |TAMS 0x000000008b600000, 0x000000008b500000| Untracked 
| 182|0x000000008b600000, 0x000000008b700000, 0x000000008b700000|100%| O|  |TAMS 0x000000008b700000, 0x000000008b600000| Untracked 
| 183|0x000000008b700000, 0x000000008b800000, 0x000000008b800000|100%| O|  |TAMS 0x000000008b800000, 0x000000008b700000| Untracked 
| 184|0x000000008b800000, 0x000000008b900000, 0x000000008b900000|100%| O|  |TAMS 0x000000008b900000, 0x000000008b800000| Untracked 
| 185|0x000000008b900000, 0x000000008ba00000, 0x000000008ba00000|100%| O|  |TAMS 0x000000008ba00000, 0x000000008b900000| Untracked 
| 186|0x000000008ba00000, 0x000000008bb00000, 0x000000008bb00000|100%| O|  |TAMS 0x000000008bb00000, 0x000000008ba00000| Untracked 
| 187|0x000000008bb00000, 0x000000008bc00000, 0x000000008bc00000|100%| O|  |TAMS 0x000000008bc00000, 0x000000008bb00000| Untracked 
| 188|0x000000008bc00000, 0x000000008bd00000, 0x000000008bd00000|100%| O|  |TAMS 0x000000008bd00000, 0x000000008bc00000| Untracked 
| 189|0x000000008bd00000, 0x000000008be00000, 0x000000008be00000|100%| O|  |TAMS 0x000000008be00000, 0x000000008bd00000| Untracked 
| 190|0x000000008be00000, 0x000000008bf00000, 0x000000008bf00000|100%| O|  |TAMS 0x000000008bf00000, 0x000000008be00000| Untracked 
| 191|0x000000008bf00000, 0x000000008c000000, 0x000000008c000000|100%| O|  |TAMS 0x000000008c000000, 0x000000008bf00000| Untracked 
| 192|0x000000008c000000, 0x000000008c100000, 0x000000008c100000|100%| O|  |TAMS 0x000000008c100000, 0x000000008c000000| Untracked 
| 193|0x000000008c100000, 0x000000008c200000, 0x000000008c200000|100%| O|  |TAMS 0x000000008c200000, 0x000000008c100000| Untracked 
| 194|0x000000008c200000, 0x000000008c300000, 0x000000008c300000|100%| O|  |TAMS 0x000000008c300000, 0x000000008c200000| Untracked 
| 195|0x000000008c300000, 0x000000008c400000, 0x000000008c400000|100%| O|  |TAMS 0x000000008c400000, 0x000000008c300000| Untracked 
| 196|0x000000008c400000, 0x000000008c500000, 0x000000008c500000|100%| O|  |TAMS 0x000000008c500000, 0x000000008c400000| Untracked 
| 197|0x000000008c500000, 0x000000008c600000, 0x000000008c600000|100%| O|  |TAMS 0x000000008c600000, 0x000000008c500000| Untracked 
| 198|0x000000008c600000, 0x000000008c700000, 0x000000008c700000|100%| O|  |TAMS 0x000000008c700000, 0x000000008c600000| Untracked 
| 199|0x000000008c700000, 0x000000008c800000, 0x000000008c800000|100%| O|  |TAMS 0x000000008c800000, 0x000000008c700000| Untracked 
| 200|0x000000008c800000, 0x000000008c900000, 0x000000008c900000|100%| O|  |TAMS 0x000000008c84be00, 0x000000008c800000| Untracked 
| 201|0x000000008c900000, 0x000000008ca00000, 0x000000008ca00000|100%| O|  |TAMS 0x000000008c900000, 0x000000008c900000| Untracked 
| 202|0x000000008ca00000, 0x000000008cb00000, 0x000000008cb00000|100%| O|  |TAMS 0x000000008ca00000, 0x000000008ca00000| Untracked 
| 203|0x000000008cb00000, 0x000000008cc00000, 0x000000008cc00000|100%| O|  |TAMS 0x000000008cb00000, 0x000000008cb00000| Untracked 
| 204|0x000000008cc00000, 0x000000008cd00000, 0x000000008cd00000|100%| O|  |TAMS 0x000000008cc00000, 0x000000008cc00000| Untracked 
| 205|0x000000008cd00000, 0x000000008cdb1e00, 0x000000008ce00000| 69%| O|  |TAMS 0x000000008cd00000, 0x000000008cd00000| Untracked 
| 206|0x000000008ce00000, 0x000000008ce00000, 0x000000008cf00000|  0%| F|  |TAMS 0x000000008ce00000, 0x000000008ce00000| Untracked 
| 207|0x000000008cf00000, 0x000000008cf00000, 0x000000008d000000|  0%| F|  |TAMS 0x000000008cf00000, 0x000000008cf00000| Untracked 
| 208|0x000000008d000000, 0x000000008d000000, 0x000000008d100000|  0%| F|  |TAMS 0x000000008d000000, 0x000000008d000000| Untracked 
| 209|0x000000008d100000, 0x000000008d100000, 0x000000008d200000|  0%| F|  |TAMS 0x000000008d100000, 0x000000008d100000| Untracked 
| 210|0x000000008d200000, 0x000000008d200000, 0x000000008d300000|  0%| F|  |TAMS 0x000000008d200000, 0x000000008d200000| Untracked 
| 211|0x000000008d300000, 0x000000008d300000, 0x000000008d400000|  0%| F|  |TAMS 0x000000008d300000, 0x000000008d300000| Untracked 
| 212|0x000000008d400000, 0x000000008d400000, 0x000000008d500000|  0%| F|  |TAMS 0x000000008d400000, 0x000000008d400000| Untracked 
| 213|0x000000008d500000, 0x000000008d500000, 0x000000008d600000|  0%| F|  |TAMS 0x000000008d500000, 0x000000008d500000| Untracked 
| 214|0x000000008d600000, 0x000000008d600000, 0x000000008d700000|  0%| F|  |TAMS 0x000000008d600000, 0x000000008d600000| Untracked 
| 215|0x000000008d700000, 0x000000008d700000, 0x000000008d800000|  0%| F|  |TAMS 0x000000008d700000, 0x000000008d700000| Untracked 
| 216|0x000000008d800000, 0x000000008d800000, 0x000000008d900000|  0%| F|  |TAMS 0x000000008d800000, 0x000000008d800000| Untracked 
| 217|0x000000008d900000, 0x000000008d900000, 0x000000008da00000|  0%| F|  |TAMS 0x000000008d900000, 0x000000008d900000| Untracked 
| 218|0x000000008da00000, 0x000000008da00000, 0x000000008db00000|  0%| F|  |TAMS 0x000000008da00000, 0x000000008da00000| Untracked 
| 219|0x000000008db00000, 0x000000008db00000, 0x000000008dc00000|  0%| F|  |TAMS 0x000000008db00000, 0x000000008db00000| Untracked 
| 220|0x000000008dc00000, 0x000000008dc00000, 0x000000008dd00000|  0%| F|  |TAMS 0x000000008dc00000, 0x000000008dc00000| Untracked 
| 221|0x000000008dd00000, 0x000000008dd00000, 0x000000008de00000|  0%| F|  |TAMS 0x000000008dd00000, 0x000000008dd00000| Untracked 
| 222|0x000000008de00000, 0x000000008de00000, 0x000000008df00000|  0%| F|  |TAMS 0x000000008de00000, 0x000000008de00000| Untracked 
| 223|0x000000008df00000, 0x000000008df00000, 0x000000008e000000|  0%| F|  |TAMS 0x000000008df00000, 0x000000008df00000| Untracked 
| 224|0x000000008e000000, 0x000000008e000000, 0x000000008e100000|  0%| F|  |TAMS 0x000000008e000000, 0x000000008e000000| Untracked 
| 225|0x000000008e100000, 0x000000008e100000, 0x000000008e200000|  0%| F|  |TAMS 0x000000008e100000, 0x000000008e100000| Untracked 
| 226|0x000000008e200000, 0x000000008e200000, 0x000000008e300000|  0%| F|  |TAMS 0x000000008e200000, 0x000000008e200000| Untracked 
| 227|0x000000008e300000, 0x000000008e300000, 0x000000008e400000|  0%| F|  |TAMS 0x000000008e300000, 0x000000008e300000| Untracked 
| 228|0x000000008e400000, 0x000000008e400000, 0x000000008e500000|  0%| F|  |TAMS 0x000000008e400000, 0x000000008e400000| Untracked 
| 229|0x000000008e500000, 0x000000008e500000, 0x000000008e600000|  0%| F|  |TAMS 0x000000008e500000, 0x000000008e500000| Untracked 
| 230|0x000000008e600000, 0x000000008e600000, 0x000000008e700000|  0%| F|  |TAMS 0x000000008e600000, 0x000000008e600000| Untracked 
| 231|0x000000008e700000, 0x000000008e700000, 0x000000008e800000|  0%| F|  |TAMS 0x000000008e700000, 0x000000008e700000| Untracked 
| 232|0x000000008e800000, 0x000000008e800000, 0x000000008e900000|  0%| F|  |TAMS 0x000000008e800000, 0x000000008e800000| Untracked 
| 233|0x000000008e900000, 0x000000008e900000, 0x000000008ea00000|  0%| F|  |TAMS 0x000000008e900000, 0x000000008e900000| Untracked 
| 234|0x000000008ea00000, 0x000000008ea00000, 0x000000008eb00000|  0%| F|  |TAMS 0x000000008ea00000, 0x000000008ea00000| Untracked 
| 235|0x000000008eb00000, 0x000000008eb00000, 0x000000008ec00000|  0%| F|  |TAMS 0x000000008eb00000, 0x000000008eb00000| Untracked 
| 236|0x000000008ec00000, 0x000000008ec00000, 0x000000008ed00000|  0%| F|  |TAMS 0x000000008ec00000, 0x000000008ec00000| Untracked 
| 237|0x000000008ed00000, 0x000000008ed00000, 0x000000008ee00000|  0%| F|  |TAMS 0x000000008ed00000, 0x000000008ed00000| Untracked 
| 238|0x000000008ee00000, 0x000000008ee00000, 0x000000008ef00000|  0%| F|  |TAMS 0x000000008ee00000, 0x000000008ee00000| Untracked 
| 239|0x000000008ef00000, 0x000000008ef00000, 0x000000008f000000|  0%| F|  |TAMS 0x000000008ef00000, 0x000000008ef00000| Untracked 
| 240|0x000000008f000000, 0x000000008f000000, 0x000000008f100000|  0%| F|  |TAMS 0x000000008f000000, 0x000000008f000000| Untracked 
| 241|0x000000008f100000, 0x000000008f100000, 0x000000008f200000|  0%| F|  |TAMS 0x000000008f100000, 0x000000008f100000| Untracked 
| 242|0x000000008f200000, 0x000000008f200000, 0x000000008f300000|  0%| F|  |TAMS 0x000000008f200000, 0x000000008f200000| Untracked 
| 243|0x000000008f300000, 0x000000008f34bcf8, 0x000000008f400000| 29%| S|CS|TAMS 0x000000008f300000, 0x000000008f300000| Complete 
| 244|0x000000008f400000, 0x000000008f500000, 0x000000008f500000|100%| S|CS|TAMS 0x000000008f400000, 0x000000008f400000| Complete 
| 245|0x000000008f500000, 0x000000008f53f2b0, 0x000000008f600000| 24%| E|  |TAMS 0x000000008f500000, 0x000000008f500000| Complete 
| 246|0x000000008f600000, 0x000000008f700000, 0x000000008f700000|100%| E|CS|TAMS 0x000000008f600000, 0x000000008f600000| Complete 
| 247|0x000000008f700000, 0x000000008f800000, 0x000000008f800000|100%| E|CS|TAMS 0x000000008f700000, 0x000000008f700000| Complete 
| 248|0x000000008f800000, 0x000000008f900000, 0x000000008f900000|100%| E|CS|TAMS 0x000000008f800000, 0x000000008f800000| Complete 
| 249|0x000000008f900000, 0x000000008fa00000, 0x000000008fa00000|100%| E|CS|TAMS 0x000000008f900000, 0x000000008f900000| Complete 
| 250|0x000000008fa00000, 0x000000008fb00000, 0x000000008fb00000|100%| E|CS|TAMS 0x000000008fa00000, 0x000000008fa00000| Complete 
| 251|0x000000008fb00000, 0x000000008fc00000, 0x000000008fc00000|100%| E|CS|TAMS 0x000000008fb00000, 0x000000008fb00000| Complete 
| 252|0x000000008fc00000, 0x000000008fd00000, 0x000000008fd00000|100%| E|CS|TAMS 0x000000008fc00000, 0x000000008fc00000| Complete 
| 253|0x000000008fd00000, 0x000000008fe00000, 0x000000008fe00000|100%| E|CS|TAMS 0x000000008fd00000, 0x000000008fd00000| Complete 

Card table byte_map: [0x000001c44eb30000,0x000001c44ef30000] _byte_map_base: 0x000001c44e730000

Marking Bits (Prev, Next): (CMBitMap*) 0x000001c436cd0ef8, (CMBitMap*) 0x000001c436cd0f30
 Prev Bits: [0x000001c44f330000, 0x000001c451330000)
 Next Bits: [0x000001c451330000, 0x000001c453330000)

Polling page: 0x000001c434be0000

Metaspace:

Usage:
  Non-class:    100.68 MB capacity,    98.05 MB ( 97%) used,     2.24 MB (  2%) free+waste,   397.50 KB ( <1%) overhead. 
      Class:     16.51 MB capacity,    14.75 MB ( 89%) used,     1.58 MB ( 10%) free+waste,   183.81 KB (  1%) overhead. 
       Both:    117.18 MB capacity,   112.80 MB ( 96%) used,     3.82 MB (  3%) free+waste,   581.31 KB ( <1%) overhead. 

Virtual space:
  Non-class space:      102.00 MB reserved,     100.76 MB ( 99%) committed 
      Class space:      504.00 MB reserved,      16.57 MB (  3%) committed 
             Both:      606.00 MB reserved,     117.33 MB ( 19%) committed 

Chunk freelists:
   Non-Class:  20.00 KB
       Class:  23.00 KB
        Both:  43.00 KB

MaxMetaspaceSize: 512.00 MB
CompressedClassSpaceSize: 504.00 MB
Initial GC threshold: 20.80 MB
Current GC threshold: 195.55 MB
CDS: off

CodeHeap 'non-profiled nmethods': size=120000Kb used=12505Kb max_used=12505Kb free=107494Kb
 bounds [0x000001c446ed0000, 0x000001c447b10000, 0x000001c44e400000]
CodeHeap 'profiled nmethods': size=120000Kb used=35105Kb max_used=35105Kb free=84894Kb
 bounds [0x000001c43f9a0000, 0x000001c441bf0000, 0x000001c446ed0000]
CodeHeap 'non-nmethods': size=5760Kb used=2436Kb max_used=2508Kb free=3323Kb
 bounds [0x000001c43f400000, 0x000001c43f680000, 0x000001c43f9a0000]
 total_blobs=16568 nmethods=15600 adapters=879
 compilation: enabled
              stopped_count=0, restarted_count=0
 full_count=0

Compilation events (20 events):
Event: 253.442 Thread 0x000001c456640800 nmethod 15806 0x000001c447afea10 code [0x000001c447afec60, 0x000001c447affd30]
Event: 253.443 Thread 0x000001c456640800 15807       4       groovy.lang.MetaClassImpl::getMetaMethod (74 bytes)
Event: 253.474 Thread 0x000001c456640800 nmethod 15807 0x000001c447b00e10 code [0x000001c447b01000, 0x000001c447b01a68]
Event: 253.580 Thread 0x000001c456640800 15808       4       org.gradle.api.internal.file.collections.DefaultDirectoryWalker$PathVisitor::preVisitDirectory (10 bytes)
Event: 253.587 Thread 0x000001c456640800 nmethod 15808 0x000001c447b02290 code [0x000001c447b02480, 0x000001c447b02788]
Event: 253.587 Thread 0x000001c456640800 15809       4       org.gradle.api.internal.file.collections.DefaultDirectoryWalker$PathVisitor::preVisitDirectory (80 bytes)
Event: 253.594 Thread 0x000001c456640800 nmethod 15809 0x000001c447b02b90 code [0x000001c447b02d80, 0x000001c447b03048]
Event: 253.606 Thread 0x000001c456640800 15810   !   4       jdk.internal.reflect.GeneratedMethodAccessor116::invoke (65 bytes)
Event: 253.613 Thread 0x000001c456640800 nmethod 15810 0x000001c447b03410 code [0x000001c447b03600, 0x000001c447b03948]
Event: 253.746 Thread 0x000001c456640800 15811       4       org.gradle.api.specs.internal.ClosureSpec::isSatisfiedBy (23 bytes)
Event: 253.770 Thread 0x000001c456640800 nmethod 15811 0x000001c447b03d90 code [0x000001c447b03fe0, 0x000001c447b04540]
Event: 253.771 Thread 0x000001c456640800 15812   !   4       java_io_File$toPath::call (29 bytes)
Event: 253.798 Thread 0x000001c456640800 nmethod 15812 0x000001c447b04c10 code [0x000001c447b04e00, 0x000001c447b05768]
Event: 254.018 Thread 0x000001c456640800 15813       4       java.util.ArrayDeque::pop (5 bytes)
Event: 254.020 Thread 0x000001c456640800 nmethod 15813 0x000001c447b05c10 code [0x000001c447b05da0, 0x000001c447b05eb8]
Event: 254.071 Thread 0x000001c456640800 15814 % !   4       java.nio.file.Files::walkFileTree @ 19 (294 bytes)
Event: 254.075 Thread 0x000001c456640800 nmethod 15814% 0x000001c447b06010 code [0x000001c447b061c0, 0x000001c447b063b8]
Event: 254.704 Thread 0x000001c456643800 15815       3       java.util.stream.FindOps$FindSink::accept (18 bytes)
Event: 254.704 Thread 0x000001c456643800 nmethod 15815 0x000001c441be8290 code [0x000001c441be8440, 0x000001c441be85d8]
Event: 254.726 Thread 0x000001c456640800 15816       4       sun.nio.fs.WindowsFileSystemProvider::newDirectoryStream (31 bytes)

GC Heap History (20 events):
Event: 230.919 GC heap before
{Heap before GC invocations=34 (full 0):
 garbage-first heap   total 260096K, used 214372K [0x0000000080000000, 0x0000000100000000)
  region size 1024K, 35 young (35840K), 4 survivors (4096K)
 Metaspace       used 112411K, capacity 116725K, committed 116948K, reserved 618496K
  class space    used 14781K, capacity 16465K, committed 16588K, reserved 516096K
}
Event: 230.935 GC heap after
{Heap after GC invocations=35 (full 0):
 garbage-first heap   total 260096K, used 187680K [0x0000000080000000, 0x0000000100000000)
  region size 1024K, 5 young (5120K), 5 survivors (5120K)
 Metaspace       used 112411K, capacity 116725K, committed 116948K, reserved 618496K
  class space    used 14781K, capacity 16465K, committed 16588K, reserved 516096K
}
Event: 232.982 GC heap before
{Heap before GC invocations=35 (full 0):
 garbage-first heap   total 260096K, used 216352K [0x0000000080000000, 0x0000000100000000)
  region size 1024K, 33 young (33792K), 5 survivors (5120K)
 Metaspace       used 112611K, capacity 117002K, committed 117204K, reserved 618496K
  class space    used 14790K, capacity 16468K, committed 16588K, reserved 516096K
}
Event: 232.998 GC heap after
{Heap after GC invocations=36 (full 0):
 garbage-first heap   total 260096K, used 193126K [0x0000000080000000, 0x0000000100000000)
  region size 1024K, 5 young (5120K), 5 survivors (5120K)
 Metaspace       used 112611K, capacity 117002K, committed 117204K, reserved 618496K
  class space    used 14790K, capacity 16468K, committed 16588K, reserved 516096K
}
Event: 234.146 GC heap before
{Heap before GC invocations=37 (full 0):
 garbage-first heap   total 260096K, used 219750K [0x0000000080000000, 0x0000000100000000)
  region size 1024K, 31 young (31744K), 5 survivors (5120K)
 Metaspace       used 113847K, capacity 118244K, committed 118612K, reserved 618496K
  class space    used 14907K, capacity 16600K, committed 16716K, reserved 516096K
}
Event: 234.158 GC heap after
{Heap after GC invocations=38 (full 0):
 garbage-first heap   total 260096K, used 196915K [0x0000000080000000, 0x0000000100000000)
  region size 1024K, 4 young (4096K), 4 survivors (4096K)
 Metaspace       used 113847K, capacity 118244K, committed 118612K, reserved 618496K
  class space    used 14907K, capacity 16600K, committed 16716K, reserved 516096K
}
Event: 234.693 GC heap before
{Heap before GC invocations=38 (full 0):
 garbage-first heap   total 260096K, used 221491K [0x0000000080000000, 0x0000000100000000)
  region size 1024K, 28 young (28672K), 4 survivors (4096K)
 Metaspace       used 114506K, capacity 118912K, committed 119124K, reserved 620544K
  class space    used 14990K, capacity 16709K, committed 16716K, reserved 516096K
}
Event: 234.709 GC heap after
{Heap after GC invocations=39 (full 0):
 garbage-first heap   total 260096K, used 200102K [0x0000000080000000, 0x0000000100000000)
  region size 1024K, 4 young (4096K), 4 survivors (4096K)
 Metaspace       used 114506K, capacity 118912K, committed 119124K, reserved 620544K
  class space    used 14990K, capacity 16709K, committed 16716K, reserved 516096K
}
Event: 237.031 GC heap before
{Heap before GC invocations=40 (full 0):
 garbage-first heap   total 260096K, used 221606K [0x0000000080000000, 0x0000000100000000)
  region size 1024K, 26 young (26624K), 4 survivors (4096K)
 Metaspace       used 115006K, capacity 119490K, committed 119508K, reserved 620544K
  class space    used 15044K, capacity 16829K, committed 16844K, reserved 516096K
}
Event: 237.041 GC heap after
{Heap after GC invocations=41 (full 0):
 garbage-first heap   total 260096K, used 202439K [0x0000000080000000, 0x0000000100000000)
  region size 1024K, 3 young (3072K), 3 survivors (3072K)
 Metaspace       used 115006K, capacity 119490K, committed 119508K, reserved 620544K
  class space    used 15044K, capacity 16829K, committed 16844K, reserved 516096K
}
Event: 239.213 GC heap before
{Heap before GC invocations=41 (full 0):
 garbage-first heap   total 260096K, used 222919K [0x0000000080000000, 0x0000000100000000)
  region size 1024K, 24 young (24576K), 3 survivors (3072K)
 Metaspace       used 115238K, capacity 119755K, committed 119892K, reserved 620544K
  class space    used 15066K, capacity 16850K, committed 16972K, reserved 516096K
}
Event: 239.222 GC heap after
{Heap after GC invocations=42 (full 0):
 garbage-first heap   total 260096K, used 203589K [0x0000000080000000, 0x0000000100000000)
  region size 1024K, 2 young (2048K), 2 survivors (2048K)
 Metaspace       used 115238K, capacity 119755K, committed 119892K, reserved 620544K
  class space    used 15066K, capacity 16850K, committed 16972K, reserved 516096K
}
Event: 246.746 GC heap before
{Heap before GC invocations=43 (full 0):
 garbage-first heap   total 260096K, used 225093K [0x0000000080000000, 0x0000000100000000)
  region size 1024K, 23 young (23552K), 2 survivors (2048K)
 Metaspace       used 115501K, capacity 119997K, committed 120148K, reserved 620544K
  class space    used 15104K, capacity 16905K, committed 16972K, reserved 516096K
}
Event: 246.754 GC heap after
{Heap after GC invocations=44 (full 0):
 garbage-first heap   total 260096K, used 205268K [0x0000000080000000, 0x0000000100000000)
  region size 1024K, 3 young (3072K), 3 survivors (3072K)
 Metaspace       used 115501K, capacity 119997K, committed 120148K, reserved 620544K
  class space    used 15104K, capacity 16905K, committed 16972K, reserved 516096K
}
Event: 249.616 GC heap before
{Heap before GC invocations=44 (full 0):
 garbage-first heap   total 260096K, used 226772K [0x0000000080000000, 0x0000000100000000)
  region size 1024K, 24 young (24576K), 3 survivors (3072K)
 Metaspace       used 115501K, capacity 119997K, committed 120148K, reserved 620544K
  class space    used 15104K, capacity 16905K, committed 16972K, reserved 516096K
}
Event: 249.627 GC heap after
{Heap after GC invocations=45 (full 0):
 garbage-first heap   total 260096K, used 207890K [0x0000000080000000, 0x0000000100000000)
  region size 1024K, 3 young (3072K), 3 survivors (3072K)
 Metaspace       used 115501K, capacity 119997K, committed 120148K, reserved 620544K
  class space    used 15104K, capacity 16905K, committed 16972K, reserved 516096K
}
Event: 252.828 GC heap before
{Heap before GC invocations=46 (full 0):
 garbage-first heap   total 260096K, used 226322K [0x0000000080000000, 0x0000000100000000)
  region size 1024K, 21 young (21504K), 3 survivors (3072K)
 Metaspace       used 115501K, capacity 119997K, committed 120148K, reserved 620544K
  class space    used 15104K, capacity 16905K, committed 16972K, reserved 516096K
}
Event: 252.837 GC heap after
{Heap after GC invocations=47 (full 0):
 garbage-first heap   total 260096K, used 210835K [0x0000000080000000, 0x0000000100000000)
  region size 1024K, 3 young (3072K), 3 survivors (3072K)
 Metaspace       used 115501K, capacity 119997K, committed 120148K, reserved 620544K
  class space    used 15104K, capacity 16905K, committed 16972K, reserved 516096K
}
Event: 253.762 GC heap before
{Heap before GC invocations=47 (full 0):
 garbage-first heap   total 260096K, used 220051K [0x0000000080000000, 0x0000000100000000)
  region size 1024K, 12 young (12288K), 3 survivors (3072K)
 Metaspace       used 115501K, capacity 119997K, committed 120148K, reserved 620544K
  class space    used 15104K, capacity 16905K, committed 16972K, reserved 516096K
}
Event: 253.769 GC heap after
{Heap after GC invocations=48 (full 0):
 garbage-first heap   total 260096K, used 210934K [0x0000000080000000, 0x0000000100000000)
  region size 1024K, 2 young (2048K), 2 survivors (2048K)
 Metaspace       used 115501K, capacity 119997K, committed 120148K, reserved 620544K
  class space    used 15104K, capacity 16905K, committed 16972K, reserved 516096K
}

Deoptimization events (20 events):
Event: 239.192 Thread 0x000001c459894000 DEOPT PACKING pc=0x000001c447a49974 sp=0x000000aae79fdd30
Event: 239.192 Thread 0x000001c459894000 DEOPT UNPACKING pc=0x000001c43f44a1af sp=0x000000aae79fdb80 mode 2
Event: 242.821 Thread 0x000001c459894000 DEOPT PACKING pc=0x000001c447a67510 sp=0x000000aae79fa910
Event: 242.821 Thread 0x000001c459894000 DEOPT UNPACKING pc=0x000001c43f44a95e sp=0x000000aae79f9ca8 mode 0
Event: 242.821 Thread 0x000001c459894000 DEOPT PACKING pc=0x000001c447a67510 sp=0x000000aae79fab80
Event: 242.821 Thread 0x000001c459894000 DEOPT UNPACKING pc=0x000001c43f44a95e sp=0x000000aae79f9f18 mode 0
Event: 242.821 Thread 0x000001c459894000 DEOPT PACKING pc=0x000001c447a4e990 sp=0x000000aae79fad60
Event: 242.821 Thread 0x000001c459894000 DEOPT UNPACKING pc=0x000001c43f44a95e sp=0x000000aae79fa1e8 mode 0
Event: 242.822 Thread 0x000001c459894000 Uncommon trap: trap_request=0xffffffc6 fr.pc=0x000001c447a0885c relative=0x000000000000009c
Event: 242.823 Thread 0x000001c459894000 Uncommon trap: reason=bimorphic_or_optimized_type_check action=maybe_recompile pc=0x000001c447a0885c method=org.gradle.execution.plan.ActionNode.hasPendingPreExecutionNodes()Z @ 11 c2
Event: 242.823 Thread 0x000001c459894000 DEOPT PACKING pc=0x000001c447a0885c sp=0x000000aae79fe900
Event: 242.823 Thread 0x000001c459894000 DEOPT UNPACKING pc=0x000001c43f44a1af sp=0x000000aae79fe888 mode 2
Event: 242.837 Thread 0x000001c45cbc4000 Uncommon trap: trap_request=0xffffffc6 fr.pc=0x000001c447a0885c relative=0x000000000000009c
Event: 242.837 Thread 0x000001c45cbc4000 Uncommon trap: reason=bimorphic_or_optimized_type_check action=maybe_recompile pc=0x000001c447a0885c method=org.gradle.execution.plan.ActionNode.hasPendingPreExecutionNodes()Z @ 11 c2
Event: 242.837 Thread 0x000001c45cbc4000 DEOPT PACKING pc=0x000001c447a0885c sp=0x000000aae73fda50
Event: 242.837 Thread 0x000001c45cbc4000 DEOPT UNPACKING pc=0x000001c43f44a1af sp=0x000000aae73fd9d8 mode 2
Event: 254.193 Thread 0x000001c45cbc4000 Uncommon trap: trap_request=0xffffff4d fr.pc=0x000001c447b06358 relative=0x0000000000000198
Event: 254.193 Thread 0x000001c45cbc4000 Uncommon trap: reason=unstable_if action=reinterpret pc=0x000001c447b06358 method=java.nio.file.Files.walkFileTree(Ljava/nio/file/Path;Ljava/util/Set;ILjava/nio/file/FileVisitor;)Ljava/nio/file/Path; @ 31 c2
Event: 254.193 Thread 0x000001c45cbc4000 DEOPT PACKING pc=0x000001c447b06358 sp=0x000000aae73f85c0
Event: 254.193 Thread 0x000001c45cbc4000 DEOPT UNPACKING pc=0x000001c43f44a1af sp=0x000000aae73f8570 mode 2

Classes redefined (0 events):
No events

Internal exceptions (20 events):
Event: 242.868 Thread 0x000001c45cbc4000 Exception <a 'java/lang/ClassNotFoundException'{0x000000008f827a60}: org/gradle/api/internal/provider/AbstractPropertyCustomizer> (0x000000008f827a60) thrown at [s\src\hotspot\share\classfile\systemDictionary.cpp, line 230]
Event: 242.871 Thread 0x000001c45cbc4000 Exception <a 'java/lang/ClassNotFoundException'{0x000000008f86ee48}: org/gradle/api/internal/provider/DefaultPropertyCustomizer> (0x000000008f86ee48) thrown at [s\src\hotspot\share\classfile\systemDictionary.cpp, line 230]
Event: 242.900 Thread 0x000001c45cbc4000 Exception <a 'java/lang/ClassNotFoundException'{0x000000008f8efa50}: org/gradle/api/internal/model/DefaultObjectFactoryBeanInfo> (0x000000008f8efa50) thrown at [s\src\hotspot\share\classfile\systemDictionary.cpp, line 230]
Event: 242.902 Thread 0x000001c45cbc4000 Exception <a 'java/lang/ClassNotFoundException'{0x000000008f72c958}: org/gradle/api/internal/model/DefaultObjectFactoryCustomizer> (0x000000008f72c958) thrown at [s\src\hotspot\share\classfile\systemDictionary.cpp, line 230]
Event: 242.912 Thread 0x000001c45cbc4000 Exception <a 'java/lang/ClassNotFoundException'{0x000000008f68b2d0}: org/gradle/api/internal/file/collections/DefaultConfigurableFileTreeBeanInfo> (0x000000008f68b2d0) thrown at [s\src\hotspot\share\classfile\systemDictionary.cpp, line 230]
Event: 242.914 Thread 0x000001c45cbc4000 Exception <a 'java/lang/ClassNotFoundException'{0x000000008f6c59e8}: org/gradle/api/internal/file/CompositeFileTreeBeanInfo> (0x000000008f6c59e8) thrown at [s\src\hotspot\share\classfile\systemDictionary.cpp, line 230]
Event: 242.917 Thread 0x000001c45cbc4000 Exception <a 'java/lang/ClassNotFoundException'{0x000000008f51bac0}: org/gradle/api/internal/file/CompositeFileCollectionBeanInfo> (0x000000008f51bac0) thrown at [s\src\hotspot\share\classfile\systemDictionary.cpp, line 230]
Event: 242.919 Thread 0x000001c45cbc4000 Exception <a 'java/lang/ClassNotFoundException'{0x000000008f559fd8}: org/gradle/api/internal/file/AbstractFileCollectionBeanInfo> (0x000000008f559fd8) thrown at [s\src\hotspot\share\classfile\systemDictionary.cpp, line 230]
Event: 242.921 Thread 0x000001c45cbc4000 Exception <a 'java/lang/ClassNotFoundException'{0x000000008f5983f0}: org/gradle/api/internal/file/AbstractFileCollectionCustomizer> (0x000000008f5983f0) thrown at [s\src\hotspot\share\classfile\systemDictionary.cpp, line 230]
Event: 242.923 Thread 0x000001c45cbc4000 Exception <a 'java/lang/ClassNotFoundException'{0x000000008f5e83e0}: org/gradle/api/internal/file/CompositeFileCollectionCustomizer> (0x000000008f5e83e0) thrown at [s\src\hotspot\share\classfile\systemDictionary.cpp, line 230]
Event: 242.926 Thread 0x000001c45cbc4000 Exception <a 'java/lang/ClassNotFoundException'{0x000000008f42b3b8}: org/gradle/api/internal/file/CompositeFileTreeCustomizer> (0x000000008f42b3b8) thrown at [s\src\hotspot\share\classfile\systemDictionary.cpp, line 230]
Event: 242.928 Thread 0x000001c45cbc4000 Exception <a 'java/lang/ClassNotFoundException'{0x000000008f47b228}: org/gradle/api/internal/file/collections/DefaultConfigurableFileTreeCustomizer> (0x000000008f47b228) thrown at [s\src\hotspot\share\classfile\systemDictionary.cpp, line 230]
Event: 242.951 Thread 0x000001c45cbc4000 Exception <a 'java/lang/ClassNotFoundException'{0x000000008f389ab0}: org/gradle/api/internal/file/DefaultFileVisitDetailsBeanInfo> (0x000000008f389ab0) thrown at [s\src\hotspot\share\classfile\systemDictionary.cpp, line 230]
Event: 242.953 Thread 0x000001c45cbc4000 Exception <a 'java/lang/ClassNotFoundException'{0x000000008f3ca888}: org/gradle/api/internal/file/DefaultFileTreeElementBeanInfo> (0x000000008f3ca888) thrown at [s\src\hotspot\share\classfile\systemDictionary.cpp, line 230]
Event: 242.955 Thread 0x000001c45cbc4000 Exception <a 'java/lang/ClassNotFoundException'{0x000000008f20c608}: org/gradle/api/internal/file/AbstractFileTreeElementBeanInfo> (0x000000008f20c608) thrown at [s\src\hotspot\share\classfile\systemDictionary.cpp, line 230]
Event: 242.957 Thread 0x000001c45cbc4000 Exception <a 'java/lang/ClassNotFoundException'{0x000000008f24d9c0}: org/gradle/api/internal/file/AbstractFileTreeElementCustomizer> (0x000000008f24d9c0) thrown at [s\src\hotspot\share\classfile\systemDictionary.cpp, line 230]
Event: 242.960 Thread 0x000001c45cbc4000 Exception <a 'java/lang/ClassNotFoundException'{0x000000008f294ac8}: org/gradle/api/internal/file/DefaultFileTreeElementCustomizer> (0x000000008f294ac8) thrown at [s\src\hotspot\share\classfile\systemDictionary.cpp, line 230]
Event: 242.963 Thread 0x000001c45cbc4000 Exception <a 'java/lang/ClassNotFoundException'{0x000000008f2df3f8}: org/gradle/api/internal/file/DefaultFileVisitDetailsCustomizer> (0x000000008f2df3f8) thrown at [s\src\hotspot\share\classfile\systemDictionary.cpp, line 230]
Event: 242.969 Thread 0x000001c45cbc4000 Exception <a 'java/lang/ClassNotFoundException'{0x000000008f129140}: java/nio/file/FilesBeanInfo> (0x000000008f129140) thrown at [s\src\hotspot\share\classfile\systemDictionary.cpp, line 230]
Event: 242.970 Thread 0x000001c45cbc4000 Exception <a 'java/lang/ClassNotFoundException'{0x000000008f13ecc0}: java/nio/file/FilesCustomizer> (0x000000008f13ecc0) thrown at [s\src\hotspot\share\classfile\systemDictionary.cpp, line 230]

Events (20 events):
Event: 242.976 loading class org/codehaus/groovy/runtime/typehandling/DefaultTypeTransformation
Event: 242.976 loading class org/codehaus/groovy/runtime/typehandling/DefaultTypeTransformation done
Event: 242.977 loading class org/gradle/api/internal/file/AttributeBasedFileVisitDetails
Event: 242.977 loading class org/gradle/api/internal/file/AttributeBasedFileVisitDetails done
Event: 243.002 Loaded shared library C:\Program Files\Microsoft\jdk-11.0.20.8-hotspot\bin\nio.dll
Event: 243.091 Loaded shared library C:\Program Files\Microsoft\jdk-11.0.20.8-hotspot\bin\nio.dll
Event: 243.098 Loaded shared library C:\Program Files\Microsoft\jdk-11.0.20.8-hotspot\bin\nio.dll
Event: 246.746 Executing VM operation: G1CollectForAllocation
Event: 246.754 Executing VM operation: G1CollectForAllocation done
Event: 248.492 Thread 0x000001c460c71800 Thread exited: 0x000001c460c71800
Event: 249.615 Executing VM operation: G1CollectForAllocation
Event: 249.627 Executing VM operation: G1CollectForAllocation done
Event: 249.998 Executing VM operation: CGC_Operation
Event: 250.018 Executing VM operation: CGC_Operation done
Event: 250.268 Executing VM operation: CGC_Operation
Event: 250.269 Executing VM operation: CGC_Operation done
Event: 252.828 Executing VM operation: G1CollectForAllocation
Event: 252.837 Executing VM operation: G1CollectForAllocation done
Event: 253.762 Executing VM operation: G1CollectForAllocation
Event: 253.769 Executing VM operation: G1CollectForAllocation done


Dynamic libraries:
0x00007ff697f20000 - 0x00007ff697f2d000 	C:\Program Files\Microsoft\jdk-11.0.20.8-hotspot\bin\java.exe
0x00007ffb75870000 - 0x00007ffb75a84000 	C:\WINDOWS\SYSTEM32\ntdll.dll
0x00007ffb73a70000 - 0x00007ffb73b34000 	C:\WINDOWS\System32\KERNEL32.DLL
0x00007ffb72fc0000 - 0x00007ffb73364000 	C:\WINDOWS\System32\KERNELBASE.dll
0x00007ffb734e0000 - 0x00007ffb735f1000 	C:\WINDOWS\System32\ucrtbase.dll
0x00007ffb5ab30000 - 0x00007ffb5ab47000 	C:\Program Files\Microsoft\jdk-11.0.20.8-hotspot\bin\jli.dll
0x00007ffb74cb0000 - 0x00007ffb74e5e000 	C:\WINDOWS\System32\USER32.dll
0x00007ffb72dd0000 - 0x00007ffb72df6000 	C:\WINDOWS\System32\win32u.dll
0x00007ffb73ee0000 - 0x00007ffb73f09000 	C:\WINDOWS\System32\GDI32.dll
0x00007ffb72e00000 - 0x00007ffb72f18000 	C:\WINDOWS\System32\gdi32full.dll
0x00007ffb72f20000 - 0x00007ffb72fba000 	C:\WINDOWS\System32\msvcp_win.dll
0x00007ffb5a9e0000 - 0x00007ffb5a9f5000 	C:\Program Files\Microsoft\jdk-11.0.20.8-hotspot\bin\VCRUNTIME140.dll
0x00007ffb56c00000 - 0x00007ffb56e93000 	C:\WINDOWS\WinSxS\amd64_microsoft.windows.common-controls_6595b64144ccf1df_6.0.22621.2215_none_270d72677387dfc3\COMCTL32.dll
0x00007ffb75780000 - 0x00007ffb75827000 	C:\WINDOWS\System32\msvcrt.dll
0x00007ffb75740000 - 0x00007ffb75771000 	C:\WINDOWS\System32\IMM32.DLL
0x00007ffb2f980000 - 0x00007ffb2fa1b000 	C:\Program Files\Microsoft\jdk-11.0.20.8-hotspot\bin\msvcp140.dll
0x00007ffaf2260000 - 0x00007ffaf2df6000 	C:\Program Files\Microsoft\jdk-11.0.20.8-hotspot\bin\server\jvm.dll
0x00007ffb74190000 - 0x00007ffb74240000 	C:\WINDOWS\System32\ADVAPI32.dll
0x00007ffb73f20000 - 0x00007ffb73fc6000 	C:\WINDOWS\System32\sechost.dll
0x00007ffb75480000 - 0x00007ffb75597000 	C:\WINDOWS\System32\RPCRT4.dll
0x00007ffb73f10000 - 0x00007ffb73f18000 	C:\WINDOWS\System32\PSAPI.DLL
0x00007ffb5ae50000 - 0x00007ffb5ae59000 	C:\WINDOWS\SYSTEM32\WSOCK32.dll
0x00007ffb737a0000 - 0x00007ffb73811000 	C:\WINDOWS\System32\WS2_32.dll
0x00007ffb6b0b0000 - 0x00007ffb6b0e4000 	C:\WINDOWS\SYSTEM32\WINMM.dll
0x00007ffb6ae70000 - 0x00007ffb6ae7a000 	C:\WINDOWS\SYSTEM32\VERSION.dll
0x00007ffb71c60000 - 0x00007ffb71c78000 	C:\WINDOWS\SYSTEM32\kernel.appcore.dll
0x00007ffb5a9d0000 - 0x00007ffb5a9e0000 	C:\Program Files\Microsoft\jdk-11.0.20.8-hotspot\bin\verify.dll
0x00007ffb70710000 - 0x00007ffb7093e000 	C:\WINDOWS\SYSTEM32\DBGHELP.DLL
0x00007ffb73b40000 - 0x00007ffb73eca000 	C:\WINDOWS\System32\combase.dll
0x00007ffb755a0000 - 0x00007ffb75677000 	C:\WINDOWS\System32\OLEAUT32.dll
0x00007ffb68c70000 - 0x00007ffb68ca2000 	C:\WINDOWS\SYSTEM32\dbgcore.DLL
0x00007ffb72c90000 - 0x00007ffb72d0a000 	C:\WINDOWS\System32\bcryptPrimitives.dll
0x00007ffb553b0000 - 0x00007ffb553d8000 	C:\Program Files\Microsoft\jdk-11.0.20.8-hotspot\bin\java.dll
0x00007ffb5a740000 - 0x00007ffb5a74a000 	C:\Program Files\Microsoft\jdk-11.0.20.8-hotspot\bin\jimage.dll
0x00007ffb59d10000 - 0x00007ffb59d28000 	C:\Program Files\Microsoft\jdk-11.0.20.8-hotspot\bin\zip.dll
0x00007ffb74300000 - 0x00007ffb74b23000 	C:\WINDOWS\System32\SHELL32.dll
0x00007ffb70b60000 - 0x00007ffb7144a000 	C:\WINDOWS\SYSTEM32\windows.storage.dll
0x00007ffb70a20000 - 0x00007ffb70b5e000 	C:\WINDOWS\SYSTEM32\wintypes.dll
0x00007ffb73970000 - 0x00007ffb73a63000 	C:\WINDOWS\System32\SHCORE.dll
0x00007ffb738b0000 - 0x00007ffb7390e000 	C:\WINDOWS\System32\shlwapi.dll
0x00007ffb72b50000 - 0x00007ffb72b76000 	C:\WINDOWS\SYSTEM32\profapi.dll
0x00007ffb57cb0000 - 0x00007ffb57cc9000 	C:\Program Files\Microsoft\jdk-11.0.20.8-hotspot\bin\net.dll
0x00007ffb6ba60000 - 0x00007ffb6bb97000 	C:\WINDOWS\SYSTEM32\WINHTTP.dll
0x00007ffb72190000 - 0x00007ffb721f9000 	C:\WINDOWS\system32\mswsock.dll
0x00007ffb558e0000 - 0x00007ffb558f3000 	C:\Program Files\Microsoft\jdk-11.0.20.8-hotspot\bin\nio.dll
0x00007ffb529b0000 - 0x00007ffb529d7000 	C:\Users\wante\.gradle\native\68d5fa5c4cc2d200863cafc0d521ce42e7d3e7ee720ec0a83991735586a16f82\windows-amd64\native-platform.dll
0x00007ffb2e650000 - 0x00007ffb2e794000 	C:\Users\wante\.gradle\native\e376f236ea51e6404a007f0833ffe2c6e607c4080706a723a18a27aeea778392\windows-amd64\native-platform-file-events.dll
0x00007ffb58520000 - 0x00007ffb58529000 	C:\Program Files\Microsoft\jdk-11.0.20.8-hotspot\bin\management.dll
0x00007ffb56130000 - 0x00007ffb5613b000 	C:\Program Files\Microsoft\jdk-11.0.20.8-hotspot\bin\management_ext.dll
0x00007ffb72430000 - 0x00007ffb7244b000 	C:\WINDOWS\SYSTEM32\CRYPTSP.dll
0x00007ffb71c20000 - 0x00007ffb71c55000 	C:\WINDOWS\system32\rsaenh.dll
0x00007ffb72230000 - 0x00007ffb7225c000 	C:\WINDOWS\SYSTEM32\USERENV.dll
0x00007ffb725d0000 - 0x00007ffb725f8000 	C:\WINDOWS\SYSTEM32\bcrypt.dll
0x00007ffb72390000 - 0x00007ffb7239c000 	C:\WINDOWS\SYSTEM32\CRYPTBASE.dll
0x00007ffb716b0000 - 0x00007ffb716dd000 	C:\WINDOWS\SYSTEM32\IPHLPAPI.DLL
0x00007ffb742f0000 - 0x00007ffb742f9000 	C:\WINDOWS\System32\NSI.dll
0x00007ffb6bc50000 - 0x00007ffb6bc69000 	C:\WINDOWS\SYSTEM32\dhcpcsvc6.DLL
0x00007ffb6b870000 - 0x00007ffb6b88f000 	C:\WINDOWS\SYSTEM32\dhcpcsvc.DLL
0x00007ffb71720000 - 0x00007ffb71812000 	C:\WINDOWS\SYSTEM32\DNSAPI.dll

dbghelp: loaded successfully - version: 4.0.5 - missing functions: none
symbol engine: initialized successfully - sym options: 0x614 - pdb path: .;C:\Program Files\Microsoft\jdk-11.0.20.8-hotspot\bin;C:\WINDOWS\SYSTEM32;C:\WINDOWS\WinSxS\amd64_microsoft.windows.common-controls_6595b64144ccf1df_6.0.22621.2215_none_270d72677387dfc3;C:\Program Files\Microsoft\jdk-11.0.20.8-hotspot\bin\server;C:\Users\wante\.gradle\native\68d5fa5c4cc2d200863cafc0d521ce42e7d3e7ee720ec0a83991735586a16f82\windows-amd64;C:\Users\wante\.gradle\native\e376f236ea51e6404a007f0833ffe2c6e607c4080706a723a18a27aeea778392\windows-amd64

VM Arguments:
jvm_args: -XX:MaxMetaspaceSize=512m --add-opens=java.base/java.util=ALL-UNNAMED --add-opens=java.base/java.lang=ALL-UNNAMED --add-opens=java.base/java.lang.invoke=ALL-UNNAMED --add-opens=java.prefs/java.util.prefs=ALL-UNNAMED --add-opens=java.base/java.nio.charset=ALL-UNNAMED --add-opens=java.base/java.net=ALL-UNNAMED --add-opens=java.base/java.util.concurrent.atomic=ALL-UNNAMED -Xmx2048m -Dfile.encoding=windows-1252 -Duser.country=US -Duser.language=en -Duser.variant 
java_command: org.gradle.launcher.daemon.bootstrap.GradleDaemon 8.0.1
java_class_path (initial): C:\Users\wante\.gradle\wrapper\dists\gradle-8.0.1-all\aro4hu1c3oeioove7l0i4i14o\gradle-8.0.1\lib\gradle-launcher-8.0.1.jar
Launcher Type: SUN_STANDARD

[Global flags]
     intx CICompilerCount                          = 4                                         {product} {ergonomic}
   size_t CompressedClassSpaceSize                 = 528482304                                 {product} {ergonomic}
     uint ConcGCThreads                            = 2                                         {product} {ergonomic}
     uint G1ConcRefinementThreads                  = 8                                         {product} {ergonomic}
   size_t G1HeapRegionSize                         = 1048576                                   {product} {ergonomic}
    uintx GCDrainStackTargetSize                   = 64                                        {product} {ergonomic}
   size_t InitialHeapSize                          = 266338304                                 {product} {ergonomic}
   size_t MarkStackSize                            = 4194304                                   {product} {ergonomic}
   size_t MaxHeapSize                              = 2147483648                                {product} {command line}
   size_t MaxMetaspaceSize                         = 536870912                                 {product} {command line}
   size_t MaxNewSize                               = 1287651328                                {product} {ergonomic}
   size_t MinHeapDeltaBytes                        = 1048576                                   {product} {ergonomic}
    uintx NonNMethodCodeHeapSize                   = 5836300                                {pd product} {ergonomic}
    uintx NonProfiledCodeHeapSize                  = 122910970                              {pd product} {ergonomic}
    uintx ProfiledCodeHeapSize                     = 122910970                              {pd product} {ergonomic}
    uintx ReservedCodeCacheSize                    = 251658240                              {pd product} {ergonomic}
     bool SegmentedCodeCache                       = true                                      {product} {ergonomic}
     bool UseCompressedClassPointers               = true                                 {lp64_product} {ergonomic}
     bool UseCompressedOops                        = true                                 {lp64_product} {ergonomic}
     bool UseG1GC                                  = true                                      {product} {ergonomic}
     bool UseLargePagesIndividualAllocation        = false                                  {pd product} {ergonomic}

Logging:
Log output configuration:
 #0: stdout all=warning uptime,level,tags
 #1: stderr all=off uptime,level,tags

Environment Variables:
JAVA_HOME=C:\Program Files\Microsoft\jdk-11.0.20.8-hotspot\
CLASSPATH=C:\Users\wante\OneDrive\Desktop\vscode\rn_demo\android\\gradle\wrapper\gradle-wrapper.jar
PATH=C:\Users\wante\OneDrive\Desktop\vscode\rn_demo\node_modules\.bin;C:\Users\wante\OneDrive\Desktop\vscode\rn_demo\node_modules\.bin;C:\Users\wante\OneDrive\Desktop\vscode\node_modules\.bin;C:\Users\wante\OneDrive\Desktop\node_modules\.bin;C:\Users\wante\OneDrive\node_modules\.bin;C:\Users\wante\node_modules\.bin;C:\Users\node_modules\.bin;C:\node_modules\.bin;C:\Program Files\nodejs\node_modules\npm\node_modules\@npmcli\run-script\lib\node-gyp-bin;C:\Users\wante\OneDrive\Desktop\vscode\rn_demo\node_modules\.bin;C:\Users\wante\OneDrive\Desktop\vscode\rn_demo\node_modules\.bin;C:\Users\wante\OneDrive\Desktop\vscode\node_modules\.bin;C:\Users\wante\OneDrive\Desktop\node_modules\.bin;C:\Users\wante\OneDrive\node_modules\.bin;C:\Users\wante\node_modules\.bin;C:\Users\node_modules\.bin;C:\node_modules\.bin;C:\Program Files\nodejs\node_modules\npm\node_modules\@npmcli\run-script\lib\node-gyp-bin;C:\Program Files\Microsoft\jdk-11.0.20.8-hotspot\bin;C:\WINDOWS\system32;C:\WINDOWS;C:\WINDOWS\System32\Wbem;C:\WINDOWS\System32\WindowsPowerShell\v1.0\;C:\WINDOWS\System32\OpenSSH\;C:\Program Files (x86)\NVIDIA Corporation\PhysX\Common;C:\Program Files\NVIDIA Corporation\NVIDIA NvDLISR;C:\WINDOWS\system32;C:\WINDOWS;C:\WINDOWS\System32\Wbem;C:\WINDOWS\System32\WindowsPowerShell\v1.0\;C:\WINDOWS\System32\OpenSSH\;C:\Program Files\Git\cmd;C:\ProgramData\chocolatey\bin;C:\Program Files\nodejs\;C:\Users\wante\AppData\Local\Android\Sdk\platform-tools;C:\Users\wante\AppData\Local\Microsoft\WindowsApps;;C:\Users\wante\Downloads\Microsoft VS Code\bin;C:\Users\wante\AppData\Roaming\npm
USERNAME=wante
LANG=en_US.UTF-8
OS=Windows_NT
PROCESSOR_IDENTIFIER=Intel64 Family 6 Model 158 Stepping 10, GenuineIntel
TMP=C:\Users\wante\AppData\Local\Temp
TEMP=C:\Users\wante\AppData\Local\Temp



---------------  S Y S T E M  ---------------

OS: Windows 11 , 64 bit Build 22621 (10.0.22621.2215)
OS uptime: 3 days 23:17 hours
Hyper-V role detected

CPU:total 8 (initial active 8) (4 cores per cpu, 2 threads per core) family 6 model 158 stepping 10 microcode 0xde, cmov, cx8, fxsr, mmx, sse, sse2, sse3, ssse3, sse4.1, sse4.2, popcnt, avx, avx2, aes, clmul, erms, 3dnowpref, lzcnt, ht, tsc, tscinvbit, bmi1, bmi2, adx, fma

Memory: 4k page, system-wide physical 16239M (435M free)
TotalPageFile size 31361M (AvailPageFile size 1M)
current process WorkingSet (physical memory assigned to process): 568M, peak: 619M
current process commit charge ("private bytes"): 639M, peak: 691M

vm_info: OpenJDK 64-Bit Server VM (11.0.20+8-LTS) for windows-amd64 JRE (11.0.20+8-LTS), built on Jul  7 2023 17:05:21 by "MicrosoftCorporation" with MS VC++ 15.9 (VS2017)

END.
