#
# There is insufficient memory for the Java Runtime Environment to continue.
# Native memory allocation (malloc) failed to allocate 32744 bytes for ChunkPool::allocate
# Possible reasons:
#   The system is out of physical RAM or swap space
#   The process is running with CompressedOops enabled, and the Java Heap may be blocking the growth of the native heap
# Possible solutions:
#   Reduce memory load on the system
#   Increase physical memory or swap space
#   Check if swap backing store is full
#   Decrease Java heap size (-Xmx/-Xms)
#   Decrease number of Java threads
#   Decrease Java thread stack sizes (-Xss)
#   Set larger code cache with -XX:ReservedCodeCacheSize=
#   JVM is running with Unscaled Compressed Oops mode in which the Java heap is
#     placed in the first 4GB address space. The Java Heap base address is the
#     maximum limit for the native heap growth. Please use -XX:HeapBaseMinAddress
#     to set the Java Heap base and to place the Java Heap above 4GB virtual address.
# This output file may be truncated or incomplete.
#
#  Out of Memory Error (arena.cpp:81), pid=30348, tid=20228
#
# JRE version: OpenJDK Runtime Environment Microsoft-8035250 (11.0.20+8) (build 11.0.20+8-LTS)
# Java VM: OpenJDK 64-Bit Server VM Microsoft-8035250 (11.0.20+8-LTS, mixed mode, tiered, compressed oops, g1 gc, windows-amd64)
# No core dump will be written. Minidumps are not enabled by default on client versions of Windows
#

---------------  S U M M A R Y ------------

Command Line: -Xmx64m -Xms64m -Dorg.gradle.appname=gradlew org.gradle.wrapper.GradleWrapperMain tasks

Host: Intel(R) Core(TM) i5-8300H CPU @ 2.30GHz, 8 cores, 15G,  Windows 11 , 64 bit Build 22621 (10.0.22621.2215)
Time: Tue Oct 10 16:45:12 2023 Nepal Standard Time elapsed time: 12.074484 seconds (0d 0h 0m 12s)

---------------  T H R E A D  ---------------

Current thread (0x0000028ca99ed000):  JavaThread "C1 CompilerThread0" daemon [_thread_in_native, id=20228, stack(0x000000b991f00000,0x000000b992000000)]


Current CompileTask:
C1:  12074  401   !   3       java.util.WeakHashMap::expungeStaleEntries (139 bytes)

Stack: [0x000000b991f00000,0x000000b992000000]
Native frames: (J=compiled Java code, j=interpreted, Vv=VM code, C=native code)
V  [jvm.dll+0x62e9da]
V  [jvm.dll+0x7bc4e9]
V  [jvm.dll+0x7bdbd8]
V  [jvm.dll+0x7be2b3]
V  [jvm.dll+0x2505a8]
V  [jvm.dll+0xc289b]
V  [jvm.dll+0xc2bfc]
V  [jvm.dll+0x16c473]
V  [jvm.dll+0x16c540]
V  [jvm.dll+0x16ed6d]
V  [jvm.dll+0x1709d1]
V  [jvm.dll+0x12b1b5]
V  [jvm.dll+0x12aa2f]
V  [jvm.dll+0x12ac5f]
V  [jvm.dll+0x129f04]
V  [jvm.dll+0x12be17]
V  [jvm.dll+0x2181ec]
V  [jvm.dll+0x21642b]
V  [jvm.dll+0x77efc0]
V  [jvm.dll+0x777db4]
V  [jvm.dll+0x62d845]
C  [ucrtbase.dll+0x29363]
C  [KERNEL32.DLL+0x1257d]
C  [ntdll.dll+0x5aa68]


---------------  P R O C E S S  ---------------

Threads class SMR info:
_java_thread_list=0x0000028caa495200, length=10, elements={
0x0000028c8f32e000, 0x0000028ca99d4000, 0x0000028ca99df800, 0x0000028ca9a32800,
0x0000028ca9a33800, 0x0000028ca9a34800, 0x0000028ca9a3a000, 0x0000028ca99ed000,
0x0000028caa390800, 0x0000028caa4a9000
}

Java Threads: ( => current thread )
  0x0000028c8f32e000 JavaThread "main" [_thread_in_native, id=25908, stack(0x000000b991200000,0x000000b991300000)]
  0x0000028ca99d4000 JavaThread "Reference Handler" daemon [_thread_blocked, id=23008, stack(0x000000b991900000,0x000000b991a00000)]
  0x0000028ca99df800 JavaThread "Finalizer" daemon [_thread_blocked, id=23000, stack(0x000000b991a00000,0x000000b991b00000)]
  0x0000028ca9a32800 JavaThread "Signal Dispatcher" daemon [_thread_blocked, id=15484, stack(0x000000b991b00000,0x000000b991c00000)]
  0x0000028ca9a33800 JavaThread "Attach Listener" daemon [_thread_blocked, id=23040, stack(0x000000b991c00000,0x000000b991d00000)]
  0x0000028ca9a34800 JavaThread "Service Thread" daemon [_thread_blocked, id=23044, stack(0x000000b991d00000,0x000000b991e00000)]
  0x0000028ca9a3a000 JavaThread "C2 CompilerThread0" daemon [_thread_blocked, id=24344, stack(0x000000b991e00000,0x000000b991f00000)]
=>0x0000028ca99ed000 JavaThread "C1 CompilerThread0" daemon [_thread_in_native, id=20228, stack(0x000000b991f00000,0x000000b992000000)]
  0x0000028caa390800 JavaThread "Sweeper thread" daemon [_thread_blocked, id=18812, stack(0x000000b992000000,0x000000b992100000)]
  0x0000028caa4a9000 JavaThread "Common-Cleaner" daemon [_thread_blocked, id=26548, stack(0x000000b992200000,0x000000b992300000)]

Other Threads:
  0x0000028ca999a000 VMThread "VM Thread" [stack: 0x000000b991800000,0x000000b991900000] [id=1080]
  0x0000028caa49d000 WatcherThread [stack: 0x000000b992100000,0x000000b992200000] [id=29368]
  0x0000028c8f348000 GCTaskThread "GC Thread#0" [stack: 0x000000b991300000,0x000000b991400000] [id=18728]
  0x0000028c8f34e000 ConcurrentGCThread "G1 Main Marker" [stack: 0x000000b991400000,0x000000b991500000] [id=6104]
  0x0000028c8f350000 ConcurrentGCThread "G1 Conc#0" [stack: 0x000000b991500000,0x000000b991600000] [id=13700]
  0x0000028c8f3b6800 ConcurrentGCThread "G1 Refine#0" [stack: 0x000000b991600000,0x000000b991700000] [id=27048]
  0x0000028c8f3b7800 ConcurrentGCThread "G1 Young RemSet Sampling" [stack: 0x000000b991700000,0x000000b991800000] [id=20248]

Threads with active compile tasks:
C1 CompilerThread0    12149  401   !   3       java.util.WeakHashMap::expungeStaleEntries (139 bytes)

VM state:not at safepoint (normal execution)

VM Mutex/Monitor currently owned by a thread: None

Heap address: 0x00000000fc000000, size: 64 MB, Compressed Oops mode: 32-bit
Narrow klass base: 0x0000000000000000, Narrow klass shift: 3
Compressed class space size: 1073741824 Address: 0x0000000100000000

Heap:
 garbage-first heap   total 65536K, used 6144K [0x00000000fc000000, 0x0000000100000000)
  region size 1024K, 8 young (8192K), 0 survivors (0K)
 Metaspace       used 7132K, capacity 7277K, committed 7424K, reserved 1056768K
  class space    used 619K, capacity 682K, committed 768K, reserved 1048576K
Heap Regions: E=young(eden), S=young(survivor), O=old, HS=humongous(starts), HC=humongous(continues), CS=collection set, F=free, A=archive, TAMS=top-at-mark-start (previous, next)
|   0|0x00000000fc000000, 0x00000000fc000000, 0x00000000fc100000|  0%| F|  |TAMS 0x00000000fc000000, 0x00000000fc000000| Untracked 
|   1|0x00000000fc100000, 0x00000000fc100000, 0x00000000fc200000|  0%| F|  |TAMS 0x00000000fc100000, 0x00000000fc100000| Untracked 
|   2|0x00000000fc200000, 0x00000000fc200000, 0x00000000fc300000|  0%| F|  |TAMS 0x00000000fc200000, 0x00000000fc200000| Untracked 
|   3|0x00000000fc300000, 0x00000000fc300000, 0x00000000fc400000|  0%| F|  |TAMS 0x00000000fc300000, 0x00000000fc300000| Untracked 
|   4|0x00000000fc400000, 0x00000000fc400000, 0x00000000fc500000|  0%| F|  |TAMS 0x00000000fc400000, 0x00000000fc400000| Untracked 
|   5|0x00000000fc500000, 0x00000000fc500000, 0x00000000fc600000|  0%| F|  |TAMS 0x00000000fc500000, 0x00000000fc500000| Untracked 
|   6|0x00000000fc600000, 0x00000000fc600000, 0x00000000fc700000|  0%| F|  |TAMS 0x00000000fc600000, 0x00000000fc600000| Untracked 
|   7|0x00000000fc700000, 0x00000000fc700000, 0x00000000fc800000|  0%| F|  |TAMS 0x00000000fc700000, 0x00000000fc700000| Untracked 
|   8|0x00000000fc800000, 0x00000000fc800000, 0x00000000fc900000|  0%| F|  |TAMS 0x00000000fc800000, 0x00000000fc800000| Untracked 
|   9|0x00000000fc900000, 0x00000000fc900000, 0x00000000fca00000|  0%| F|  |TAMS 0x00000000fc900000, 0x00000000fc900000| Untracked 
|  10|0x00000000fca00000, 0x00000000fca00000, 0x00000000fcb00000|  0%| F|  |TAMS 0x00000000fca00000, 0x00000000fca00000| Untracked 
|  11|0x00000000fcb00000, 0x00000000fcb00000, 0x00000000fcc00000|  0%| F|  |TAMS 0x00000000fcb00000, 0x00000000fcb00000| Untracked 
|  12|0x00000000fcc00000, 0x00000000fcc00000, 0x00000000fcd00000|  0%| F|  |TAMS 0x00000000fcc00000, 0x00000000fcc00000| Untracked 
|  13|0x00000000fcd00000, 0x00000000fcd00000, 0x00000000fce00000|  0%| F|  |TAMS 0x00000000fcd00000, 0x00000000fcd00000| Untracked 
|  14|0x00000000fce00000, 0x00000000fce00000, 0x00000000fcf00000|  0%| F|  |TAMS 0x00000000fce00000, 0x00000000fce00000| Untracked 
|  15|0x00000000fcf00000, 0x00000000fcf00000, 0x00000000fd000000|  0%| F|  |TAMS 0x00000000fcf00000, 0x00000000fcf00000| Untracked 
|  16|0x00000000fd000000, 0x00000000fd000000, 0x00000000fd100000|  0%| F|  |TAMS 0x00000000fd000000, 0x00000000fd000000| Untracked 
|  17|0x00000000fd100000, 0x00000000fd100000, 0x00000000fd200000|  0%| F|  |TAMS 0x00000000fd100000, 0x00000000fd100000| Untracked 
|  18|0x00000000fd200000, 0x00000000fd200000, 0x00000000fd300000|  0%| F|  |TAMS 0x00000000fd200000, 0x00000000fd200000| Untracked 
|  19|0x00000000fd300000, 0x00000000fd300000, 0x00000000fd400000|  0%| F|  |TAMS 0x00000000fd300000, 0x00000000fd300000| Untracked 
|  20|0x00000000fd400000, 0x00000000fd400000, 0x00000000fd500000|  0%| F|  |TAMS 0x00000000fd400000, 0x00000000fd400000| Untracked 
|  21|0x00000000fd500000, 0x00000000fd500000, 0x00000000fd600000|  0%| F|  |TAMS 0x00000000fd500000, 0x00000000fd500000| Untracked 
|  22|0x00000000fd600000, 0x00000000fd600000, 0x00000000fd700000|  0%| F|  |TAMS 0x00000000fd600000, 0x00000000fd600000| Untracked 
|  23|0x00000000fd700000, 0x00000000fd700000, 0x00000000fd800000|  0%| F|  |TAMS 0x00000000fd700000, 0x00000000fd700000| Untracked 
|  24|0x00000000fd800000, 0x00000000fd800000, 0x00000000fd900000|  0%| F|  |TAMS 0x00000000fd800000, 0x00000000fd800000| Untracked 
|  25|0x00000000fd900000, 0x00000000fd900000, 0x00000000fda00000|  0%| F|  |TAMS 0x00000000fd900000, 0x00000000fd900000| Untracked 
|  26|0x00000000fda00000, 0x00000000fda00000, 0x00000000fdb00000|  0%| F|  |TAMS 0x00000000fda00000, 0x00000000fda00000| Untracked 
|  27|0x00000000fdb00000, 0x00000000fdb00000, 0x00000000fdc00000|  0%| F|  |TAMS 0x00000000fdb00000, 0x00000000fdb00000| Untracked 
|  28|0x00000000fdc00000, 0x00000000fdc00000, 0x00000000fdd00000|  0%| F|  |TAMS 0x00000000fdc00000, 0x00000000fdc00000| Untracked 
|  29|0x00000000fdd00000, 0x00000000fdd00000, 0x00000000fde00000|  0%| F|  |TAMS 0x00000000fdd00000, 0x00000000fdd00000| Untracked 
|  30|0x00000000fde00000, 0x00000000fde00000, 0x00000000fdf00000|  0%| F|  |TAMS 0x00000000fde00000, 0x00000000fde00000| Untracked 
|  31|0x00000000fdf00000, 0x00000000fdf00000, 0x00000000fe000000|  0%| F|  |TAMS 0x00000000fdf00000, 0x00000000fdf00000| Untracked 
|  32|0x00000000fe000000, 0x00000000fe000000, 0x00000000fe100000|  0%| F|  |TAMS 0x00000000fe000000, 0x00000000fe000000| Untracked 
|  33|0x00000000fe100000, 0x00000000fe100000, 0x00000000fe200000|  0%| F|  |TAMS 0x00000000fe100000, 0x00000000fe100000| Untracked 
|  34|0x00000000fe200000, 0x00000000fe200000, 0x00000000fe300000|  0%| F|  |TAMS 0x00000000fe200000, 0x00000000fe200000| Untracked 
|  35|0x00000000fe300000, 0x00000000fe300000, 0x00000000fe400000|  0%| F|  |TAMS 0x00000000fe300000, 0x00000000fe300000| Untracked 
|  36|0x00000000fe400000, 0x00000000fe400000, 0x00000000fe500000|  0%| F|  |TAMS 0x00000000fe400000, 0x00000000fe400000| Untracked 
|  37|0x00000000fe500000, 0x00000000fe500000, 0x00000000fe600000|  0%| F|  |TAMS 0x00000000fe500000, 0x00000000fe500000| Untracked 
|  38|0x00000000fe600000, 0x00000000fe600000, 0x00000000fe700000|  0%| F|  |TAMS 0x00000000fe600000, 0x00000000fe600000| Untracked 
|  39|0x00000000fe700000, 0x00000000fe700000, 0x00000000fe800000|  0%| F|  |TAMS 0x00000000fe700000, 0x00000000fe700000| Untracked 
|  40|0x00000000fe800000, 0x00000000fe800000, 0x00000000fe900000|  0%| F|  |TAMS 0x00000000fe800000, 0x00000000fe800000| Untracked 
|  41|0x00000000fe900000, 0x00000000fe900000, 0x00000000fea00000|  0%| F|  |TAMS 0x00000000fe900000, 0x00000000fe900000| Untracked 
|  42|0x00000000fea00000, 0x00000000fea00000, 0x00000000feb00000|  0%| F|  |TAMS 0x00000000fea00000, 0x00000000fea00000| Untracked 
|  43|0x00000000feb00000, 0x00000000feb00000, 0x00000000fec00000|  0%| F|  |TAMS 0x00000000feb00000, 0x00000000feb00000| Untracked 
|  44|0x00000000fec00000, 0x00000000fec00000, 0x00000000fed00000|  0%| F|  |TAMS 0x00000000fec00000, 0x00000000fec00000| Untracked 
|  45|0x00000000fed00000, 0x00000000fed00000, 0x00000000fee00000|  0%| F|  |TAMS 0x00000000fed00000, 0x00000000fed00000| Untracked 
|  46|0x00000000fee00000, 0x00000000fee00000, 0x00000000fef00000|  0%| F|  |TAMS 0x00000000fee00000, 0x00000000fee00000| Untracked 
|  47|0x00000000fef00000, 0x00000000fef00000, 0x00000000ff000000|  0%| F|  |TAMS 0x00000000fef00000, 0x00000000fef00000| Untracked 
|  48|0x00000000ff000000, 0x00000000ff000000, 0x00000000ff100000|  0%| F|  |TAMS 0x00000000ff000000, 0x00000000ff000000| Untracked 
|  49|0x00000000ff100000, 0x00000000ff100000, 0x00000000ff200000|  0%| F|  |TAMS 0x00000000ff100000, 0x00000000ff100000| Untracked 
|  50|0x00000000ff200000, 0x00000000ff200000, 0x00000000ff300000|  0%| F|  |TAMS 0x00000000ff200000, 0x00000000ff200000| Untracked 
|  51|0x00000000ff300000, 0x00000000ff300000, 0x00000000ff400000|  0%| F|  |TAMS 0x00000000ff300000, 0x00000000ff300000| Untracked 
|  52|0x00000000ff400000, 0x00000000ff400000, 0x00000000ff500000|  0%| F|  |TAMS 0x00000000ff400000, 0x00000000ff400000| Untracked 
|  53|0x00000000ff500000, 0x00000000ff500000, 0x00000000ff600000|  0%| F|  |TAMS 0x00000000ff500000, 0x00000000ff500000| Untracked 
|  54|0x00000000ff600000, 0x00000000ff600000, 0x00000000ff700000|  0%| F|  |TAMS 0x00000000ff600000, 0x00000000ff600000| Untracked 
|  55|0x00000000ff700000, 0x00000000ff700000, 0x00000000ff800000|  0%| F|  |TAMS 0x00000000ff700000, 0x00000000ff700000| Untracked 
|  56|0x00000000ff800000, 0x00000000ff87b638, 0x00000000ff900000| 48%| E|  |TAMS 0x00000000ff800000, 0x00000000ff800000| Complete 
|  57|0x00000000ff900000, 0x00000000ffa00000, 0x00000000ffa00000|100%| E|CS|TAMS 0x00000000ff900000, 0x00000000ff900000| Complete 
|  58|0x00000000ffa00000, 0x00000000ffb00000, 0x00000000ffb00000|100%| E|CS|TAMS 0x00000000ffa00000, 0x00000000ffa00000| Complete 
|  59|0x00000000ffb00000, 0x00000000ffc00000, 0x00000000ffc00000|100%| E|CS|TAMS 0x00000000ffb00000, 0x00000000ffb00000| Complete 
|  60|0x00000000ffc00000, 0x00000000ffd00000, 0x00000000ffd00000|100%| E|CS|TAMS 0x00000000ffc00000, 0x00000000ffc00000| Complete 
|  61|0x00000000ffd00000, 0x00000000ffe00000, 0x00000000ffe00000|100%| E|  |TAMS 0x00000000ffd00000, 0x00000000ffd00000| Complete 
|  62|0x00000000ffe00000, 0x00000000fff00000, 0x00000000fff00000|100%| E|CS|TAMS 0x00000000ffe00000, 0x00000000ffe00000| Complete 
|  63|0x00000000fff00000, 0x0000000100000000, 0x0000000100000000|100%| E|CS|TAMS 0x00000000fff00000, 0x00000000fff00000| Complete 

Card table byte_map: [0x0000028c8f250000,0x0000028c8f270000] _byte_map_base: 0x0000028c8ea70000

Marking Bits (Prev, Next): (CMBitMap*) 0x0000028c8f34cd08, (CMBitMap*) 0x0000028c8f34cd40
 Prev Bits: [0x0000028ca6dd0000, 0x0000028ca6ed0000)
 Next Bits: [0x0000028ca6ed0000, 0x0000028ca6fd0000)

Polling page: 0x0000028c8d320000

Metaspace:

Usage:
  Non-class:      6.44 MB capacity,     6.36 MB ( 99%) used,    76.53 KB (  1%) free+waste,     4.94 KB ( <1%) overhead. 
      Class:    682.00 KB capacity,   619.09 KB ( 91%) used,    60.47 KB (  9%) free+waste,     2.44 KB ( <1%) overhead. 
       Both:      7.11 MB capacity,     6.97 MB ( 98%) used,   137.00 KB (  2%) free+waste,     7.38 KB ( <1%) overhead. 

Virtual space:
  Non-class space:        8.00 MB reserved,       6.50 MB ( 81%) committed 
      Class space:        1.00 GB reserved,     768.00 KB ( <1%) committed 
             Both:        1.01 GB reserved,       7.25 MB ( <1%) committed 

Chunk freelists:
   Non-Class:  61.00 KB
       Class:  22.00 KB
        Both:  83.00 KB

MaxMetaspaceSize: 17179869184.00 GB
CompressedClassSpaceSize: 1.00 GB
Initial GC threshold: 20.80 MB
Current GC threshold: 20.80 MB
CDS: off

CodeHeap 'non-profiled nmethods': size=120000Kb used=124Kb max_used=124Kb free=119875Kb
 bounds [0x0000028c9f570000, 0x0000028c9f7e0000, 0x0000028ca6aa0000]
CodeHeap 'profiled nmethods': size=120000Kb used=618Kb max_used=618Kb free=119381Kb
 bounds [0x0000028c98040000, 0x0000028c982b0000, 0x0000028c9f570000]
CodeHeap 'non-nmethods': size=5760Kb used=1107Kb max_used=1120Kb free=4652Kb
 bounds [0x0000028c97aa0000, 0x0000028c97d10000, 0x0000028c98040000]
 total_blobs=755 nmethods=402 adapters=266
 compilation: enabled
              stopped_count=0, restarted_count=0
 full_count=0

Compilation events (20 events):
Event: 11.500 Thread 0x0000028ca99ed000  390       3       org.gradle.internal.classpath.DefaultClassPath$ImmutableUniqueList$Builder::add (57 bytes)
Event: 11.500 Thread 0x0000028ca99ed000 nmethod 390 0x0000028c980d8390 code [0x0000028c980d85a0, 0x0000028c980d8bb8]
Event: 11.500 Thread 0x0000028ca99ed000  393       3       java.util.LinkedHashMap::afterNodeInsertion (40 bytes)
Event: 11.501 Thread 0x0000028ca99ed000 nmethod 393 0x0000028c980d8d90 code [0x0000028c980d8f80, 0x0000028c980d93e8]
Event: 11.501 Thread 0x0000028ca99ed000  388       1       org.gradle.internal.installation.GradleInstallation::getLibDirs (5 bytes)
Event: 11.501 Thread 0x0000028ca99ed000 nmethod 388 0x0000028c9f58da90 code [0x0000028c9f58dc40, 0x0000028c9f58dcf8]
Event: 11.576 Thread 0x0000028ca9a3a000  394       4       java.util.regex.Matcher::reset (128 bytes)
Event: 11.587 Thread 0x0000028ca9a3a000 nmethod 394 0x0000028c9f58dd90 code [0x0000028c9f58df60, 0x0000028c9f58e158]
Event: 11.770 Thread 0x0000028ca99ed000  395       3       java.util.HashSet::isEmpty (8 bytes)
Event: 11.771 Thread 0x0000028ca99ed000 nmethod 395 0x0000028c980d9590 code [0x0000028c980d9740, 0x0000028c980d9978]
Event: 12.066 Thread 0x0000028ca9a3a000  396       4       java.util.regex.Matcher::match (154 bytes)
Event: 12.066 Thread 0x0000028ca99ed000  397       3       java.lang.Integer::numberOfLeadingZeros (78 bytes)
Event: 12.067 Thread 0x0000028ca99ed000 nmethod 397 0x0000028c980d9a90 code [0x0000028c980d9c40, 0x0000028c980d9ed8]
Event: 12.069 Thread 0x0000028ca99ed000  398       3       java.util.WeakHashMap::maskNull (12 bytes)
Event: 12.069 Thread 0x0000028ca99ed000 nmethod 398 0x0000028c980d9f90 code [0x0000028c980da140, 0x0000028c980da278]
Event: 12.069 Thread 0x0000028ca99ed000  399       3       java.util.WeakHashMap::hash (28 bytes)
Event: 12.069 Thread 0x0000028ca99ed000 nmethod 399 0x0000028c980da310 code [0x0000028c980da4c0, 0x0000028c980da6a8]
Event: 12.069 Thread 0x0000028ca99ed000  400       3       java.util.WeakHashMap::getTable (9 bytes)
Event: 12.069 Thread 0x0000028ca99ed000 nmethod 400 0x0000028c980da790 code [0x0000028c980da940, 0x0000028c980daa88]
Event: 12.070 Thread 0x0000028ca99ed000  401   !   3       java.util.WeakHashMap::expungeStaleEntries (139 bytes)

GC Heap History (0 events):
No events

Deoptimization events (18 events):
Event: 1.432 Thread 0x0000028c8f32e000 Uncommon trap: trap_request=0xffffff4d fr.pc=0x0000028c9f5744a0 relative=0x0000000000000180
Event: 1.432 Thread 0x0000028c8f32e000 Uncommon trap: reason=unstable_if action=reinterpret pc=0x0000028c9f5744a0 method=java.lang.String.hashCode()I @ 14 c2
Event: 1.432 Thread 0x0000028c8f32e000 DEOPT PACKING pc=0x0000028c9f5744a0 sp=0x000000b9912fd9c0
Event: 1.432 Thread 0x0000028c8f32e000 DEOPT UNPACKING pc=0x0000028c97aea1af sp=0x000000b9912fd958 mode 2
Event: 4.753 Thread 0x0000028c8f32e000 DEOPT PACKING pc=0x0000028c9809100e sp=0x000000b9912f6970
Event: 4.754 Thread 0x0000028c8f32e000 DEOPT UNPACKING pc=0x0000028c97aea95e sp=0x000000b9912f5e10 mode 0
Event: 4.760 Thread 0x0000028c8f32e000 DEOPT PACKING pc=0x0000028c980916bb sp=0x000000b9912f6940
Event: 4.760 Thread 0x0000028c8f32e000 DEOPT UNPACKING pc=0x0000028c97aea95e sp=0x000000b9912f5e10 mode 0
Event: 6.835 Thread 0x0000028c8f32e000 DEOPT PACKING pc=0x0000028c980a085b sp=0x000000b9912fda40
Event: 6.835 Thread 0x0000028c8f32e000 DEOPT UNPACKING pc=0x0000028c97aea95e sp=0x000000b9912fceb8 mode 0
Event: 6.836 Thread 0x0000028c8f32e000 DEOPT PACKING pc=0x0000028c9807581b sp=0x000000b9912fda50
Event: 6.836 Thread 0x0000028c8f32e000 DEOPT UNPACKING pc=0x0000028c97aea95e sp=0x000000b9912fcec0 mode 0
Event: 6.836 Thread 0x0000028c8f32e000 DEOPT PACKING pc=0x0000028c980a085b sp=0x000000b9912fda40
Event: 6.836 Thread 0x0000028c8f32e000 DEOPT UNPACKING pc=0x0000028c97aea95e sp=0x000000b9912fceb8 mode 0
Event: 6.836 Thread 0x0000028c8f32e000 DEOPT PACKING pc=0x0000028c9807581b sp=0x000000b9912fda50
Event: 6.836 Thread 0x0000028c8f32e000 DEOPT UNPACKING pc=0x0000028c97aea95e sp=0x000000b9912fcec0 mode 0
Event: 11.400 Thread 0x0000028c8f32e000 DEOPT PACKING pc=0x0000028c98095c08 sp=0x000000b9912fd6e0
Event: 11.400 Thread 0x0000028c8f32e000 DEOPT UNPACKING pc=0x0000028c97aea95e sp=0x000000b9912fcbb0 mode 0

Classes redefined (0 events):
No events

Internal exceptions (3 events):
Event: 5.385 Thread 0x0000028c8f32e000 Exception <a 'java/lang/NoSuchMethodError'{0x00000000ffc62640}: 'int java.lang.invoke.DirectMethodHandle$Holder.invokeStaticInit(java.lang.Object, java.lang.Object)'> (0x00000000ffc62640) thrown at [s\src\hotspot\share\interpreter\linkResolver.cpp, line 773]
Event: 6.799 Thread 0x0000028c8f32e000 Exception <a 'java/lang/NoSuchMethodError'{0x00000000ffb37078}: 'int java.lang.invoke.DirectMethodHandle$Holder.invokeSpecial(java.lang.Object, java.lang.Object, java.lang.Object, java.lang.Object)'> (0x00000000ffb37078) thrown at [s\src\hotspot\share\interpreter\linkResolver.cpp, line 773]
Event: 6.868 Thread 0x0000028c8f32e000 Exception <a 'java/lang/NoSuchMethodError'{0x00000000ffb6f440}: 'int java.lang.invoke.DirectMethodHandle$Holder.invokeSpecialIFC(java.lang.Object, java.lang.Object, int)'> (0x00000000ffb6f440) thrown at [s\src\hotspot\share\interpreter\linkResolver.cpp, line 773]

Events (20 events):
Event: 6.789 loading class org/gradle/api/internal/classpath/DefaultModuleRegistry$DefaultModule
Event: 6.789 loading class org/gradle/api/internal/classpath/DefaultModuleRegistry$DefaultModule done
Event: 6.790 loading class java/util/Collections$SingletonSet
Event: 6.790 loading class java/util/Collections$SingletonSet done
Event: 6.790 loading class java/util/Collections$1
Event: 6.790 loading class java/util/Collections$1 done
Event: 6.800 loading class org/gradle/api/internal/classpath/DefaultModuleRegistry
Event: 6.800 loading class org/gradle/api/internal/classpath/DefaultModuleRegistry done
Event: 6.839 loading class java/lang/invoke/DirectMethodHandle$Constructor
Event: 6.839 loading class java/lang/invoke/DirectMethodHandle$Constructor done
Event: 6.842 loading class org/gradle/util/internal/GUtil
Event: 6.842 loading class org/gradle/util/internal/GUtil done
Event: 6.864 loading class org/gradle/internal/InternalTransformer
Event: 6.864 loading class org/gradle/internal/InternalTransformer done
Event: 6.873 loading class java/util/regex/Pattern$StartS
Event: 6.873 loading class java/util/regex/Pattern$StartS done
Event: 6.876 loading class org/gradle/internal/IoActions
Event: 6.876 loading class org/gradle/internal/IoActions done
Event: 6.877 loading class org/gradle/api/Action
Event: 6.877 loading class org/gradle/api/Action done


Dynamic libraries:
0x00007ff697f20000 - 0x00007ff697f2d000 	C:\Program Files\Microsoft\jdk-11.0.20.8-hotspot\bin\java.exe
0x00007ffb75870000 - 0x00007ffb75a84000 	C:\WINDOWS\SYSTEM32\ntdll.dll
0x00007ffb73a70000 - 0x00007ffb73b34000 	C:\WINDOWS\System32\KERNEL32.DLL
0x00007ffb72fc0000 - 0x00007ffb73364000 	C:\WINDOWS\System32\KERNELBASE.dll
0x00007ffb734e0000 - 0x00007ffb735f1000 	C:\WINDOWS\System32\ucrtbase.dll
0x00007ffb5ab30000 - 0x00007ffb5ab47000 	C:\Program Files\Microsoft\jdk-11.0.20.8-hotspot\bin\jli.dll
0x00007ffb74cb0000 - 0x00007ffb74e5e000 	C:\WINDOWS\System32\USER32.dll
0x00007ffb72dd0000 - 0x00007ffb72df6000 	C:\WINDOWS\System32\win32u.dll
0x00007ffb73ee0000 - 0x00007ffb73f09000 	C:\WINDOWS\System32\GDI32.dll
0x00007ffb72e00000 - 0x00007ffb72f18000 	C:\WINDOWS\System32\gdi32full.dll
0x00007ffb72f20000 - 0x00007ffb72fba000 	C:\WINDOWS\System32\msvcp_win.dll
0x00007ffb5a9e0000 - 0x00007ffb5a9f5000 	C:\Program Files\Microsoft\jdk-11.0.20.8-hotspot\bin\VCRUNTIME140.dll
0x00007ffb56c00000 - 0x00007ffb56e93000 	C:\WINDOWS\WinSxS\amd64_microsoft.windows.common-controls_6595b64144ccf1df_6.0.22621.2215_none_270d72677387dfc3\COMCTL32.dll
0x00007ffb75780000 - 0x00007ffb75827000 	C:\WINDOWS\System32\msvcrt.dll
0x00007ffb75740000 - 0x00007ffb75771000 	C:\WINDOWS\System32\IMM32.DLL
0x00007ffb2f980000 - 0x00007ffb2fa1b000 	C:\Program Files\Microsoft\jdk-11.0.20.8-hotspot\bin\msvcp140.dll
0x00007ffaf2260000 - 0x00007ffaf2df6000 	C:\Program Files\Microsoft\jdk-11.0.20.8-hotspot\bin\server\jvm.dll
0x00007ffb74190000 - 0x00007ffb74240000 	C:\WINDOWS\System32\ADVAPI32.dll
0x00007ffb73f20000 - 0x00007ffb73fc6000 	C:\WINDOWS\System32\sechost.dll
0x00007ffb75480000 - 0x00007ffb75597000 	C:\WINDOWS\System32\RPCRT4.dll
0x00007ffb73f10000 - 0x00007ffb73f18000 	C:\WINDOWS\System32\PSAPI.DLL
0x00007ffb5ae50000 - 0x00007ffb5ae59000 	C:\WINDOWS\SYSTEM32\WSOCK32.dll
0x00007ffb737a0000 - 0x00007ffb73811000 	C:\WINDOWS\System32\WS2_32.dll
0x00007ffb6ae70000 - 0x00007ffb6ae7a000 	C:\WINDOWS\SYSTEM32\VERSION.dll
0x00007ffb6b0b0000 - 0x00007ffb6b0e4000 	C:\WINDOWS\SYSTEM32\WINMM.dll
0x00007ffb71c60000 - 0x00007ffb71c78000 	C:\WINDOWS\SYSTEM32\kernel.appcore.dll
0x00007ffb5a9d0000 - 0x00007ffb5a9e0000 	C:\Program Files\Microsoft\jdk-11.0.20.8-hotspot\bin\verify.dll
0x00007ffb70710000 - 0x00007ffb7093e000 	C:\WINDOWS\SYSTEM32\DBGHELP.DLL
0x00007ffb73b40000 - 0x00007ffb73eca000 	C:\WINDOWS\System32\combase.dll
0x00007ffb755a0000 - 0x00007ffb75677000 	C:\WINDOWS\System32\OLEAUT32.dll
0x00007ffb68c70000 - 0x00007ffb68ca2000 	C:\WINDOWS\SYSTEM32\dbgcore.DLL
0x00007ffb72c90000 - 0x00007ffb72d0a000 	C:\WINDOWS\System32\bcryptPrimitives.dll
0x00007ffb553b0000 - 0x00007ffb553d8000 	C:\Program Files\Microsoft\jdk-11.0.20.8-hotspot\bin\java.dll
0x00007ffb5a740000 - 0x00007ffb5a74a000 	C:\Program Files\Microsoft\jdk-11.0.20.8-hotspot\bin\jimage.dll
0x00007ffb59d10000 - 0x00007ffb59d28000 	C:\Program Files\Microsoft\jdk-11.0.20.8-hotspot\bin\zip.dll
0x00007ffb74300000 - 0x00007ffb74b23000 	C:\WINDOWS\System32\SHELL32.dll
0x00007ffb70b60000 - 0x00007ffb7144a000 	C:\WINDOWS\SYSTEM32\windows.storage.dll
0x00007ffb70a20000 - 0x00007ffb70b5e000 	C:\WINDOWS\SYSTEM32\wintypes.dll
0x00007ffb73970000 - 0x00007ffb73a63000 	C:\WINDOWS\System32\SHCORE.dll
0x00007ffb738b0000 - 0x00007ffb7390e000 	C:\WINDOWS\System32\shlwapi.dll
0x00007ffb72b50000 - 0x00007ffb72b76000 	C:\WINDOWS\SYSTEM32\profapi.dll
0x00007ffb57cb0000 - 0x00007ffb57cc9000 	C:\Program Files\Microsoft\jdk-11.0.20.8-hotspot\bin\net.dll
0x00007ffb6ba60000 - 0x00007ffb6bb97000 	C:\WINDOWS\SYSTEM32\WINHTTP.dll
0x00007ffb72190000 - 0x00007ffb721f9000 	C:\WINDOWS\system32\mswsock.dll
0x00007ffb558e0000 - 0x00007ffb558f3000 	C:\Program Files\Microsoft\jdk-11.0.20.8-hotspot\bin\nio.dll

dbghelp: loaded successfully - version: 4.0.5 - missing functions: none
symbol engine: initialized successfully - sym options: 0x614 - pdb path: .;C:\Program Files\Microsoft\jdk-11.0.20.8-hotspot\bin;C:\WINDOWS\SYSTEM32;C:\WINDOWS\WinSxS\amd64_microsoft.windows.common-controls_6595b64144ccf1df_6.0.22621.2215_none_270d72677387dfc3;C:\Program Files\Microsoft\jdk-11.0.20.8-hotspot\bin\server

VM Arguments:
jvm_args: -Xmx64m -Xms64m -Dorg.gradle.appname=gradlew 
java_command: org.gradle.wrapper.GradleWrapperMain tasks
java_class_path (initial): C:\Users\wante\OneDrive\Desktop\vscode\rn_demo\android\\gradle\wrapper\gradle-wrapper.jar
Launcher Type: SUN_STANDARD

[Global flags]
     intx CICompilerCount                          = 4                                         {product} {ergonomic}
     uint ConcGCThreads                            = 2                                         {product} {ergonomic}
     uint G1ConcRefinementThreads                  = 8                                         {product} {ergonomic}
   size_t G1HeapRegionSize                         = 1048576                                   {product} {ergonomic}
    uintx GCDrainStackTargetSize                   = 64                                        {product} {ergonomic}
   size_t InitialHeapSize                          = 67108864                                  {product} {command line}
   size_t MarkStackSize                            = 4194304                                   {product} {ergonomic}
   size_t MaxHeapSize                              = 67108864                                  {product} {command line}
   size_t MaxNewSize                               = 39845888                                  {product} {ergonomic}
   size_t MinHeapDeltaBytes                        = 1048576                                   {product} {ergonomic}
    uintx NonNMethodCodeHeapSize                   = 5836300                                {pd product} {ergonomic}
    uintx NonProfiledCodeHeapSize                  = 122910970                              {pd product} {ergonomic}
    uintx ProfiledCodeHeapSize                     = 122910970                              {pd product} {ergonomic}
    uintx ReservedCodeCacheSize                    = 251658240                              {pd product} {ergonomic}
     bool SegmentedCodeCache                       = true                                      {product} {ergonomic}
     bool UseCompressedClassPointers               = true                                 {lp64_product} {ergonomic}
     bool UseCompressedOops                        = true                                 {lp64_product} {ergonomic}
     bool UseG1GC                                  = true                                      {product} {ergonomic}
     bool UseLargePagesIndividualAllocation        = false                                  {pd product} {ergonomic}

Logging:
Log output configuration:
 #0: stdout all=warning uptime,level,tags
 #1: stderr all=off uptime,level,tags

Environment Variables:
JAVA_HOME=C:\Program Files\Microsoft\jdk-11.0.20.8-hotspot\
CLASSPATH=C:\Users\wante\OneDrive\Desktop\vscode\rn_demo\android\\gradle\wrapper\gradle-wrapper.jar
PATH=C:\Users\wante\OneDrive\Desktop\vscode\rn_demo\node_modules\.bin;C:\Users\wante\OneDrive\Desktop\vscode\rn_demo\node_modules\.bin;C:\Users\wante\OneDrive\Desktop\vscode\node_modules\.bin;C:\Users\wante\OneDrive\Desktop\node_modules\.bin;C:\Users\wante\OneDrive\node_modules\.bin;C:\Users\wante\node_modules\.bin;C:\Users\node_modules\.bin;C:\node_modules\.bin;C:\Program Files\nodejs\node_modules\npm\node_modules\@npmcli\run-script\lib\node-gyp-bin;C:\Users\wante\OneDrive\Desktop\vscode\rn_demo\node_modules\.bin;C:\Users\wante\OneDrive\Desktop\vscode\rn_demo\node_modules\.bin;C:\Users\wante\OneDrive\Desktop\vscode\node_modules\.bin;C:\Users\wante\OneDrive\Desktop\node_modules\.bin;C:\Users\wante\OneDrive\node_modules\.bin;C:\Users\wante\node_modules\.bin;C:\Users\node_modules\.bin;C:\node_modules\.bin;C:\Program Files\nodejs\node_modules\npm\node_modules\@npmcli\run-script\lib\node-gyp-bin;C:\Program Files\Microsoft\jdk-11.0.20.8-hotspot\bin;C:\WINDOWS\system32;C:\WINDOWS;C:\WINDOWS\System32\Wbem;C:\WINDOWS\System32\WindowsPowerShell\v1.0\;C:\WINDOWS\System32\OpenSSH\;C:\Program Files (x86)\NVIDIA Corporation\PhysX\Common;C:\Program Files\NVIDIA Corporation\NVIDIA NvDLISR;C:\WINDOWS\system32;C:\WINDOWS;C:\WINDOWS\System32\Wbem;C:\WINDOWS\System32\WindowsPowerShell\v1.0\;C:\WINDOWS\System32\OpenSSH\;C:\Program Files\Git\cmd;C:\ProgramData\chocolatey\bin;C:\Program Files\nodejs\;C:\Users\wante\AppData\Local\Android\Sdk\platform-tools;C:\Users\wante\AppData\Local\Microsoft\WindowsApps;;C:\Users\wante\Downloads\Microsoft VS Code\bin;C:\Users\wante\AppData\Roaming\npm
USERNAME=wante
LANG=en_US.UTF-8
OS=Windows_NT
PROCESSOR_IDENTIFIER=Intel64 Family 6 Model 158 Stepping 10, GenuineIntel
TMP=C:\Users\wante\AppData\Local\Temp
TEMP=C:\Users\wante\AppData\Local\Temp



---------------  S Y S T E M  ---------------

OS: Windows 11 , 64 bit Build 22621 (10.0.22621.2215)
OS uptime: 3 days 23:18 hours
Hyper-V role detected

CPU:total 8 (initial active 8) (4 cores per cpu, 2 threads per core) family 6 model 158 stepping 10 microcode 0xde, cmov, cx8, fxsr, mmx, sse, sse2, sse3, ssse3, sse4.1, sse4.2, popcnt, avx, avx2, aes, clmul, erms, 3dnowpref, lzcnt, ht, tsc, tscinvbit, bmi1, bmi2, adx, fma

Memory: 4k page, system-wide physical 16239M (1369M free)
TotalPageFile size 31361M (AvailPageFile size 9M)
current process WorkingSet (physical memory assigned to process): 41M, peak: 41M
current process commit charge ("private bytes"): 140M, peak: 141M

vm_info: OpenJDK 64-Bit Server VM (11.0.20+8-LTS) for windows-amd64 JRE (11.0.20+8-LTS), built on Jul  7 2023 17:05:21 by "MicrosoftCorporation" with MS VC++ 15.9 (VS2017)

END.
