#
# There is insufficient memory for the Java Runtime Environment to continue.
# Native memory allocation (malloc) failed to allocate 303536 bytes for Chunk::new
# Possible reasons:
#   The system is out of physical RAM or swap space
#   The process is running with CompressedOops enabled, and the Java Heap may be blocking the growth of the native heap
# Possible solutions:
#   Reduce memory load on the system
#   Increase physical memory or swap space
#   Check if swap backing store is full
#   Decrease Java heap size (-Xmx/-Xms)
#   Decrease number of Java threads
#   Decrease Java thread stack sizes (-Xss)
#   Set larger code cache with -XX:ReservedCodeCacheSize=
#   JVM is running with Unscaled Compressed Oops mode in which the Java heap is
#     placed in the first 4GB address space. The Java Heap base address is the
#     maximum limit for the native heap growth. Please use -XX:HeapBaseMinAddress
#     to set the Java Heap base and to place the Java Heap above 4GB virtual address.
# This output file may be truncated or incomplete.
#
#  Out of Memory Error (arena.cpp:197), pid=29756, tid=3588
#
# JRE version: OpenJDK Runtime Environment Microsoft-8035250 (11.0.20+8) (build 11.0.20+8-LTS)
# Java VM: OpenJDK 64-Bit Server VM Microsoft-8035250 (11.0.20+8-LTS, mixed mode, tiered, compressed oops, g1 gc, windows-amd64)
# No core dump will be written. Minidumps are not enabled by default on client versions of Windows
#

---------------  S U M M A R Y ------------

Command Line: -Xmx64m -Xms64m -Dorg.gradle.appname=gradlew org.gradle.wrapper.GradleWrapperMain tasks

Host: Intel(R) Core(TM) i5-8300H CPU @ 2.30GHz, 8 cores, 15G,  Windows 11 , 64 bit Build 22621 (10.0.22621.2215)
Time: Tue Oct 10 16:45:12 2023 Nepal Standard Time elapsed time: 16.021678 seconds (0d 0h 0m 16s)

---------------  T H R E A D  ---------------

Current thread (0x0000027b2f35b800):  JavaThread "C2 CompilerThread0" daemon [_thread_in_native, id=3588, stack(0x000000b751800000,0x000000b751900000)]


Current CompileTask:
C2:  16021  475       4       java.util.HashMap::putVal (300 bytes)

Stack: [0x000000b751800000,0x000000b751900000]
Native frames: (J=compiled Java code, j=interpreted, Vv=VM code, C=native code)
V  [jvm.dll+0x62e9da]
V  [jvm.dll+0x7bc4e9]
V  [jvm.dll+0x7bdbd8]
V  [jvm.dll+0x7be2b3]
V  [jvm.dll+0x2505a8]
V  [jvm.dll+0xc263c]
V  [jvm.dll+0xc2bfc]
V  [jvm.dll+0x35fd82]
V  [jvm.dll+0x32bf13]
V  [jvm.dll+0x32b24a]
V  [jvm.dll+0x2097e3]
V  [jvm.dll+0x20893d]
V  [jvm.dll+0x18a7de]
V  [jvm.dll+0x2181ec]
V  [jvm.dll+0x21642b]
V  [jvm.dll+0x77efc0]
V  [jvm.dll+0x777db4]
V  [jvm.dll+0x62d845]
C  [ucrtbase.dll+0x29363]
C  [KERNEL32.DLL+0x1257d]
C  [ntdll.dll+0x5aa68]


---------------  P R O C E S S  ---------------

Threads class SMR info:
_java_thread_list=0x0000027b2fdce8e0, length=10, elements={
0x0000027b14c4d800, 0x0000027b2f2f7000, 0x0000027b2f2fa000, 0x0000027b2f355800,
0x0000027b2f356800, 0x0000027b2f357800, 0x0000027b2f35b800, 0x0000027b2fcc3800,
0x0000027b2fcc4800, 0x0000027b2fdcf000
}

Java Threads: ( => current thread )
  0x0000027b14c4d800 JavaThread "main" [_thread_in_Java, id=20188, stack(0x000000b750c00000,0x000000b750d00000)]
  0x0000027b2f2f7000 JavaThread "Reference Handler" daemon [_thread_blocked, id=23808, stack(0x000000b751300000,0x000000b751400000)]
  0x0000027b2f2fa000 JavaThread "Finalizer" daemon [_thread_blocked, id=29444, stack(0x000000b751400000,0x000000b751500000)]
  0x0000027b2f355800 JavaThread "Signal Dispatcher" daemon [_thread_blocked, id=9340, stack(0x000000b751500000,0x000000b751600000)]
  0x0000027b2f356800 JavaThread "Attach Listener" daemon [_thread_blocked, id=1124, stack(0x000000b751600000,0x000000b751700000)]
  0x0000027b2f357800 JavaThread "Service Thread" daemon [_thread_blocked, id=3368, stack(0x000000b751700000,0x000000b751800000)]
=>0x0000027b2f35b800 JavaThread "C2 CompilerThread0" daemon [_thread_in_native, id=3588, stack(0x000000b751800000,0x000000b751900000)]
  0x0000027b2fcc3800 JavaThread "C1 CompilerThread0" daemon [_thread_blocked, id=20856, stack(0x000000b751900000,0x000000b751a00000)]
  0x0000027b2fcc4800 JavaThread "Sweeper thread" daemon [_thread_blocked, id=10008, stack(0x000000b751a00000,0x000000b751b00000)]
  0x0000027b2fdcf000 JavaThread "Common-Cleaner" daemon [_thread_blocked, id=26516, stack(0x000000b751c00000,0x000000b751d00000)]

Other Threads:
  0x0000027b2f2bb800 VMThread "VM Thread" [stack: 0x000000b751200000,0x000000b751300000] [id=25500]
  0x0000027b2fdc5000 WatcherThread [stack: 0x000000b751b00000,0x000000b751c00000] [id=23832]
  0x0000027b14c68000 GCTaskThread "GC Thread#0" [stack: 0x000000b750d00000,0x000000b750e00000] [id=11184]
  0x0000027b14c6e000 ConcurrentGCThread "G1 Main Marker" [stack: 0x000000b750e00000,0x000000b750f00000] [id=22680]
  0x0000027b14c6f800 ConcurrentGCThread "G1 Conc#0" [stack: 0x000000b750f00000,0x000000b751000000] [id=23472]
  0x0000027b14cd8000 ConcurrentGCThread "G1 Refine#0" [stack: 0x000000b751000000,0x000000b751100000] [id=5732]
  0x0000027b14cd9000 ConcurrentGCThread "G1 Young RemSet Sampling" [stack: 0x000000b751100000,0x000000b751200000] [id=22816]

Threads with active compile tasks:
C2 CompilerThread0    16068  475       4       java.util.HashMap::putVal (300 bytes)

VM state:not at safepoint (normal execution)

VM Mutex/Monitor currently owned by a thread: None

Heap address: 0x00000000fc000000, size: 64 MB, Compressed Oops mode: 32-bit
Narrow klass base: 0x0000000000000000, Narrow klass shift: 3
Compressed class space size: 1073741824 Address: 0x0000000100000000

Heap:
 garbage-first heap   total 65536K, used 9216K [0x00000000fc000000, 0x0000000100000000)
  region size 1024K, 11 young (11264K), 0 survivors (0K)
 Metaspace       used 7357K, capacity 7469K, committed 7680K, reserved 1056768K
  class space    used 633K, capacity 682K, committed 768K, reserved 1048576K
Heap Regions: E=young(eden), S=young(survivor), O=old, HS=humongous(starts), HC=humongous(continues), CS=collection set, F=free, A=archive, TAMS=top-at-mark-start (previous, next)
|   0|0x00000000fc000000, 0x00000000fc000000, 0x00000000fc100000|  0%| F|  |TAMS 0x00000000fc000000, 0x00000000fc000000| Untracked 
|   1|0x00000000fc100000, 0x00000000fc100000, 0x00000000fc200000|  0%| F|  |TAMS 0x00000000fc100000, 0x00000000fc100000| Untracked 
|   2|0x00000000fc200000, 0x00000000fc200000, 0x00000000fc300000|  0%| F|  |TAMS 0x00000000fc200000, 0x00000000fc200000| Untracked 
|   3|0x00000000fc300000, 0x00000000fc300000, 0x00000000fc400000|  0%| F|  |TAMS 0x00000000fc300000, 0x00000000fc300000| Untracked 
|   4|0x00000000fc400000, 0x00000000fc400000, 0x00000000fc500000|  0%| F|  |TAMS 0x00000000fc400000, 0x00000000fc400000| Untracked 
|   5|0x00000000fc500000, 0x00000000fc500000, 0x00000000fc600000|  0%| F|  |TAMS 0x00000000fc500000, 0x00000000fc500000| Untracked 
|   6|0x00000000fc600000, 0x00000000fc600000, 0x00000000fc700000|  0%| F|  |TAMS 0x00000000fc600000, 0x00000000fc600000| Untracked 
|   7|0x00000000fc700000, 0x00000000fc700000, 0x00000000fc800000|  0%| F|  |TAMS 0x00000000fc700000, 0x00000000fc700000| Untracked 
|   8|0x00000000fc800000, 0x00000000fc800000, 0x00000000fc900000|  0%| F|  |TAMS 0x00000000fc800000, 0x00000000fc800000| Untracked 
|   9|0x00000000fc900000, 0x00000000fc900000, 0x00000000fca00000|  0%| F|  |TAMS 0x00000000fc900000, 0x00000000fc900000| Untracked 
|  10|0x00000000fca00000, 0x00000000fca00000, 0x00000000fcb00000|  0%| F|  |TAMS 0x00000000fca00000, 0x00000000fca00000| Untracked 
|  11|0x00000000fcb00000, 0x00000000fcb00000, 0x00000000fcc00000|  0%| F|  |TAMS 0x00000000fcb00000, 0x00000000fcb00000| Untracked 
|  12|0x00000000fcc00000, 0x00000000fcc00000, 0x00000000fcd00000|  0%| F|  |TAMS 0x00000000fcc00000, 0x00000000fcc00000| Untracked 
|  13|0x00000000fcd00000, 0x00000000fcd00000, 0x00000000fce00000|  0%| F|  |TAMS 0x00000000fcd00000, 0x00000000fcd00000| Untracked 
|  14|0x00000000fce00000, 0x00000000fce00000, 0x00000000fcf00000|  0%| F|  |TAMS 0x00000000fce00000, 0x00000000fce00000| Untracked 
|  15|0x00000000fcf00000, 0x00000000fcf00000, 0x00000000fd000000|  0%| F|  |TAMS 0x00000000fcf00000, 0x00000000fcf00000| Untracked 
|  16|0x00000000fd000000, 0x00000000fd000000, 0x00000000fd100000|  0%| F|  |TAMS 0x00000000fd000000, 0x00000000fd000000| Untracked 
|  17|0x00000000fd100000, 0x00000000fd100000, 0x00000000fd200000|  0%| F|  |TAMS 0x00000000fd100000, 0x00000000fd100000| Untracked 
|  18|0x00000000fd200000, 0x00000000fd200000, 0x00000000fd300000|  0%| F|  |TAMS 0x00000000fd200000, 0x00000000fd200000| Untracked 
|  19|0x00000000fd300000, 0x00000000fd300000, 0x00000000fd400000|  0%| F|  |TAMS 0x00000000fd300000, 0x00000000fd300000| Untracked 
|  20|0x00000000fd400000, 0x00000000fd400000, 0x00000000fd500000|  0%| F|  |TAMS 0x00000000fd400000, 0x00000000fd400000| Untracked 
|  21|0x00000000fd500000, 0x00000000fd500000, 0x00000000fd600000|  0%| F|  |TAMS 0x00000000fd500000, 0x00000000fd500000| Untracked 
|  22|0x00000000fd600000, 0x00000000fd600000, 0x00000000fd700000|  0%| F|  |TAMS 0x00000000fd600000, 0x00000000fd600000| Untracked 
|  23|0x00000000fd700000, 0x00000000fd700000, 0x00000000fd800000|  0%| F|  |TAMS 0x00000000fd700000, 0x00000000fd700000| Untracked 
|  24|0x00000000fd800000, 0x00000000fd800000, 0x00000000fd900000|  0%| F|  |TAMS 0x00000000fd800000, 0x00000000fd800000| Untracked 
|  25|0x00000000fd900000, 0x00000000fd900000, 0x00000000fda00000|  0%| F|  |TAMS 0x00000000fd900000, 0x00000000fd900000| Untracked 
|  26|0x00000000fda00000, 0x00000000fda00000, 0x00000000fdb00000|  0%| F|  |TAMS 0x00000000fda00000, 0x00000000fda00000| Untracked 
|  27|0x00000000fdb00000, 0x00000000fdb00000, 0x00000000fdc00000|  0%| F|  |TAMS 0x00000000fdb00000, 0x00000000fdb00000| Untracked 
|  28|0x00000000fdc00000, 0x00000000fdc00000, 0x00000000fdd00000|  0%| F|  |TAMS 0x00000000fdc00000, 0x00000000fdc00000| Untracked 
|  29|0x00000000fdd00000, 0x00000000fdd00000, 0x00000000fde00000|  0%| F|  |TAMS 0x00000000fdd00000, 0x00000000fdd00000| Untracked 
|  30|0x00000000fde00000, 0x00000000fde00000, 0x00000000fdf00000|  0%| F|  |TAMS 0x00000000fde00000, 0x00000000fde00000| Untracked 
|  31|0x00000000fdf00000, 0x00000000fdf00000, 0x00000000fe000000|  0%| F|  |TAMS 0x00000000fdf00000, 0x00000000fdf00000| Untracked 
|  32|0x00000000fe000000, 0x00000000fe000000, 0x00000000fe100000|  0%| F|  |TAMS 0x00000000fe000000, 0x00000000fe000000| Untracked 
|  33|0x00000000fe100000, 0x00000000fe100000, 0x00000000fe200000|  0%| F|  |TAMS 0x00000000fe100000, 0x00000000fe100000| Untracked 
|  34|0x00000000fe200000, 0x00000000fe200000, 0x00000000fe300000|  0%| F|  |TAMS 0x00000000fe200000, 0x00000000fe200000| Untracked 
|  35|0x00000000fe300000, 0x00000000fe300000, 0x00000000fe400000|  0%| F|  |TAMS 0x00000000fe300000, 0x00000000fe300000| Untracked 
|  36|0x00000000fe400000, 0x00000000fe400000, 0x00000000fe500000|  0%| F|  |TAMS 0x00000000fe400000, 0x00000000fe400000| Untracked 
|  37|0x00000000fe500000, 0x00000000fe500000, 0x00000000fe600000|  0%| F|  |TAMS 0x00000000fe500000, 0x00000000fe500000| Untracked 
|  38|0x00000000fe600000, 0x00000000fe600000, 0x00000000fe700000|  0%| F|  |TAMS 0x00000000fe600000, 0x00000000fe600000| Untracked 
|  39|0x00000000fe700000, 0x00000000fe700000, 0x00000000fe800000|  0%| F|  |TAMS 0x00000000fe700000, 0x00000000fe700000| Untracked 
|  40|0x00000000fe800000, 0x00000000fe800000, 0x00000000fe900000|  0%| F|  |TAMS 0x00000000fe800000, 0x00000000fe800000| Untracked 
|  41|0x00000000fe900000, 0x00000000fe900000, 0x00000000fea00000|  0%| F|  |TAMS 0x00000000fe900000, 0x00000000fe900000| Untracked 
|  42|0x00000000fea00000, 0x00000000fea00000, 0x00000000feb00000|  0%| F|  |TAMS 0x00000000fea00000, 0x00000000fea00000| Untracked 
|  43|0x00000000feb00000, 0x00000000feb00000, 0x00000000fec00000|  0%| F|  |TAMS 0x00000000feb00000, 0x00000000feb00000| Untracked 
|  44|0x00000000fec00000, 0x00000000fec00000, 0x00000000fed00000|  0%| F|  |TAMS 0x00000000fec00000, 0x00000000fec00000| Untracked 
|  45|0x00000000fed00000, 0x00000000fed00000, 0x00000000fee00000|  0%| F|  |TAMS 0x00000000fed00000, 0x00000000fed00000| Untracked 
|  46|0x00000000fee00000, 0x00000000fee00000, 0x00000000fef00000|  0%| F|  |TAMS 0x00000000fee00000, 0x00000000fee00000| Untracked 
|  47|0x00000000fef00000, 0x00000000fef00000, 0x00000000ff000000|  0%| F|  |TAMS 0x00000000fef00000, 0x00000000fef00000| Untracked 
|  48|0x00000000ff000000, 0x00000000ff000000, 0x00000000ff100000|  0%| F|  |TAMS 0x00000000ff000000, 0x00000000ff000000| Untracked 
|  49|0x00000000ff100000, 0x00000000ff100000, 0x00000000ff200000|  0%| F|  |TAMS 0x00000000ff100000, 0x00000000ff100000| Untracked 
|  50|0x00000000ff200000, 0x00000000ff200000, 0x00000000ff300000|  0%| F|  |TAMS 0x00000000ff200000, 0x00000000ff200000| Untracked 
|  51|0x00000000ff300000, 0x00000000ff300000, 0x00000000ff400000|  0%| F|  |TAMS 0x00000000ff300000, 0x00000000ff300000| Untracked 
|  52|0x00000000ff400000, 0x00000000ff400000, 0x00000000ff500000|  0%| F|  |TAMS 0x00000000ff400000, 0x00000000ff400000| Untracked 
|  53|0x00000000ff500000, 0x00000000ff5f6540, 0x00000000ff600000| 96%| E|  |TAMS 0x00000000ff500000, 0x00000000ff500000| Complete 
|  54|0x00000000ff600000, 0x00000000ff700000, 0x00000000ff700000|100%| E|CS|TAMS 0x00000000ff600000, 0x00000000ff600000| Complete 
|  55|0x00000000ff700000, 0x00000000ff800000, 0x00000000ff800000|100%| E|CS|TAMS 0x00000000ff700000, 0x00000000ff700000| Complete 
|  56|0x00000000ff800000, 0x00000000ff900000, 0x00000000ff900000|100%| E|  |TAMS 0x00000000ff800000, 0x00000000ff800000| Complete 
|  57|0x00000000ff900000, 0x00000000ffa00000, 0x00000000ffa00000|100%| E|CS|TAMS 0x00000000ff900000, 0x00000000ff900000| Complete 
|  58|0x00000000ffa00000, 0x00000000ffb00000, 0x00000000ffb00000|100%| E|CS|TAMS 0x00000000ffa00000, 0x00000000ffa00000| Complete 
|  59|0x00000000ffb00000, 0x00000000ffc00000, 0x00000000ffc00000|100%| E|CS|TAMS 0x00000000ffb00000, 0x00000000ffb00000| Complete 
|  60|0x00000000ffc00000, 0x00000000ffd00000, 0x00000000ffd00000|100%| E|CS|TAMS 0x00000000ffc00000, 0x00000000ffc00000| Complete 
|  61|0x00000000ffd00000, 0x00000000ffe00000, 0x00000000ffe00000|100%| E|CS|TAMS 0x00000000ffd00000, 0x00000000ffd00000| Complete 
|  62|0x00000000ffe00000, 0x00000000fff00000, 0x00000000fff00000|100%| E|CS|TAMS 0x00000000ffe00000, 0x00000000ffe00000| Complete 
|  63|0x00000000fff00000, 0x0000000100000000, 0x0000000100000000|100%| E|CS|TAMS 0x00000000fff00000, 0x00000000fff00000| Complete 

Card table byte_map: [0x0000027b14b90000,0x0000027b14bb0000] _byte_map_base: 0x0000027b143b0000

Marking Bits (Prev, Next): (CMBitMap*) 0x0000027b14c6cd08, (CMBitMap*) 0x0000027b14c6cd40
 Prev Bits: [0x0000027b2c6f0000, 0x0000027b2c7f0000)
 Next Bits: [0x0000027b2c7f0000, 0x0000027b2c8f0000)

Polling page: 0x0000027b12c60000

Metaspace:

Usage:
  Non-class:      6.63 MB capacity,     6.57 MB (>99%) used,    58.72 KB ( <1%) free+waste,     5.13 KB ( <1%) overhead. 
      Class:    682.00 KB capacity,   633.95 KB ( 93%) used,    45.62 KB (  7%) free+waste,     2.44 KB ( <1%) overhead. 
       Both:      7.29 MB capacity,     7.18 MB ( 99%) used,   104.34 KB (  1%) free+waste,     7.56 KB ( <1%) overhead. 

Virtual space:
  Non-class space:        8.00 MB reserved,       6.75 MB ( 84%) committed 
      Class space:        1.00 GB reserved,     768.00 KB ( <1%) committed 
             Both:        1.01 GB reserved,       7.50 MB ( <1%) committed 

Chunk freelists:
   Non-Class:  61.00 KB
       Class:  22.00 KB
        Both:  83.00 KB

MaxMetaspaceSize: 17179869184.00 GB
CompressedClassSpaceSize: 1.00 GB
Initial GC threshold: 20.80 MB
Current GC threshold: 20.80 MB
CDS: off

CodeHeap 'non-profiled nmethods': size=120000Kb used=156Kb max_used=156Kb free=119843Kb
 bounds [0x0000027b24e90000, 0x0000027b25100000, 0x0000027b2c3c0000]
CodeHeap 'profiled nmethods': size=120000Kb used=769Kb max_used=769Kb free=119231Kb
 bounds [0x0000027b1d960000, 0x0000027b1dbd0000, 0x0000027b24e90000]
CodeHeap 'non-nmethods': size=5760Kb used=1107Kb max_used=1121Kb free=4652Kb
 bounds [0x0000027b1d3c0000, 0x0000027b1d630000, 0x0000027b1d960000]
 total_blobs=851 nmethods=497 adapters=267
 compilation: enabled
              stopped_count=0, restarted_count=0
 full_count=0

Compilation events (20 events):
Event: 15.990 Thread 0x0000027b2fcc3800  470       3       java.util.AbstractList$Itr::hasNext (20 bytes)
Event: 15.990 Thread 0x0000027b2fcc3800 nmethod 470 0x0000027b1da16d90 code [0x0000027b1da16f60, 0x0000027b1da17188]
Event: 15.990 Thread 0x0000027b2fcc3800  471   !   3       java.util.AbstractList$Itr::next (45 bytes)
Event: 15.991 Thread 0x0000027b2fcc3800 nmethod 471 0x0000027b1da17290 code [0x0000027b1da174a0, 0x0000027b1da17958]
Event: 15.992 Thread 0x0000027b2fcc3800  472       3       org.gradle.internal.classpath.DefaultClassPath$ImmutableUniqueList::get (57 bytes)
Event: 15.992 Thread 0x0000027b2fcc3800 nmethod 472 0x0000027b1da17b90 code [0x0000027b1da17dc0, 0x0000027b1da181a8]
Event: 15.992 Thread 0x0000027b2fcc3800  473       3       org.gradle.internal.Cast::uncheckedNonnullCast (2 bytes)
Event: 15.992 Thread 0x0000027b2fcc3800 nmethod 473 0x0000027b1da18410 code [0x0000027b1da185c0, 0x0000027b1da18698]
Event: 15.994 Thread 0x0000027b2f35b800  474       4       java.lang.Math::min (11 bytes)
Event: 15.994 Thread 0x0000027b2f35b800 nmethod 474 0x0000027b24eb5090 code [0x0000027b24eb5220, 0x0000027b24eb5278]
Event: 15.995 Thread 0x0000027b2f35b800  475       4       java.util.HashMap::putVal (300 bytes)
Event: 15.996 Thread 0x0000027b2fcc3800  476       3       java.lang.StringLatin1::compareToCI (108 bytes)
Event: 15.998 Thread 0x0000027b2fcc3800 nmethod 476 0x0000027b1da18710 code [0x0000027b1da18980, 0x0000027b1da19238]
Event: 15.998 Thread 0x0000027b2fcc3800  478       3       java.util.AbstractCollection::addAll (42 bytes)
Event: 15.999 Thread 0x0000027b2fcc3800 nmethod 478 0x0000027b1da19690 code [0x0000027b1da19880, 0x0000027b1da19d78]
Event: 16.001 Thread 0x0000027b2fcc3800  479       3       java.util.AbstractCollection::toArray (144 bytes)
Event: 16.002 Thread 0x0000027b2fcc3800 nmethod 479 0x0000027b1da19f10 code [0x0000027b1da1a1e0, 0x0000027b1da1b2f8]
Event: 16.018 Thread 0x0000027b2fcc3800  481       3       java.nio.Buffer::hasRemaining (17 bytes)
Event: 16.019 Thread 0x0000027b2fcc3800 nmethod 481 0x0000027b1da1b710 code [0x0000027b1da1b8c0, 0x0000027b1da1ba18]
Event: 16.019 Thread 0x0000027b2fcc3800  483   !   3       java.nio.DirectByteBuffer::get (28 bytes)

GC Heap History (0 events):
No events

Deoptimization events (20 events):
Event: 5.231 Thread 0x0000027b14c4d800 DEOPT PACKING pc=0x0000027b1d995e9b sp=0x000000b750cfd6b0
Event: 5.231 Thread 0x0000027b14c4d800 DEOPT UNPACKING pc=0x0000027b1d40a95e sp=0x000000b750cfcb20 mode 0
Event: 5.239 Thread 0x0000027b14c4d800 DEOPT PACKING pc=0x0000027b1d995e9b sp=0x000000b750cfd610
Event: 5.239 Thread 0x0000027b14c4d800 DEOPT UNPACKING pc=0x0000027b1d40a95e sp=0x000000b750cfca80 mode 0
Event: 5.239 Thread 0x0000027b14c4d800 DEOPT PACKING pc=0x0000027b1d995e9b sp=0x000000b750cfd610
Event: 5.239 Thread 0x0000027b14c4d800 DEOPT UNPACKING pc=0x0000027b1d40a95e sp=0x000000b750cfca80 mode 0
Event: 5.484 Thread 0x0000027b14c4d800 DEOPT PACKING pc=0x0000027b1d9c0adb sp=0x000000b750cfd330
Event: 5.485 Thread 0x0000027b14c4d800 DEOPT UNPACKING pc=0x0000027b1d40a95e sp=0x000000b750cfc7a8 mode 0
Event: 5.485 Thread 0x0000027b14c4d800 DEOPT PACKING pc=0x0000027b1d9c0adb sp=0x000000b750cfd330
Event: 5.485 Thread 0x0000027b14c4d800 DEOPT UNPACKING pc=0x0000027b1d40a95e sp=0x000000b750cfc7a8 mode 0
Event: 5.496 Thread 0x0000027b14c4d800 DEOPT PACKING pc=0x0000027b1d9c0adb sp=0x000000b750cfd330
Event: 5.496 Thread 0x0000027b14c4d800 DEOPT UNPACKING pc=0x0000027b1d40a95e sp=0x000000b750cfc7a8 mode 0
Event: 5.496 Thread 0x0000027b14c4d800 DEOPT PACKING pc=0x0000027b1d9c0adb sp=0x000000b750cfd330
Event: 5.496 Thread 0x0000027b14c4d800 DEOPT UNPACKING pc=0x0000027b1d40a95e sp=0x000000b750cfc7a8 mode 0
Event: 9.650 Thread 0x0000027b14c4d800 DEOPT PACKING pc=0x0000027b1d9b6808 sp=0x000000b750cfd370
Event: 9.650 Thread 0x0000027b14c4d800 DEOPT UNPACKING pc=0x0000027b1d40a95e sp=0x000000b750cfc840 mode 0
Event: 15.958 Thread 0x0000027b14c4d800 Uncommon trap: trap_request=0xffffff4d fr.pc=0x0000027b24eab3a8 relative=0x0000000000000088
Event: 15.958 Thread 0x0000027b14c4d800 Uncommon trap: reason=unstable_if action=reinterpret pc=0x0000027b24eab3a8 method=java.util.regex.Pattern.append(II)V @ 6 c2
Event: 15.958 Thread 0x0000027b14c4d800 DEOPT PACKING pc=0x0000027b24eab3a8 sp=0x000000b750cfd020
Event: 15.958 Thread 0x0000027b14c4d800 DEOPT UNPACKING pc=0x0000027b1d40a1af sp=0x000000b750cfcf98 mode 2

Classes redefined (0 events):
No events

Internal exceptions (3 events):
Event: 4.571 Thread 0x0000027b14c4d800 Exception <a 'java/lang/NoSuchMethodError'{0x00000000ffc62640}: 'int java.lang.invoke.DirectMethodHandle$Holder.invokeStaticInit(java.lang.Object, java.lang.Object)'> (0x00000000ffc62640) thrown at [s\src\hotspot\share\interpreter\linkResolver.cpp, line 773]
Event: 5.232 Thread 0x0000027b14c4d800 Exception <a 'java/lang/NoSuchMethodError'{0x00000000ffb37078}: 'int java.lang.invoke.DirectMethodHandle$Holder.invokeSpecial(java.lang.Object, java.lang.Object, java.lang.Object, java.lang.Object)'> (0x00000000ffb37078) thrown at [s\src\hotspot\share\interpreter\linkResolver.cpp, line 773]
Event: 5.457 Thread 0x0000027b14c4d800 Exception <a 'java/lang/NoSuchMethodError'{0x00000000ffb6f440}: 'int java.lang.invoke.DirectMethodHandle$Holder.invokeSpecialIFC(java.lang.Object, java.lang.Object, int)'> (0x00000000ffb6f440) thrown at [s\src\hotspot\share\interpreter\linkResolver.cpp, line 773]

Events (20 events):
Event: 16.005 loading class jdk/internal/jimage/NativeImageBuffer$1 done
Event: 16.008 Loaded shared library C:\Program Files\Microsoft\jdk-11.0.20.8-hotspot\bin\jimage.dll
Event: 16.009 loading class jdk/internal/jimage/ImageHeader
Event: 16.009 loading class jdk/internal/jimage/ImageHeader done
Event: 16.009 loading class java/nio/DirectIntBufferU
Event: 16.012 loading class java/nio/IntBuffer
Event: 16.012 loading class java/nio/IntBuffer done
Event: 16.013 loading class java/nio/DirectIntBufferU done
Event: 16.013 loading class java/nio/DirectByteBufferR
Event: 16.013 loading class java/nio/DirectByteBufferR done
Event: 16.013 loading class java/nio/DirectIntBufferRU
Event: 16.015 loading class java/nio/DirectIntBufferRU done
Event: 16.015 loading class jdk/internal/jimage/ImageStringsReader
Event: 16.016 loading class jdk/internal/jimage/ImageStrings
Event: 16.016 loading class jdk/internal/jimage/ImageStrings done
Event: 16.016 loading class jdk/internal/jimage/ImageStringsReader done
Event: 16.016 loading class jdk/internal/jimage/decompressor/Decompressor
Event: 16.017 loading class jdk/internal/jimage/decompressor/Decompressor done
Event: 16.017 loading class jdk/internal/jimage/ImageLocation
Event: 16.018 loading class jdk/internal/jimage/ImageLocation done


Dynamic libraries:
0x00007ff697f20000 - 0x00007ff697f2d000 	C:\Program Files\Microsoft\jdk-11.0.20.8-hotspot\bin\java.exe
0x00007ffb75870000 - 0x00007ffb75a84000 	C:\WINDOWS\SYSTEM32\ntdll.dll
0x00007ffb73a70000 - 0x00007ffb73b34000 	C:\WINDOWS\System32\KERNEL32.DLL
0x00007ffb72fc0000 - 0x00007ffb73364000 	C:\WINDOWS\System32\KERNELBASE.dll
0x00007ffb734e0000 - 0x00007ffb735f1000 	C:\WINDOWS\System32\ucrtbase.dll
0x00007ffb5ab30000 - 0x00007ffb5ab47000 	C:\Program Files\Microsoft\jdk-11.0.20.8-hotspot\bin\jli.dll
0x00007ffb74cb0000 - 0x00007ffb74e5e000 	C:\WINDOWS\System32\USER32.dll
0x00007ffb72dd0000 - 0x00007ffb72df6000 	C:\WINDOWS\System32\win32u.dll
0x00007ffb73ee0000 - 0x00007ffb73f09000 	C:\WINDOWS\System32\GDI32.dll
0x00007ffb5a9e0000 - 0x00007ffb5a9f5000 	C:\Program Files\Microsoft\jdk-11.0.20.8-hotspot\bin\VCRUNTIME140.dll
0x00007ffb72e00000 - 0x00007ffb72f18000 	C:\WINDOWS\System32\gdi32full.dll
0x00007ffb72f20000 - 0x00007ffb72fba000 	C:\WINDOWS\System32\msvcp_win.dll
0x00007ffb56c00000 - 0x00007ffb56e93000 	C:\WINDOWS\WinSxS\amd64_microsoft.windows.common-controls_6595b64144ccf1df_6.0.22621.2215_none_270d72677387dfc3\COMCTL32.dll
0x00007ffb75780000 - 0x00007ffb75827000 	C:\WINDOWS\System32\msvcrt.dll
0x00007ffb75740000 - 0x00007ffb75771000 	C:\WINDOWS\System32\IMM32.DLL
0x00007ffb2f980000 - 0x00007ffb2fa1b000 	C:\Program Files\Microsoft\jdk-11.0.20.8-hotspot\bin\msvcp140.dll
0x00007ffaf2260000 - 0x00007ffaf2df6000 	C:\Program Files\Microsoft\jdk-11.0.20.8-hotspot\bin\server\jvm.dll
0x00007ffb74190000 - 0x00007ffb74240000 	C:\WINDOWS\System32\ADVAPI32.dll
0x00007ffb73f20000 - 0x00007ffb73fc6000 	C:\WINDOWS\System32\sechost.dll
0x00007ffb75480000 - 0x00007ffb75597000 	C:\WINDOWS\System32\RPCRT4.dll
0x00007ffb73f10000 - 0x00007ffb73f18000 	C:\WINDOWS\System32\PSAPI.DLL
0x00007ffb5ae50000 - 0x00007ffb5ae59000 	C:\WINDOWS\SYSTEM32\WSOCK32.dll
0x00007ffb737a0000 - 0x00007ffb73811000 	C:\WINDOWS\System32\WS2_32.dll
0x00007ffb6b0b0000 - 0x00007ffb6b0e4000 	C:\WINDOWS\SYSTEM32\WINMM.dll
0x00007ffb6ae70000 - 0x00007ffb6ae7a000 	C:\WINDOWS\SYSTEM32\VERSION.dll
0x00007ffb71c60000 - 0x00007ffb71c78000 	C:\WINDOWS\SYSTEM32\kernel.appcore.dll
0x00007ffb5a9d0000 - 0x00007ffb5a9e0000 	C:\Program Files\Microsoft\jdk-11.0.20.8-hotspot\bin\verify.dll
0x00007ffb70710000 - 0x00007ffb7093e000 	C:\WINDOWS\SYSTEM32\DBGHELP.DLL
0x00007ffb73b40000 - 0x00007ffb73eca000 	C:\WINDOWS\System32\combase.dll
0x00007ffb755a0000 - 0x00007ffb75677000 	C:\WINDOWS\System32\OLEAUT32.dll
0x00007ffb68c70000 - 0x00007ffb68ca2000 	C:\WINDOWS\SYSTEM32\dbgcore.DLL
0x00007ffb72c90000 - 0x00007ffb72d0a000 	C:\WINDOWS\System32\bcryptPrimitives.dll
0x00007ffb553b0000 - 0x00007ffb553d8000 	C:\Program Files\Microsoft\jdk-11.0.20.8-hotspot\bin\java.dll
0x00007ffb5a740000 - 0x00007ffb5a74a000 	C:\Program Files\Microsoft\jdk-11.0.20.8-hotspot\bin\jimage.dll
0x00007ffb59d10000 - 0x00007ffb59d28000 	C:\Program Files\Microsoft\jdk-11.0.20.8-hotspot\bin\zip.dll
0x00007ffb74300000 - 0x00007ffb74b23000 	C:\WINDOWS\System32\SHELL32.dll
0x00007ffb70b60000 - 0x00007ffb7144a000 	C:\WINDOWS\SYSTEM32\windows.storage.dll
0x00007ffb70a20000 - 0x00007ffb70b5e000 	C:\WINDOWS\SYSTEM32\wintypes.dll
0x00007ffb73970000 - 0x00007ffb73a63000 	C:\WINDOWS\System32\SHCORE.dll
0x00007ffb738b0000 - 0x00007ffb7390e000 	C:\WINDOWS\System32\shlwapi.dll
0x00007ffb72b50000 - 0x00007ffb72b76000 	C:\WINDOWS\SYSTEM32\profapi.dll
0x00007ffb57cb0000 - 0x00007ffb57cc9000 	C:\Program Files\Microsoft\jdk-11.0.20.8-hotspot\bin\net.dll
0x00007ffb6ba60000 - 0x00007ffb6bb97000 	C:\WINDOWS\SYSTEM32\WINHTTP.dll
0x00007ffb72190000 - 0x00007ffb721f9000 	C:\WINDOWS\system32\mswsock.dll
0x00007ffb558e0000 - 0x00007ffb558f3000 	C:\Program Files\Microsoft\jdk-11.0.20.8-hotspot\bin\nio.dll

dbghelp: loaded successfully - version: 4.0.5 - missing functions: none
symbol engine: initialized successfully - sym options: 0x614 - pdb path: .;C:\Program Files\Microsoft\jdk-11.0.20.8-hotspot\bin;C:\WINDOWS\SYSTEM32;C:\WINDOWS\WinSxS\amd64_microsoft.windows.common-controls_6595b64144ccf1df_6.0.22621.2215_none_270d72677387dfc3;C:\Program Files\Microsoft\jdk-11.0.20.8-hotspot\bin\server

VM Arguments:
jvm_args: -Xmx64m -Xms64m -Dorg.gradle.appname=gradlew 
java_command: org.gradle.wrapper.GradleWrapperMain tasks
java_class_path (initial): C:\Users\wante\OneDrive\Desktop\vscode\rn_demo\android\\gradle\wrapper\gradle-wrapper.jar
Launcher Type: SUN_STANDARD

[Global flags]
     intx CICompilerCount                          = 4                                         {product} {ergonomic}
     uint ConcGCThreads                            = 2                                         {product} {ergonomic}
     uint G1ConcRefinementThreads                  = 8                                         {product} {ergonomic}
   size_t G1HeapRegionSize                         = 1048576                                   {product} {ergonomic}
    uintx GCDrainStackTargetSize                   = 64                                        {product} {ergonomic}
   size_t InitialHeapSize                          = 67108864                                  {product} {command line}
   size_t MarkStackSize                            = 4194304                                   {product} {ergonomic}
   size_t MaxHeapSize                              = 67108864                                  {product} {command line}
   size_t MaxNewSize                               = 39845888                                  {product} {ergonomic}
   size_t MinHeapDeltaBytes                        = 1048576                                   {product} {ergonomic}
    uintx NonNMethodCodeHeapSize                   = 5836300                                {pd product} {ergonomic}
    uintx NonProfiledCodeHeapSize                  = 122910970                              {pd product} {ergonomic}
    uintx ProfiledCodeHeapSize                     = 122910970                              {pd product} {ergonomic}
    uintx ReservedCodeCacheSize                    = 251658240                              {pd product} {ergonomic}
     bool SegmentedCodeCache                       = true                                      {product} {ergonomic}
     bool UseCompressedClassPointers               = true                                 {lp64_product} {ergonomic}
     bool UseCompressedOops                        = true                                 {lp64_product} {ergonomic}
     bool UseG1GC                                  = true                                      {product} {ergonomic}
     bool UseLargePagesIndividualAllocation        = false                                  {pd product} {ergonomic}

Logging:
Log output configuration:
 #0: stdout all=warning uptime,level,tags
 #1: stderr all=off uptime,level,tags

Environment Variables:
JAVA_HOME=C:\Program Files\Microsoft\jdk-11.0.20.8-hotspot\
CLASSPATH=C:\Users\wante\OneDrive\Desktop\vscode\rn_demo\android\\gradle\wrapper\gradle-wrapper.jar
PATH=C:\Users\wante\OneDrive\Desktop\vscode\rn_demo\node_modules\.bin;C:\Users\wante\OneDrive\Desktop\vscode\rn_demo\node_modules\.bin;C:\Users\wante\OneDrive\Desktop\vscode\node_modules\.bin;C:\Users\wante\OneDrive\Desktop\node_modules\.bin;C:\Users\wante\OneDrive\node_modules\.bin;C:\Users\wante\node_modules\.bin;C:\Users\node_modules\.bin;C:\node_modules\.bin;C:\Program Files\nodejs\node_modules\npm\node_modules\@npmcli\run-script\lib\node-gyp-bin;C:\Users\wante\OneDrive\Desktop\vscode\rn_demo\node_modules\.bin;C:\Users\wante\OneDrive\Desktop\vscode\rn_demo\node_modules\.bin;C:\Users\wante\OneDrive\Desktop\vscode\node_modules\.bin;C:\Users\wante\OneDrive\Desktop\node_modules\.bin;C:\Users\wante\OneDrive\node_modules\.bin;C:\Users\wante\node_modules\.bin;C:\Users\node_modules\.bin;C:\node_modules\.bin;C:\Program Files\nodejs\node_modules\npm\node_modules\@npmcli\run-script\lib\node-gyp-bin;C:\Program Files\Microsoft\jdk-11.0.20.8-hotspot\bin;C:\WINDOWS\system32;C:\WINDOWS;C:\WINDOWS\System32\Wbem;C:\WINDOWS\System32\WindowsPowerShell\v1.0\;C:\WINDOWS\System32\OpenSSH\;C:\Program Files (x86)\NVIDIA Corporation\PhysX\Common;C:\Program Files\NVIDIA Corporation\NVIDIA NvDLISR;C:\WINDOWS\system32;C:\WINDOWS;C:\WINDOWS\System32\Wbem;C:\WINDOWS\System32\WindowsPowerShell\v1.0\;C:\WINDOWS\System32\OpenSSH\;C:\Program Files\Git\cmd;C:\ProgramData\chocolatey\bin;C:\Program Files\nodejs\;C:\Users\wante\AppData\Local\Android\Sdk\platform-tools;C:\Users\wante\AppData\Local\Microsoft\WindowsApps;;C:\Users\wante\Downloads\Microsoft VS Code\bin;C:\Users\wante\AppData\Roaming\npm
USERNAME=wante
LANG=en_US.UTF-8
OS=Windows_NT
PROCESSOR_IDENTIFIER=Intel64 Family 6 Model 158 Stepping 10, GenuineIntel
TMP=C:\Users\wante\AppData\Local\Temp
TEMP=C:\Users\wante\AppData\Local\Temp



---------------  S Y S T E M  ---------------

OS: Windows 11 , 64 bit Build 22621 (10.0.22621.2215)
OS uptime: 3 days 23:18 hours
Hyper-V role detected

CPU:total 8 (initial active 8) (4 cores per cpu, 2 threads per core) family 6 model 158 stepping 10 microcode 0xde, cmov, cx8, fxsr, mmx, sse, sse2, sse3, ssse3, sse4.1, sse4.2, popcnt, avx, avx2, aes, clmul, erms, 3dnowpref, lzcnt, ht, tsc, tscinvbit, bmi1, bmi2, adx, fma

Memory: 4k page, system-wide physical 16239M (1369M free)
TotalPageFile size 31361M (AvailPageFile size 1M)
current process WorkingSet (physical memory assigned to process): 46M, peak: 46M
current process commit charge ("private bytes"): 141M, peak: 142M

vm_info: OpenJDK 64-Bit Server VM (11.0.20+8-LTS) for windows-amd64 JRE (11.0.20+8-LTS), built on Jul  7 2023 17:05:21 by "MicrosoftCorporation" with MS VC++ 15.9 (VS2017)

END.
