#
# There is insufficient memory for the Java Runtime Environment to continue.
# Native memory allocation (malloc) failed to allocate 39056 bytes for Chunk::new
# Possible reasons:
#   The system is out of physical RAM or swap space
#   The process is running with CompressedOops enabled, and the Java Heap may be blocking the growth of the native heap
# Possible solutions:
#   Reduce memory load on the system
#   Increase physical memory or swap space
#   Check if swap backing store is full
#   Decrease Java heap size (-Xmx/-Xms)
#   Decrease number of Java threads
#   Decrease Java thread stack sizes (-Xss)
#   Set larger code cache with -XX:ReservedCodeCacheSize=
#   JVM is running with Unscaled Compressed Oops mode in which the Java heap is
#     placed in the first 4GB address space. The Java Heap base address is the
#     maximum limit for the native heap growth. Please use -XX:HeapBaseMinAddress
#     to set the Java Heap base and to place the Java Heap above 4GB virtual address.
# This output file may be truncated or incomplete.
#
#  Out of Memory Error (arena.cpp:197), pid=17508, tid=31428
#
# JRE version: OpenJDK Runtime Environment Microsoft-8035250 (11.0.20+8) (build 11.0.20+8-LTS)
# Java VM: OpenJDK 64-Bit Server VM Microsoft-8035250 (11.0.20+8-LTS, mixed mode, tiered, compressed oops, g1 gc, windows-amd64)
# No core dump will be written. Minidumps are not enabled by default on client versions of Windows
#

---------------  S U M M A R Y ------------

Command Line: -Xmx64m -Xms64m -Dorg.gradle.appname=gradlew org.gradle.wrapper.GradleWrapperMain tasks

Host: Intel(R) Core(TM) i5-8300H CPU @ 2.30GHz, 8 cores, 15G,  Windows 11 , 64 bit Build 22621 (10.0.22621.2215)
Time: Tue Oct 10 16:45:12 2023 Nepal Standard Time elapsed time: 4.454699 seconds (0d 0h 0m 4s)

---------------  T H R E A D  ---------------

Current thread (0x000001d41f38e000):  JavaThread "C2 CompilerThread0" daemon [_thread_in_native, id=31428, stack(0x00000057f2d00000,0x00000057f2e00000)]


Current CompileTask:
C2:   4454  163       4       java.lang.StringLatin1::indexOf (61 bytes)

Stack: [0x00000057f2d00000,0x00000057f2e00000]
Native frames: (J=compiled Java code, j=interpreted, Vv=VM code, C=native code)
V  [jvm.dll+0x62e9da]
V  [jvm.dll+0x7bc4e9]
V  [jvm.dll+0x7bdbd8]
V  [jvm.dll+0x7be2b3]
V  [jvm.dll+0x2505a8]
V  [jvm.dll+0xc263c]
V  [jvm.dll+0xc2bfc]
V  [jvm.dll+0x35fdc7]
V  [jvm.dll+0x32bf13]
V  [jvm.dll+0x32b24a]
V  [jvm.dll+0x2097e3]
V  [jvm.dll+0x20893d]
V  [jvm.dll+0x18a7de]
V  [jvm.dll+0x2181ec]
V  [jvm.dll+0x21642b]
V  [jvm.dll+0x77efc0]
V  [jvm.dll+0x777db4]
V  [jvm.dll+0x62d845]
C  [ucrtbase.dll+0x29363]
C  [KERNEL32.DLL+0x1257d]
C  [ntdll.dll+0x5aa68]


---------------  P R O C E S S  ---------------

Threads class SMR info:
_java_thread_list=0x000001d41fe55b20, length=10, elements={
0x000001d404c9e000, 0x000001d41f378800, 0x000001d41f384000, 0x000001d41f387000,
0x000001d41f388000, 0x000001d41f389000, 0x000001d41f38e000, 0x000001d41fd35000,
0x000001d41fd36000, 0x000001d41fe6d000
}

Java Threads: ( => current thread )
  0x000001d404c9e000 JavaThread "main" [_thread_in_Java, id=30832, stack(0x00000057f2100000,0x00000057f2200000)]
  0x000001d41f378800 JavaThread "Reference Handler" daemon [_thread_blocked, id=31408, stack(0x00000057f2800000,0x00000057f2900000)]
  0x000001d41f384000 JavaThread "Finalizer" daemon [_thread_blocked, id=31412, stack(0x00000057f2900000,0x00000057f2a00000)]
  0x000001d41f387000 JavaThread "Signal Dispatcher" daemon [_thread_blocked, id=31416, stack(0x00000057f2a00000,0x00000057f2b00000)]
  0x000001d41f388000 JavaThread "Attach Listener" daemon [_thread_blocked, id=31420, stack(0x00000057f2b00000,0x00000057f2c00000)]
  0x000001d41f389000 JavaThread "Service Thread" daemon [_thread_blocked, id=31424, stack(0x00000057f2c00000,0x00000057f2d00000)]
=>0x000001d41f38e000 JavaThread "C2 CompilerThread0" daemon [_thread_in_native, id=31428, stack(0x00000057f2d00000,0x00000057f2e00000)]
  0x000001d41fd35000 JavaThread "C1 CompilerThread0" daemon [_thread_in_native, id=31432, stack(0x00000057f2e00000,0x00000057f2f00000)]
  0x000001d41fd36000 JavaThread "Sweeper thread" daemon [_thread_blocked, id=31436, stack(0x00000057f2f00000,0x00000057f3000000)]
  0x000001d41fe6d000 JavaThread "Common-Cleaner" daemon [_thread_blocked, id=31528, stack(0x00000057f3100000,0x00000057f3200000)]

Other Threads:
  0x000001d41f33f000 VMThread "VM Thread" [stack: 0x00000057f2700000,0x00000057f2800000] [id=31376]
  0x000001d41fe60800 WatcherThread [stack: 0x00000057f3000000,0x00000057f3100000] [id=31504]
  0x000001d404cb8000 GCTaskThread "GC Thread#0" [stack: 0x00000057f2200000,0x00000057f2300000] [id=31304]
  0x000001d404cbe000 ConcurrentGCThread "G1 Main Marker" [stack: 0x00000057f2300000,0x00000057f2400000] [id=31308]
  0x000001d404cc0000 ConcurrentGCThread "G1 Conc#0" [stack: 0x00000057f2400000,0x00000057f2500000] [id=31312]
  0x000001d404d4b800 ConcurrentGCThread "G1 Refine#0" [stack: 0x00000057f2500000,0x00000057f2600000] [id=31316]
  0x000001d404d4c800 ConcurrentGCThread "G1 Young RemSet Sampling" [stack: 0x00000057f2600000,0x00000057f2700000] [id=31320]

Threads with active compile tasks:
C2 CompilerThread0     4510  163       4       java.lang.StringLatin1::indexOf (61 bytes)

VM state:not at safepoint (normal execution)

VM Mutex/Monitor currently owned by a thread: None

Heap address: 0x00000000fc000000, size: 64 MB, Compressed Oops mode: 32-bit
Narrow klass base: 0x0000000000000000, Narrow klass shift: 3
Compressed class space size: 1073741824 Address: 0x0000000100000000

Heap:
 garbage-first heap   total 65536K, used 1024K [0x00000000fc000000, 0x0000000100000000)
  region size 1024K, 2 young (2048K), 0 survivors (0K)
 Metaspace       used 5905K, capacity 6003K, committed 6272K, reserved 1058816K
  class space    used 498K, capacity 535K, committed 640K, reserved 1048576K
Heap Regions: E=young(eden), S=young(survivor), O=old, HS=humongous(starts), HC=humongous(continues), CS=collection set, F=free, A=archive, TAMS=top-at-mark-start (previous, next)
|   0|0x00000000fc000000, 0x00000000fc000000, 0x00000000fc100000|  0%| F|  |TAMS 0x00000000fc000000, 0x00000000fc000000| Untracked 
|   1|0x00000000fc100000, 0x00000000fc100000, 0x00000000fc200000|  0%| F|  |TAMS 0x00000000fc100000, 0x00000000fc100000| Untracked 
|   2|0x00000000fc200000, 0x00000000fc200000, 0x00000000fc300000|  0%| F|  |TAMS 0x00000000fc200000, 0x00000000fc200000| Untracked 
|   3|0x00000000fc300000, 0x00000000fc300000, 0x00000000fc400000|  0%| F|  |TAMS 0x00000000fc300000, 0x00000000fc300000| Untracked 
|   4|0x00000000fc400000, 0x00000000fc400000, 0x00000000fc500000|  0%| F|  |TAMS 0x00000000fc400000, 0x00000000fc400000| Untracked 
|   5|0x00000000fc500000, 0x00000000fc500000, 0x00000000fc600000|  0%| F|  |TAMS 0x00000000fc500000, 0x00000000fc500000| Untracked 
|   6|0x00000000fc600000, 0x00000000fc600000, 0x00000000fc700000|  0%| F|  |TAMS 0x00000000fc600000, 0x00000000fc600000| Untracked 
|   7|0x00000000fc700000, 0x00000000fc700000, 0x00000000fc800000|  0%| F|  |TAMS 0x00000000fc700000, 0x00000000fc700000| Untracked 
|   8|0x00000000fc800000, 0x00000000fc800000, 0x00000000fc900000|  0%| F|  |TAMS 0x00000000fc800000, 0x00000000fc800000| Untracked 
|   9|0x00000000fc900000, 0x00000000fc900000, 0x00000000fca00000|  0%| F|  |TAMS 0x00000000fc900000, 0x00000000fc900000| Untracked 
|  10|0x00000000fca00000, 0x00000000fca00000, 0x00000000fcb00000|  0%| F|  |TAMS 0x00000000fca00000, 0x00000000fca00000| Untracked 
|  11|0x00000000fcb00000, 0x00000000fcb00000, 0x00000000fcc00000|  0%| F|  |TAMS 0x00000000fcb00000, 0x00000000fcb00000| Untracked 
|  12|0x00000000fcc00000, 0x00000000fcc00000, 0x00000000fcd00000|  0%| F|  |TAMS 0x00000000fcc00000, 0x00000000fcc00000| Untracked 
|  13|0x00000000fcd00000, 0x00000000fcd00000, 0x00000000fce00000|  0%| F|  |TAMS 0x00000000fcd00000, 0x00000000fcd00000| Untracked 
|  14|0x00000000fce00000, 0x00000000fce00000, 0x00000000fcf00000|  0%| F|  |TAMS 0x00000000fce00000, 0x00000000fce00000| Untracked 
|  15|0x00000000fcf00000, 0x00000000fcf00000, 0x00000000fd000000|  0%| F|  |TAMS 0x00000000fcf00000, 0x00000000fcf00000| Untracked 
|  16|0x00000000fd000000, 0x00000000fd000000, 0x00000000fd100000|  0%| F|  |TAMS 0x00000000fd000000, 0x00000000fd000000| Untracked 
|  17|0x00000000fd100000, 0x00000000fd100000, 0x00000000fd200000|  0%| F|  |TAMS 0x00000000fd100000, 0x00000000fd100000| Untracked 
|  18|0x00000000fd200000, 0x00000000fd200000, 0x00000000fd300000|  0%| F|  |TAMS 0x00000000fd200000, 0x00000000fd200000| Untracked 
|  19|0x00000000fd300000, 0x00000000fd300000, 0x00000000fd400000|  0%| F|  |TAMS 0x00000000fd300000, 0x00000000fd300000| Untracked 
|  20|0x00000000fd400000, 0x00000000fd400000, 0x00000000fd500000|  0%| F|  |TAMS 0x00000000fd400000, 0x00000000fd400000| Untracked 
|  21|0x00000000fd500000, 0x00000000fd500000, 0x00000000fd600000|  0%| F|  |TAMS 0x00000000fd500000, 0x00000000fd500000| Untracked 
|  22|0x00000000fd600000, 0x00000000fd600000, 0x00000000fd700000|  0%| F|  |TAMS 0x00000000fd600000, 0x00000000fd600000| Untracked 
|  23|0x00000000fd700000, 0x00000000fd700000, 0x00000000fd800000|  0%| F|  |TAMS 0x00000000fd700000, 0x00000000fd700000| Untracked 
|  24|0x00000000fd800000, 0x00000000fd800000, 0x00000000fd900000|  0%| F|  |TAMS 0x00000000fd800000, 0x00000000fd800000| Untracked 
|  25|0x00000000fd900000, 0x00000000fd900000, 0x00000000fda00000|  0%| F|  |TAMS 0x00000000fd900000, 0x00000000fd900000| Untracked 
|  26|0x00000000fda00000, 0x00000000fda00000, 0x00000000fdb00000|  0%| F|  |TAMS 0x00000000fda00000, 0x00000000fda00000| Untracked 
|  27|0x00000000fdb00000, 0x00000000fdb00000, 0x00000000fdc00000|  0%| F|  |TAMS 0x00000000fdb00000, 0x00000000fdb00000| Untracked 
|  28|0x00000000fdc00000, 0x00000000fdc00000, 0x00000000fdd00000|  0%| F|  |TAMS 0x00000000fdc00000, 0x00000000fdc00000| Untracked 
|  29|0x00000000fdd00000, 0x00000000fdd00000, 0x00000000fde00000|  0%| F|  |TAMS 0x00000000fdd00000, 0x00000000fdd00000| Untracked 
|  30|0x00000000fde00000, 0x00000000fde00000, 0x00000000fdf00000|  0%| F|  |TAMS 0x00000000fde00000, 0x00000000fde00000| Untracked 
|  31|0x00000000fdf00000, 0x00000000fdf00000, 0x00000000fe000000|  0%| F|  |TAMS 0x00000000fdf00000, 0x00000000fdf00000| Untracked 
|  32|0x00000000fe000000, 0x00000000fe000000, 0x00000000fe100000|  0%| F|  |TAMS 0x00000000fe000000, 0x00000000fe000000| Untracked 
|  33|0x00000000fe100000, 0x00000000fe100000, 0x00000000fe200000|  0%| F|  |TAMS 0x00000000fe100000, 0x00000000fe100000| Untracked 
|  34|0x00000000fe200000, 0x00000000fe200000, 0x00000000fe300000|  0%| F|  |TAMS 0x00000000fe200000, 0x00000000fe200000| Untracked 
|  35|0x00000000fe300000, 0x00000000fe300000, 0x00000000fe400000|  0%| F|  |TAMS 0x00000000fe300000, 0x00000000fe300000| Untracked 
|  36|0x00000000fe400000, 0x00000000fe400000, 0x00000000fe500000|  0%| F|  |TAMS 0x00000000fe400000, 0x00000000fe400000| Untracked 
|  37|0x00000000fe500000, 0x00000000fe500000, 0x00000000fe600000|  0%| F|  |TAMS 0x00000000fe500000, 0x00000000fe500000| Untracked 
|  38|0x00000000fe600000, 0x00000000fe600000, 0x00000000fe700000|  0%| F|  |TAMS 0x00000000fe600000, 0x00000000fe600000| Untracked 
|  39|0x00000000fe700000, 0x00000000fe700000, 0x00000000fe800000|  0%| F|  |TAMS 0x00000000fe700000, 0x00000000fe700000| Untracked 
|  40|0x00000000fe800000, 0x00000000fe800000, 0x00000000fe900000|  0%| F|  |TAMS 0x00000000fe800000, 0x00000000fe800000| Untracked 
|  41|0x00000000fe900000, 0x00000000fe900000, 0x00000000fea00000|  0%| F|  |TAMS 0x00000000fe900000, 0x00000000fe900000| Untracked 
|  42|0x00000000fea00000, 0x00000000fea00000, 0x00000000feb00000|  0%| F|  |TAMS 0x00000000fea00000, 0x00000000fea00000| Untracked 
|  43|0x00000000feb00000, 0x00000000feb00000, 0x00000000fec00000|  0%| F|  |TAMS 0x00000000feb00000, 0x00000000feb00000| Untracked 
|  44|0x00000000fec00000, 0x00000000fec00000, 0x00000000fed00000|  0%| F|  |TAMS 0x00000000fec00000, 0x00000000fec00000| Untracked 
|  45|0x00000000fed00000, 0x00000000fed00000, 0x00000000fee00000|  0%| F|  |TAMS 0x00000000fed00000, 0x00000000fed00000| Untracked 
|  46|0x00000000fee00000, 0x00000000fee00000, 0x00000000fef00000|  0%| F|  |TAMS 0x00000000fee00000, 0x00000000fee00000| Untracked 
|  47|0x00000000fef00000, 0x00000000fef00000, 0x00000000ff000000|  0%| F|  |TAMS 0x00000000fef00000, 0x00000000fef00000| Untracked 
|  48|0x00000000ff000000, 0x00000000ff000000, 0x00000000ff100000|  0%| F|  |TAMS 0x00000000ff000000, 0x00000000ff000000| Untracked 
|  49|0x00000000ff100000, 0x00000000ff100000, 0x00000000ff200000|  0%| F|  |TAMS 0x00000000ff100000, 0x00000000ff100000| Untracked 
|  50|0x00000000ff200000, 0x00000000ff200000, 0x00000000ff300000|  0%| F|  |TAMS 0x00000000ff200000, 0x00000000ff200000| Untracked 
|  51|0x00000000ff300000, 0x00000000ff300000, 0x00000000ff400000|  0%| F|  |TAMS 0x00000000ff300000, 0x00000000ff300000| Untracked 
|  52|0x00000000ff400000, 0x00000000ff400000, 0x00000000ff500000|  0%| F|  |TAMS 0x00000000ff400000, 0x00000000ff400000| Untracked 
|  53|0x00000000ff500000, 0x00000000ff500000, 0x00000000ff600000|  0%| F|  |TAMS 0x00000000ff500000, 0x00000000ff500000| Untracked 
|  54|0x00000000ff600000, 0x00000000ff600000, 0x00000000ff700000|  0%| F|  |TAMS 0x00000000ff600000, 0x00000000ff600000| Untracked 
|  55|0x00000000ff700000, 0x00000000ff700000, 0x00000000ff800000|  0%| F|  |TAMS 0x00000000ff700000, 0x00000000ff700000| Untracked 
|  56|0x00000000ff800000, 0x00000000ff800000, 0x00000000ff900000|  0%| F|  |TAMS 0x00000000ff800000, 0x00000000ff800000| Untracked 
|  57|0x00000000ff900000, 0x00000000ff900000, 0x00000000ffa00000|  0%| F|  |TAMS 0x00000000ff900000, 0x00000000ff900000| Untracked 
|  58|0x00000000ffa00000, 0x00000000ffa00000, 0x00000000ffb00000|  0%| F|  |TAMS 0x00000000ffa00000, 0x00000000ffa00000| Untracked 
|  59|0x00000000ffb00000, 0x00000000ffb00000, 0x00000000ffc00000|  0%| F|  |TAMS 0x00000000ffb00000, 0x00000000ffb00000| Untracked 
|  60|0x00000000ffc00000, 0x00000000ffc00000, 0x00000000ffd00000|  0%| F|  |TAMS 0x00000000ffc00000, 0x00000000ffc00000| Untracked 
|  61|0x00000000ffd00000, 0x00000000ffd00000, 0x00000000ffe00000|  0%| F|  |TAMS 0x00000000ffd00000, 0x00000000ffd00000| Untracked 
|  62|0x00000000ffe00000, 0x00000000ffef6458, 0x00000000fff00000| 96%| E|  |TAMS 0x00000000ffe00000, 0x00000000ffe00000| Complete 
|  63|0x00000000fff00000, 0x0000000100000000, 0x0000000100000000|100%| E|CS|TAMS 0x00000000fff00000, 0x00000000fff00000| Complete 

Card table byte_map: [0x000001d404c10000,0x000001d404c30000] _byte_map_base: 0x000001d404430000

Marking Bits (Prev, Next): (CMBitMap*) 0x000001d404cbcd08, (CMBitMap*) 0x000001d404cbcd40
 Prev Bits: [0x000001d41c750000, 0x000001d41c850000)
 Next Bits: [0x000001d41c850000, 0x000001d41c950000)

Polling page: 0x000001d404470000

Metaspace:

Usage:
  Non-class:      5.34 MB capacity,     5.29 MB (>99%) used,    47.99 KB ( <1%) free+waste,     2.38 KB ( <1%) overhead. 
      Class:    535.00 KB capacity,   498.77 KB ( 93%) used,    34.98 KB (  7%) free+waste,     1.25 KB ( <1%) overhead. 
       Both:      5.86 MB capacity,     5.78 MB ( 99%) used,    82.97 KB (  1%) free+waste,     3.63 KB ( <1%) overhead. 

Virtual space:
  Non-class space:       10.00 MB reserved,       5.50 MB ( 55%) committed 
      Class space:        1.00 GB reserved,     640.00 KB ( <1%) committed 
             Both:        1.01 GB reserved,       6.13 MB ( <1%) committed 

Chunk freelists:
   Non-Class:  36.00 KB
       Class:  9.00 KB
        Both:  45.00 KB

MaxMetaspaceSize: 17179869184.00 GB
CompressedClassSpaceSize: 1.00 GB
Initial GC threshold: 20.80 MB
Current GC threshold: 20.80 MB
CDS: off

CodeHeap 'non-profiled nmethods': size=120000Kb used=46Kb max_used=46Kb free=119953Kb
 bounds [0x000001d414ee0000, 0x000001d415150000, 0x000001d41c410000]
CodeHeap 'profiled nmethods': size=120000Kb used=208Kb max_used=208Kb free=119791Kb
 bounds [0x000001d40d9b0000, 0x000001d40dc20000, 0x000001d414ee0000]
CodeHeap 'non-nmethods': size=5760Kb used=1093Kb max_used=1100Kb free=4666Kb
 bounds [0x000001d40d410000, 0x000001d40d680000, 0x000001d40d9b0000]
 total_blobs=510 nmethods=174 adapters=249
 compilation: enabled
              stopped_count=0, restarted_count=0
 full_count=0

Compilation events (20 events):
Event: 4.213 Thread 0x000001d41fd35000 nmethod 150 0x000001d414eea510 code [0x000001d414eea6c0, 0x000001d414eea778]
Event: 4.213 Thread 0x000001d41fd35000  151       3       java.lang.invoke.MethodType::hashCode (53 bytes)
Event: 4.214 Thread 0x000001d41fd35000 nmethod 151 0x000001d40d9da510 code [0x000001d40d9da6e0, 0x000001d40d9daa38]
Event: 4.214 Thread 0x000001d41fd35000  153       3       java.lang.invoke.MethodType$ConcurrentWeakInternSet::expungeStaleElements (27 bytes)
Event: 4.215 Thread 0x000001d41fd35000 nmethod 153 0x000001d40d9dac10 code [0x000001d40d9dae00, 0x000001d40d9db378]
Event: 4.215 Thread 0x000001d41fd35000  152       1       java.lang.invoke.MethodType::ptypes (5 bytes)
Event: 4.215 Thread 0x000001d41fd35000 nmethod 152 0x000001d414eea810 code [0x000001d414eea9c0, 0x000001d414eeaa78]
Event: 4.223 Thread 0x000001d41fd35000  155       1       java.lang.invoke.MethodType::form (5 bytes)
Event: 4.223 Thread 0x000001d41fd35000 nmethod 155 0x000001d414eeae10 code [0x000001d414eeafc0, 0x000001d414eeb078]
Event: 4.424 Thread 0x000001d41fd35000  156       3       jdk.internal.org.objectweb.asm.ByteVector::putUTF8 (142 bytes)
Event: 4.427 Thread 0x000001d41fd35000 nmethod 156 0x000001d40d9db590 code [0x000001d40d9db820, 0x000001d40d9dc308]
Event: 4.431 Thread 0x000001d41fd35000  159       3       java.lang.String::lastIndexOf (12 bytes)
Event: 4.435 Thread 0x000001d41fd35000 nmethod 159 0x000001d40d9dc810 code [0x000001d40d9dca00, 0x000001d40d9dcdd8]
Event: 4.435 Thread 0x000001d41fd35000  160       3       java.lang.String::checkBoundsBeginEnd (60 bytes)
Event: 4.437 Thread 0x000001d41fd35000 nmethod 160 0x000001d40d9dcf90 code [0x000001d40d9dd260, 0x000001d40d9ddd98]
Event: 4.444 Thread 0x000001d41fd35000  161       3       java.lang.String::substring (58 bytes)
Event: 4.445 Thread 0x000001d41f38e000  163       4       java.lang.StringLatin1::indexOf (61 bytes)
Event: 4.447 Thread 0x000001d41fd35000 nmethod 161 0x000001d40d9de210 code [0x000001d40d9de440, 0x000001d40d9deac8]
Event: 4.447 Thread 0x000001d41fd35000  162       3       java.lang.String::indexOf (29 bytes)
Event: 4.447 Thread 0x000001d41fd35000 nmethod 162 0x000001d40d9ded10 code [0x000001d40d9deee0, 0x000001d40d9df158]

GC Heap History (0 events):
No events

Deoptimization events (4 events):
Event: 2.640 Thread 0x000001d404c9e000 Uncommon trap: trap_request=0xffffff4d fr.pc=0x000001d414ee3920 relative=0x0000000000000180
Event: 2.654 Thread 0x000001d404c9e000 Uncommon trap: reason=unstable_if action=reinterpret pc=0x000001d414ee3920 method=java.lang.String.hashCode()I @ 14 c2
Event: 2.654 Thread 0x000001d404c9e000 DEOPT PACKING pc=0x000001d414ee3920 sp=0x00000057f21fd7e0
Event: 2.654 Thread 0x000001d404c9e000 DEOPT UNPACKING pc=0x000001d40d45a1af sp=0x00000057f21fd778 mode 2

Classes redefined (0 events):
No events

Internal exceptions (0 events):
No events

Events (20 events):
Event: 4.421 loading class java/lang/invoke/LambdaFormEditor$Transform done
Event: 4.422 loading class java/lang/invoke/LambdaFormBuffer
Event: 4.422 loading class java/lang/invoke/LambdaFormBuffer done
Event: 4.426 loading class java/lang/invoke/InvokerBytecodeGenerator$CpPatch
Event: 4.426 loading class java/lang/invoke/InvokerBytecodeGenerator$CpPatch done
Event: 4.431 loading class org/gradle/wrapper/GradleUserHomeLookup
Event: 4.431 loading class org/gradle/wrapper/GradleUserHomeLookup done
Event: 4.438 loading class java/lang/ProcessEnvironment
Event: 4.438 loading class java/lang/ProcessEnvironment done
Event: 4.438 Executing VM operation: Deoptimize
Event: 4.439 Executing VM operation: Deoptimize done
Event: 4.442 loading class java/lang/ProcessEnvironment$NameComparator
Event: 4.443 loading class java/lang/ProcessEnvironment$NameComparator done
Event: 4.443 loading class java/lang/ProcessEnvironment$EntryComparator
Event: 4.443 loading class java/lang/ProcessEnvironment$EntryComparator done
Event: 4.445 loading class java/util/TreeMap
Event: 4.449 loading class java/util/NavigableMap
Event: 4.449 loading class java/util/SortedMap
Event: 4.449 loading class java/util/SortedMap done
Event: 4.450 loading class java/util/NavigableMap done


Dynamic libraries:
0x00007ff697f20000 - 0x00007ff697f2d000 	C:\Program Files\Microsoft\jdk-11.0.20.8-hotspot\bin\java.exe
0x00007ffb75870000 - 0x00007ffb75a84000 	C:\WINDOWS\SYSTEM32\ntdll.dll
0x00007ffb73a70000 - 0x00007ffb73b34000 	C:\WINDOWS\System32\KERNEL32.DLL
0x00007ffb72fc0000 - 0x00007ffb73364000 	C:\WINDOWS\System32\KERNELBASE.dll
0x00007ffb734e0000 - 0x00007ffb735f1000 	C:\WINDOWS\System32\ucrtbase.dll
0x00007ffb5ab30000 - 0x00007ffb5ab47000 	C:\Program Files\Microsoft\jdk-11.0.20.8-hotspot\bin\jli.dll
0x00007ffb74cb0000 - 0x00007ffb74e5e000 	C:\WINDOWS\System32\USER32.dll
0x00007ffb72dd0000 - 0x00007ffb72df6000 	C:\WINDOWS\System32\win32u.dll
0x00007ffb73ee0000 - 0x00007ffb73f09000 	C:\WINDOWS\System32\GDI32.dll
0x00007ffb72e00000 - 0x00007ffb72f18000 	C:\WINDOWS\System32\gdi32full.dll
0x00007ffb72f20000 - 0x00007ffb72fba000 	C:\WINDOWS\System32\msvcp_win.dll
0x00007ffb5a9e0000 - 0x00007ffb5a9f5000 	C:\Program Files\Microsoft\jdk-11.0.20.8-hotspot\bin\VCRUNTIME140.dll
0x00007ffb56c00000 - 0x00007ffb56e93000 	C:\WINDOWS\WinSxS\amd64_microsoft.windows.common-controls_6595b64144ccf1df_6.0.22621.2215_none_270d72677387dfc3\COMCTL32.dll
0x00007ffb75780000 - 0x00007ffb75827000 	C:\WINDOWS\System32\msvcrt.dll
0x00007ffb75740000 - 0x00007ffb75771000 	C:\WINDOWS\System32\IMM32.DLL
0x00007ffb2f980000 - 0x00007ffb2fa1b000 	C:\Program Files\Microsoft\jdk-11.0.20.8-hotspot\bin\msvcp140.dll
0x00007ffaf2260000 - 0x00007ffaf2df6000 	C:\Program Files\Microsoft\jdk-11.0.20.8-hotspot\bin\server\jvm.dll
0x00007ffb74190000 - 0x00007ffb74240000 	C:\WINDOWS\System32\ADVAPI32.dll
0x00007ffb73f20000 - 0x00007ffb73fc6000 	C:\WINDOWS\System32\sechost.dll
0x00007ffb75480000 - 0x00007ffb75597000 	C:\WINDOWS\System32\RPCRT4.dll
0x00007ffb73f10000 - 0x00007ffb73f18000 	C:\WINDOWS\System32\PSAPI.DLL
0x00007ffb5ae50000 - 0x00007ffb5ae59000 	C:\WINDOWS\SYSTEM32\WSOCK32.dll
0x00007ffb737a0000 - 0x00007ffb73811000 	C:\WINDOWS\System32\WS2_32.dll
0x00007ffb6b0b0000 - 0x00007ffb6b0e4000 	C:\WINDOWS\SYSTEM32\WINMM.dll
0x00007ffb6ae70000 - 0x00007ffb6ae7a000 	C:\WINDOWS\SYSTEM32\VERSION.dll
0x00007ffb71c60000 - 0x00007ffb71c78000 	C:\WINDOWS\SYSTEM32\kernel.appcore.dll
0x00007ffb5a9d0000 - 0x00007ffb5a9e0000 	C:\Program Files\Microsoft\jdk-11.0.20.8-hotspot\bin\verify.dll
0x00007ffb70710000 - 0x00007ffb7093e000 	C:\WINDOWS\SYSTEM32\DBGHELP.DLL
0x00007ffb73b40000 - 0x00007ffb73eca000 	C:\WINDOWS\System32\combase.dll
0x00007ffb755a0000 - 0x00007ffb75677000 	C:\WINDOWS\System32\OLEAUT32.dll
0x00007ffb68c70000 - 0x00007ffb68ca2000 	C:\WINDOWS\SYSTEM32\dbgcore.DLL
0x00007ffb72c90000 - 0x00007ffb72d0a000 	C:\WINDOWS\System32\bcryptPrimitives.dll
0x00007ffb553b0000 - 0x00007ffb553d8000 	C:\Program Files\Microsoft\jdk-11.0.20.8-hotspot\bin\java.dll
0x00007ffb5a740000 - 0x00007ffb5a74a000 	C:\Program Files\Microsoft\jdk-11.0.20.8-hotspot\bin\jimage.dll
0x00007ffb59d10000 - 0x00007ffb59d28000 	C:\Program Files\Microsoft\jdk-11.0.20.8-hotspot\bin\zip.dll
0x00007ffb74300000 - 0x00007ffb74b23000 	C:\WINDOWS\System32\SHELL32.dll
0x00007ffb70b60000 - 0x00007ffb7144a000 	C:\WINDOWS\SYSTEM32\windows.storage.dll
0x00007ffb70a20000 - 0x00007ffb70b5e000 	C:\WINDOWS\SYSTEM32\wintypes.dll
0x00007ffb73970000 - 0x00007ffb73a63000 	C:\WINDOWS\System32\SHCORE.dll
0x00007ffb738b0000 - 0x00007ffb7390e000 	C:\WINDOWS\System32\shlwapi.dll
0x00007ffb72b50000 - 0x00007ffb72b76000 	C:\WINDOWS\SYSTEM32\profapi.dll
0x00007ffb57cb0000 - 0x00007ffb57cc9000 	C:\Program Files\Microsoft\jdk-11.0.20.8-hotspot\bin\net.dll
0x00007ffb6ba60000 - 0x00007ffb6bb97000 	C:\WINDOWS\SYSTEM32\WINHTTP.dll
0x00007ffb72190000 - 0x00007ffb721f9000 	C:\WINDOWS\system32\mswsock.dll
0x00007ffb558e0000 - 0x00007ffb558f3000 	C:\Program Files\Microsoft\jdk-11.0.20.8-hotspot\bin\nio.dll

dbghelp: loaded successfully - version: 4.0.5 - missing functions: none
symbol engine: initialized successfully - sym options: 0x614 - pdb path: .;C:\Program Files\Microsoft\jdk-11.0.20.8-hotspot\bin;C:\WINDOWS\SYSTEM32;C:\WINDOWS\WinSxS\amd64_microsoft.windows.common-controls_6595b64144ccf1df_6.0.22621.2215_none_270d72677387dfc3;C:\Program Files\Microsoft\jdk-11.0.20.8-hotspot\bin\server

VM Arguments:
jvm_args: -Xmx64m -Xms64m -Dorg.gradle.appname=gradlew 
java_command: org.gradle.wrapper.GradleWrapperMain tasks
java_class_path (initial): C:\Users\wante\OneDrive\Desktop\vscode\rn_demo\android\\gradle\wrapper\gradle-wrapper.jar
Launcher Type: SUN_STANDARD

[Global flags]
     intx CICompilerCount                          = 4                                         {product} {ergonomic}
     uint ConcGCThreads                            = 2                                         {product} {ergonomic}
     uint G1ConcRefinementThreads                  = 8                                         {product} {ergonomic}
   size_t G1HeapRegionSize                         = 1048576                                   {product} {ergonomic}
    uintx GCDrainStackTargetSize                   = 64                                        {product} {ergonomic}
   size_t InitialHeapSize                          = 67108864                                  {product} {command line}
   size_t MarkStackSize                            = 4194304                                   {product} {ergonomic}
   size_t MaxHeapSize                              = 67108864                                  {product} {command line}
   size_t MaxNewSize                               = 39845888                                  {product} {ergonomic}
   size_t MinHeapDeltaBytes                        = 1048576                                   {product} {ergonomic}
    uintx NonNMethodCodeHeapSize                   = 5836300                                {pd product} {ergonomic}
    uintx NonProfiledCodeHeapSize                  = 122910970                              {pd product} {ergonomic}
    uintx ProfiledCodeHeapSize                     = 122910970                              {pd product} {ergonomic}
    uintx ReservedCodeCacheSize                    = 251658240                              {pd product} {ergonomic}
     bool SegmentedCodeCache                       = true                                      {product} {ergonomic}
     bool UseCompressedClassPointers               = true                                 {lp64_product} {ergonomic}
     bool UseCompressedOops                        = true                                 {lp64_product} {ergonomic}
     bool UseG1GC                                  = true                                      {product} {ergonomic}
     bool UseLargePagesIndividualAllocation        = false                                  {pd product} {ergonomic}

Logging:
Log output configuration:
 #0: stdout all=warning uptime,level,tags
 #1: stderr all=off uptime,level,tags

Environment Variables:
JAVA_HOME=C:\Program Files\Microsoft\jdk-11.0.20.8-hotspot\
CLASSPATH=C:\Users\wante\OneDrive\Desktop\vscode\rn_demo\android\\gradle\wrapper\gradle-wrapper.jar
PATH=C:\Users\wante\OneDrive\Desktop\vscode\rn_demo\node_modules\.bin;C:\Users\wante\OneDrive\Desktop\vscode\rn_demo\node_modules\.bin;C:\Users\wante\OneDrive\Desktop\vscode\node_modules\.bin;C:\Users\wante\OneDrive\Desktop\node_modules\.bin;C:\Users\wante\OneDrive\node_modules\.bin;C:\Users\wante\node_modules\.bin;C:\Users\node_modules\.bin;C:\node_modules\.bin;C:\Program Files\nodejs\node_modules\npm\node_modules\@npmcli\run-script\lib\node-gyp-bin;C:\Users\wante\OneDrive\Desktop\vscode\rn_demo\node_modules\.bin;C:\Users\wante\OneDrive\Desktop\vscode\rn_demo\node_modules\.bin;C:\Users\wante\OneDrive\Desktop\vscode\node_modules\.bin;C:\Users\wante\OneDrive\Desktop\node_modules\.bin;C:\Users\wante\OneDrive\node_modules\.bin;C:\Users\wante\node_modules\.bin;C:\Users\node_modules\.bin;C:\node_modules\.bin;C:\Program Files\nodejs\node_modules\npm\node_modules\@npmcli\run-script\lib\node-gyp-bin;C:\Program Files\Microsoft\jdk-11.0.20.8-hotspot\bin;C:\WINDOWS\system32;C:\WINDOWS;C:\WINDOWS\System32\Wbem;C:\WINDOWS\System32\WindowsPowerShell\v1.0\;C:\WINDOWS\System32\OpenSSH\;C:\Program Files (x86)\NVIDIA Corporation\PhysX\Common;C:\Program Files\NVIDIA Corporation\NVIDIA NvDLISR;C:\WINDOWS\system32;C:\WINDOWS;C:\WINDOWS\System32\Wbem;C:\WINDOWS\System32\WindowsPowerShell\v1.0\;C:\WINDOWS\System32\OpenSSH\;C:\Program Files\Git\cmd;C:\ProgramData\chocolatey\bin;C:\Program Files\nodejs\;C:\Users\wante\AppData\Local\Android\Sdk\platform-tools;C:\Users\wante\AppData\Local\Microsoft\WindowsApps;;C:\Users\wante\Downloads\Microsoft VS Code\bin;C:\Users\wante\AppData\Roaming\npm
USERNAME=wante
LANG=en_US.UTF-8
OS=Windows_NT
PROCESSOR_IDENTIFIER=Intel64 Family 6 Model 158 Stepping 10, GenuineIntel
TMP=C:\Users\wante\AppData\Local\Temp
TEMP=C:\Users\wante\AppData\Local\Temp



---------------  S Y S T E M  ---------------

OS: Windows 11 , 64 bit Build 22621 (10.0.22621.2215)
OS uptime: 3 days 23:18 hours
Hyper-V role detected

CPU:total 8 (initial active 8) (4 cores per cpu, 2 threads per core) family 6 model 158 stepping 10 microcode 0xde, cmov, cx8, fxsr, mmx, sse, sse2, sse3, ssse3, sse4.1, sse4.2, popcnt, avx, avx2, aes, clmul, erms, 3dnowpref, lzcnt, ht, tsc, tscinvbit, bmi1, bmi2, adx, fma

Memory: 4k page, system-wide physical 16239M (1369M free)
TotalPageFile size 31361M (AvailPageFile size 9M)
current process WorkingSet (physical memory assigned to process): 33M, peak: 33M
current process commit charge ("private bytes"): 138M, peak: 138M

vm_info: OpenJDK 64-Bit Server VM (11.0.20+8-LTS) for windows-amd64 JRE (11.0.20+8-LTS), built on Jul  7 2023 17:05:21 by "MicrosoftCorporation" with MS VC++ 15.9 (VS2017)

END.
