#
# There is insufficient memory for the Java Runtime Environment to continue.
# Native memory allocation (malloc) failed to allocate 32744 bytes for ChunkPool::allocate
# Possible reasons:
#   The system is out of physical RAM or swap space
#   The process is running with CompressedOops enabled, and the Java Heap may be blocking the growth of the native heap
# Possible solutions:
#   Reduce memory load on the system
#   Increase physical memory or swap space
#   Check if swap backing store is full
#   Decrease Java heap size (-Xmx/-Xms)
#   Decrease number of Java threads
#   Decrease Java thread stack sizes (-Xss)
#   Set larger code cache with -XX:ReservedCodeCacheSize=
#   JVM is running with Unscaled Compressed Oops mode in which the Java heap is
#     placed in the first 4GB address space. The Java Heap base address is the
#     maximum limit for the native heap growth. Please use -XX:HeapBaseMinAddress
#     to set the Java Heap base and to place the Java Heap above 4GB virtual address.
# This output file may be truncated or incomplete.
#
#  Out of Memory Error (arena.cpp:81), pid=27460, tid=30196
#
# JRE version: OpenJDK Runtime Environment Microsoft-8035250 (11.0.20+8) (build 11.0.20+8-LTS)
# Java VM: OpenJDK 64-Bit Server VM Microsoft-8035250 (11.0.20+8-LTS, mixed mode, tiered, compressed oops, g1 gc, windows-amd64)
# No core dump will be written. Minidumps are not enabled by default on client versions of Windows
#

---------------  S U M M A R Y ------------

Command Line: -Xmx64m -Xms64m -Dorg.gradle.appname=gradlew org.gradle.wrapper.GradleWrapperMain tasks

Host: Intel(R) Core(TM) i5-8300H CPU @ 2.30GHz, 8 cores, 15G,  Windows 11 , 64 bit Build 22621 (10.0.22621.2215)
Time: Tue Oct 10 16:45:49 2023 Nepal Standard Time elapsed time: 45.582725 seconds (0d 0h 0m 45s)

---------------  T H R E A D  ---------------

Current thread (0x000001aff79e7800):  JavaThread "C2 CompilerThread0" daemon [_thread_in_native, id=30196, stack(0x000000a8ff900000,0x000000a8ffa00000)]


Current CompileTask:
C2:  45582 1018   !   4       java.util.concurrent.ConcurrentHashMap::putVal (432 bytes)

Stack: [0x000000a8ff900000,0x000000a8ffa00000]
Native frames: (J=compiled Java code, j=interpreted, Vv=VM code, C=native code)
V  [jvm.dll+0x62e9da]
V  [jvm.dll+0x7bc4e9]
V  [jvm.dll+0x7bdbd8]
V  [jvm.dll+0x7be2b3]
V  [jvm.dll+0x2505a8]
V  [jvm.dll+0xc289b]
V  [jvm.dll+0xc2bfc]
V  [jvm.dll+0xc274b]
V  [jvm.dll+0x60c2ff]
V  [jvm.dll+0x65ff24]
V  [jvm.dll+0x19f2cd]
V  [jvm.dll+0x2098c5]
V  [jvm.dll+0x20893d]
V  [jvm.dll+0x18a7de]
V  [jvm.dll+0x2181ec]
V  [jvm.dll+0x21642b]
V  [jvm.dll+0x77efc0]
V  [jvm.dll+0x777db4]
V  [jvm.dll+0x62d845]
C  [ucrtbase.dll+0x29363]
C  [KERNEL32.DLL+0x1257d]
C  [ntdll.dll+0x5aa68]


---------------  P R O C E S S  ---------------

Threads class SMR info:
_java_thread_list=0x000001aff86e92c0, length=11, elements={
0x000001afdcadb800, 0x000001aff7982000, 0x000001aff7985000, 0x000001aff79e2800,
0x000001aff79e3800, 0x000001aff79e4800, 0x000001aff79e7800, 0x000001aff799c000,
0x000001aff79fe800, 0x000001aff7c56000, 0x000001aff8a19800
}

Java Threads: ( => current thread )
  0x000001afdcadb800 JavaThread "main" [_thread_blocked, id=17904, stack(0x000000a8fed00000,0x000000a8fee00000)]
  0x000001aff7982000 JavaThread "Reference Handler" daemon [_thread_blocked, id=30352, stack(0x000000a8ff400000,0x000000a8ff500000)]
  0x000001aff7985000 JavaThread "Finalizer" daemon [_thread_blocked, id=28312, stack(0x000000a8ff500000,0x000000a8ff600000)]
  0x000001aff79e2800 JavaThread "Signal Dispatcher" daemon [_thread_blocked, id=30420, stack(0x000000a8ff600000,0x000000a8ff700000)]
  0x000001aff79e3800 JavaThread "Attach Listener" daemon [_thread_blocked, id=15212, stack(0x000000a8ff700000,0x000000a8ff800000)]
  0x000001aff79e4800 JavaThread "Service Thread" daemon [_thread_blocked, id=30016, stack(0x000000a8ff800000,0x000000a8ff900000)]
=>0x000001aff79e7800 JavaThread "C2 CompilerThread0" daemon [_thread_in_native, id=30196, stack(0x000000a8ff900000,0x000000a8ffa00000)]
  0x000001aff799c000 JavaThread "C1 CompilerThread0" daemon [_thread_blocked, id=30200, stack(0x000000a8ffa00000,0x000000a8ffb00000)]
  0x000001aff79fe800 JavaThread "Sweeper thread" daemon [_thread_blocked, id=30204, stack(0x000000a8ffb00000,0x000000a8ffc00000)]
  0x000001aff7c56000 JavaThread "Common-Cleaner" daemon [_thread_blocked, id=19204, stack(0x000000a8ffd00000,0x000000a8ffe00000)]
  0x000001aff8a19800 JavaThread "pool-1-thread-1" [_thread_blocked, id=26260, stack(0x000000a8ffe00000,0x000000a8fff00000)]

Other Threads:
  0x000001aff7947800 VMThread "VM Thread" [stack: 0x000000a8ff300000,0x000000a8ff400000] [id=7716]
  0x000001aff7c4d000 WatcherThread [stack: 0x000000a8ffc00000,0x000000a8ffd00000] [id=22828]
  0x000001afdcaf7000 GCTaskThread "GC Thread#0" [stack: 0x000000a8fee00000,0x000000a8fef00000] [id=24272]
  0x000001aff86fe000 GCTaskThread "GC Thread#1" [stack: 0x000000a8fff00000,0x000000a900000000] [id=27112]
  0x000001afdcafd000 ConcurrentGCThread "G1 Main Marker" [stack: 0x000000a8fef00000,0x000000a8ff000000] [id=29524]
  0x000001afdcafe800 ConcurrentGCThread "G1 Conc#0" [stack: 0x000000a8ff000000,0x000000a8ff100000] [id=24080]
  0x000001afdcb66000 ConcurrentGCThread "G1 Refine#0" [stack: 0x000000a8ff100000,0x000000a8ff200000] [id=4716]
  0x000001afdcb67000 ConcurrentGCThread "G1 Young RemSet Sampling" [stack: 0x000000a8ff200000,0x000000a8ff300000] [id=18280]

Threads with active compile tasks:
C2 CompilerThread0    45674 1018   !   4       java.util.concurrent.ConcurrentHashMap::putVal (432 bytes)

VM state:not at safepoint (normal execution)

VM Mutex/Monitor currently owned by a thread: None

Heap address: 0x00000000fc000000, size: 64 MB, Compressed Oops mode: 32-bit
Narrow klass base: 0x0000000000000000, Narrow klass shift: 3
Compressed class space size: 1073741824 Address: 0x0000000100000000

Heap:
 garbage-first heap   total 65536K, used 16272K [0x00000000fc000000, 0x0000000100000000)
  region size 1024K, 10 young (10240K), 3 survivors (3072K)
 Metaspace       used 11676K, capacity 11928K, committed 12160K, reserved 1060864K
  class space    used 1262K, capacity 1343K, committed 1408K, reserved 1048576K
Heap Regions: E=young(eden), S=young(survivor), O=old, HS=humongous(starts), HC=humongous(continues), CS=collection set, F=free, A=archive, TAMS=top-at-mark-start (previous, next)
|   0|0x00000000fc000000, 0x00000000fc100000, 0x00000000fc100000|100%|HS|  |TAMS 0x00000000fc000000, 0x00000000fc000000| Complete 
|   1|0x00000000fc100000, 0x00000000fc200000, 0x00000000fc200000|100%|HC|  |TAMS 0x00000000fc100000, 0x00000000fc100000| Complete 
|   2|0x00000000fc200000, 0x00000000fc300000, 0x00000000fc300000|100%|HC|  |TAMS 0x00000000fc200000, 0x00000000fc200000| Complete 
|   3|0x00000000fc300000, 0x00000000fc400000, 0x00000000fc400000|100%|HC|  |TAMS 0x00000000fc300000, 0x00000000fc300000| Complete 
|   4|0x00000000fc400000, 0x00000000fc500000, 0x00000000fc500000|100%| O|  |TAMS 0x00000000fc400000, 0x00000000fc400000| Untracked 
|   5|0x00000000fc500000, 0x00000000fc600000, 0x00000000fc600000|100%| O|  |TAMS 0x00000000fc500000, 0x00000000fc500000| Untracked 
|   6|0x00000000fc600000, 0x00000000fc6e4000, 0x00000000fc700000| 89%| O|  |TAMS 0x00000000fc600000, 0x00000000fc600000| Untracked 
|   7|0x00000000fc700000, 0x00000000fc700000, 0x00000000fc800000|  0%| F|  |TAMS 0x00000000fc700000, 0x00000000fc700000| Untracked 
|   8|0x00000000fc800000, 0x00000000fc800000, 0x00000000fc900000|  0%| F|  |TAMS 0x00000000fc800000, 0x00000000fc800000| Untracked 
|   9|0x00000000fc900000, 0x00000000fc900000, 0x00000000fca00000|  0%| F|  |TAMS 0x00000000fc900000, 0x00000000fc900000| Untracked 
|  10|0x00000000fca00000, 0x00000000fca00000, 0x00000000fcb00000|  0%| F|  |TAMS 0x00000000fca00000, 0x00000000fca00000| Untracked 
|  11|0x00000000fcb00000, 0x00000000fcb00000, 0x00000000fcc00000|  0%| F|  |TAMS 0x00000000fcb00000, 0x00000000fcb00000| Untracked 
|  12|0x00000000fcc00000, 0x00000000fcc00000, 0x00000000fcd00000|  0%| F|  |TAMS 0x00000000fcc00000, 0x00000000fcc00000| Untracked 
|  13|0x00000000fcd00000, 0x00000000fcd00000, 0x00000000fce00000|  0%| F|  |TAMS 0x00000000fcd00000, 0x00000000fcd00000| Untracked 
|  14|0x00000000fce00000, 0x00000000fce00000, 0x00000000fcf00000|  0%| F|  |TAMS 0x00000000fce00000, 0x00000000fce00000| Untracked 
|  15|0x00000000fcf00000, 0x00000000fcf00000, 0x00000000fd000000|  0%| F|  |TAMS 0x00000000fcf00000, 0x00000000fcf00000| Untracked 
|  16|0x00000000fd000000, 0x00000000fd000000, 0x00000000fd100000|  0%| F|  |TAMS 0x00000000fd000000, 0x00000000fd000000| Untracked 
|  17|0x00000000fd100000, 0x00000000fd100000, 0x00000000fd200000|  0%| F|  |TAMS 0x00000000fd100000, 0x00000000fd100000| Untracked 
|  18|0x00000000fd200000, 0x00000000fd200000, 0x00000000fd300000|  0%| F|  |TAMS 0x00000000fd200000, 0x00000000fd200000| Untracked 
|  19|0x00000000fd300000, 0x00000000fd300000, 0x00000000fd400000|  0%| F|  |TAMS 0x00000000fd300000, 0x00000000fd300000| Untracked 
|  20|0x00000000fd400000, 0x00000000fd400000, 0x00000000fd500000|  0%| F|  |TAMS 0x00000000fd400000, 0x00000000fd400000| Untracked 
|  21|0x00000000fd500000, 0x00000000fd500000, 0x00000000fd600000|  0%| F|  |TAMS 0x00000000fd500000, 0x00000000fd500000| Untracked 
|  22|0x00000000fd600000, 0x00000000fd600000, 0x00000000fd700000|  0%| F|  |TAMS 0x00000000fd600000, 0x00000000fd600000| Untracked 
|  23|0x00000000fd700000, 0x00000000fd700000, 0x00000000fd800000|  0%| F|  |TAMS 0x00000000fd700000, 0x00000000fd700000| Untracked 
|  24|0x00000000fd800000, 0x00000000fd800000, 0x00000000fd900000|  0%| F|  |TAMS 0x00000000fd800000, 0x00000000fd800000| Untracked 
|  25|0x00000000fd900000, 0x00000000fd900000, 0x00000000fda00000|  0%| F|  |TAMS 0x00000000fd900000, 0x00000000fd900000| Untracked 
|  26|0x00000000fda00000, 0x00000000fda00000, 0x00000000fdb00000|  0%| F|  |TAMS 0x00000000fda00000, 0x00000000fda00000| Untracked 
|  27|0x00000000fdb00000, 0x00000000fdb00000, 0x00000000fdc00000|  0%| F|  |TAMS 0x00000000fdb00000, 0x00000000fdb00000| Untracked 
|  28|0x00000000fdc00000, 0x00000000fdc00000, 0x00000000fdd00000|  0%| F|  |TAMS 0x00000000fdc00000, 0x00000000fdc00000| Untracked 
|  29|0x00000000fdd00000, 0x00000000fdd00000, 0x00000000fde00000|  0%| F|  |TAMS 0x00000000fdd00000, 0x00000000fdd00000| Untracked 
|  30|0x00000000fde00000, 0x00000000fde00000, 0x00000000fdf00000|  0%| F|  |TAMS 0x00000000fde00000, 0x00000000fde00000| Untracked 
|  31|0x00000000fdf00000, 0x00000000fdf00000, 0x00000000fe000000|  0%| F|  |TAMS 0x00000000fdf00000, 0x00000000fdf00000| Untracked 
|  32|0x00000000fe000000, 0x00000000fe000000, 0x00000000fe100000|  0%| F|  |TAMS 0x00000000fe000000, 0x00000000fe000000| Untracked 
|  33|0x00000000fe100000, 0x00000000fe100000, 0x00000000fe200000|  0%| F|  |TAMS 0x00000000fe100000, 0x00000000fe100000| Untracked 
|  34|0x00000000fe200000, 0x00000000fe200000, 0x00000000fe300000|  0%| F|  |TAMS 0x00000000fe200000, 0x00000000fe200000| Untracked 
|  35|0x00000000fe300000, 0x00000000fe300000, 0x00000000fe400000|  0%| F|  |TAMS 0x00000000fe300000, 0x00000000fe300000| Untracked 
|  36|0x00000000fe400000, 0x00000000fe400000, 0x00000000fe500000|  0%| F|  |TAMS 0x00000000fe400000, 0x00000000fe400000| Untracked 
|  37|0x00000000fe500000, 0x00000000fe600000, 0x00000000fe600000|100%| S|CS|TAMS 0x00000000fe500000, 0x00000000fe500000| Complete 
|  38|0x00000000fe600000, 0x00000000fe700000, 0x00000000fe700000|100%| S|CS|TAMS 0x00000000fe600000, 0x00000000fe600000| Complete 
|  39|0x00000000fe700000, 0x00000000fe800000, 0x00000000fe800000|100%| S|CS|TAMS 0x00000000fe700000, 0x00000000fe700000| Complete 
|  40|0x00000000fe800000, 0x00000000fe800000, 0x00000000fe900000|  0%| F|  |TAMS 0x00000000fe800000, 0x00000000fe800000| Untracked 
|  41|0x00000000fe900000, 0x00000000fe900000, 0x00000000fea00000|  0%| F|  |TAMS 0x00000000fe900000, 0x00000000fe900000| Untracked 
|  42|0x00000000fea00000, 0x00000000fea00000, 0x00000000feb00000|  0%| F|  |TAMS 0x00000000fea00000, 0x00000000fea00000| Untracked 
|  43|0x00000000feb00000, 0x00000000feb00000, 0x00000000fec00000|  0%| F|  |TAMS 0x00000000feb00000, 0x00000000feb00000| Untracked 
|  44|0x00000000fec00000, 0x00000000fec00000, 0x00000000fed00000|  0%| F|  |TAMS 0x00000000fec00000, 0x00000000fec00000| Untracked 
|  45|0x00000000fed00000, 0x00000000fed00000, 0x00000000fee00000|  0%| F|  |TAMS 0x00000000fed00000, 0x00000000fed00000| Untracked 
|  46|0x00000000fee00000, 0x00000000fee00000, 0x00000000fef00000|  0%| F|  |TAMS 0x00000000fee00000, 0x00000000fee00000| Untracked 
|  47|0x00000000fef00000, 0x00000000fef00000, 0x00000000ff000000|  0%| F|  |TAMS 0x00000000fef00000, 0x00000000fef00000| Untracked 
|  48|0x00000000ff000000, 0x00000000ff000000, 0x00000000ff100000|  0%| F|  |TAMS 0x00000000ff000000, 0x00000000ff000000| Untracked 
|  49|0x00000000ff100000, 0x00000000ff100000, 0x00000000ff200000|  0%| F|  |TAMS 0x00000000ff100000, 0x00000000ff100000| Untracked 
|  50|0x00000000ff200000, 0x00000000ff200000, 0x00000000ff300000|  0%| F|  |TAMS 0x00000000ff200000, 0x00000000ff200000| Untracked 
|  51|0x00000000ff300000, 0x00000000ff300000, 0x00000000ff400000|  0%| F|  |TAMS 0x00000000ff300000, 0x00000000ff300000| Untracked 
|  52|0x00000000ff400000, 0x00000000ff400000, 0x00000000ff500000|  0%| F|  |TAMS 0x00000000ff400000, 0x00000000ff400000| Untracked 
|  53|0x00000000ff500000, 0x00000000ff500000, 0x00000000ff600000|  0%| F|  |TAMS 0x00000000ff500000, 0x00000000ff500000| Untracked 
|  54|0x00000000ff600000, 0x00000000ff600000, 0x00000000ff700000|  0%| F|  |TAMS 0x00000000ff600000, 0x00000000ff600000| Untracked 
|  55|0x00000000ff700000, 0x00000000ff700000, 0x00000000ff800000|  0%| F|  |TAMS 0x00000000ff700000, 0x00000000ff700000| Untracked 
|  56|0x00000000ff800000, 0x00000000ff800000, 0x00000000ff900000|  0%| F|  |TAMS 0x00000000ff800000, 0x00000000ff800000| Untracked 
|  57|0x00000000ff900000, 0x00000000ffa00000, 0x00000000ffa00000|100%| E|  |TAMS 0x00000000ff900000, 0x00000000ff900000| Complete 
|  58|0x00000000ffa00000, 0x00000000ffb00000, 0x00000000ffb00000|100%| E|CS|TAMS 0x00000000ffa00000, 0x00000000ffa00000| Complete 
|  59|0x00000000ffb00000, 0x00000000ffc00000, 0x00000000ffc00000|100%| E|CS|TAMS 0x00000000ffb00000, 0x00000000ffb00000| Complete 
|  60|0x00000000ffc00000, 0x00000000ffd00000, 0x00000000ffd00000|100%| E|CS|TAMS 0x00000000ffc00000, 0x00000000ffc00000| Complete 
|  61|0x00000000ffd00000, 0x00000000ffe00000, 0x00000000ffe00000|100%| E|CS|TAMS 0x00000000ffd00000, 0x00000000ffd00000| Complete 
|  62|0x00000000ffe00000, 0x00000000fff00000, 0x00000000fff00000|100%| E|CS|TAMS 0x00000000ffe00000, 0x00000000ffe00000| Complete 
|  63|0x00000000fff00000, 0x0000000100000000, 0x0000000100000000|100%| E|CS|TAMS 0x00000000fff00000, 0x00000000fff00000| Complete 

Card table byte_map: [0x000001afdca30000,0x000001afdca50000] _byte_map_base: 0x000001afdc250000

Marking Bits (Prev, Next): (CMBitMap*) 0x000001afdcafc1f8, (CMBitMap*) 0x000001afdcafc230
 Prev Bits: [0x000001aff4580000, 0x000001aff4680000)
 Next Bits: [0x000001aff4680000, 0x000001aff4780000)

Polling page: 0x000001afdac80000

Metaspace:

Usage:
  Non-class:     10.34 MB capacity,    10.17 MB ( 98%) used,   157.63 KB (  1%) free+waste,    13.38 KB ( <1%) overhead. 
      Class:      1.31 MB capacity,     1.23 MB ( 94%) used,    73.48 KB (  5%) free+waste,     6.69 KB ( <1%) overhead. 
       Both:     11.65 MB capacity,    11.40 MB ( 98%) used,   231.12 KB (  2%) free+waste,    20.06 KB ( <1%) overhead. 

Virtual space:
  Non-class space:       12.00 MB reserved,      10.50 MB ( 88%) committed 
      Class space:        1.00 GB reserved,       1.38 MB ( <1%) committed 
             Both:        1.01 GB reserved,      11.88 MB (  1%) committed 

Chunk freelists:
   Non-Class:  39.00 KB
       Class:  1.00 KB
        Both:  40.00 KB

MaxMetaspaceSize: 17179869184.00 GB
CompressedClassSpaceSize: 1.00 GB
Initial GC threshold: 20.80 MB
Current GC threshold: 20.80 MB
CDS: off

CodeHeap 'non-profiled nmethods': size=120000Kb used=414Kb max_used=414Kb free=119585Kb
 bounds [0x000001afecd20000, 0x000001afecf90000, 0x000001aff4250000]
CodeHeap 'profiled nmethods': size=120000Kb used=1912Kb max_used=1912Kb free=118087Kb
 bounds [0x000001afe57f0000, 0x000001afe5a60000, 0x000001afecd20000]
CodeHeap 'non-nmethods': size=5760Kb used=1126Kb max_used=1146Kb free=4633Kb
 bounds [0x000001afe5250000, 0x000001afe54c0000, 0x000001afe57f0000]
 total_blobs=1391 nmethods=1014 adapters=290
 compilation: enabled
              stopped_count=0, restarted_count=0
 full_count=0

Compilation events (20 events):
Event: 45.489 Thread 0x000001aff799c000 1010       3       java.util.regex.CharPredicates$$Lambda$2/0x0000000100066440::is (9 bytes)
Event: 45.490 Thread 0x000001aff799c000 nmethod 1010 0x000001afe59caf10 code [0x000001afe59cb0e0, 0x000001afe59cb478]
Event: 45.490 Thread 0x000001aff799c000 1011       3       java.util.regex.CharPredicates::lambda$ctype$14 (21 bytes)
Event: 45.490 Thread 0x000001aff799c000 nmethod 1011 0x000001afe59cb610 code [0x000001afe59cb7e0, 0x000001afe59cbaf8]
Event: 45.490 Thread 0x000001aff799c000 1012       3       java.util.regex.Pattern$BmpCharPredicate$$Lambda$5/0x0000000100065040::is (13 bytes)
Event: 45.491 Thread 0x000001aff799c000 nmethod 1012 0x000001afe59cbc10 code [0x000001afe59cbe00, 0x000001afe59cc1d8]
Event: 45.491 Thread 0x000001aff799c000 1013       3       java.util.regex.Pattern$BmpCharPredicate::lambda$union$2 (26 bytes)
Event: 45.491 Thread 0x000001aff799c000 nmethod 1013 0x000001afe59cc310 code [0x000001afe59cc4e0, 0x000001afe59cc7f8]
Event: 45.491 Thread 0x000001aff799c000 1007       3       java.lang.invoke.MemberName::<init> (47 bytes)
Event: 45.492 Thread 0x000001aff799c000 nmethod 1007 0x000001afe59cc910 code [0x000001afe59ccb00, 0x000001afe59cce18]
Event: 45.492 Thread 0x000001aff799c000 1014       3       java.util.HashMap$HashIterator::<init> (79 bytes)
Event: 45.492 Thread 0x000001aff799c000 nmethod 1014 0x000001afe59ccf90 code [0x000001afe59cd160, 0x000001afe59cd578]
Event: 45.492 Thread 0x000001aff799c000 1015       1       org.gradle.cli.CommandLineOption::getOptions (5 bytes)
Event: 45.493 Thread 0x000001aff799c000 nmethod 1015 0x000001afecd86a90 code [0x000001afecd86c40, 0x000001afecd86cf8]
Event: 45.497 Thread 0x000001aff799c000 1016       3       java.lang.StringCoding::decodeUTF8 (39 bytes)
Event: 45.498 Thread 0x000001aff799c000 nmethod 1016 0x000001afe59cd710 code [0x000001afe59cd900, 0x000001afe59cdc18]
Event: 45.498 Thread 0x000001aff799c000 1017       3       java.util.jar.Manifest$FastInputStream::peek (38 bytes)
Event: 45.498 Thread 0x000001aff799c000 nmethod 1017 0x000001afe59cdd90 code [0x000001afe59cdf60, 0x000001afe59ce168]
Event: 45.517 Thread 0x000001aff79e7800 nmethod 1009 0x000001afecd86d90 code [0x000001afecd86fa0, 0x000001afecd87550]
Event: 45.517 Thread 0x000001aff79e7800 1018   !   4       java.util.concurrent.ConcurrentHashMap::putVal (432 bytes)

GC Heap History (2 events):
Event: 42.355 GC heap before
{Heap before GC invocations=0 (full 0):
 garbage-first heap   total 65536K, used 27648K [0x00000000fc000000, 0x0000000100000000)
  region size 1024K, 24 young (24576K), 0 survivors (0K)
 Metaspace       used 10337K, capacity 10593K, committed 10624K, reserved 1058816K
  class space    used 1048K, capacity 1129K, committed 1152K, reserved 1048576K
}
Event: 42.374 GC heap after
{Heap after GC invocations=1 (full 0):
 garbage-first heap   total 65536K, used 10128K [0x00000000fc000000, 0x0000000100000000)
  region size 1024K, 3 young (3072K), 3 survivors (3072K)
 Metaspace       used 10337K, capacity 10593K, committed 10624K, reserved 1058816K
  class space    used 1048K, capacity 1129K, committed 1152K, reserved 1048576K
}

Deoptimization events (20 events):
Event: 41.610 Thread 0x000001afdcadb800 Uncommon trap: trap_request=0xffffffde fr.pc=0x000001afecd3eb2c relative=0x00000000000002cc
Event: 41.610 Thread 0x000001afdcadb800 Uncommon trap: reason=class_check action=maybe_recompile pc=0x000001afecd3eb2c method=java.util.regex.Matcher.match(II)Z @ 121 c2
Event: 41.610 Thread 0x000001afdcadb800 DEOPT PACKING pc=0x000001afecd3eb2c sp=0x000000a8fedfd100
Event: 41.610 Thread 0x000001afdcadb800 DEOPT UNPACKING pc=0x000001afe529a1af sp=0x000000a8fedfd098 mode 2
Event: 41.612 Thread 0x000001afdcadb800 Uncommon trap: trap_request=0xffffffde fr.pc=0x000001afecd3eb2c relative=0x00000000000002cc
Event: 41.612 Thread 0x000001afdcadb800 Uncommon trap: reason=class_check action=maybe_recompile pc=0x000001afecd3eb2c method=java.util.regex.Matcher.match(II)Z @ 121 c2
Event: 41.612 Thread 0x000001afdcadb800 DEOPT PACKING pc=0x000001afecd3eb2c sp=0x000000a8fedfcf80
Event: 41.612 Thread 0x000001afdcadb800 DEOPT UNPACKING pc=0x000001afe529a1af sp=0x000000a8fedfcf18 mode 2
Event: 41.612 Thread 0x000001afdcadb800 Uncommon trap: trap_request=0xffffffde fr.pc=0x000001afecd3eb2c relative=0x00000000000002cc
Event: 41.612 Thread 0x000001afdcadb800 Uncommon trap: reason=class_check action=maybe_recompile pc=0x000001afecd3eb2c method=java.util.regex.Matcher.match(II)Z @ 121 c2
Event: 41.612 Thread 0x000001afdcadb800 DEOPT PACKING pc=0x000001afecd3eb2c sp=0x000000a8fedfcf80
Event: 41.612 Thread 0x000001afdcadb800 DEOPT UNPACKING pc=0x000001afe529a1af sp=0x000000a8fedfcf18 mode 2
Event: 41.625 Thread 0x000001afdcadb800 Uncommon trap: trap_request=0xffffff4d fr.pc=0x000001afecd2dc74 relative=0x0000000000000054
Event: 41.625 Thread 0x000001afdcadb800 Uncommon trap: reason=unstable_if action=reinterpret pc=0x000001afecd2dc74 method=java.util.regex.Pattern.has(I)Z @ 6 c2
Event: 41.625 Thread 0x000001afdcadb800 DEOPT PACKING pc=0x000001afecd2dc74 sp=0x000000a8fedfcd60
Event: 41.625 Thread 0x000001afdcadb800 DEOPT UNPACKING pc=0x000001afe529a1af sp=0x000000a8fedfccf0 mode 2
Event: 41.738 Thread 0x000001afdcadb800 Uncommon trap: trap_request=0xffffff4d fr.pc=0x000001afecd61c50 relative=0x0000000000000210
Event: 41.738 Thread 0x000001afdcadb800 Uncommon trap: reason=unstable_if action=reinterpret pc=0x000001afecd61c50 method=java.util.HashMap.hash(Ljava/lang/Object;)I @ 1 c2
Event: 41.738 Thread 0x000001afdcadb800 DEOPT PACKING pc=0x000001afecd61c50 sp=0x000000a8fedfd050
Event: 41.738 Thread 0x000001afdcadb800 DEOPT UNPACKING pc=0x000001afe529a1af sp=0x000000a8fedfcf88 mode 2

Classes redefined (0 events):
No events

Internal exceptions (8 events):
Event: 9.304 Thread 0x000001afdcadb800 Exception <a 'java/lang/NoSuchMethodError'{0x00000000ffc62640}: 'int java.lang.invoke.DirectMethodHandle$Holder.invokeStaticInit(java.lang.Object, java.lang.Object)'> (0x00000000ffc62640) thrown at [s\src\hotspot\share\interpreter\linkResolver.cpp, line 773]
Event: 9.764 Thread 0x000001afdcadb800 Exception <a 'java/lang/NoSuchMethodError'{0x00000000ffb37078}: 'int java.lang.invoke.DirectMethodHandle$Holder.invokeSpecial(java.lang.Object, java.lang.Object, java.lang.Object, java.lang.Object)'> (0x00000000ffb37078) thrown at [s\src\hotspot\share\interpreter\linkResolver.cpp, line 773]
Event: 10.096 Thread 0x000001afdcadb800 Exception <a 'java/lang/NoSuchMethodError'{0x00000000ffb6f440}: 'int java.lang.invoke.DirectMethodHandle$Holder.invokeSpecialIFC(java.lang.Object, java.lang.Object, int)'> (0x00000000ffb6f440) thrown at [s\src\hotspot\share\interpreter\linkResolver.cpp, line 773]
Event: 41.738 Thread 0x000001afdcadb800 Implicit null exception at 0x000001afecd61a75 to 0x000001afecd61c40
Event: 42.043 Thread 0x000001afdcadb800 Exception <a 'java/lang/NoClassDefFoundError'{0x00000000fe816818}: org/slf4j/impl/StaticMarkerBinder> (0x00000000fe816818) thrown at [s\src\hotspot\share\classfile\systemDictionary.cpp, line 219]
Event: 42.395 Thread 0x000001afdcadb800 Exception <a 'java/lang/NoSuchMethodError'{0x00000000fff14fd8}: 'java.lang.Object java.lang.invoke.DirectMethodHandle$Holder.invokeVirtual(java.lang.Object, java.lang.Object, java.lang.Object, java.lang.Object, java.lang.Object, java.lang.Object, java.lang.Object)'> (0x00000000fff14fd8) thrown at [s\src\hotspot\share\interpreter\linkResolver.cpp, line 773]
Event: 42.400 Thread 0x000001afdcadb800 Exception <a 'java/lang/NoSuchMethodError'{0x00000000fff291c0}: 'java.lang.Object java.lang.invoke.Invokers$Holder.invoker(java.lang.Object, java.lang.Object, java.lang.Object)'> (0x00000000fff291c0) thrown at [s\src\hotspot\share\interpreter\linkResolver.cpp, line 773]
Event: 42.404 Thread 0x000001afdcadb800 Exception <a 'java/lang/NoSuchMethodError'{0x00000000fff39f88}: 'void java.lang.invoke.DelegatingMethodHandle$Holder.delegate(java.lang.Object, java.lang.Object, int, java.lang.Object)'> (0x00000000fff39f88) thrown at [s\src\hotspot\share\interpreter\linkResolver.cpp, line 773]

Events (20 events):
Event: 45.503 Executing VM operation: RevokeBias
Event: 45.503 Executing VM operation: RevokeBias done
Event: 45.503 Executing VM operation: RevokeBias
Event: 45.503 Executing VM operation: RevokeBias done
Event: 45.505 loading class org/gradle/internal/buildoption/Option$Value$2
Event: 45.505 loading class org/gradle/internal/buildoption/Option$Value$2 done
Event: 45.505 Executing VM operation: RevokeBias
Event: 45.505 Executing VM operation: RevokeBias done
Event: 45.506 loading class org/gradle/internal/buildoption/Option$Value$1
Event: 45.506 loading class org/gradle/internal/buildoption/Option$Value$1 done
Event: 45.506 loading class org/gradle/internal/DefaultTaskExecutionRequest
Event: 45.506 loading class org/gradle/internal/DefaultTaskExecutionRequest done
Event: 45.508 loading class com/google/common/collect/Lists
Event: 45.508 loading class com/google/common/collect/Lists done
Event: 45.508 Executing VM operation: RevokeBias
Event: 45.508 Executing VM operation: RevokeBias done
Event: 45.510 loading class com/google/common/collect/ImmutableList
Event: 45.510 loading class com/google/common/collect/ImmutableList done
Event: 45.510 Executing VM operation: RevokeBias
Event: 45.510 Executing VM operation: RevokeBias done


Dynamic libraries:
0x00007ff697f20000 - 0x00007ff697f2d000 	C:\Program Files\Microsoft\jdk-11.0.20.8-hotspot\bin\java.exe
0x00007ffb75870000 - 0x00007ffb75a84000 	C:\WINDOWS\SYSTEM32\ntdll.dll
0x00007ffb73a70000 - 0x00007ffb73b34000 	C:\WINDOWS\System32\KERNEL32.DLL
0x00007ffb72fc0000 - 0x00007ffb73364000 	C:\WINDOWS\System32\KERNELBASE.dll
0x00007ffb734e0000 - 0x00007ffb735f1000 	C:\WINDOWS\System32\ucrtbase.dll
0x00007ffb5ab30000 - 0x00007ffb5ab47000 	C:\Program Files\Microsoft\jdk-11.0.20.8-hotspot\bin\jli.dll
0x00007ffb74cb0000 - 0x00007ffb74e5e000 	C:\WINDOWS\System32\USER32.dll
0x00007ffb72dd0000 - 0x00007ffb72df6000 	C:\WINDOWS\System32\win32u.dll
0x00007ffb73ee0000 - 0x00007ffb73f09000 	C:\WINDOWS\System32\GDI32.dll
0x00007ffb72e00000 - 0x00007ffb72f18000 	C:\WINDOWS\System32\gdi32full.dll
0x00007ffb72f20000 - 0x00007ffb72fba000 	C:\WINDOWS\System32\msvcp_win.dll
0x00007ffb5a9e0000 - 0x00007ffb5a9f5000 	C:\Program Files\Microsoft\jdk-11.0.20.8-hotspot\bin\VCRUNTIME140.dll
0x00007ffb56c00000 - 0x00007ffb56e93000 	C:\WINDOWS\WinSxS\amd64_microsoft.windows.common-controls_6595b64144ccf1df_6.0.22621.2215_none_270d72677387dfc3\COMCTL32.dll
0x00007ffb75780000 - 0x00007ffb75827000 	C:\WINDOWS\System32\msvcrt.dll
0x00007ffb75740000 - 0x00007ffb75771000 	C:\WINDOWS\System32\IMM32.DLL
0x00007ffb2f980000 - 0x00007ffb2fa1b000 	C:\Program Files\Microsoft\jdk-11.0.20.8-hotspot\bin\msvcp140.dll
0x00007ffaf2260000 - 0x00007ffaf2df6000 	C:\Program Files\Microsoft\jdk-11.0.20.8-hotspot\bin\server\jvm.dll
0x00007ffb74190000 - 0x00007ffb74240000 	C:\WINDOWS\System32\ADVAPI32.dll
0x00007ffb73f20000 - 0x00007ffb73fc6000 	C:\WINDOWS\System32\sechost.dll
0x00007ffb75480000 - 0x00007ffb75597000 	C:\WINDOWS\System32\RPCRT4.dll
0x00007ffb73f10000 - 0x00007ffb73f18000 	C:\WINDOWS\System32\PSAPI.DLL
0x00007ffb5ae50000 - 0x00007ffb5ae59000 	C:\WINDOWS\SYSTEM32\WSOCK32.dll
0x00007ffb6b0b0000 - 0x00007ffb6b0e4000 	C:\WINDOWS\SYSTEM32\WINMM.dll
0x00007ffb6ae70000 - 0x00007ffb6ae7a000 	C:\WINDOWS\SYSTEM32\VERSION.dll
0x00007ffb737a0000 - 0x00007ffb73811000 	C:\WINDOWS\System32\WS2_32.dll
0x00007ffb71c60000 - 0x00007ffb71c78000 	C:\WINDOWS\SYSTEM32\kernel.appcore.dll
0x00007ffb5a9d0000 - 0x00007ffb5a9e0000 	C:\Program Files\Microsoft\jdk-11.0.20.8-hotspot\bin\verify.dll
0x00007ffb70710000 - 0x00007ffb7093e000 	C:\WINDOWS\SYSTEM32\DBGHELP.DLL
0x00007ffb73b40000 - 0x00007ffb73eca000 	C:\WINDOWS\System32\combase.dll
0x00007ffb755a0000 - 0x00007ffb75677000 	C:\WINDOWS\System32\OLEAUT32.dll
0x00007ffb68c70000 - 0x00007ffb68ca2000 	C:\WINDOWS\SYSTEM32\dbgcore.DLL
0x00007ffb72c90000 - 0x00007ffb72d0a000 	C:\WINDOWS\System32\bcryptPrimitives.dll
0x00007ffb553b0000 - 0x00007ffb553d8000 	C:\Program Files\Microsoft\jdk-11.0.20.8-hotspot\bin\java.dll
0x00007ffb5a740000 - 0x00007ffb5a74a000 	C:\Program Files\Microsoft\jdk-11.0.20.8-hotspot\bin\jimage.dll
0x00007ffb59d10000 - 0x00007ffb59d28000 	C:\Program Files\Microsoft\jdk-11.0.20.8-hotspot\bin\zip.dll
0x00007ffb74300000 - 0x00007ffb74b23000 	C:\WINDOWS\System32\SHELL32.dll
0x00007ffb70b60000 - 0x00007ffb7144a000 	C:\WINDOWS\SYSTEM32\windows.storage.dll
0x00007ffb70a20000 - 0x00007ffb70b5e000 	C:\WINDOWS\SYSTEM32\wintypes.dll
0x00007ffb73970000 - 0x00007ffb73a63000 	C:\WINDOWS\System32\SHCORE.dll
0x00007ffb738b0000 - 0x00007ffb7390e000 	C:\WINDOWS\System32\shlwapi.dll
0x00007ffb72b50000 - 0x00007ffb72b76000 	C:\WINDOWS\SYSTEM32\profapi.dll
0x00007ffb57cb0000 - 0x00007ffb57cc9000 	C:\Program Files\Microsoft\jdk-11.0.20.8-hotspot\bin\net.dll
0x00007ffb6ba60000 - 0x00007ffb6bb97000 	C:\WINDOWS\SYSTEM32\WINHTTP.dll
0x00007ffb72190000 - 0x00007ffb721f9000 	C:\WINDOWS\system32\mswsock.dll
0x00007ffb558e0000 - 0x00007ffb558f3000 	C:\Program Files\Microsoft\jdk-11.0.20.8-hotspot\bin\nio.dll
0x00007ffb529b0000 - 0x00007ffb529d7000 	C:\Users\wante\.gradle\native\68d5fa5c4cc2d200863cafc0d521ce42e7d3e7ee720ec0a83991735586a16f82\windows-amd64\native-platform.dll

dbghelp: loaded successfully - version: 4.0.5 - missing functions: none
symbol engine: initialized successfully - sym options: 0x614 - pdb path: .;C:\Program Files\Microsoft\jdk-11.0.20.8-hotspot\bin;C:\WINDOWS\SYSTEM32;C:\WINDOWS\WinSxS\amd64_microsoft.windows.common-controls_6595b64144ccf1df_6.0.22621.2215_none_270d72677387dfc3;C:\Program Files\Microsoft\jdk-11.0.20.8-hotspot\bin\server;C:\Users\wante\.gradle\native\68d5fa5c4cc2d200863cafc0d521ce42e7d3e7ee720ec0a83991735586a16f82\windows-amd64

VM Arguments:
jvm_args: -Xmx64m -Xms64m -Dorg.gradle.appname=gradlew 
java_command: org.gradle.wrapper.GradleWrapperMain tasks
java_class_path (initial): C:\Users\wante\OneDrive\Desktop\vscode\rn_demo\android\\gradle\wrapper\gradle-wrapper.jar
Launcher Type: SUN_STANDARD

[Global flags]
     intx CICompilerCount                          = 4                                         {product} {ergonomic}
     uint ConcGCThreads                            = 2                                         {product} {ergonomic}
     uint G1ConcRefinementThreads                  = 8                                         {product} {ergonomic}
   size_t G1HeapRegionSize                         = 1048576                                   {product} {ergonomic}
    uintx GCDrainStackTargetSize                   = 64                                        {product} {ergonomic}
   size_t InitialHeapSize                          = 67108864                                  {product} {command line}
   size_t MarkStackSize                            = 4194304                                   {product} {ergonomic}
   size_t MaxHeapSize                              = 67108864                                  {product} {command line}
   size_t MaxNewSize                               = 39845888                                  {product} {ergonomic}
   size_t MinHeapDeltaBytes                        = 1048576                                   {product} {ergonomic}
    uintx NonNMethodCodeHeapSize                   = 5836300                                {pd product} {ergonomic}
    uintx NonProfiledCodeHeapSize                  = 122910970                              {pd product} {ergonomic}
    uintx ProfiledCodeHeapSize                     = 122910970                              {pd product} {ergonomic}
    uintx ReservedCodeCacheSize                    = 251658240                              {pd product} {ergonomic}
     bool SegmentedCodeCache                       = true                                      {product} {ergonomic}
     bool UseCompressedClassPointers               = true                                 {lp64_product} {ergonomic}
     bool UseCompressedOops                        = true                                 {lp64_product} {ergonomic}
     bool UseG1GC                                  = true                                      {product} {ergonomic}
     bool UseLargePagesIndividualAllocation        = false                                  {pd product} {ergonomic}

Logging:
Log output configuration:
 #0: stdout all=warning uptime,level,tags
 #1: stderr all=off uptime,level,tags

Environment Variables:
JAVA_HOME=C:\Program Files\Microsoft\jdk-11.0.20.8-hotspot\
CLASSPATH=C:\Users\wante\OneDrive\Desktop\vscode\rn_demo\android\\gradle\wrapper\gradle-wrapper.jar
PATH=C:\Users\wante\OneDrive\Desktop\vscode\rn_demo\node_modules\.bin;C:\Users\wante\OneDrive\Desktop\vscode\rn_demo\node_modules\.bin;C:\Users\wante\OneDrive\Desktop\vscode\node_modules\.bin;C:\Users\wante\OneDrive\Desktop\node_modules\.bin;C:\Users\wante\OneDrive\node_modules\.bin;C:\Users\wante\node_modules\.bin;C:\Users\node_modules\.bin;C:\node_modules\.bin;C:\Program Files\nodejs\node_modules\npm\node_modules\@npmcli\run-script\lib\node-gyp-bin;C:\Users\wante\OneDrive\Desktop\vscode\rn_demo\node_modules\.bin;C:\Users\wante\OneDrive\Desktop\vscode\rn_demo\node_modules\.bin;C:\Users\wante\OneDrive\Desktop\vscode\node_modules\.bin;C:\Users\wante\OneDrive\Desktop\node_modules\.bin;C:\Users\wante\OneDrive\node_modules\.bin;C:\Users\wante\node_modules\.bin;C:\Users\node_modules\.bin;C:\node_modules\.bin;C:\Program Files\nodejs\node_modules\npm\node_modules\@npmcli\run-script\lib\node-gyp-bin;C:\Program Files\Microsoft\jdk-11.0.20.8-hotspot\bin;C:\WINDOWS\system32;C:\WINDOWS;C:\WINDOWS\System32\Wbem;C:\WINDOWS\System32\WindowsPowerShell\v1.0\;C:\WINDOWS\System32\OpenSSH\;C:\Program Files (x86)\NVIDIA Corporation\PhysX\Common;C:\Program Files\NVIDIA Corporation\NVIDIA NvDLISR;C:\WINDOWS\system32;C:\WINDOWS;C:\WINDOWS\System32\Wbem;C:\WINDOWS\System32\WindowsPowerShell\v1.0\;C:\WINDOWS\System32\OpenSSH\;C:\Program Files\Git\cmd;C:\ProgramData\chocolatey\bin;C:\Program Files\nodejs\;C:\Users\wante\AppData\Local\Android\Sdk\platform-tools;C:\Users\wante\AppData\Local\Microsoft\WindowsApps;;C:\Users\wante\Downloads\Microsoft VS Code\bin;C:\Users\wante\AppData\Roaming\npm
USERNAME=wante
LANG=en_US.UTF-8
OS=Windows_NT
PROCESSOR_IDENTIFIER=Intel64 Family 6 Model 158 Stepping 10, GenuineIntel
TMP=C:\Users\wante\AppData\Local\Temp
TEMP=C:\Users\wante\AppData\Local\Temp



---------------  S Y S T E M  ---------------

OS: Windows 11 , 64 bit Build 22621 (10.0.22621.2215)
OS uptime: 3 days 23:18 hours
Hyper-V role detected

CPU:total 8 (initial active 8) (4 cores per cpu, 2 threads per core) family 6 model 158 stepping 10 microcode 0xde, cmov, cx8, fxsr, mmx, sse, sse2, sse3, ssse3, sse4.1, sse4.2, popcnt, avx, avx2, aes, clmul, erms, 3dnowpref, lzcnt, ht, tsc, tscinvbit, bmi1, bmi2, adx, fma

Memory: 4k page, system-wide physical 16239M (981M free)
TotalPageFile size 31361M (AvailPageFile size 9M)
current process WorkingSet (physical memory assigned to process): 82M, peak: 84M
current process commit charge ("private bytes"): 158M, peak: 161M

vm_info: OpenJDK 64-Bit Server VM (11.0.20+8-LTS) for windows-amd64 JRE (11.0.20+8-LTS), built on Jul  7 2023 17:05:21 by "MicrosoftCorporation" with MS VC++ 15.9 (VS2017)

END.
