#
# There is insufficient memory for the Java Runtime Environment to continue.
# Native memory allocation (malloc) failed to allocate 1440976 bytes for Chunk::new
# Possible reasons:
#   The system is out of physical RAM or swap space
#   The process is running with CompressedOops enabled, and the Java Heap may be blocking the growth of the native heap
# Possible solutions:
#   Reduce memory load on the system
#   Increase physical memory or swap space
#   Check if swap backing store is full
#   Decrease Java heap size (-Xmx/-Xms)
#   Decrease number of Java threads
#   Decrease Java thread stack sizes (-Xss)
#   Set larger code cache with -XX:ReservedCodeCacheSize=
#   JVM is running with Unscaled Compressed Oops mode in which the Java heap is
#     placed in the first 4GB address space. The Java Heap base address is the
#     maximum limit for the native heap growth. Please use -XX:HeapBaseMinAddress
#     to set the Java Heap base and to place the Java Heap above 4GB virtual address.
# This output file may be truncated or incomplete.
#
#  Out of Memory Error (arena.cpp:197), pid=3552, tid=19956
#
# JRE version: OpenJDK Runtime Environment Microsoft-8035250 (11.0.20+8) (build 11.0.20+8-LTS)
# Java VM: OpenJDK 64-Bit Server VM Microsoft-8035250 (11.0.20+8-LTS, mixed mode, tiered, compressed oops, g1 gc, windows-amd64)
# No core dump will be written. Minidumps are not enabled by default on client versions of Windows
#

---------------  S U M M A R Y ------------

Command Line: -XX:MaxMetaspaceSize=512m --add-opens=java.base/java.util=ALL-UNNAMED --add-opens=java.base/java.lang=ALL-UNNAMED --add-opens=java.base/java.lang.invoke=ALL-UNNAMED --add-opens=java.prefs/java.util.prefs=ALL-UNNAMED --add-opens=java.base/java.nio.charset=ALL-UNNAMED --add-opens=java.base/java.net=ALL-UNNAMED --add-opens=java.base/java.util.concurrent.atomic=ALL-UNNAMED -Xmx2048m -Dfile.encoding=windows-1252 -Duser.country=US -Duser.language=en -Duser.variant org.gradle.launcher.daemon.bootstrap.GradleDaemon 8.0.1

Host: Intel(R) Core(TM) i5-8300H CPU @ 2.30GHz, 8 cores, 15G,  Windows 11 , 64 bit Build 22621 (10.0.22621.2215)
Time: Tue Oct 10 16:44:20 2023 Nepal Standard Time elapsed time: 509.486571 seconds (0d 0h 8m 29s)

---------------  T H R E A D  ---------------

Current thread (0x0000018650cf7800):  JavaThread "C2 CompilerThread0" daemon [_thread_in_native, id=19956, stack(0x000000313d300000,0x000000313d400000)]


Current CompileTask:
C2: 509486 19391   !   4       org.gradle.api.internal.artifacts.transform.TransformingAsyncArtifactListener$TransformedArtifact::finalizeValue (168 bytes)

Stack: [0x000000313d300000,0x000000313d400000]
Native frames: (J=compiled Java code, j=interpreted, Vv=VM code, C=native code)
V  [jvm.dll+0x62e9da]
V  [jvm.dll+0x7bc4e9]
V  [jvm.dll+0x7bdbd8]
V  [jvm.dll+0x7be2b3]
V  [jvm.dll+0x2505a8]
V  [jvm.dll+0xc263c]
V  [jvm.dll+0xc2bfc]
V  [jvm.dll+0x2c56a4]
V  [jvm.dll+0x536a1c]
V  [jvm.dll+0x209056]
V  [jvm.dll+0x20b0c7]
V  [jvm.dll+0x20881b]
V  [jvm.dll+0x18a7de]
V  [jvm.dll+0x2181ec]
V  [jvm.dll+0x21642b]
V  [jvm.dll+0x77efc0]
V  [jvm.dll+0x777db4]
V  [jvm.dll+0x62d845]
C  [ucrtbase.dll+0x29363]
C  [KERNEL32.DLL+0x1257d]
C  [ntdll.dll+0x5aa68]


---------------  P R O C E S S  ---------------

Threads class SMR info:
_java_thread_list=0x000001865eabfd90, length=136, elements={
0x0000018631330800, 0x0000018650c92800, 0x0000018650c94000, 0x0000018650cf2800,
0x0000018650cf5800, 0x0000018650cf6800, 0x0000018650cf7800, 0x0000018650cff000,
0x0000018650d13800, 0x0000018650dd0800, 0x00000186525f1800, 0x0000018652e72800,
0x0000018652547800, 0x0000018650e2e000, 0x0000018653da6000, 0x0000018652075000,
0x0000018652070000, 0x0000018652072800, 0x000001865206f800, 0x0000018652073800,
0x0000018652071000, 0x00000186542aa000, 0x00000186542a4800, 0x00000186542a9000,
0x00000186542a5000, 0x00000186542a6000, 0x00000186542b1800, 0x00000186542b0800,
0x00000186542ae000, 0x00000186542ac800, 0x00000186542b2000, 0x0000018653e0f800,
0x0000018653e16000, 0x0000018653e13800, 0x0000018653e15000, 0x0000018653e12800,
0x0000018653e14000, 0x0000018653e10000, 0x0000018653e11000, 0x0000018653e16800,
0x0000018653e17800, 0x0000018653e11800, 0x0000018653e1c800, 0x0000018653e1e000,
0x0000018653e18800, 0x0000018653e19000, 0x0000018653e1a000, 0x0000018653e1d000,
0x0000018653e1a800, 0x0000018653e1b800, 0x0000018651ddf000, 0x0000018651de0000,
0x0000018651dde800, 0x0000018651de1000, 0x0000018651de5000, 0x0000018651de7800,
0x0000018651de3800, 0x0000018651de4000, 0x0000018651de1800, 0x0000018651de8000,
0x0000018651de2800, 0x0000018651ded000, 0x0000018651dec000, 0x0000018651de9000,
0x0000018651dea000, 0x0000018651dea800, 0x00000186542a7800, 0x00000186542a3800,
0x00000186542ad800, 0x00000186542ab800, 0x00000186542af000, 0x0000018652074000,
0x0000018652071800, 0x000001865ff30800, 0x000001865ff2c800, 0x000001865ff32000,
0x000001865ff31800, 0x000001865ff33000, 0x000001865ff2f800, 0x000001865ff2f000,
0x000001865ff2d800, 0x000001865ff34000, 0x000001865ff2e000, 0x000001865ff36000,
0x000001865ff37000, 0x000001865ff39800, 0x000001865ff3a800, 0x000001865ff38000,
0x000001865ff38800, 0x000001865ff34800, 0x000001865ff3b000, 0x000001865ff35800,
0x0000018658b8d000, 0x0000018658b8e000, 0x0000018658b8c000, 0x0000018658b92800,
0x0000018658b90800, 0x0000018658b8e800, 0x0000018658b92000, 0x0000018658b94800,
0x0000018658b8f800, 0x0000018658b96000, 0x0000018658b93800, 0x0000018658b95000,
0x0000018658b91000, 0x0000018658b99800, 0x0000018658b9a000, 0x0000018658b98800,
0x0000018658b9b000, 0x0000018658b97000, 0x0000018658b97800, 0x0000018653ed8800,
0x0000018653ed9000, 0x0000018653ed4000, 0x0000018653eda000, 0x0000018653ed6800,
0x0000018653ed7800, 0x0000018653ed5000, 0x0000018653ed6000, 0x0000018653eda800,
0x0000018653edf000, 0x0000018653ee1800, 0x0000018653edf800, 0x0000018653edd000,
0x0000018653ee0800, 0x0000018653edc800, 0x0000018653edb800, 0x0000018653ee2000,
0x0000018653ee3000, 0x0000018653ede000, 0x000001865d488000, 0x000001865d483000,
0x000001865d488800, 0x000001865d48a800, 0x000001865d484800, 0x000001865f150800
}

Java Threads: ( => current thread )
  0x0000018631330800 JavaThread "main" [_thread_blocked, id=18468, stack(0x000000313c700000,0x000000313c800000)]
  0x0000018650c92800 JavaThread "Reference Handler" daemon [_thread_blocked, id=15792, stack(0x000000313ce00000,0x000000313cf00000)]
  0x0000018650c94000 JavaThread "Finalizer" daemon [_thread_blocked, id=19816, stack(0x000000313cf00000,0x000000313d000000)]
  0x0000018650cf2800 JavaThread "Signal Dispatcher" daemon [_thread_blocked, id=20260, stack(0x000000313d000000,0x000000313d100000)]
  0x0000018650cf5800 JavaThread "Attach Listener" daemon [_thread_blocked, id=10396, stack(0x000000313d100000,0x000000313d200000)]
  0x0000018650cf6800 JavaThread "Service Thread" daemon [_thread_blocked, id=18852, stack(0x000000313d200000,0x000000313d300000)]
=>0x0000018650cf7800 JavaThread "C2 CompilerThread0" daemon [_thread_in_native, id=19956, stack(0x000000313d300000,0x000000313d400000)]
  0x0000018650cff000 JavaThread "C1 CompilerThread0" daemon [_thread_blocked, id=17164, stack(0x000000313d400000,0x000000313d500000)]
  0x0000018650d13800 JavaThread "Sweeper thread" daemon [_thread_blocked, id=17944, stack(0x000000313d500000,0x000000313d600000)]
  0x0000018650dd0800 JavaThread "Common-Cleaner" daemon [_thread_blocked, id=4476, stack(0x000000313d600000,0x000000313d700000)]
  0x00000186525f1800 JavaThread "Daemon health stats" [_thread_blocked, id=14012, stack(0x000000313dd00000,0x000000313de00000)]
  0x0000018652e72800 JavaThread "Incoming local TCP Connector on port 54414" [_thread_in_native, id=20316, stack(0x000000313de00000,0x000000313df00000)]
  0x0000018652547800 JavaThread "Daemon periodic checks" [_thread_blocked, id=16736, stack(0x000000313df00000,0x000000313e000000)]
  0x0000018650e2e000 JavaThread "Daemon" [_thread_blocked, id=3076, stack(0x000000313e000000,0x000000313e100000)]
  0x0000018653da6000 JavaThread "Daemon worker" [_thread_blocked, id=17032, stack(0x000000313e300000,0x000000313e400000)]
  0x0000018652075000 JavaThread "Cache worker for journal cache (C:\Users\wante\.gradle\caches\journal-1)" [_thread_blocked, id=5660, stack(0x000000313ea00000,0x000000313eb00000)]
  0x0000018652070000 JavaThread "File lock request listener" [_thread_in_native, id=9176, stack(0x000000313eb00000,0x000000313ec00000)]
  0x0000018652072800 JavaThread "Cache worker for file hash cache (C:\Users\wante\.gradle\caches\8.0.1\fileHashes)" [_thread_blocked, id=3896, stack(0x000000313ec00000,0x000000313ed00000)]
  0x000001865206f800 JavaThread "File watcher server" daemon [_thread_in_native, id=16856, stack(0x000000313ee00000,0x000000313ef00000)]
  0x0000018652073800 JavaThread "File watcher consumer" daemon [_thread_blocked, id=16268, stack(0x000000313ef00000,0x000000313f000000)]
  0x0000018652071000 JavaThread "Cache worker for file content cache (C:\Users\wante\.gradle\caches\8.0.1\fileContent)" [_thread_blocked, id=19156, stack(0x000000313f200000,0x000000313f300000)]
  0x00000186542aa000 JavaThread "Cache worker for execution history cache (C:\Users\wante\.gradle\caches\8.0.1\executionHistory)" [_thread_blocked, id=9204, stack(0x000000313f500000,0x000000313f600000)]
  0x00000186542a4800 JavaThread "jar transforms" [_thread_blocked, id=3764, stack(0x000000313f800000,0x000000313f900000)]
  0x00000186542a9000 JavaThread "jar transforms Thread 2" [_thread_blocked, id=5524, stack(0x000000313f900000,0x000000313fa00000)]
  0x00000186542a5000 JavaThread "jar transforms Thread 3" [_thread_blocked, id=7296, stack(0x000000313fa00000,0x000000313fb00000)]
  0x00000186542a6000 JavaThread "jar transforms Thread 4" [_thread_blocked, id=8476, stack(0x000000313fb00000,0x000000313fc00000)]
  0x00000186542b1800 JavaThread "Cache worker for kotlin-dsl (C:\Users\wante\.gradle\caches\8.0.1\kotlin-dsl)" [_thread_blocked, id=10648, stack(0x000000313fc00000,0x000000313fd00000)]
  0x00000186542b0800 JavaThread "jar transforms Thread 5" [_thread_blocked, id=20788, stack(0x000000313c500000,0x000000313c600000)]
  0x00000186542ae000 JavaThread "jar transforms Thread 6" [_thread_blocked, id=21132, stack(0x000000313c600000,0x000000313c700000)]
  0x00000186542ac800 JavaThread "File lock release action executor Thread 2" [_thread_blocked, id=21228, stack(0x000000313fe00000,0x000000313ff00000)]
  0x00000186542b2000 JavaThread "jar transforms Thread 7" [_thread_blocked, id=21436, stack(0x0000003140000000,0x0000003140100000)]
  0x0000018653e0f800 JavaThread "jar transforms Thread 8" [_thread_blocked, id=9232, stack(0x0000003141b00000,0x0000003141c00000)]
  0x0000018653e16000 JavaThread "Memory manager" [_thread_blocked, id=18592, stack(0x0000003141c00000,0x0000003141d00000)]
  0x0000018653e13800 JavaThread "Handler for socket connection from /127.0.0.1:54414 to /127.0.0.1:54500" [_thread_in_native, id=4732, stack(0x000000313e100000,0x000000313e200000)]
  0x0000018653e15000 JavaThread "Cancel handler" [_thread_blocked, id=14812, stack(0x000000313e200000,0x000000313e300000)]
  0x0000018653e12800 JavaThread "Asynchronous log dispatcher for DefaultDaemonConnection: socket connection from /127.0.0.1:54414 to /127.0.0.1:54500" [_thread_blocked, id=5144, stack(0x000000313e400000,0x000000313e500000)]
  0x0000018653e14000 JavaThread "Stdin handler" [_thread_blocked, id=12400, stack(0x000000313e500000,0x000000313e600000)]
  0x0000018653e10000 JavaThread "Daemon client event forwarder" [_thread_blocked, id=7568, stack(0x000000313e600000,0x000000313e700000)]
  0x0000018653e11000 JavaThread "Cache worker for checksums cache (C:\Users\wante\OneDrive\Desktop\vscode\rn_demo\android\.gradle\8.0.1\checksums)" [_thread_blocked, id=3184, stack(0x000000313ed00000,0x000000313ee00000)]
  0x0000018653e16800 JavaThread "Cache worker for cache directory md-rule (C:\Users\wante\.gradle\caches\8.0.1\md-rule)" [_thread_blocked, id=1028, stack(0x000000313f000000,0x000000313f100000)]
  0x0000018653e17800 JavaThread "Cache worker for file hash cache (C:\Users\wante\OneDrive\Desktop\vscode\rn_demo\android\.gradle\8.0.1\fileHashes)" [_thread_blocked, id=12228, stack(0x000000313f100000,0x000000313f200000)]
  0x0000018653e11800 JavaThread "Cache worker for cache directory md-supplier (C:\Users\wante\.gradle\caches\8.0.1\md-supplier)" [_thread_blocked, id=13300, stack(0x000000313f300000,0x000000313f400000)]
  0x0000018653e1c800 JavaThread "Cache worker for dependencies-accessors (C:\Users\wante\OneDrive\Desktop\vscode\rn_demo\android\.gradle\8.0.1\dependencies-accessors)" [_thread_blocked, id=18252, stack(0x000000313f600000,0x000000313f700000)]
  0x0000018653e1e000 JavaThread "Cache worker for Build Output Cleanup Cache (C:\Users\wante\OneDrive\Desktop\vscode\rn_demo\node_modules\@react-native\gradle-plugin\.gradle\buildOutputCleanup)" [_thread_blocked, id=9680, stack(0x000000313fd00000,0x000000313fe00000)]
  0x0000018653e18800 JavaThread "Unconstrained build operations" [_thread_blocked, id=13672, stack(0x000000313ff00000,0x0000003140000000)]
  0x0000018653e19000 JavaThread "Unconstrained build operations Thread 2" [_thread_blocked, id=9144, stack(0x0000003140100000,0x0000003140200000)]
  0x0000018653e1a000 JavaThread "Unconstrained build operations Thread 3" [_thread_blocked, id=18164, stack(0x0000003140200000,0x0000003140300000)]
  0x0000018653e1d000 JavaThread "Unconstrained build operations Thread 4" [_thread_blocked, id=292, stack(0x0000003140300000,0x0000003140400000)]
  0x0000018653e1a800 JavaThread "Unconstrained build operations Thread 5" [_thread_blocked, id=20180, stack(0x0000003140400000,0x0000003140500000)]
  0x0000018653e1b800 JavaThread "Unconstrained build operations Thread 6" [_thread_blocked, id=22516, stack(0x0000003140500000,0x0000003140600000)]
  0x0000018651ddf000 JavaThread "Unconstrained build operations Thread 7" [_thread_blocked, id=16348, stack(0x0000003140600000,0x0000003140700000)]
  0x0000018651de0000 JavaThread "Unconstrained build operations Thread 8" [_thread_blocked, id=1068, stack(0x0000003140700000,0x0000003140800000)]
  0x0000018651dde800 JavaThread "Unconstrained build operations Thread 9" [_thread_blocked, id=18856, stack(0x0000003140800000,0x0000003140900000)]
  0x0000018651de1000 JavaThread "Unconstrained build operations Thread 10" [_thread_blocked, id=8240, stack(0x0000003140900000,0x0000003140a00000)]
  0x0000018651de5000 JavaThread "Unconstrained build operations Thread 11" [_thread_blocked, id=21960, stack(0x0000003140a00000,0x0000003140b00000)]
  0x0000018651de7800 JavaThread "Unconstrained build operations Thread 12" [_thread_blocked, id=17556, stack(0x0000003140b00000,0x0000003140c00000)]
  0x0000018651de3800 JavaThread "Unconstrained build operations Thread 13" [_thread_blocked, id=21956, stack(0x0000003140c00000,0x0000003140d00000)]
  0x0000018651de4000 JavaThread "Unconstrained build operations Thread 14" [_thread_blocked, id=22148, stack(0x0000003140d00000,0x0000003140e00000)]
  0x0000018651de1800 JavaThread "Unconstrained build operations Thread 15" [_thread_blocked, id=21928, stack(0x0000003140e00000,0x0000003140f00000)]
  0x0000018651de8000 JavaThread "Unconstrained build operations Thread 16" [_thread_blocked, id=18580, stack(0x0000003140f00000,0x0000003141000000)]
  0x0000018651de2800 JavaThread "Unconstrained build operations Thread 17" [_thread_blocked, id=21912, stack(0x0000003141000000,0x0000003141100000)]
  0x0000018651ded000 JavaThread "Unconstrained build operations Thread 18" [_thread_blocked, id=21900, stack(0x0000003141100000,0x0000003141200000)]
  0x0000018651dec000 JavaThread "Unconstrained build operations Thread 19" [_thread_blocked, id=21948, stack(0x0000003141200000,0x0000003141300000)]
  0x0000018651de9000 JavaThread "Unconstrained build operations Thread 20" [_thread_blocked, id=21576, stack(0x0000003141300000,0x0000003141400000)]
  0x0000018651dea000 JavaThread "Unconstrained build operations Thread 21" [_thread_blocked, id=21596, stack(0x0000003141400000,0x0000003141500000)]
  0x0000018651dea800 JavaThread "Unconstrained build operations Thread 22" [_thread_blocked, id=7820, stack(0x0000003141500000,0x0000003141600000)]
  0x00000186542a7800 JavaThread "Unconstrained build operations Thread 23" [_thread_blocked, id=21588, stack(0x0000003141600000,0x0000003141700000)]
  0x00000186542a3800 JavaThread "Unconstrained build operations Thread 24" [_thread_blocked, id=18080, stack(0x0000003141700000,0x0000003141800000)]
  0x00000186542ad800 JavaThread "Unconstrained build operations Thread 25" [_thread_blocked, id=22048, stack(0x0000003141800000,0x0000003141900000)]
  0x00000186542ab800 JavaThread "Unconstrained build operations Thread 26" [_thread_blocked, id=18060, stack(0x0000003141900000,0x0000003141a00000)]
  0x00000186542af000 JavaThread "Cache worker for Build Output Cleanup Cache (C:\Users\wante\OneDrive\Desktop\vscode\rn_demo\android\.gradle\buildOutputCleanup)" [_thread_blocked, id=3496, stack(0x0000003141a00000,0x0000003141b00000)]
  0x0000018652074000 JavaThread "Execution worker" [_thread_blocked, id=20684, stack(0x0000003141f00000,0x0000003142000000)]
  0x0000018652071800 JavaThread "Execution worker Thread 2" [_thread_blocked, id=6244, stack(0x0000003142000000,0x0000003142100000)]
  0x000001865ff30800 JavaThread "Execution worker Thread 3" [_thread_blocked, id=20412, stack(0x0000003142100000,0x0000003142200000)]
  0x000001865ff2c800 JavaThread "Execution worker Thread 4" [_thread_blocked, id=16920, stack(0x0000003142200000,0x0000003142300000)]
  0x000001865ff32000 JavaThread "Execution worker Thread 5" [_thread_blocked, id=22224, stack(0x0000003142300000,0x0000003142400000)]
  0x000001865ff31800 JavaThread "Execution worker Thread 6" [_thread_blocked, id=22332, stack(0x0000003142400000,0x0000003142500000)]
  0x000001865ff33000 JavaThread "Execution worker Thread 7" [_thread_blocked, id=3144, stack(0x0000003142500000,0x0000003142600000)]
  0x000001865ff2f800 JavaThread "Cache worker for execution history cache (C:\Users\wante\OneDrive\Desktop\vscode\rn_demo\node_modules\@react-native\gradle-plugin\.gradle\8.0.1\executionHistory)" [_thread_blocked, id=22364, stack(0x0000003142600000,0x0000003142700000)]
  0x000001865ff2f000 JavaThread "Unconstrained build operations Thread 27" [_thread_blocked, id=2636, stack(0x0000003142700000,0x0000003142800000)]
  0x000001865ff2d800 JavaThread "Unconstrained build operations Thread 28" [_thread_blocked, id=22192, stack(0x0000003142800000,0x0000003142900000)]
  0x000001865ff34000 JavaThread "Unconstrained build operations Thread 29" [_thread_blocked, id=21976, stack(0x0000003142900000,0x0000003142a00000)]
  0x000001865ff2e000 JavaThread "Unconstrained build operations Thread 30" [_thread_blocked, id=6800, stack(0x0000003142a00000,0x0000003142b00000)]
  0x000001865ff36000 JavaThread "Unconstrained build operations Thread 31" [_thread_blocked, id=17936, stack(0x0000003142b00000,0x0000003142c00000)]
  0x000001865ff37000 JavaThread "Unconstrained build operations Thread 32" [_thread_blocked, id=18184, stack(0x0000003142c00000,0x0000003142d00000)]
  0x000001865ff39800 JavaThread "Unconstrained build operations Thread 33" [_thread_blocked, id=4520, stack(0x0000003142d00000,0x0000003142e00000)]
  0x000001865ff3a800 JavaThread "Unconstrained build operations Thread 34" [_thread_blocked, id=9416, stack(0x0000003142e00000,0x0000003142f00000)]
  0x000001865ff38000 JavaThread "Unconstrained build operations Thread 35" [_thread_blocked, id=1080, stack(0x0000003142f00000,0x0000003143000000)]
  0x000001865ff38800 JavaThread "Unconstrained build operations Thread 36" [_thread_blocked, id=21336, stack(0x0000003143000000,0x0000003143100000)]
  0x000001865ff34800 JavaThread "Unconstrained build operations Thread 37" [_thread_blocked, id=9980, stack(0x0000003143100000,0x0000003143200000)]
  0x000001865ff3b000 JavaThread "Unconstrained build operations Thread 38" [_thread_blocked, id=20200, stack(0x0000003143200000,0x0000003143300000)]
  0x000001865ff35800 JavaThread "Unconstrained build operations Thread 39" [_thread_blocked, id=10620, stack(0x0000003143300000,0x0000003143400000)]
  0x0000018658b8d000 JavaThread "Unconstrained build operations Thread 40" [_thread_blocked, id=20464, stack(0x0000003143400000,0x0000003143500000)]
  0x0000018658b8e000 JavaThread "Unconstrained build operations Thread 41" [_thread_blocked, id=18152, stack(0x0000003141d00000,0x0000003141e00000)]
  0x0000018658b8c000 JavaThread "Unconstrained build operations Thread 42" [_thread_blocked, id=17356, stack(0x0000003143500000,0x0000003143600000)]
  0x0000018658b92800 JavaThread "Unconstrained build operations Thread 43" [_thread_blocked, id=5972, stack(0x0000003143600000,0x0000003143700000)]
  0x0000018658b90800 JavaThread "Unconstrained build operations Thread 44" [_thread_blocked, id=11872, stack(0x0000003143700000,0x0000003143800000)]
  0x0000018658b8e800 JavaThread "Unconstrained build operations Thread 45" [_thread_blocked, id=15468, stack(0x0000003143800000,0x0000003143900000)]
  0x0000018658b92000 JavaThread "Unconstrained build operations Thread 46" [_thread_blocked, id=20188, stack(0x0000003143900000,0x0000003143a00000)]
  0x0000018658b94800 JavaThread "Unconstrained build operations Thread 47" [_thread_blocked, id=21488, stack(0x0000003143a00000,0x0000003143b00000)]
  0x0000018658b8f800 JavaThread "Unconstrained build operations Thread 48" [_thread_blocked, id=22408, stack(0x0000003143b00000,0x0000003143c00000)]
  0x0000018658b96000 JavaThread "Unconstrained build operations Thread 49" [_thread_blocked, id=18656, stack(0x0000003143c00000,0x0000003143d00000)]
  0x0000018658b93800 JavaThread "Unconstrained build operations Thread 50" [_thread_blocked, id=17772, stack(0x0000003143d00000,0x0000003143e00000)]
  0x0000018658b95000 JavaThread "Unconstrained build operations Thread 51" [_thread_blocked, id=21380, stack(0x0000003143e00000,0x0000003143f00000)]
  0x0000018658b91000 JavaThread "Unconstrained build operations Thread 52" [_thread_blocked, id=18456, stack(0x0000003143f00000,0x0000003144000000)]
  0x0000018658b99800 JavaThread "Unconstrained build operations Thread 53" [_thread_blocked, id=14244, stack(0x0000003144100000,0x0000003144200000)]
  0x0000018658b9a000 JavaThread "Unconstrained build operations Thread 54" [_thread_blocked, id=13788, stack(0x0000003144200000,0x0000003144300000)]
  0x0000018658b98800 JavaThread "Unconstrained build operations Thread 55" [_thread_blocked, id=18748, stack(0x0000003144300000,0x0000003144400000)]
  0x0000018658b9b000 JavaThread "Unconstrained build operations Thread 56" [_thread_blocked, id=17636, stack(0x0000003144400000,0x0000003144500000)]
  0x0000018658b97000 JavaThread "Unconstrained build operations Thread 57" [_thread_blocked, id=15484, stack(0x0000003144500000,0x0000003144600000)]
  0x0000018658b97800 JavaThread "Unconstrained build operations Thread 58" [_thread_blocked, id=18832, stack(0x0000003144600000,0x0000003144700000)]
  0x0000018653ed8800 JavaThread "Unconstrained build operations Thread 59" [_thread_blocked, id=4064, stack(0x0000003144700000,0x0000003144800000)]
  0x0000018653ed9000 JavaThread "Unconstrained build operations Thread 60" [_thread_blocked, id=20812, stack(0x0000003144800000,0x0000003144900000)]
  0x0000018653ed4000 JavaThread "Unconstrained build operations Thread 61" [_thread_blocked, id=22312, stack(0x0000003144900000,0x0000003144a00000)]
  0x0000018653eda000 JavaThread "Unconstrained build operations Thread 62" [_thread_blocked, id=22492, stack(0x0000003144a00000,0x0000003144b00000)]
  0x0000018653ed6800 JavaThread "Unconstrained build operations Thread 63" [_thread_blocked, id=22524, stack(0x0000003144b00000,0x0000003144c00000)]
  0x0000018653ed7800 JavaThread "Unconstrained build operations Thread 64" [_thread_blocked, id=15552, stack(0x0000003144c00000,0x0000003144d00000)]
  0x0000018653ed5000 JavaThread "Unconstrained build operations Thread 65" [_thread_blocked, id=21324, stack(0x0000003144d00000,0x0000003144e00000)]
  0x0000018653ed6000 JavaThread "Unconstrained build operations Thread 66" [_thread_blocked, id=15460, stack(0x0000003144e00000,0x0000003144f00000)]
  0x0000018653eda800 JavaThread "Unconstrained build operations Thread 67" [_thread_blocked, id=5608, stack(0x0000003144f00000,0x0000003145000000)]
  0x0000018653edf000 JavaThread "Unconstrained build operations Thread 68" [_thread_blocked, id=16944, stack(0x0000003145000000,0x0000003145100000)]
  0x0000018653ee1800 JavaThread "Unconstrained build operations Thread 69" [_thread_blocked, id=5544, stack(0x0000003145100000,0x0000003145200000)]
  0x0000018653edf800 JavaThread "Unconstrained build operations Thread 70" [_thread_blocked, id=18728, stack(0x0000003145200000,0x0000003145300000)]
  0x0000018653edd000 JavaThread "Unconstrained build operations Thread 71" [_thread_blocked, id=22204, stack(0x0000003145300000,0x0000003145400000)]
  0x0000018653ee0800 JavaThread "Unconstrained build operations Thread 72" [_thread_blocked, id=16328, stack(0x0000003145400000,0x0000003145500000)]
  0x0000018653edc800 JavaThread "Unconstrained build operations Thread 73" [_thread_blocked, id=16028, stack(0x0000003145500000,0x0000003145600000)]
  0x0000018653edb800 JavaThread "Unconstrained build operations Thread 74" [_thread_blocked, id=21044, stack(0x0000003145600000,0x0000003145700000)]
  0x0000018653ee2000 JavaThread "Unconstrained build operations Thread 75" [_thread_blocked, id=1644, stack(0x0000003145700000,0x0000003145800000)]
  0x0000018653ee3000 JavaThread "Unconstrained build operations Thread 76" [_thread_blocked, id=12512, stack(0x0000003145800000,0x0000003145900000)]
  0x0000018653ede000 JavaThread "Unconstrained build operations Thread 77" [_thread_blocked, id=10884, stack(0x0000003145900000,0x0000003145a00000)]
  0x000001865d488000 JavaThread "Unconstrained build operations Thread 78" [_thread_blocked, id=22352, stack(0x0000003145a00000,0x0000003145b00000)]
  0x000001865d483000 JavaThread "Unconstrained build operations Thread 79" [_thread_blocked, id=12012, stack(0x0000003145b00000,0x0000003145c00000)]
  0x000001865d488800 JavaThread "Unconstrained build operations Thread 80" [_thread_blocked, id=21212, stack(0x0000003145c00000,0x0000003145d00000)]
  0x000001865d48a800 JavaThread "included builds Thread 2" [_thread_blocked, id=19572, stack(0x000000313f400000,0x000000313f500000)]
  0x000001865d484800 JavaThread "Cache worker for execution history cache (C:\Users\wante\OneDrive\Desktop\vscode\rn_demo\android\.gradle\8.0.1\executionHistory)" [_thread_blocked, id=23692, stack(0x0000003141e00000,0x0000003141f00000)]
  0x000001865f150800 JavaThread "C2 CompilerThread1" daemon [_thread_blocked, id=24608, stack(0x000000313f700000,0x000000313f800000)]

Other Threads:
  0x0000018650468800 VMThread "VM Thread" [stack: 0x000000313cd00000,0x000000313ce00000] [id=18356]
  0x0000018650e4d800 WatcherThread [stack: 0x000000313d700000,0x000000313d800000] [id=10108]
  0x000001863134a800 GCTaskThread "GC Thread#0" [stack: 0x000000313c800000,0x000000313c900000] [id=16600]
  0x0000018651ca9000 GCTaskThread "GC Thread#1" [stack: 0x000000313d800000,0x000000313d900000] [id=17728]
  0x0000018651899000 GCTaskThread "GC Thread#2" [stack: 0x000000313d900000,0x000000313da00000] [id=19600]
  0x000001865102d800 GCTaskThread "GC Thread#3" [stack: 0x000000313da00000,0x000000313db00000] [id=12344]
  0x0000018651e3c000 GCTaskThread "GC Thread#4" [stack: 0x000000313db00000,0x000000313dc00000] [id=18380]
  0x0000018651e3c800 GCTaskThread "GC Thread#5" [stack: 0x000000313dc00000,0x000000313dd00000] [id=9048]
  0x00000186528ef800 GCTaskThread "GC Thread#6" [stack: 0x000000313e700000,0x000000313e800000] [id=3384]
  0x00000186527e0800 GCTaskThread "GC Thread#7" [stack: 0x000000313e800000,0x000000313e900000] [id=3108]
  0x0000018631379800 ConcurrentGCThread "G1 Main Marker" [stack: 0x000000313c900000,0x000000313ca00000] [id=5668]
  0x000001863137b000 ConcurrentGCThread "G1 Conc#0" [stack: 0x000000313ca00000,0x000000313cb00000] [id=1004]
  0x0000018651eea800 ConcurrentGCThread "G1 Conc#1" [stack: 0x000000313e900000,0x000000313ea00000] [id=13348]
  0x00000186502fc800 ConcurrentGCThread "G1 Refine#0" [stack: 0x000000313cb00000,0x000000313cc00000] [id=12120]
  0x00000186502fe800 ConcurrentGCThread "G1 Young RemSet Sampling" [stack: 0x000000313cc00000,0x000000313cd00000] [id=9428]

Threads with active compile tasks:
C2 CompilerThread0   509550 19391   !   4       org.gradle.api.internal.artifacts.transform.TransformingAsyncArtifactListener$TransformedArtifact::finalizeValue (168 bytes)

VM state:not at safepoint (normal execution)

VM Mutex/Monitor currently owned by a thread: None

Heap address: 0x0000000080000000, size: 2048 MB, Compressed Oops mode: 32-bit
Narrow klass base: 0x0000000000000000, Narrow klass shift: 3
Compressed class space size: 528482304 Address: 0x0000000100000000

Heap:
 garbage-first heap   total 260096K, used 244459K [0x0000000080000000, 0x0000000100000000)
  region size 1024K, 9 young (9216K), 2 survivors (2048K)
 Metaspace       used 121828K, capacity 126987K, committed 127272K, reserved 626688K
  class space    used 15794K, capacity 17742K, committed 17880K, reserved 516096K
Heap Regions: E=young(eden), S=young(survivor), O=old, HS=humongous(starts), HC=humongous(continues), CS=collection set, F=free, A=archive, TAMS=top-at-mark-start (previous, next)
|   0|0x0000000080000000, 0x0000000080100000, 0x0000000080100000|100%|HS|  |TAMS 0x0000000080100000, 0x0000000080000000| Complete 
|   1|0x0000000080100000, 0x0000000080200000, 0x0000000080200000|100%|HC|  |TAMS 0x0000000080200000, 0x0000000080100000| Complete 
|   2|0x0000000080200000, 0x0000000080300000, 0x0000000080300000|100%|HC|  |TAMS 0x0000000080300000, 0x0000000080200000| Complete 
|   3|0x0000000080300000, 0x0000000080400000, 0x0000000080400000|100%|HC|  |TAMS 0x0000000080400000, 0x0000000080300000| Complete 
|   4|0x0000000080400000, 0x0000000080500000, 0x0000000080500000|100%| O|  |TAMS 0x0000000080500000, 0x0000000080400000| Complete 
|   5|0x0000000080500000, 0x0000000080600000, 0x0000000080600000|100%| O|  |TAMS 0x0000000080600000, 0x0000000080500000| Untracked 
|   6|0x0000000080600000, 0x0000000080700000, 0x0000000080700000|100%| O|  |TAMS 0x0000000080700000, 0x0000000080600000| Untracked 
|   7|0x0000000080700000, 0x0000000080800000, 0x0000000080800000|100%| O|  |TAMS 0x0000000080800000, 0x0000000080700000| Untracked 
|   8|0x0000000080800000, 0x0000000080900000, 0x0000000080900000|100%| O|  |TAMS 0x0000000080900000, 0x0000000080800000| Untracked 
|   9|0x0000000080900000, 0x0000000080a00000, 0x0000000080a00000|100%| O|  |TAMS 0x0000000080a00000, 0x0000000080900000| Untracked 
|  10|0x0000000080a00000, 0x0000000080b00000, 0x0000000080b00000|100%| O|  |TAMS 0x0000000080b00000, 0x0000000080a00000| Untracked 
|  11|0x0000000080b00000, 0x0000000080c00000, 0x0000000080c00000|100%| O|  |TAMS 0x0000000080c00000, 0x0000000080b00000| Untracked 
|  12|0x0000000080c00000, 0x0000000080d00000, 0x0000000080d00000|100%| O|  |TAMS 0x0000000080d00000, 0x0000000080c00000| Untracked 
|  13|0x0000000080d00000, 0x0000000080e00000, 0x0000000080e00000|100%| O|  |TAMS 0x0000000080e00000, 0x0000000080d00000| Untracked 
|  14|0x0000000080e00000, 0x0000000080f00000, 0x0000000080f00000|100%| O|  |TAMS 0x0000000080f00000, 0x0000000080e00000| Untracked 
|  15|0x0000000080f00000, 0x0000000081000000, 0x0000000081000000|100%| O|  |TAMS 0x0000000081000000, 0x0000000080f00000| Untracked 
|  16|0x0000000081000000, 0x0000000081100000, 0x0000000081100000|100%| O|  |TAMS 0x0000000081100000, 0x0000000081000000| Untracked 
|  17|0x0000000081100000, 0x0000000081200000, 0x0000000081200000|100%| O|  |TAMS 0x0000000081200000, 0x0000000081100000| Untracked 
|  18|0x0000000081200000, 0x0000000081300000, 0x0000000081300000|100%|HS|  |TAMS 0x0000000081300000, 0x0000000081200000| Complete 
|  19|0x0000000081300000, 0x0000000081400000, 0x0000000081400000|100%|HC|  |TAMS 0x0000000081400000, 0x0000000081300000| Complete 
|  20|0x0000000081400000, 0x0000000081500000, 0x0000000081500000|100%|HS|  |TAMS 0x0000000081500000, 0x0000000081400000| Complete 
|  21|0x0000000081500000, 0x0000000081600000, 0x0000000081600000|100%|HC|  |TAMS 0x0000000081600000, 0x0000000081500000| Complete 
|  22|0x0000000081600000, 0x0000000081700000, 0x0000000081700000|100%|HC|  |TAMS 0x0000000081700000, 0x0000000081600000| Complete 
|  23|0x0000000081700000, 0x0000000081800000, 0x0000000081800000|100%|HC|  |TAMS 0x0000000081800000, 0x0000000081700000| Complete 
|  24|0x0000000081800000, 0x0000000081900000, 0x0000000081900000|100%| O|  |TAMS 0x0000000081900000, 0x0000000081800000| Untracked 
|  25|0x0000000081900000, 0x0000000081a00000, 0x0000000081a00000|100%| O|  |TAMS 0x0000000081a00000, 0x0000000081900000| Untracked 
|  26|0x0000000081a00000, 0x0000000081b00000, 0x0000000081b00000|100%| O|  |TAMS 0x0000000081b00000, 0x0000000081a00000| Untracked 
|  27|0x0000000081b00000, 0x0000000081c00000, 0x0000000081c00000|100%| O|  |TAMS 0x0000000081c00000, 0x0000000081b00000| Untracked 
|  28|0x0000000081c00000, 0x0000000081d00000, 0x0000000081d00000|100%| O|  |TAMS 0x0000000081d00000, 0x0000000081c00000| Complete 
|  29|0x0000000081d00000, 0x0000000081e00000, 0x0000000081e00000|100%| O|  |TAMS 0x0000000081e00000, 0x0000000081d00000| Complete 
|  30|0x0000000081e00000, 0x0000000081f00000, 0x0000000081f00000|100%| O|  |TAMS 0x0000000081f00000, 0x0000000081e00000| Untracked 
|  31|0x0000000081f00000, 0x0000000082000000, 0x0000000082000000|100%| O|  |TAMS 0x0000000082000000, 0x0000000081f00000| Complete 
|  32|0x0000000082000000, 0x0000000082100000, 0x0000000082100000|100%| O|  |TAMS 0x0000000082100000, 0x0000000082000000| Untracked 
|  33|0x0000000082100000, 0x0000000082200000, 0x0000000082200000|100%| O|  |TAMS 0x0000000082200000, 0x0000000082100000| Untracked 
|  34|0x0000000082200000, 0x0000000082300000, 0x0000000082300000|100%| O|  |TAMS 0x0000000082300000, 0x0000000082200000| Untracked 
|  35|0x0000000082300000, 0x0000000082400000, 0x0000000082400000|100%| O|  |TAMS 0x0000000082400000, 0x0000000082300000| Complete 
|  36|0x0000000082400000, 0x0000000082500000, 0x0000000082500000|100%| O|  |TAMS 0x0000000082500000, 0x0000000082400000| Untracked 
|  37|0x0000000082500000, 0x0000000082600000, 0x0000000082600000|100%| O|  |TAMS 0x0000000082600000, 0x0000000082500000| Untracked 
|  38|0x0000000082600000, 0x0000000082700000, 0x0000000082700000|100%| O|  |TAMS 0x0000000082700000, 0x0000000082600000| Complete 
|  39|0x0000000082700000, 0x0000000082800000, 0x0000000082800000|100%| O|  |TAMS 0x0000000082800000, 0x0000000082700000| Untracked 
|  40|0x0000000082800000, 0x0000000082900000, 0x0000000082900000|100%| O|  |TAMS 0x0000000082900000, 0x0000000082800000| Complete 
|  41|0x0000000082900000, 0x0000000082a00000, 0x0000000082a00000|100%|HS|  |TAMS 0x0000000082a00000, 0x0000000082900000| Complete 
|  42|0x0000000082a00000, 0x0000000082b00000, 0x0000000082b00000|100%|HS|  |TAMS 0x0000000082b00000, 0x0000000082a00000| Complete 
|  43|0x0000000082b00000, 0x0000000082c00000, 0x0000000082c00000|100%| O|  |TAMS 0x0000000082c00000, 0x0000000082b00000| Untracked 
|  44|0x0000000082c00000, 0x0000000082d00000, 0x0000000082d00000|100%| O|  |TAMS 0x0000000082d00000, 0x0000000082c00000| Untracked 
|  45|0x0000000082d00000, 0x0000000082e00000, 0x0000000082e00000|100%| O|  |TAMS 0x0000000082e00000, 0x0000000082d00000| Untracked 
|  46|0x0000000082e00000, 0x0000000082f00000, 0x0000000082f00000|100%| O|  |TAMS 0x0000000082f00000, 0x0000000082e00000| Complete 
|  47|0x0000000082f00000, 0x0000000083000000, 0x0000000083000000|100%| O|  |TAMS 0x0000000083000000, 0x0000000082f00000| Complete 
|  48|0x0000000083000000, 0x0000000083100000, 0x0000000083100000|100%| O|  |TAMS 0x0000000083100000, 0x0000000083000000| Complete 
|  49|0x0000000083100000, 0x0000000083200000, 0x0000000083200000|100%| O|  |TAMS 0x0000000083200000, 0x0000000083100000| Untracked 
|  50|0x0000000083200000, 0x0000000083300000, 0x0000000083300000|100%| O|  |TAMS 0x0000000083300000, 0x0000000083200000| Untracked 
|  51|0x0000000083300000, 0x0000000083400000, 0x0000000083400000|100%| O|  |TAMS 0x0000000083400000, 0x0000000083300000| Untracked 
|  52|0x0000000083400000, 0x0000000083500000, 0x0000000083500000|100%| O|  |TAMS 0x0000000083500000, 0x0000000083400000| Untracked 
|  53|0x0000000083500000, 0x0000000083600000, 0x0000000083600000|100%| O|  |TAMS 0x0000000083600000, 0x0000000083500000| Untracked 
|  54|0x0000000083600000, 0x0000000083700000, 0x0000000083700000|100%| O|  |TAMS 0x0000000083700000, 0x0000000083600000| Untracked 
|  55|0x0000000083700000, 0x0000000083800000, 0x0000000083800000|100%| O|  |TAMS 0x0000000083800000, 0x0000000083700000| Complete 
|  56|0x0000000083800000, 0x0000000083900000, 0x0000000083900000|100%| O|  |TAMS 0x0000000083900000, 0x0000000083800000| Complete 
|  57|0x0000000083900000, 0x0000000083a00000, 0x0000000083a00000|100%| O|  |TAMS 0x0000000083a00000, 0x0000000083900000| Untracked 
|  58|0x0000000083a00000, 0x0000000083b00000, 0x0000000083b00000|100%| O|  |TAMS 0x0000000083b00000, 0x0000000083a00000| Untracked 
|  59|0x0000000083b00000, 0x0000000083c00000, 0x0000000083c00000|100%| O|  |TAMS 0x0000000083c00000, 0x0000000083b00000| Untracked 
|  60|0x0000000083c00000, 0x0000000083d00000, 0x0000000083d00000|100%| O|  |TAMS 0x0000000083d00000, 0x0000000083c00000| Untracked 
|  61|0x0000000083d00000, 0x0000000083e00000, 0x0000000083e00000|100%| O|  |TAMS 0x0000000083e00000, 0x0000000083d00000| Complete 
|  62|0x0000000083e00000, 0x0000000083f00000, 0x0000000083f00000|100%| O|  |TAMS 0x0000000083f00000, 0x0000000083e00000| Untracked 
|  63|0x0000000083f00000, 0x0000000084000000, 0x0000000084000000|100%| O|  |TAMS 0x0000000084000000, 0x0000000083f00000| Complete 
|  64|0x0000000084000000, 0x0000000084100000, 0x0000000084100000|100%| O|  |TAMS 0x0000000084100000, 0x0000000084000000| Complete 
|  65|0x0000000084100000, 0x0000000084200000, 0x0000000084200000|100%| O|  |TAMS 0x0000000084200000, 0x0000000084100000| Complete 
|  66|0x0000000084200000, 0x0000000084300000, 0x0000000084300000|100%| O|  |TAMS 0x0000000084300000, 0x0000000084200000| Untracked 
|  67|0x0000000084300000, 0x0000000084400000, 0x0000000084400000|100%| O|  |TAMS 0x0000000084400000, 0x0000000084300000| Untracked 
|  68|0x0000000084400000, 0x0000000084500000, 0x0000000084500000|100%| O|  |TAMS 0x0000000084500000, 0x0000000084400000| Untracked 
|  69|0x0000000084500000, 0x0000000084600000, 0x0000000084600000|100%| O|  |TAMS 0x0000000084600000, 0x0000000084500000| Untracked 
|  70|0x0000000084600000, 0x0000000084700000, 0x0000000084700000|100%| O|  |TAMS 0x0000000084700000, 0x0000000084600000| Untracked 
|  71|0x0000000084700000, 0x0000000084800000, 0x0000000084800000|100%| O|  |TAMS 0x0000000084800000, 0x0000000084700000| Complete 
|  72|0x0000000084800000, 0x0000000084900000, 0x0000000084900000|100%|HS|  |TAMS 0x0000000084900000, 0x0000000084800000| Complete 
|  73|0x0000000084900000, 0x0000000084a00000, 0x0000000084a00000|100%|HC|  |TAMS 0x0000000084a00000, 0x0000000084900000| Complete 
|  74|0x0000000084a00000, 0x0000000084b00000, 0x0000000084b00000|100%|HS|  |TAMS 0x0000000084b00000, 0x0000000084a00000| Complete 
|  75|0x0000000084b00000, 0x0000000084c00000, 0x0000000084c00000|100%|HC|  |TAMS 0x0000000084c00000, 0x0000000084b00000| Complete 
|  76|0x0000000084c00000, 0x0000000084d00000, 0x0000000084d00000|100%|HC|  |TAMS 0x0000000084d00000, 0x0000000084c00000| Complete 
|  77|0x0000000084d00000, 0x0000000084e00000, 0x0000000084e00000|100%|HC|  |TAMS 0x0000000084e00000, 0x0000000084d00000| Complete 
|  78|0x0000000084e00000, 0x0000000084f00000, 0x0000000084f00000|100%|HS|  |TAMS 0x0000000084f00000, 0x0000000084e00000| Complete 
|  79|0x0000000084f00000, 0x0000000085000000, 0x0000000085000000|100%|HC|  |TAMS 0x0000000085000000, 0x0000000084f00000| Complete 
|  80|0x0000000085000000, 0x0000000085100000, 0x0000000085100000|100%|HS|  |TAMS 0x0000000085100000, 0x0000000085000000| Complete 
|  81|0x0000000085100000, 0x0000000085200000, 0x0000000085200000|100%|HS|  |TAMS 0x0000000085200000, 0x0000000085100000| Complete 
|  82|0x0000000085200000, 0x0000000085300000, 0x0000000085300000|100%| O|  |TAMS 0x0000000085300000, 0x0000000085200000| Complete 
|  83|0x0000000085300000, 0x0000000085400000, 0x0000000085400000|100%|HS|  |TAMS 0x0000000085400000, 0x0000000085300000| Complete 
|  84|0x0000000085400000, 0x0000000085500000, 0x0000000085500000|100%|HC|  |TAMS 0x0000000085500000, 0x0000000085400000| Complete 
|  85|0x0000000085500000, 0x0000000085600000, 0x0000000085600000|100%| O|  |TAMS 0x0000000085600000, 0x0000000085500000| Untracked 
|  86|0x0000000085600000, 0x0000000085700000, 0x0000000085700000|100%| O|  |TAMS 0x0000000085700000, 0x0000000085600000| Complete 
|  87|0x0000000085700000, 0x0000000085800000, 0x0000000085800000|100%| O|  |TAMS 0x0000000085800000, 0x0000000085700000| Untracked 
|  88|0x0000000085800000, 0x0000000085900000, 0x0000000085900000|100%| O|  |TAMS 0x0000000085900000, 0x0000000085800000| Complete 
|  89|0x0000000085900000, 0x0000000085a00000, 0x0000000085a00000|100%| O|  |TAMS 0x0000000085a00000, 0x0000000085900000| Complete 
|  90|0x0000000085a00000, 0x0000000085b00000, 0x0000000085b00000|100%| O|  |TAMS 0x0000000085b00000, 0x0000000085a00000| Complete 
|  91|0x0000000085b00000, 0x0000000085c00000, 0x0000000085c00000|100%| O|  |TAMS 0x0000000085c00000, 0x0000000085b00000| Complete 
|  92|0x0000000085c00000, 0x0000000085d00000, 0x0000000085d00000|100%| O|  |TAMS 0x0000000085d00000, 0x0000000085c00000| Complete 
|  93|0x0000000085d00000, 0x0000000085e00000, 0x0000000085e00000|100%| O|  |TAMS 0x0000000085e00000, 0x0000000085d00000| Untracked 
|  94|0x0000000085e00000, 0x0000000085f00000, 0x0000000085f00000|100%| O|  |TAMS 0x0000000085f00000, 0x0000000085e00000| Untracked 
|  95|0x0000000085f00000, 0x0000000086000000, 0x0000000086000000|100%| O|  |TAMS 0x0000000086000000, 0x0000000085f00000| Complete 
|  96|0x0000000086000000, 0x0000000086100000, 0x0000000086100000|100%| O|  |TAMS 0x0000000086100000, 0x0000000086000000| Untracked 
|  97|0x0000000086100000, 0x0000000086200000, 0x0000000086200000|100%| O|  |TAMS 0x0000000086200000, 0x0000000086100000| Untracked 
|  98|0x0000000086200000, 0x0000000086300000, 0x0000000086300000|100%| O|  |TAMS 0x0000000086300000, 0x0000000086200000| Untracked 
|  99|0x0000000086300000, 0x0000000086400000, 0x0000000086400000|100%| O|  |TAMS 0x0000000086400000, 0x0000000086300000| Untracked 
| 100|0x0000000086400000, 0x0000000086500000, 0x0000000086500000|100%| O|  |TAMS 0x0000000086500000, 0x0000000086400000| Untracked 
| 101|0x0000000086500000, 0x0000000086600000, 0x0000000086600000|100%| O|  |TAMS 0x0000000086600000, 0x0000000086500000| Untracked 
| 102|0x0000000086600000, 0x0000000086700000, 0x0000000086700000|100%| O|  |TAMS 0x0000000086700000, 0x0000000086600000| Untracked 
| 103|0x0000000086700000, 0x0000000086800000, 0x0000000086800000|100%| O|  |TAMS 0x0000000086800000, 0x0000000086700000| Complete 
| 104|0x0000000086800000, 0x0000000086900000, 0x0000000086900000|100%| O|  |TAMS 0x0000000086900000, 0x0000000086800000| Complete 
| 105|0x0000000086900000, 0x0000000086a00000, 0x0000000086a00000|100%| O|  |TAMS 0x0000000086a00000, 0x0000000086900000| Untracked 
| 106|0x0000000086a00000, 0x0000000086b00000, 0x0000000086b00000|100%| O|  |TAMS 0x0000000086b00000, 0x0000000086a00000| Complete 
| 107|0x0000000086b00000, 0x0000000086c00000, 0x0000000086c00000|100%| O|  |TAMS 0x0000000086c00000, 0x0000000086b00000| Untracked 
| 108|0x0000000086c00000, 0x0000000086d00000, 0x0000000086d00000|100%| O|  |TAMS 0x0000000086d00000, 0x0000000086c00000| Untracked 
| 109|0x0000000086d00000, 0x0000000086e00000, 0x0000000086e00000|100%| O|  |TAMS 0x0000000086e00000, 0x0000000086d00000| Untracked 
| 110|0x0000000086e00000, 0x0000000086f00000, 0x0000000086f00000|100%| O|  |TAMS 0x0000000086f00000, 0x0000000086e00000| Untracked 
| 111|0x0000000086f00000, 0x0000000087000000, 0x0000000087000000|100%| O|  |TAMS 0x0000000087000000, 0x0000000086f00000| Untracked 
| 112|0x0000000087000000, 0x0000000087100000, 0x0000000087100000|100%| O|  |TAMS 0x0000000087100000, 0x0000000087000000| Untracked 
| 113|0x0000000087100000, 0x0000000087200000, 0x0000000087200000|100%| O|  |TAMS 0x0000000087200000, 0x0000000087100000| Untracked 
| 114|0x0000000087200000, 0x0000000087300000, 0x0000000087300000|100%| O|  |TAMS 0x0000000087300000, 0x0000000087200000| Untracked 
| 115|0x0000000087300000, 0x0000000087400000, 0x0000000087400000|100%| O|  |TAMS 0x0000000087400000, 0x0000000087300000| Untracked 
| 116|0x0000000087400000, 0x0000000087500000, 0x0000000087500000|100%| O|  |TAMS 0x0000000087500000, 0x0000000087400000| Untracked 
| 117|0x0000000087500000, 0x0000000087600000, 0x0000000087600000|100%| O|  |TAMS 0x0000000087600000, 0x0000000087500000| Untracked 
| 118|0x0000000087600000, 0x0000000087700000, 0x0000000087700000|100%| O|  |TAMS 0x0000000087700000, 0x0000000087600000| Complete 
| 119|0x0000000087700000, 0x0000000087800000, 0x0000000087800000|100%| O|  |TAMS 0x0000000087800000, 0x0000000087700000| Complete 
| 120|0x0000000087800000, 0x0000000087900000, 0x0000000087900000|100%| O|  |TAMS 0x0000000087900000, 0x0000000087800000| Complete 
| 121|0x0000000087900000, 0x0000000087a00000, 0x0000000087a00000|100%| O|  |TAMS 0x0000000087a00000, 0x0000000087900000| Complete 
| 122|0x0000000087a00000, 0x0000000087b00000, 0x0000000087b00000|100%| O|  |TAMS 0x0000000087b00000, 0x0000000087a00000| Complete 
| 123|0x0000000087b00000, 0x0000000087c00000, 0x0000000087c00000|100%| O|  |TAMS 0x0000000087c00000, 0x0000000087b00000| Untracked 
| 124|0x0000000087c00000, 0x0000000087d00000, 0x0000000087d00000|100%| O|  |TAMS 0x0000000087d00000, 0x0000000087c00000| Complete 
| 125|0x0000000087d00000, 0x0000000087e00000, 0x0000000087e00000|100%| O|  |TAMS 0x0000000087e00000, 0x0000000087d00000| Complete 
| 126|0x0000000087e00000, 0x0000000087f00000, 0x0000000087f00000|100%| O|  |TAMS 0x0000000087f00000, 0x0000000087e00000| Untracked 
| 127|0x0000000087f00000, 0x0000000088000000, 0x0000000088000000|100%| O|  |TAMS 0x0000000088000000, 0x0000000087f00000| Complete 
| 128|0x0000000088000000, 0x0000000088100000, 0x0000000088100000|100%| O|  |TAMS 0x0000000088100000, 0x0000000088000000| Untracked 
| 129|0x0000000088100000, 0x0000000088200000, 0x0000000088200000|100%| O|  |TAMS 0x0000000088200000, 0x0000000088100000| Untracked 
| 130|0x0000000088200000, 0x0000000088300000, 0x0000000088300000|100%| O|  |TAMS 0x0000000088300000, 0x0000000088200000| Untracked 
| 131|0x0000000088300000, 0x0000000088400000, 0x0000000088400000|100%| O|  |TAMS 0x0000000088400000, 0x0000000088300000| Untracked 
| 132|0x0000000088400000, 0x0000000088500000, 0x0000000088500000|100%| O|  |TAMS 0x0000000088500000, 0x0000000088400000| Untracked 
| 133|0x0000000088500000, 0x0000000088600000, 0x0000000088600000|100%| O|  |TAMS 0x0000000088600000, 0x0000000088500000| Untracked 
| 134|0x0000000088600000, 0x0000000088700000, 0x0000000088700000|100%| O|  |TAMS 0x0000000088700000, 0x0000000088600000| Untracked 
| 135|0x0000000088700000, 0x0000000088800000, 0x0000000088800000|100%| O|  |TAMS 0x0000000088800000, 0x0000000088700000| Untracked 
| 136|0x0000000088800000, 0x0000000088900000, 0x0000000088900000|100%| O|  |TAMS 0x0000000088900000, 0x0000000088800000| Untracked 
| 137|0x0000000088900000, 0x0000000088a00000, 0x0000000088a00000|100%|HS|  |TAMS 0x0000000088a00000, 0x0000000088900000| Complete 
| 138|0x0000000088a00000, 0x0000000088b00000, 0x0000000088b00000|100%|HS|  |TAMS 0x0000000088b00000, 0x0000000088a00000| Complete 
| 139|0x0000000088b00000, 0x0000000088c00000, 0x0000000088c00000|100%|HC|  |TAMS 0x0000000088c00000, 0x0000000088b00000| Complete 
| 140|0x0000000088c00000, 0x0000000088d00000, 0x0000000088d00000|100%|HC|  |TAMS 0x0000000088d00000, 0x0000000088c00000| Complete 
| 141|0x0000000088d00000, 0x0000000088e00000, 0x0000000088e00000|100%| O|  |TAMS 0x0000000088e00000, 0x0000000088d00000| Untracked 
| 142|0x0000000088e00000, 0x0000000088f00000, 0x0000000088f00000|100%| O|  |TAMS 0x0000000088f00000, 0x0000000088e00000| Untracked 
| 143|0x0000000088f00000, 0x0000000089000000, 0x0000000089000000|100%| O|  |TAMS 0x0000000089000000, 0x0000000088f00000| Untracked 
| 144|0x0000000089000000, 0x0000000089100000, 0x0000000089100000|100%| O|  |TAMS 0x0000000089100000, 0x0000000089000000| Untracked 
| 145|0x0000000089100000, 0x0000000089200000, 0x0000000089200000|100%| O|  |TAMS 0x0000000089200000, 0x0000000089100000| Untracked 
| 146|0x0000000089200000, 0x0000000089300000, 0x0000000089300000|100%| O|  |TAMS 0x0000000089300000, 0x0000000089200000| Untracked 
| 147|0x0000000089300000, 0x0000000089400000, 0x0000000089400000|100%|HS|  |TAMS 0x0000000089400000, 0x0000000089300000| Complete 
| 148|0x0000000089400000, 0x0000000089500000, 0x0000000089500000|100%|HS|  |TAMS 0x0000000089500000, 0x0000000089400000| Complete 
| 149|0x0000000089500000, 0x0000000089600000, 0x0000000089600000|100%|HS|  |TAMS 0x0000000089600000, 0x0000000089500000| Complete 
| 150|0x0000000089600000, 0x0000000089700000, 0x0000000089700000|100%|HC|  |TAMS 0x0000000089700000, 0x0000000089600000| Complete 
| 151|0x0000000089700000, 0x0000000089800000, 0x0000000089800000|100%|HC|  |TAMS 0x0000000089800000, 0x0000000089700000| Complete 
| 152|0x0000000089800000, 0x0000000089900000, 0x0000000089900000|100%| O|  |TAMS 0x0000000089900000, 0x0000000089800000| Complete 
| 153|0x0000000089900000, 0x0000000089a00000, 0x0000000089a00000|100%| O|  |TAMS 0x0000000089a00000, 0x0000000089900000| Untracked 
| 154|0x0000000089a00000, 0x0000000089b00000, 0x0000000089b00000|100%| O|  |TAMS 0x0000000089b00000, 0x0000000089a00000| Complete 
| 155|0x0000000089b00000, 0x0000000089c00000, 0x0000000089c00000|100%| O|  |TAMS 0x0000000089c00000, 0x0000000089b00000| Untracked 
| 156|0x0000000089c00000, 0x0000000089d00000, 0x0000000089d00000|100%| O|  |TAMS 0x0000000089d00000, 0x0000000089c00000| Untracked 
| 157|0x0000000089d00000, 0x0000000089e00000, 0x0000000089e00000|100%| O|  |TAMS 0x0000000089e00000, 0x0000000089d00000| Untracked 
| 158|0x0000000089e00000, 0x0000000089f00000, 0x0000000089f00000|100%| O|  |TAMS 0x0000000089f00000, 0x0000000089e00000| Untracked 
| 159|0x0000000089f00000, 0x000000008a000000, 0x000000008a000000|100%| O|  |TAMS 0x000000008a000000, 0x0000000089f00000| Untracked 
| 160|0x000000008a000000, 0x000000008a100000, 0x000000008a100000|100%| O|  |TAMS 0x000000008a100000, 0x000000008a000000| Complete 
| 161|0x000000008a100000, 0x000000008a200000, 0x000000008a200000|100%| O|  |TAMS 0x000000008a200000, 0x000000008a100000| Untracked 
| 162|0x000000008a200000, 0x000000008a300000, 0x000000008a300000|100%| O|  |TAMS 0x000000008a300000, 0x000000008a200000| Untracked 
| 163|0x000000008a300000, 0x000000008a400000, 0x000000008a400000|100%|HS|  |TAMS 0x000000008a400000, 0x000000008a300000| Complete 
| 164|0x000000008a400000, 0x000000008a500000, 0x000000008a500000|100%|HS|  |TAMS 0x000000008a500000, 0x000000008a400000| Complete 
| 165|0x000000008a500000, 0x000000008a600000, 0x000000008a600000|100%| O|  |TAMS 0x000000008a600000, 0x000000008a500000| Untracked 
| 166|0x000000008a600000, 0x000000008a700000, 0x000000008a700000|100%| O|  |TAMS 0x000000008a700000, 0x000000008a600000| Untracked 
| 167|0x000000008a700000, 0x000000008a800000, 0x000000008a800000|100%| O|  |TAMS 0x000000008a800000, 0x000000008a700000| Complete 
| 168|0x000000008a800000, 0x000000008a900000, 0x000000008a900000|100%| O|  |TAMS 0x000000008a900000, 0x000000008a800000| Untracked 
| 169|0x000000008a900000, 0x000000008aa00000, 0x000000008aa00000|100%| O|  |TAMS 0x000000008aa00000, 0x000000008a900000| Untracked 
| 170|0x000000008aa00000, 0x000000008ab00000, 0x000000008ab00000|100%| O|  |TAMS 0x000000008ab00000, 0x000000008aa00000| Untracked 
| 171|0x000000008ab00000, 0x000000008ac00000, 0x000000008ac00000|100%| O|  |TAMS 0x000000008ac00000, 0x000000008ab00000| Untracked 
| 172|0x000000008ac00000, 0x000000008ad00000, 0x000000008ad00000|100%| O|  |TAMS 0x000000008ad00000, 0x000000008ac00000| Untracked 
| 173|0x000000008ad00000, 0x000000008ae00000, 0x000000008ae00000|100%| O|  |TAMS 0x000000008ae00000, 0x000000008ad00000| Untracked 
| 174|0x000000008ae00000, 0x000000008af00000, 0x000000008af00000|100%| O|  |TAMS 0x000000008af00000, 0x000000008ae00000| Complete 
| 175|0x000000008af00000, 0x000000008b000000, 0x000000008b000000|100%| O|  |TAMS 0x000000008b000000, 0x000000008af00000| Untracked 
| 176|0x000000008b000000, 0x000000008b100000, 0x000000008b100000|100%| O|  |TAMS 0x000000008b100000, 0x000000008b000000| Untracked 
| 177|0x000000008b100000, 0x000000008b200000, 0x000000008b200000|100%| O|  |TAMS 0x000000008b200000, 0x000000008b100000| Untracked 
| 178|0x000000008b200000, 0x000000008b300000, 0x000000008b300000|100%| O|  |TAMS 0x000000008b300000, 0x000000008b200000| Untracked 
| 179|0x000000008b300000, 0x000000008b400000, 0x000000008b400000|100%| O|  |TAMS 0x000000008b400000, 0x000000008b300000| Untracked 
| 180|0x000000008b400000, 0x000000008b500000, 0x000000008b500000|100%| O|  |TAMS 0x000000008b500000, 0x000000008b400000| Untracked 
| 181|0x000000008b500000, 0x000000008b600000, 0x000000008b600000|100%| O|  |TAMS 0x000000008b600000, 0x000000008b500000| Untracked 
| 182|0x000000008b600000, 0x000000008b700000, 0x000000008b700000|100%| O|  |TAMS 0x000000008b700000, 0x000000008b600000| Complete 
| 183|0x000000008b700000, 0x000000008b800000, 0x000000008b800000|100%| O|  |TAMS 0x000000008b800000, 0x000000008b700000| Untracked 
| 184|0x000000008b800000, 0x000000008b900000, 0x000000008b900000|100%| O|  |TAMS 0x000000008b900000, 0x000000008b800000| Complete 
| 185|0x000000008b900000, 0x000000008ba00000, 0x000000008ba00000|100%| O|  |TAMS 0x000000008ba00000, 0x000000008b900000| Untracked 
| 186|0x000000008ba00000, 0x000000008bb00000, 0x000000008bb00000|100%| O|  |TAMS 0x000000008bb00000, 0x000000008ba00000| Untracked 
| 187|0x000000008bb00000, 0x000000008bc00000, 0x000000008bc00000|100%| O|  |TAMS 0x000000008bc00000, 0x000000008bb00000| Untracked 
| 188|0x000000008bc00000, 0x000000008bd00000, 0x000000008bd00000|100%| O|  |TAMS 0x000000008bd00000, 0x000000008bc00000| Complete 
| 189|0x000000008bd00000, 0x000000008be00000, 0x000000008be00000|100%| O|  |TAMS 0x000000008be00000, 0x000000008bd00000| Untracked 
| 190|0x000000008be00000, 0x000000008bf00000, 0x000000008bf00000|100%| O|  |TAMS 0x000000008bf00000, 0x000000008be00000| Untracked 
| 191|0x000000008bf00000, 0x000000008c000000, 0x000000008c000000|100%| O|  |TAMS 0x000000008c000000, 0x000000008bf00000| Complete 
| 192|0x000000008c000000, 0x000000008c100000, 0x000000008c100000|100%| O|  |TAMS 0x000000008c100000, 0x000000008c000000| Untracked 
| 193|0x000000008c100000, 0x000000008c200000, 0x000000008c200000|100%| O|  |TAMS 0x000000008c200000, 0x000000008c100000| Untracked 
| 194|0x000000008c200000, 0x000000008c300000, 0x000000008c300000|100%| O|  |TAMS 0x000000008c300000, 0x000000008c200000| Untracked 
| 195|0x000000008c300000, 0x000000008c400000, 0x000000008c400000|100%| O|  |TAMS 0x000000008c400000, 0x000000008c300000| Untracked 
| 196|0x000000008c400000, 0x000000008c500000, 0x000000008c500000|100%| O|  |TAMS 0x000000008c500000, 0x000000008c400000| Untracked 
| 197|0x000000008c500000, 0x000000008c600000, 0x000000008c600000|100%| O|  |TAMS 0x000000008c600000, 0x000000008c500000| Complete 
| 198|0x000000008c600000, 0x000000008c700000, 0x000000008c700000|100%| O|  |TAMS 0x000000008c700000, 0x000000008c600000| Untracked 
| 199|0x000000008c700000, 0x000000008c800000, 0x000000008c800000|100%| O|  |TAMS 0x000000008c800000, 0x000000008c700000| Complete 
| 200|0x000000008c800000, 0x000000008c900000, 0x000000008c900000|100%| O|  |TAMS 0x000000008c900000, 0x000000008c800000| Untracked 
| 201|0x000000008c900000, 0x000000008ca00000, 0x000000008ca00000|100%| O|  |TAMS 0x000000008ca00000, 0x000000008c900000| Untracked 
| 202|0x000000008ca00000, 0x000000008cb00000, 0x000000008cb00000|100%| O|  |TAMS 0x000000008cb00000, 0x000000008ca00000| Untracked 
| 203|0x000000008cb00000, 0x000000008cc00000, 0x000000008cc00000|100%| O|  |TAMS 0x000000008cc00000, 0x000000008cb00000| Untracked 
| 204|0x000000008cc00000, 0x000000008cd00000, 0x000000008cd00000|100%| O|  |TAMS 0x000000008cd00000, 0x000000008cc00000| Complete 
| 205|0x000000008cd00000, 0x000000008ce00000, 0x000000008ce00000|100%| O|  |TAMS 0x000000008ce00000, 0x000000008cd00000| Untracked 
| 206|0x000000008ce00000, 0x000000008cf00000, 0x000000008cf00000|100%| O|  |TAMS 0x000000008cf00000, 0x000000008ce00000| Untracked 
| 207|0x000000008cf00000, 0x000000008d000000, 0x000000008d000000|100%| O|  |TAMS 0x000000008d000000, 0x000000008cf00000| Untracked 
| 208|0x000000008d000000, 0x000000008d100000, 0x000000008d100000|100%| O|  |TAMS 0x000000008d100000, 0x000000008d000000| Complete 
| 209|0x000000008d100000, 0x000000008d200000, 0x000000008d200000|100%| O|  |TAMS 0x000000008d200000, 0x000000008d100000| Untracked 
| 210|0x000000008d200000, 0x000000008d300000, 0x000000008d300000|100%| O|  |TAMS 0x000000008d300000, 0x000000008d200000| Complete 
| 211|0x000000008d300000, 0x000000008d400000, 0x000000008d400000|100%| O|  |TAMS 0x000000008d400000, 0x000000008d300000| Complete 
| 212|0x000000008d400000, 0x000000008d500000, 0x000000008d500000|100%| O|  |TAMS 0x000000008d500000, 0x000000008d400000| Complete 
| 213|0x000000008d500000, 0x000000008d600000, 0x000000008d600000|100%| O|  |TAMS 0x000000008d600000, 0x000000008d500000| Complete 
| 214|0x000000008d600000, 0x000000008d700000, 0x000000008d700000|100%| O|  |TAMS 0x000000008d700000, 0x000000008d600000| Complete 
| 215|0x000000008d700000, 0x000000008d800000, 0x000000008d800000|100%| O|  |TAMS 0x000000008d76c800, 0x000000008d700000| Untracked 
| 216|0x000000008d800000, 0x000000008d900000, 0x000000008d900000|100%| O|  |TAMS 0x000000008d900000, 0x000000008d800000| Complete 
| 217|0x000000008d900000, 0x000000008da00000, 0x000000008da00000|100%| O|  |TAMS 0x000000008d900000, 0x000000008d900000| Untracked 
| 218|0x000000008da00000, 0x000000008db00000, 0x000000008db00000|100%| O|  |TAMS 0x000000008da00000, 0x000000008da00000| Untracked 
| 219|0x000000008db00000, 0x000000008dc00000, 0x000000008dc00000|100%| O|  |TAMS 0x000000008dc00000, 0x000000008db00000| Untracked 
| 220|0x000000008dc00000, 0x000000008dd00000, 0x000000008dd00000|100%| O|  |TAMS 0x000000008dd00000, 0x000000008dc00000| Untracked 
| 221|0x000000008dd00000, 0x000000008ddfca00, 0x000000008de00000| 98%| O|  |TAMS 0x000000008dd00000, 0x000000008dd00000| Untracked 
| 222|0x000000008de00000, 0x000000008df00000, 0x000000008df00000|100%| O|  |TAMS 0x000000008df00000, 0x000000008de00000| Untracked 
| 223|0x000000008df00000, 0x000000008df00000, 0x000000008e000000|  0%| F|  |TAMS 0x000000008df00000, 0x000000008df00000| Untracked 
| 224|0x000000008e000000, 0x000000008e000000, 0x000000008e100000|  0%| F|  |TAMS 0x000000008e000000, 0x000000008e000000| Untracked 
| 225|0x000000008e100000, 0x000000008e100000, 0x000000008e200000|  0%| F|  |TAMS 0x000000008e100000, 0x000000008e100000| Untracked 
| 226|0x000000008e200000, 0x000000008e300000, 0x000000008e300000|100%| O|  |TAMS 0x000000008e300000, 0x000000008e200000| Untracked 
| 227|0x000000008e300000, 0x000000008e400000, 0x000000008e400000|100%| O|  |TAMS 0x000000008e400000, 0x000000008e300000| Complete 
| 228|0x000000008e400000, 0x000000008e400000, 0x000000008e500000|  0%| F|  |TAMS 0x000000008e400000, 0x000000008e400000| Untracked 
| 229|0x000000008e500000, 0x000000008e500000, 0x000000008e600000|  0%| F|  |TAMS 0x000000008e500000, 0x000000008e500000| Untracked 
| 230|0x000000008e600000, 0x000000008e700000, 0x000000008e700000|100%| O|  |TAMS 0x000000008e700000, 0x000000008e600000| Untracked 
| 231|0x000000008e700000, 0x000000008e800000, 0x000000008e800000|100%| O|  |TAMS 0x000000008e800000, 0x000000008e700000| Complete 
| 232|0x000000008e800000, 0x000000008e900000, 0x000000008e900000|100%| O|  |TAMS 0x000000008e900000, 0x000000008e800000| Complete 
| 233|0x000000008e900000, 0x000000008ea00000, 0x000000008ea00000|100%| O|  |TAMS 0x000000008ea00000, 0x000000008e900000| Untracked 
| 234|0x000000008ea00000, 0x000000008eb00000, 0x000000008eb00000|100%| O|  |TAMS 0x000000008eb00000, 0x000000008ea00000| Untracked 
| 235|0x000000008eb00000, 0x000000008ec00000, 0x000000008ec00000|100%| O|  |TAMS 0x000000008ec00000, 0x000000008eb00000| Untracked 
| 236|0x000000008ec00000, 0x000000008ec00000, 0x000000008ed00000|  0%| F|  |TAMS 0x000000008ec00000, 0x000000008ec00000| Untracked 
| 237|0x000000008ed00000, 0x000000008ed00000, 0x000000008ee00000|  0%| F|  |TAMS 0x000000008ed00000, 0x000000008ed00000| Untracked 
| 238|0x000000008ee00000, 0x000000008ee00000, 0x000000008ef00000|  0%| F|  |TAMS 0x000000008ee00000, 0x000000008ee00000| Untracked 
| 239|0x000000008ef00000, 0x000000008ef00000, 0x000000008f000000|  0%| F|  |TAMS 0x000000008ef00000, 0x000000008ef00000| Untracked 
| 240|0x000000008f000000, 0x000000008f000000, 0x000000008f100000|  0%| F|  |TAMS 0x000000008f000000, 0x000000008f000000| Untracked 
| 241|0x000000008f100000, 0x000000008f100000, 0x000000008f200000|  0%| F|  |TAMS 0x000000008f100000, 0x000000008f100000| Untracked 
| 242|0x000000008f200000, 0x000000008f2be308, 0x000000008f300000| 74%| S|CS|TAMS 0x000000008f200000, 0x000000008f200000| Complete 
| 243|0x000000008f300000, 0x000000008f400000, 0x000000008f400000|100%| S|CS|TAMS 0x000000008f300000, 0x000000008f300000| Complete 
| 244|0x000000008f400000, 0x000000008f400000, 0x000000008f500000|  0%| F|  |TAMS 0x000000008f400000, 0x000000008f400000| Untracked 
| 245|0x000000008f500000, 0x000000008f500000, 0x000000008f600000|  0%| F|  |TAMS 0x000000008f500000, 0x000000008f500000| Untracked 
| 246|0x000000008f600000, 0x000000008f600000, 0x000000008f700000|  0%| F|  |TAMS 0x000000008f600000, 0x000000008f600000| Untracked 
| 247|0x000000008f700000, 0x000000008f776450, 0x000000008f800000| 46%| E|  |TAMS 0x000000008f700000, 0x000000008f700000| Complete 
| 248|0x000000008f800000, 0x000000008f900000, 0x000000008f900000|100%| E|CS|TAMS 0x000000008f800000, 0x000000008f800000| Complete 
| 249|0x000000008f900000, 0x000000008fa00000, 0x000000008fa00000|100%| E|CS|TAMS 0x000000008f900000, 0x000000008f900000| Complete 
| 250|0x000000008fa00000, 0x000000008fb00000, 0x000000008fb00000|100%| E|CS|TAMS 0x000000008fa00000, 0x000000008fa00000| Complete 
| 251|0x000000008fb00000, 0x000000008fc00000, 0x000000008fc00000|100%| E|CS|TAMS 0x000000008fb00000, 0x000000008fb00000| Complete 
| 252|0x000000008fc00000, 0x000000008fd00000, 0x000000008fd00000|100%| E|CS|TAMS 0x000000008fc00000, 0x000000008fc00000| Complete 
| 253|0x000000008fd00000, 0x000000008fe00000, 0x000000008fe00000|100%| E|CS|TAMS 0x000000008fd00000, 0x000000008fd00000| Complete 

Card table byte_map: [0x00000186491d0000,0x00000186495d0000] _byte_map_base: 0x0000018648dd0000

Marking Bits (Prev, Next): (CMBitMap*) 0x0000018631370ec8, (CMBitMap*) 0x0000018631370f00
 Prev Bits: [0x00000186499d0000, 0x000001864b9d0000)
 Next Bits: [0x000001864b9d0000, 0x000001864d9d0000)

Polling page: 0x000001862f310000

Metaspace:

Usage:
  Non-class:    106.68 MB capacity,   103.55 MB ( 97%) used,     2.68 MB (  3%) free+waste,   467.63 KB ( <1%) overhead. 
      Class:     17.33 MB capacity,    15.42 MB ( 89%) used,     1.69 MB ( 10%) free+waste,   212.75 KB (  1%) overhead. 
       Both:    124.01 MB capacity,   118.97 MB ( 96%) used,     4.37 MB (  4%) free+waste,   680.38 KB ( <1%) overhead. 

Virtual space:
  Non-class space:      108.00 MB reserved,     106.83 MB ( 99%) committed 
      Class space:      504.00 MB reserved,      17.46 MB (  3%) committed 
             Both:      612.00 MB reserved,     124.29 MB ( 20%) committed 

Chunk freelists:
   Non-Class:  19.00 KB
       Class:  18.00 KB
        Both:  37.00 KB

MaxMetaspaceSize: 512.00 MB
CompressedClassSpaceSize: 504.00 MB
Initial GC threshold: 20.80 MB
Current GC threshold: 206.11 MB
CDS: off

CodeHeap 'non-profiled nmethods': size=120000Kb used=14693Kb max_used=15114Kb free=105306Kb
 bounds [0x0000018641570000, 0x0000018642440000, 0x0000018648aa0000]
CodeHeap 'profiled nmethods': size=120000Kb used=40113Kb max_used=40446Kb free=79887Kb
 bounds [0x000001863a040000, 0x000001863c810000, 0x0000018641570000]
CodeHeap 'non-nmethods': size=5760Kb used=2435Kb max_used=2499Kb free=3324Kb
 bounds [0x0000018639aa0000, 0x0000018639d20000, 0x000001863a040000]
 total_blobs=18967 nmethods=17992 adapters=885
 compilation: enabled
              stopped_count=0, restarted_count=0
 full_count=0

Compilation events (20 events):
Event: 509.467 Thread 0x000001865f150800 19538       4       kotlin.reflect.jvm.internal.impl.name.Name::asString (13 bytes)
Event: 509.468 Thread 0x0000018650cff000 nmethod 19576 0x000001863a3f4390 code [0x000001863a3f4580, 0x000001863a3f4a48]
Event: 509.468 Thread 0x000001865f150800 nmethod 19538 0x00000186418a2790 code [0x00000186418a2920, 0x00000186418a2998]
Event: 509.468 Thread 0x000001865f150800 19495       4       kotlin.collections.CollectionsKt__CollectionsJVMKt::listOf (11 bytes)
Event: 509.470 Thread 0x0000018650cff000 19577       3       kotlin.reflect.jvm.internal.impl.load.kotlin.DeserializedDescriptorResolver::getComponents (17 bytes)
Event: 509.472 Thread 0x0000018650cff000 nmethod 19577 0x000001863aa8a190 code [0x000001863aa8a420, 0x000001863aa8ac98]
Event: 509.472 Thread 0x000001865f150800 nmethod 19495 0x00000186418a2410 code [0x00000186418a25a0, 0x00000186418a26d8]
Event: 509.472 Thread 0x000001865f150800 19578       4       java.lang.reflect.AccessibleObject::logIfExportedForIllegalAccess (54 bytes)
Event: 509.477 Thread 0x0000018650cff000 19583       3       kotlin.reflect.jvm.internal.UtilKt::computeAnnotations (208 bytes)
Event: 509.479 Thread 0x0000018650cff000 nmethod 19583 0x000001863a159490 code [0x000001863a159860, 0x000001863a15b4f8]
Event: 509.479 Thread 0x0000018650cff000 19580       3       kotlin.reflect.jvm.internal.KCallableImpl$_annotations$1::invoke (5 bytes)
Event: 509.480 Thread 0x0000018650cff000 nmethod 19580 0x000001863a59ee90 code [0x000001863a59f060, 0x000001863a59f3b8]
Event: 509.480 Thread 0x0000018650cff000 19581       3       kotlin.reflect.jvm.internal.KCallableImpl$_annotations$1::invoke (14 bytes)
Event: 509.480 Thread 0x0000018650cff000 nmethod 19581 0x000001863a7c4d90 code [0x000001863a7c4f60, 0x000001863a7c5258]
Event: 509.480 Thread 0x0000018650cff000 19582       3       kotlin.reflect.jvm.internal.KPropertyImpl::getDescriptor (8 bytes)
Event: 509.480 Thread 0x0000018650cff000 nmethod 19582 0x000001863a87a190 code [0x000001863a87a380, 0x000001863a87a7d8]
Event: 509.480 Thread 0x0000018650cff000 19579       3       kotlin.reflect.jvm.internal.impl.descriptors.runtime.components.ReflectKotlinClass::hashCode (8 bytes)
Event: 509.481 Thread 0x0000018650cff000 nmethod 19579 0x000001863a581690 code [0x000001863a581840, 0x000001863a5819e8]
Event: 509.481 Thread 0x0000018650cff000 19584       3       kotlin.reflect.jvm.internal.impl.serialization.deserialization.descriptors.DeserializedAnnotations::iterator (10 bytes)
Event: 509.482 Thread 0x0000018650cff000 nmethod 19584 0x000001863a338110 code [0x000001863a338400, 0x000001863a339178]

GC Heap History (20 events):
Event: 503.020 GC heap before
{Heap before GC invocations=92 (full 0):
 garbage-first heap   total 260096K, used 243146K [0x0000000080000000, 0x0000000100000000)
  region size 1024K, 12 young (12288K), 2 survivors (2048K)
 Metaspace       used 120331K, capacity 125538K, committed 125736K, reserved 624640K
  class space    used 15619K, capacity 17560K, committed 17624K, reserved 516096K
}
Event: 503.025 GC heap after
{Heap after GC invocations=93 (full 0):
 garbage-first heap   total 260096K, used 231271K [0x0000000080000000, 0x0000000100000000)
  region size 1024K, 2 young (2048K), 2 survivors (2048K)
 Metaspace       used 120331K, capacity 125538K, committed 125736K, reserved 624640K
  class space    used 15619K, capacity 17560K, committed 17624K, reserved 516096K
}
Event: 504.906 GC heap before
{Heap before GC invocations=93 (full 0):
 garbage-first heap   total 260096K, used 240487K [0x0000000080000000, 0x0000000100000000)
  region size 1024K, 12 young (12288K), 2 survivors (2048K)
 Metaspace       used 120357K, capacity 125545K, committed 125736K, reserved 624640K
  class space    used 15620K, capacity 17560K, committed 17624K, reserved 516096K
}
Event: 504.912 GC heap after
{Heap after GC invocations=94 (full 0):
 garbage-first heap   total 260096K, used 232028K [0x0000000080000000, 0x0000000100000000)
  region size 1024K, 1 young (1024K), 1 survivors (1024K)
 Metaspace       used 120357K, capacity 125545K, committed 125736K, reserved 624640K
  class space    used 15620K, capacity 17560K, committed 17624K, reserved 516096K
}
Event: 506.071 GC heap before
{Heap before GC invocations=95 (full 0):
 garbage-first heap   total 260096K, used 246364K [0x0000000080000000, 0x0000000100000000)
  region size 1024K, 12 young (12288K), 1 survivors (1024K)
 Metaspace       used 120476K, capacity 125759K, committed 125992K, reserved 624640K
  class space    used 15634K, capacity 17575K, committed 17624K, reserved 516096K
}
Event: 506.076 GC heap after
{Heap after GC invocations=96 (full 0):
 garbage-first heap   total 260096K, used 237553K [0x0000000080000000, 0x0000000100000000)
  region size 1024K, 2 young (2048K), 2 survivors (2048K)
 Metaspace       used 120476K, capacity 125759K, committed 125992K, reserved 624640K
  class space    used 15634K, capacity 17575K, committed 17624K, reserved 516096K
}
Event: 506.135 GC heap before
{Heap before GC invocations=96 (full 0):
 garbage-first heap   total 260096K, used 247793K [0x0000000080000000, 0x0000000100000000)
  region size 1024K, 12 young (12288K), 2 survivors (2048K)
 Metaspace       used 120476K, capacity 125759K, committed 125992K, reserved 624640K
  class space    used 15634K, capacity 17575K, committed 17624K, reserved 516096K
}
Event: 506.150 GC heap after
{Heap after GC invocations=97 (full 0):
 garbage-first heap   total 260096K, used 231408K [0x0000000080000000, 0x0000000100000000)
  region size 1024K, 1 young (1024K), 1 survivors (1024K)
 Metaspace       used 120476K, capacity 125759K, committed 125992K, reserved 624640K
  class space    used 15634K, capacity 17575K, committed 17624K, reserved 516096K
}
Event: 506.206 GC heap before
{Heap before GC invocations=97 (full 0):
 garbage-first heap   total 260096K, used 241648K [0x0000000080000000, 0x0000000100000000)
  region size 1024K, 12 young (12288K), 1 survivors (1024K)
 Metaspace       used 120476K, capacity 125759K, committed 125992K, reserved 624640K
  class space    used 15634K, capacity 17575K, committed 17624K, reserved 516096K
}
Event: 506.212 GC heap after
{Heap after GC invocations=98 (full 0):
 garbage-first heap   total 260096K, used 231992K [0x0000000080000000, 0x0000000100000000)
  region size 1024K, 2 young (2048K), 2 survivors (2048K)
 Metaspace       used 120476K, capacity 125759K, committed 125992K, reserved 624640K
  class space    used 15634K, capacity 17575K, committed 17624K, reserved 516096K
}
Event: 507.123 GC heap before
{Heap before GC invocations=99 (full 0):
 garbage-first heap   total 260096K, used 241208K [0x0000000080000000, 0x0000000100000000)
  region size 1024K, 12 young (12288K), 2 survivors (2048K)
 Metaspace       used 120512K, capacity 125774K, committed 125992K, reserved 624640K
  class space    used 15637K, capacity 17578K, committed 17624K, reserved 516096K
}
Event: 507.128 GC heap after
{Heap after GC invocations=100 (full 0):
 garbage-first heap   total 260096K, used 232950K [0x0000000080000000, 0x0000000100000000)
  region size 1024K, 2 young (2048K), 2 survivors (2048K)
 Metaspace       used 120512K, capacity 125774K, committed 125992K, reserved 624640K
  class space    used 15637K, capacity 17578K, committed 17624K, reserved 516096K
}
Event: 508.370 GC heap before
{Heap before GC invocations=100 (full 0):
 garbage-first heap   total 260096K, used 242166K [0x0000000080000000, 0x0000000100000000)
  region size 1024K, 12 young (12288K), 2 survivors (2048K)
 Metaspace       used 120734K, capacity 125948K, committed 126120K, reserved 624640K
  class space    used 15669K, capacity 17614K, committed 17752K, reserved 516096K
}
Event: 508.375 GC heap after
{Heap after GC invocations=101 (full 0):
 garbage-first heap   total 260096K, used 233166K [0x0000000080000000, 0x0000000100000000)
  region size 1024K, 2 young (2048K), 2 survivors (2048K)
 Metaspace       used 120734K, capacity 125948K, committed 126120K, reserved 624640K
  class space    used 15669K, capacity 17614K, committed 17752K, reserved 516096K
}
Event: 508.616 GC heap before
{Heap before GC invocations=101 (full 0):
 garbage-first heap   total 260096K, used 243406K [0x0000000080000000, 0x0000000100000000)
  region size 1024K, 12 young (12288K), 2 survivors (2048K)
 Metaspace       used 121071K, capacity 126271K, committed 126632K, reserved 626688K
  class space    used 15697K, capacity 17615K, committed 17752K, reserved 516096K
}
Event: 508.633 GC heap after
{Heap after GC invocations=102 (full 0):
 garbage-first heap   total 260096K, used 234930K [0x0000000080000000, 0x0000000100000000)
  region size 1024K, 2 young (2048K), 2 survivors (2048K)
 Metaspace       used 121071K, capacity 126271K, committed 126632K, reserved 626688K
  class space    used 15697K, capacity 17615K, committed 17752K, reserved 516096K
}
Event: 509.143 GC heap before
{Heap before GC invocations=102 (full 0):
 garbage-first heap   total 260096K, used 245170K [0x0000000080000000, 0x0000000100000000)
  region size 1024K, 12 young (12288K), 2 survivors (2048K)
 Metaspace       used 121337K, capacity 126503K, committed 126632K, reserved 626688K
  class space    used 15733K, capacity 17668K, committed 17752K, reserved 516096K
}
Event: 509.151 GC heap after
{Heap after GC invocations=103 (full 0):
 garbage-first heap   total 260096K, used 236448K [0x0000000080000000, 0x0000000100000000)
  region size 1024K, 2 young (2048K), 2 survivors (2048K)
 Metaspace       used 121337K, capacity 126503K, committed 126632K, reserved 626688K
  class space    used 15733K, capacity 17668K, committed 17752K, reserved 516096K
}
Event: 509.366 GC heap before
{Heap before GC invocations=104 (full 0):
 garbage-first heap   total 260096K, used 245664K [0x0000000080000000, 0x0000000100000000)
  region size 1024K, 12 young (12288K), 2 survivors (2048K)
 Metaspace       used 121641K, capacity 126791K, committed 126888K, reserved 626688K
  class space    used 15774K, capacity 17700K, committed 17752K, reserved 516096K
}
Event: 509.372 GC heap after
{Heap after GC invocations=105 (full 0):
 garbage-first heap   total 260096K, used 238315K [0x0000000080000000, 0x0000000100000000)
  region size 1024K, 2 young (2048K), 2 survivors (2048K)
 Metaspace       used 121641K, capacity 126791K, committed 126888K, reserved 626688K
  class space    used 15774K, capacity 17700K, committed 17752K, reserved 516096K
}

Deoptimization events (20 events):
Event: 508.431 Thread 0x000001865ff33000 DEOPT PACKING pc=0x00000186422ba8e4 sp=0x00000031425f94a0
Event: 508.431 Thread 0x000001865ff33000 DEOPT UNPACKING pc=0x0000018639aea1af sp=0x00000031425f9470 mode 2
Event: 508.431 Thread 0x000001865ff33000 Uncommon trap: trap_request=0xffffffde fr.pc=0x00000186422ba8e4 relative=0x00000000000004a4
Event: 508.431 Thread 0x000001865ff33000 Uncommon trap: reason=class_check action=maybe_recompile pc=0x00000186422ba8e4 method=org.gradle.api.internal.artifacts.ivyservice.resolveengine.artifact.ParallelResolveArtifactSet$VisitingSet$StartVisitAction.visitArtifacts(Lorg/gradle/api/internal/artif
Event: 508.431 Thread 0x000001865ff33000 DEOPT PACKING pc=0x00000186422ba8e4 sp=0x00000031425f94a0
Event: 508.431 Thread 0x000001865ff33000 DEOPT UNPACKING pc=0x0000018639aea1af sp=0x00000031425f9470 mode 2
Event: 508.460 Thread 0x000001865ff33000 Uncommon trap: trap_request=0xffffff4d fr.pc=0x00000186420e8d80 relative=0x0000000000000420
Event: 508.460 Thread 0x000001865ff33000 Uncommon trap: reason=unstable_if action=reinterpret pc=0x00000186420e8d80 method=kotlin.text.StringsKt__StringsKt.substringAfter(Ljava/lang/String;Ljava/lang/String;Ljava/lang/String;)Ljava/lang/String; @ 36 c2
Event: 508.460 Thread 0x000001865ff33000 DEOPT PACKING pc=0x00000186420e8d80 sp=0x00000031425fa530
Event: 508.460 Thread 0x000001865ff33000 DEOPT UNPACKING pc=0x0000018639aea1af sp=0x00000031425fa4e8 mode 2
Event: 509.024 Thread 0x000001865ff33000 DEOPT PACKING pc=0x000001863b0adabc sp=0x00000031425fd6a0
Event: 509.024 Thread 0x000001865ff33000 DEOPT UNPACKING pc=0x0000018639aea95e sp=0x00000031425fcb60 mode 0
Event: 509.263 Thread 0x000001865ff33000 Uncommon trap: trap_request=0xffffffc6 fr.pc=0x00000186420652b4 relative=0x0000000000002d14
Event: 509.263 Thread 0x000001865ff33000 Uncommon trap: reason=bimorphic_or_optimized_type_check action=maybe_recompile pc=0x00000186420652b4 method=org.gradle.api.internal.file.AbstractFileCollection$1.visitCollection(Lorg/gradle/api/internal/file/FileCollectionInternal$Source;Ljava/lang/Iterab
Event: 509.263 Thread 0x000001865ff33000 DEOPT PACKING pc=0x00000186420652b4 sp=0x00000031425fa820
Event: 509.264 Thread 0x000001865ff33000 DEOPT UNPACKING pc=0x0000018639aea1af sp=0x00000031425fa820 mode 2
Event: 509.481 Thread 0x000001865ff33000 DEOPT PACKING pc=0x000001863b0e90f6 sp=0x00000031425fb2e0
Event: 509.481 Thread 0x000001865ff33000 DEOPT UNPACKING pc=0x0000018639aea95e sp=0x00000031425fa7b0 mode 0
Event: 509.483 Thread 0x000001865ff33000 DEOPT PACKING pc=0x000001863b0e90f6 sp=0x00000031425fb2e0
Event: 509.483 Thread 0x000001865ff33000 DEOPT UNPACKING pc=0x0000018639aea95e sp=0x00000031425fa7b0 mode 0

Classes redefined (0 events):
No events

Internal exceptions (20 events):
Event: 498.679 Thread 0x0000018652074000 Exception <a 'sun/nio/fs/WindowsException'{0x000000008f849dd8}> (0x000000008f849dd8) thrown at [s\src\hotspot\share\prims\jni.cpp, line 617]
Event: 498.680 Thread 0x0000018652074000 Exception <a 'sun/nio/fs/WindowsException'{0x000000008f84cde8}> (0x000000008f84cde8) thrown at [s\src\hotspot\share\prims\jni.cpp, line 617]
Event: 498.689 Thread 0x0000018652074000 Exception <a 'sun/nio/fs/WindowsException'{0x000000008f886018}> (0x000000008f886018) thrown at [s\src\hotspot\share\prims\jni.cpp, line 617]
Event: 499.121 Thread 0x0000018652074000 Exception <a 'sun/nio/fs/WindowsException'{0x000000008f78f800}> (0x000000008f78f800) thrown at [s\src\hotspot\share\prims\jni.cpp, line 617]
Event: 499.122 Thread 0x0000018652074000 Exception <a 'sun/nio/fs/WindowsException'{0x000000008f7924c8}> (0x000000008f7924c8) thrown at [s\src\hotspot\share\prims\jni.cpp, line 617]
Event: 499.123 Thread 0x0000018652074000 Exception <a 'sun/nio/fs/WindowsException'{0x000000008f79a0a0}> (0x000000008f79a0a0) thrown at [s\src\hotspot\share\prims\jni.cpp, line 617]
Event: 499.123 Thread 0x0000018652074000 Exception <a 'sun/nio/fs/WindowsException'{0x000000008f79ce48}> (0x000000008f79ce48) thrown at [s\src\hotspot\share\prims\jni.cpp, line 617]
Event: 499.130 Thread 0x0000018652074000 Exception <a 'sun/nio/fs/WindowsException'{0x000000008f7d74e0}> (0x000000008f7d74e0) thrown at [s\src\hotspot\share\prims\jni.cpp, line 617]
Event: 499.146 Thread 0x0000018652074000 Exception <a 'sun/nio/fs/WindowsException'{0x000000008f6396b8}> (0x000000008f6396b8) thrown at [s\src\hotspot\share\prims\jni.cpp, line 617]
Event: 499.146 Thread 0x0000018652074000 Exception <a 'sun/nio/fs/WindowsException'{0x000000008f63d420}> (0x000000008f63d420) thrown at [s\src\hotspot\share\prims\jni.cpp, line 617]
Event: 499.147 Thread 0x0000018652074000 Exception <a 'sun/nio/fs/WindowsException'{0x000000008f644260}> (0x000000008f644260) thrown at [s\src\hotspot\share\prims\jni.cpp, line 617]
Event: 499.147 Thread 0x0000018652074000 Exception <a 'sun/nio/fs/WindowsException'{0x000000008f647e68}> (0x000000008f647e68) thrown at [s\src\hotspot\share\prims\jni.cpp, line 617]
Event: 499.154 Thread 0x000001865d48a800 Exception <a 'sun/nio/fs/WindowsException'{0x000000008f66c1d8}> (0x000000008f66c1d8) thrown at [s\src\hotspot\share\prims\jni.cpp, line 617]
Event: 499.751 Thread 0x000001865d48a800 Exception <a 'java/lang/NoSuchMethodError'{0x000000008fbe5de8}: 'java.lang.Object java.lang.invoke.DirectMethodHandle$Holder.newInvokeSpecial(java.lang.Object, java.lang.Object, java.lang.Object, java.lang.Object, int, long)'> (0x000000008fbe5de8) thrown at [s\src\hotspot\share\interpreter\linkResolver.cpp, line 773]
Event: 501.120 Thread 0x000001865ff31800 Exception <a 'java/lang/NoSuchMethodError'{0x000000008fd3e040}: 'java.lang.Object java.lang.invoke.DirectMethodHandle$Holder.invokeStatic(java.lang.Object, java.lang.Object, java.lang.Object, java.lang.Object, java.lang.Object, java.lang.Object, java.lang.Object, java.lang.Object, java.lang.Object, java.lang.Object, java.lang.Object, java.lang.Object, java.lang.Object, java.lang.Object, java.lang.Object, int)'> (0x000000008fd3e040) thrown at [s\src\hotspot\share\interpreter\linkResolver.cpp, line 773]
Event: 505.241 Thread 0x000001865ff33000 Exception <a 'java/lang/NoSuchMethodError'{0x000000008f6dde08}: <clinit>> (0x000000008f6dde08) thrown at [s\src\hotspot\share\prims\jni.cpp, line 1367]
Event: 505.243 Thread 0x000001865ff33000 Exception <a 'java/lang/NoSuchMethodError'{0x000000008f6dfae0}: <clinit>> (0x000000008f6dfae0) thrown at [s\src\hotspot\share\prims\jni.cpp, line 1367]
Event: 505.249 Thread 0x000001865ff33000 Exception <a 'java/lang/NoSuchMethodError'{0x000000008f6e3b30}: <clinit>> (0x000000008f6e3b30) thrown at [s\src\hotspot\share\prims\jni.cpp, line 1367]
Event: 505.312 Thread 0x000001865ff33000 Exception <a 'java/lang/NoSuchMethodError'{0x000000008f5059b0}: <clinit>> (0x000000008f5059b0) thrown at [s\src\hotspot\share\prims\jni.cpp, line 1367]
Event: 505.312 Thread 0x000001865ff33000 Exception <a 'java/lang/NoSuchMethodError'{0x000000008f5070b8}: <clinit>> (0x000000008f5070b8) thrown at [s\src\hotspot\share\prims\jni.cpp, line 1367]

Events (20 events):
Event: 508.761 loading class org/gradle/api/plugins/internal/DefaultJavaPluginExtension
Event: 508.761 loading class org/gradle/api/plugins/internal/DefaultJavaPluginExtension done
Event: 508.761 loading class org/gradle/api/tasks/compile/GroovyCompile
Event: 508.761 loading class org/gradle/api/tasks/compile/GroovyCompile done
Event: 509.061 Executing VM operation: CGC_Operation
Event: 509.081 Executing VM operation: CGC_Operation done
Event: 509.143 Executing VM operation: G1CollectForAllocation
Event: 509.151 Executing VM operation: G1CollectForAllocation done
Event: 509.165 Executing VM operation: RevokeBias
Event: 509.165 Executing VM operation: RevokeBias done
Event: 509.165 Executing VM operation: RevokeBias
Event: 509.166 Executing VM operation: RevokeBias done
Event: 509.251 Executing VM operation: RevokeBias
Event: 509.252 Executing VM operation: RevokeBias done
Event: 509.262 Executing VM operation: RevokeBias
Event: 509.263 Executing VM operation: RevokeBias done
Event: 509.361 Executing VM operation: CGC_Operation
Event: 509.361 Executing VM operation: CGC_Operation done
Event: 509.366 Executing VM operation: G1CollectForAllocation
Event: 509.372 Executing VM operation: G1CollectForAllocation done


Dynamic libraries:
0x00007ff697f20000 - 0x00007ff697f2d000 	C:\Program Files\Microsoft\jdk-11.0.20.8-hotspot\bin\java.exe
0x00007ffb75870000 - 0x00007ffb75a84000 	C:\WINDOWS\SYSTEM32\ntdll.dll
0x00007ffb73a70000 - 0x00007ffb73b34000 	C:\WINDOWS\System32\KERNEL32.DLL
0x00007ffb72fc0000 - 0x00007ffb73364000 	C:\WINDOWS\System32\KERNELBASE.dll
0x00007ffb5ab30000 - 0x00007ffb5ab47000 	C:\Program Files\Microsoft\jdk-11.0.20.8-hotspot\bin\jli.dll
0x00007ffb74cb0000 - 0x00007ffb74e5e000 	C:\WINDOWS\System32\USER32.dll
0x00007ffb72dd0000 - 0x00007ffb72df6000 	C:\WINDOWS\System32\win32u.dll
0x00007ffb73ee0000 - 0x00007ffb73f09000 	C:\WINDOWS\System32\GDI32.dll
0x00007ffb734e0000 - 0x00007ffb735f1000 	C:\WINDOWS\System32\ucrtbase.dll
0x00007ffb72e00000 - 0x00007ffb72f18000 	C:\WINDOWS\System32\gdi32full.dll
0x00007ffb5a9e0000 - 0x00007ffb5a9f5000 	C:\Program Files\Microsoft\jdk-11.0.20.8-hotspot\bin\VCRUNTIME140.dll
0x00007ffb72f20000 - 0x00007ffb72fba000 	C:\WINDOWS\System32\msvcp_win.dll
0x00007ffb56c00000 - 0x00007ffb56e93000 	C:\WINDOWS\WinSxS\amd64_microsoft.windows.common-controls_6595b64144ccf1df_6.0.22621.2215_none_270d72677387dfc3\COMCTL32.dll
0x00007ffb75780000 - 0x00007ffb75827000 	C:\WINDOWS\System32\msvcrt.dll
0x00007ffb75740000 - 0x00007ffb75771000 	C:\WINDOWS\System32\IMM32.DLL
0x00007ffb2f980000 - 0x00007ffb2fa1b000 	C:\Program Files\Microsoft\jdk-11.0.20.8-hotspot\bin\msvcp140.dll
0x00007ffaf2260000 - 0x00007ffaf2df6000 	C:\Program Files\Microsoft\jdk-11.0.20.8-hotspot\bin\server\jvm.dll
0x00007ffb74190000 - 0x00007ffb74240000 	C:\WINDOWS\System32\ADVAPI32.dll
0x00007ffb73f20000 - 0x00007ffb73fc6000 	C:\WINDOWS\System32\sechost.dll
0x00007ffb75480000 - 0x00007ffb75597000 	C:\WINDOWS\System32\RPCRT4.dll
0x00007ffb73f10000 - 0x00007ffb73f18000 	C:\WINDOWS\System32\PSAPI.DLL
0x00007ffb5ae50000 - 0x00007ffb5ae59000 	C:\WINDOWS\SYSTEM32\WSOCK32.dll
0x00007ffb737a0000 - 0x00007ffb73811000 	C:\WINDOWS\System32\WS2_32.dll
0x00007ffb6b0b0000 - 0x00007ffb6b0e4000 	C:\WINDOWS\SYSTEM32\WINMM.dll
0x00007ffb6ae70000 - 0x00007ffb6ae7a000 	C:\WINDOWS\SYSTEM32\VERSION.dll
0x00007ffb71c60000 - 0x00007ffb71c78000 	C:\WINDOWS\SYSTEM32\kernel.appcore.dll
0x00007ffb5a9d0000 - 0x00007ffb5a9e0000 	C:\Program Files\Microsoft\jdk-11.0.20.8-hotspot\bin\verify.dll
0x00007ffb70710000 - 0x00007ffb7093e000 	C:\WINDOWS\SYSTEM32\DBGHELP.DLL
0x00007ffb73b40000 - 0x00007ffb73eca000 	C:\WINDOWS\System32\combase.dll
0x00007ffb755a0000 - 0x00007ffb75677000 	C:\WINDOWS\System32\OLEAUT32.dll
0x00007ffb68c70000 - 0x00007ffb68ca2000 	C:\WINDOWS\SYSTEM32\dbgcore.DLL
0x00007ffb72c90000 - 0x00007ffb72d0a000 	C:\WINDOWS\System32\bcryptPrimitives.dll
0x00007ffb553b0000 - 0x00007ffb553d8000 	C:\Program Files\Microsoft\jdk-11.0.20.8-hotspot\bin\java.dll
0x00007ffb5a740000 - 0x00007ffb5a74a000 	C:\Program Files\Microsoft\jdk-11.0.20.8-hotspot\bin\jimage.dll
0x00007ffb59d10000 - 0x00007ffb59d28000 	C:\Program Files\Microsoft\jdk-11.0.20.8-hotspot\bin\zip.dll
0x00007ffb74300000 - 0x00007ffb74b23000 	C:\WINDOWS\System32\SHELL32.dll
0x00007ffb70b60000 - 0x00007ffb7144a000 	C:\WINDOWS\SYSTEM32\windows.storage.dll
0x00007ffb70a20000 - 0x00007ffb70b5e000 	C:\WINDOWS\SYSTEM32\wintypes.dll
0x00007ffb73970000 - 0x00007ffb73a63000 	C:\WINDOWS\System32\SHCORE.dll
0x00007ffb738b0000 - 0x00007ffb7390e000 	C:\WINDOWS\System32\shlwapi.dll
0x00007ffb72b50000 - 0x00007ffb72b76000 	C:\WINDOWS\SYSTEM32\profapi.dll
0x00007ffb57cb0000 - 0x00007ffb57cc9000 	C:\Program Files\Microsoft\jdk-11.0.20.8-hotspot\bin\net.dll
0x00007ffb6ba60000 - 0x00007ffb6bb97000 	C:\WINDOWS\SYSTEM32\WINHTTP.dll
0x00007ffb72190000 - 0x00007ffb721f9000 	C:\WINDOWS\system32\mswsock.dll
0x00007ffb558e0000 - 0x00007ffb558f3000 	C:\Program Files\Microsoft\jdk-11.0.20.8-hotspot\bin\nio.dll
0x00007ffb529b0000 - 0x00007ffb529d7000 	C:\Users\wante\.gradle\native\68d5fa5c4cc2d200863cafc0d521ce42e7d3e7ee720ec0a83991735586a16f82\windows-amd64\native-platform.dll
0x00007ffb2e650000 - 0x00007ffb2e794000 	C:\Users\wante\.gradle\native\e376f236ea51e6404a007f0833ffe2c6e607c4080706a723a18a27aeea778392\windows-amd64\native-platform-file-events.dll
0x00007ffb58520000 - 0x00007ffb58529000 	C:\Program Files\Microsoft\jdk-11.0.20.8-hotspot\bin\management.dll
0x00007ffb56130000 - 0x00007ffb5613b000 	C:\Program Files\Microsoft\jdk-11.0.20.8-hotspot\bin\management_ext.dll
0x00007ffb72430000 - 0x00007ffb7244b000 	C:\WINDOWS\SYSTEM32\CRYPTSP.dll
0x00007ffb71c20000 - 0x00007ffb71c55000 	C:\WINDOWS\system32\rsaenh.dll
0x00007ffb72230000 - 0x00007ffb7225c000 	C:\WINDOWS\SYSTEM32\USERENV.dll
0x00007ffb725d0000 - 0x00007ffb725f8000 	C:\WINDOWS\SYSTEM32\bcrypt.dll
0x00007ffb72390000 - 0x00007ffb7239c000 	C:\WINDOWS\SYSTEM32\CRYPTBASE.dll
0x00007ffb716b0000 - 0x00007ffb716dd000 	C:\WINDOWS\SYSTEM32\IPHLPAPI.DLL
0x00007ffb742f0000 - 0x00007ffb742f9000 	C:\WINDOWS\System32\NSI.dll
0x00007ffb6bc50000 - 0x00007ffb6bc69000 	C:\WINDOWS\SYSTEM32\dhcpcsvc6.DLL
0x00007ffb6b870000 - 0x00007ffb6b88f000 	C:\WINDOWS\SYSTEM32\dhcpcsvc.DLL
0x00007ffb71720000 - 0x00007ffb71812000 	C:\WINDOWS\SYSTEM32\DNSAPI.dll

dbghelp: loaded successfully - version: 4.0.5 - missing functions: none
symbol engine: initialized successfully - sym options: 0x614 - pdb path: .;C:\Program Files\Microsoft\jdk-11.0.20.8-hotspot\bin;C:\WINDOWS\SYSTEM32;C:\WINDOWS\WinSxS\amd64_microsoft.windows.common-controls_6595b64144ccf1df_6.0.22621.2215_none_270d72677387dfc3;C:\Program Files\Microsoft\jdk-11.0.20.8-hotspot\bin\server;C:\Users\wante\.gradle\native\68d5fa5c4cc2d200863cafc0d521ce42e7d3e7ee720ec0a83991735586a16f82\windows-amd64;C:\Users\wante\.gradle\native\e376f236ea51e6404a007f0833ffe2c6e607c4080706a723a18a27aeea778392\windows-amd64

VM Arguments:
jvm_args: -XX:MaxMetaspaceSize=512m --add-opens=java.base/java.util=ALL-UNNAMED --add-opens=java.base/java.lang=ALL-UNNAMED --add-opens=java.base/java.lang.invoke=ALL-UNNAMED --add-opens=java.prefs/java.util.prefs=ALL-UNNAMED --add-opens=java.base/java.nio.charset=ALL-UNNAMED --add-opens=java.base/java.net=ALL-UNNAMED --add-opens=java.base/java.util.concurrent.atomic=ALL-UNNAMED -Xmx2048m -Dfile.encoding=windows-1252 -Duser.country=US -Duser.language=en -Duser.variant 
java_command: org.gradle.launcher.daemon.bootstrap.GradleDaemon 8.0.1
java_class_path (initial): C:\Users\wante\.gradle\wrapper\dists\gradle-8.0.1-all\aro4hu1c3oeioove7l0i4i14o\gradle-8.0.1\lib\gradle-launcher-8.0.1.jar
Launcher Type: SUN_STANDARD

[Global flags]
     intx CICompilerCount                          = 4                                         {product} {ergonomic}
   size_t CompressedClassSpaceSize                 = 528482304                                 {product} {ergonomic}
     uint ConcGCThreads                            = 2                                         {product} {ergonomic}
     uint G1ConcRefinementThreads                  = 8                                         {product} {ergonomic}
   size_t G1HeapRegionSize                         = 1048576                                   {product} {ergonomic}
    uintx GCDrainStackTargetSize                   = 64                                        {product} {ergonomic}
   size_t InitialHeapSize                          = 266338304                                 {product} {ergonomic}
   size_t MarkStackSize                            = 4194304                                   {product} {ergonomic}
   size_t MaxHeapSize                              = 2147483648                                {product} {command line}
   size_t MaxMetaspaceSize                         = 536870912                                 {product} {command line}
   size_t MaxNewSize                               = 1287651328                                {product} {ergonomic}
   size_t MinHeapDeltaBytes                        = 1048576                                   {product} {ergonomic}
    uintx NonNMethodCodeHeapSize                   = 5836300                                {pd product} {ergonomic}
    uintx NonProfiledCodeHeapSize                  = 122910970                              {pd product} {ergonomic}
    uintx ProfiledCodeHeapSize                     = 122910970                              {pd product} {ergonomic}
    uintx ReservedCodeCacheSize                    = 251658240                              {pd product} {ergonomic}
     bool SegmentedCodeCache                       = true                                      {product} {ergonomic}
     bool UseCompressedClassPointers               = true                                 {lp64_product} {ergonomic}
     bool UseCompressedOops                        = true                                 {lp64_product} {ergonomic}
     bool UseG1GC                                  = true                                      {product} {ergonomic}
     bool UseLargePagesIndividualAllocation        = false                                  {pd product} {ergonomic}

Logging:
Log output configuration:
 #0: stdout all=warning uptime,level,tags
 #1: stderr all=off uptime,level,tags

Environment Variables:
JAVA_HOME=C:\Program Files\Microsoft\jdk-11.0.20.8-hotspot\
CLASSPATH=C:\Users\wante\OneDrive\Desktop\vscode\rn_demo\android\\gradle\wrapper\gradle-wrapper.jar
PATH=C:\Users\wante\OneDrive\Desktop\vscode\rn_demo\node_modules\.bin;C:\Users\wante\OneDrive\Desktop\vscode\rn_demo\node_modules\.bin;C:\Users\wante\OneDrive\Desktop\vscode\node_modules\.bin;C:\Users\wante\OneDrive\Desktop\node_modules\.bin;C:\Users\wante\OneDrive\node_modules\.bin;C:\Users\wante\node_modules\.bin;C:\Users\node_modules\.bin;C:\node_modules\.bin;C:\Program Files\nodejs\node_modules\npm\node_modules\@npmcli\run-script\lib\node-gyp-bin;C:\Users\wante\OneDrive\Desktop\vscode\rn_demo\node_modules\.bin;C:\Users\wante\OneDrive\Desktop\vscode\rn_demo\node_modules\.bin;C:\Users\wante\OneDrive\Desktop\vscode\node_modules\.bin;C:\Users\wante\OneDrive\Desktop\node_modules\.bin;C:\Users\wante\OneDrive\node_modules\.bin;C:\Users\wante\node_modules\.bin;C:\Users\node_modules\.bin;C:\node_modules\.bin;C:\Program Files\nodejs\node_modules\npm\node_modules\@npmcli\run-script\lib\node-gyp-bin;C:\Program Files\Microsoft\jdk-11.0.20.8-hotspot\bin;C:\WINDOWS\system32;C:\WINDOWS;C:\WINDOWS\System32\Wbem;C:\WINDOWS\System32\WindowsPowerShell\v1.0\;C:\WINDOWS\System32\OpenSSH\;C:\Program Files (x86)\NVIDIA Corporation\PhysX\Common;C:\Program Files\NVIDIA Corporation\NVIDIA NvDLISR;C:\WINDOWS\system32;C:\WINDOWS;C:\WINDOWS\System32\Wbem;C:\WINDOWS\System32\WindowsPowerShell\v1.0\;C:\WINDOWS\System32\OpenSSH\;C:\Program Files\Git\cmd;C:\ProgramData\chocolatey\bin;C:\Program Files\nodejs\;C:\Users\wante\AppData\Local\Android\Sdk\platform-tools;C:\Users\wante\AppData\Local\Microsoft\WindowsApps;;C:\Users\wante\Downloads\Microsoft VS Code\bin;C:\Users\wante\AppData\Roaming\npm
USERNAME=wante
LANG=en_US.UTF-8
OS=Windows_NT
PROCESSOR_IDENTIFIER=Intel64 Family 6 Model 158 Stepping 10, GenuineIntel
TMP=C:\Users\wante\AppData\Local\Temp
TEMP=C:\Users\wante\AppData\Local\Temp



---------------  S Y S T E M  ---------------

OS: Windows 11 , 64 bit Build 22621 (10.0.22621.2215)
OS uptime: 3 days 23:17 hours
Hyper-V role detected

CPU:total 8 (initial active 8) (4 cores per cpu, 2 threads per core) family 6 model 158 stepping 10 microcode 0xde, cmov, cx8, fxsr, mmx, sse, sse2, sse3, ssse3, sse4.1, sse4.2, popcnt, avx, avx2, aes, clmul, erms, 3dnowpref, lzcnt, ht, tsc, tscinvbit, bmi1, bmi2, adx, fma

Memory: 4k page, system-wide physical 16239M (420M free)
TotalPageFile size 31361M (AvailPageFile size 4M)
current process WorkingSet (physical memory assigned to process): 558M, peak: 615M
current process commit charge ("private bytes"): 662M, peak: 674M

vm_info: OpenJDK 64-Bit Server VM (11.0.20+8-LTS) for windows-amd64 JRE (11.0.20+8-LTS), built on Jul  7 2023 17:05:21 by "MicrosoftCorporation" with MS VC++ 15.9 (VS2017)

END.
