#
# There is insufficient memory for the Java Runtime Environment to continue.
# Native memory allocation (malloc) failed to allocate 32744 bytes for ChunkPool::allocate
# Possible reasons:
#   The system is out of physical RAM or swap space
#   The process is running with CompressedOops enabled, and the Java Heap may be blocking the growth of the native heap
# Possible solutions:
#   Reduce memory load on the system
#   Increase physical memory or swap space
#   Check if swap backing store is full
#   Decrease Java heap size (-Xmx/-Xms)
#   Decrease number of Java threads
#   Decrease Java thread stack sizes (-Xss)
#   Set larger code cache with -XX:ReservedCodeCacheSize=
#   JVM is running with Unscaled Compressed Oops mode in which the Java heap is
#     placed in the first 4GB address space. The Java Heap base address is the
#     maximum limit for the native heap growth. Please use -XX:HeapBaseMinAddress
#     to set the Java Heap base and to place the Java Heap above 4GB virtual address.
# This output file may be truncated or incomplete.
#
#  Out of Memory Error (arena.cpp:81), pid=1704, tid=30092
#
# JRE version: OpenJDK Runtime Environment Microsoft-8035250 (11.0.20+8) (build 11.0.20+8-LTS)
# Java VM: OpenJDK 64-Bit Server VM Microsoft-8035250 (11.0.20+8-LTS, mixed mode, tiered, compressed oops, g1 gc, windows-amd64)
# No core dump will be written. Minidumps are not enabled by default on client versions of Windows
#

---------------  S U M M A R Y ------------

Command Line: -Xmx64m -Xms64m -Dorg.gradle.appname=gradlew org.gradle.wrapper.GradleWrapperMain tasks

Host: Intel(R) Core(TM) i5-8300H CPU @ 2.30GHz, 8 cores, 15G,  Windows 11 , 64 bit Build 22621 (10.0.22621.2215)
Time: Tue Oct 10 16:45:49 2023 Nepal Standard Time elapsed time: 47.034062 seconds (0d 0h 0m 47s)

---------------  T H R E A D  ---------------

Current thread (0x000002429ae8c800):  JavaThread "C1 CompilerThread0" daemon [_thread_in_native, id=30092, stack(0x0000007eafd00000,0x0000007eafe00000)]


Current CompileTask:
C1:  47034 1126       3       sun.nio.fs.WindowsPathParser::
[error occurred during error reporting (printing current compile task), id 0xe0000001, Out of Memory Error (s\src\hotspot\share\memory\arena.cpp:81)]

Stack: [0x0000007eafd00000,0x0000007eafe00000]
Native frames: (J=compiled Java code, j=interpreted, Vv=VM code, C=native code)
V  [jvm.dll+0x62e9da]
V  [jvm.dll+0x7bc4e9]
V  [jvm.dll+0x7bdbd8]
V  [jvm.dll+0x7be2b3]
V  [jvm.dll+0x2505a8]
V  [jvm.dll+0xc289b]
V  [jvm.dll+0xc2bfc]
V  [jvm.dll+0x74a39c]
V  [jvm.dll+0x5e2e95]
V  [jvm.dll+0x21c72f]
V  [jvm.dll+0x21cca7]
V  [jvm.dll+0x7bc387]
V  [jvm.dll+0x7bdbd8]
V  [jvm.dll+0x7be2b3]
V  [jvm.dll+0x2505a8]
V  [jvm.dll+0xc289b]
V  [jvm.dll+0xc2bfc]
V  [jvm.dll+0x16c473]
V  [jvm.dll+0x16c540]
V  [jvm.dll+0x16ed6d]
V  [jvm.dll+0x1709d1]
V  [jvm.dll+0x12b1b5]
V  [jvm.dll+0x12aa2f]
V  [jvm.dll+0x12ac5f]
V  [jvm.dll+0x129f04]
V  [jvm.dll+0x12be17]
V  [jvm.dll+0x2181ec]
V  [jvm.dll+0x21642b]
V  [jvm.dll+0x77efc0]
V  [jvm.dll+0x777db4]
V  [jvm.dll+0x62d845]
C  [ucrtbase.dll+0x29363]
C  [KERNEL32.DLL+0x1257d]
C  [ntdll.dll+0x5aa68]


---------------  P R O C E S S  ---------------

Threads class SMR info:
_java_thread_list=0x000002429bd281e0, length=11, elements={
0x00000242ffe1e800, 0x000002429acb2000, 0x000002429acbd800, 0x000002429acd2000,
0x000002429acd3000, 0x000002429acd4000, 0x000002429ad1b800, 0x000002429ae8c800,
0x000002429ae90800, 0x000002429af8f000, 0x000002429b909000
}

Java Threads: ( => current thread )
  0x00000242ffe1e800 JavaThread "main" [_thread_in_Java, id=20764, stack(0x0000007eaf000000,0x0000007eaf100000)]
  0x000002429acb2000 JavaThread "Reference Handler" daemon [_thread_blocked, id=14536, stack(0x0000007eaf700000,0x0000007eaf800000)]
  0x000002429acbd800 JavaThread "Finalizer" daemon [_thread_blocked, id=27104, stack(0x0000007eaf800000,0x0000007eaf900000)]
  0x000002429acd2000 JavaThread "Signal Dispatcher" daemon [_thread_blocked, id=29804, stack(0x0000007eaf900000,0x0000007eafa00000)]
  0x000002429acd3000 JavaThread "Attach Listener" daemon [_thread_blocked, id=27412, stack(0x0000007eafa00000,0x0000007eafb00000)]
  0x000002429acd4000 JavaThread "Service Thread" daemon [_thread_blocked, id=11328, stack(0x0000007eafb00000,0x0000007eafc00000)]
  0x000002429ad1b800 JavaThread "C2 CompilerThread0" daemon [_thread_in_native, id=11476, stack(0x0000007eafc00000,0x0000007eafd00000)]
=>0x000002429ae8c800 JavaThread "C1 CompilerThread0" daemon [_thread_in_native, id=30092, stack(0x0000007eafd00000,0x0000007eafe00000)]
  0x000002429ae90800 JavaThread "Sweeper thread" daemon [_thread_blocked, id=17816, stack(0x0000007eafe00000,0x0000007eaff00000)]
  0x000002429af8f000 JavaThread "Common-Cleaner" daemon [_thread_blocked, id=27448, stack(0x0000007eb0000000,0x0000007eb0100000)]
  0x000002429b909000 JavaThread "pool-1-thread-1" [_thread_blocked, id=19156, stack(0x0000007eb0100000,0x0000007eb0200000)]

Other Threads:
  0x000002429ac89800 VMThread "VM Thread" [stack: 0x0000007eaf600000,0x0000007eaf700000] [id=30012]
  0x000002429af82000 WatcherThread [stack: 0x0000007eaff00000,0x0000007eb0000000] [id=2304]
  0x00000242ffe38000 GCTaskThread "GC Thread#0" [stack: 0x0000007eaf100000,0x0000007eaf200000] [id=21756]
  0x000002429bec0800 GCTaskThread "GC Thread#1" [stack: 0x0000007eb0200000,0x0000007eb0300000] [id=26700]
  0x00000242ffe3e000 ConcurrentGCThread "G1 Main Marker" [stack: 0x0000007eaf200000,0x0000007eaf300000] [id=3076]
  0x00000242ffe40000 ConcurrentGCThread "G1 Conc#0" [stack: 0x0000007eaf300000,0x0000007eaf400000] [id=10332]
  0x00000242ffea6000 ConcurrentGCThread "G1 Refine#0" [stack: 0x0000007eaf400000,0x0000007eaf500000] [id=24384]
  0x00000242ffea7800 ConcurrentGCThread "G1 Young RemSet Sampling" [stack: 0x0000007eaf500000,0x0000007eaf600000] [id=25636]

Threads with active compile tasks:
C2 CompilerThread0    47151 1127       4       java.lang.Integer::reverseBytes (26 bytes)
C1 CompilerThread0    47151 1126       3       sun.nio.fs.WindowsPathParser::parse (384 bytes)

VM state:not at safepoint (normal execution)

VM Mutex/Monitor currently owned by a thread: None

Heap address: 0x00000000fc000000, size: 64 MB, Compressed Oops mode: 32-bit
Narrow klass base: 0x0000000000000000, Narrow klass shift: 3
Compressed class space size: 1073741824 Address: 0x0000000100000000

Heap:
 garbage-first heap   total 65536K, used 24461K [0x00000000fc000000, 0x0000000100000000)
  region size 1024K, 18 young (18432K), 3 survivors (3072K)
 Metaspace       used 13879K, capacity 14113K, committed 14336K, reserved 1062912K
  class space    used 1569K, capacity 1668K, committed 1792K, reserved 1048576K
Heap Regions: E=young(eden), S=young(survivor), O=old, HS=humongous(starts), HC=humongous(continues), CS=collection set, F=free, A=archive, TAMS=top-at-mark-start (previous, next)
|   0|0x00000000fc000000, 0x00000000fc100000, 0x00000000fc100000|100%|HS|  |TAMS 0x00000000fc000000, 0x00000000fc000000| Complete 
|   1|0x00000000fc100000, 0x00000000fc200000, 0x00000000fc200000|100%|HC|  |TAMS 0x00000000fc100000, 0x00000000fc100000| Complete 
|   2|0x00000000fc200000, 0x00000000fc300000, 0x00000000fc300000|100%|HC|  |TAMS 0x00000000fc200000, 0x00000000fc200000| Complete 
|   3|0x00000000fc300000, 0x00000000fc400000, 0x00000000fc400000|100%|HC|  |TAMS 0x00000000fc300000, 0x00000000fc300000| Complete 
|   4|0x00000000fc400000, 0x00000000fc500000, 0x00000000fc500000|100%| O|  |TAMS 0x00000000fc400000, 0x00000000fc400000| Untracked 
|   5|0x00000000fc500000, 0x00000000fc600000, 0x00000000fc600000|100%| O|  |TAMS 0x00000000fc500000, 0x00000000fc500000| Untracked 
|   6|0x00000000fc600000, 0x00000000fc6e3400, 0x00000000fc700000| 88%| O|  |TAMS 0x00000000fc600000, 0x00000000fc600000| Untracked 
|   7|0x00000000fc700000, 0x00000000fc700000, 0x00000000fc800000|  0%| F|  |TAMS 0x00000000fc700000, 0x00000000fc700000| Untracked 
|   8|0x00000000fc800000, 0x00000000fc800000, 0x00000000fc900000|  0%| F|  |TAMS 0x00000000fc800000, 0x00000000fc800000| Untracked 
|   9|0x00000000fc900000, 0x00000000fc900000, 0x00000000fca00000|  0%| F|  |TAMS 0x00000000fc900000, 0x00000000fc900000| Untracked 
|  10|0x00000000fca00000, 0x00000000fca00000, 0x00000000fcb00000|  0%| F|  |TAMS 0x00000000fca00000, 0x00000000fca00000| Untracked 
|  11|0x00000000fcb00000, 0x00000000fcb00000, 0x00000000fcc00000|  0%| F|  |TAMS 0x00000000fcb00000, 0x00000000fcb00000| Untracked 
|  12|0x00000000fcc00000, 0x00000000fcc00000, 0x00000000fcd00000|  0%| F|  |TAMS 0x00000000fcc00000, 0x00000000fcc00000| Untracked 
|  13|0x00000000fcd00000, 0x00000000fcd00000, 0x00000000fce00000|  0%| F|  |TAMS 0x00000000fcd00000, 0x00000000fcd00000| Untracked 
|  14|0x00000000fce00000, 0x00000000fce00000, 0x00000000fcf00000|  0%| F|  |TAMS 0x00000000fce00000, 0x00000000fce00000| Untracked 
|  15|0x00000000fcf00000, 0x00000000fcf00000, 0x00000000fd000000|  0%| F|  |TAMS 0x00000000fcf00000, 0x00000000fcf00000| Untracked 
|  16|0x00000000fd000000, 0x00000000fd000000, 0x00000000fd100000|  0%| F|  |TAMS 0x00000000fd000000, 0x00000000fd000000| Untracked 
|  17|0x00000000fd100000, 0x00000000fd100000, 0x00000000fd200000|  0%| F|  |TAMS 0x00000000fd100000, 0x00000000fd100000| Untracked 
|  18|0x00000000fd200000, 0x00000000fd200000, 0x00000000fd300000|  0%| F|  |TAMS 0x00000000fd200000, 0x00000000fd200000| Untracked 
|  19|0x00000000fd300000, 0x00000000fd300000, 0x00000000fd400000|  0%| F|  |TAMS 0x00000000fd300000, 0x00000000fd300000| Untracked 
|  20|0x00000000fd400000, 0x00000000fd400000, 0x00000000fd500000|  0%| F|  |TAMS 0x00000000fd400000, 0x00000000fd400000| Untracked 
|  21|0x00000000fd500000, 0x00000000fd500000, 0x00000000fd600000|  0%| F|  |TAMS 0x00000000fd500000, 0x00000000fd500000| Untracked 
|  22|0x00000000fd600000, 0x00000000fd600000, 0x00000000fd700000|  0%| F|  |TAMS 0x00000000fd600000, 0x00000000fd600000| Untracked 
|  23|0x00000000fd700000, 0x00000000fd700000, 0x00000000fd800000|  0%| F|  |TAMS 0x00000000fd700000, 0x00000000fd700000| Untracked 
|  24|0x00000000fd800000, 0x00000000fd800000, 0x00000000fd900000|  0%| F|  |TAMS 0x00000000fd800000, 0x00000000fd800000| Untracked 
|  25|0x00000000fd900000, 0x00000000fd900000, 0x00000000fda00000|  0%| F|  |TAMS 0x00000000fd900000, 0x00000000fd900000| Untracked 
|  26|0x00000000fda00000, 0x00000000fda00000, 0x00000000fdb00000|  0%| F|  |TAMS 0x00000000fda00000, 0x00000000fda00000| Untracked 
|  27|0x00000000fdb00000, 0x00000000fdb00000, 0x00000000fdc00000|  0%| F|  |TAMS 0x00000000fdb00000, 0x00000000fdb00000| Untracked 
|  28|0x00000000fdc00000, 0x00000000fdc00000, 0x00000000fdd00000|  0%| F|  |TAMS 0x00000000fdc00000, 0x00000000fdc00000| Untracked 
|  29|0x00000000fdd00000, 0x00000000fdd00000, 0x00000000fde00000|  0%| F|  |TAMS 0x00000000fdd00000, 0x00000000fdd00000| Untracked 
|  30|0x00000000fde00000, 0x00000000fde00000, 0x00000000fdf00000|  0%| F|  |TAMS 0x00000000fde00000, 0x00000000fde00000| Untracked 
|  31|0x00000000fdf00000, 0x00000000fdf00000, 0x00000000fe000000|  0%| F|  |TAMS 0x00000000fdf00000, 0x00000000fdf00000| Untracked 
|  32|0x00000000fe000000, 0x00000000fe000000, 0x00000000fe100000|  0%| F|  |TAMS 0x00000000fe000000, 0x00000000fe000000| Untracked 
|  33|0x00000000fe100000, 0x00000000fe100000, 0x00000000fe200000|  0%| F|  |TAMS 0x00000000fe100000, 0x00000000fe100000| Untracked 
|  34|0x00000000fe200000, 0x00000000fe200000, 0x00000000fe300000|  0%| F|  |TAMS 0x00000000fe200000, 0x00000000fe200000| Untracked 
|  35|0x00000000fe300000, 0x00000000fe300000, 0x00000000fe400000|  0%| F|  |TAMS 0x00000000fe300000, 0x00000000fe300000| Untracked 
|  36|0x00000000fe400000, 0x00000000fe400000, 0x00000000fe500000|  0%| F|  |TAMS 0x00000000fe400000, 0x00000000fe400000| Untracked 
|  37|0x00000000fe500000, 0x00000000fe600000, 0x00000000fe600000|100%| S|CS|TAMS 0x00000000fe500000, 0x00000000fe500000| Complete 
|  38|0x00000000fe600000, 0x00000000fe700000, 0x00000000fe700000|100%| S|CS|TAMS 0x00000000fe600000, 0x00000000fe600000| Complete 
|  39|0x00000000fe700000, 0x00000000fe800000, 0x00000000fe800000|100%| S|CS|TAMS 0x00000000fe700000, 0x00000000fe700000| Complete 
|  40|0x00000000fe800000, 0x00000000fe800000, 0x00000000fe900000|  0%| F|  |TAMS 0x00000000fe800000, 0x00000000fe800000| Untracked 
|  41|0x00000000fe900000, 0x00000000fe900000, 0x00000000fea00000|  0%| F|  |TAMS 0x00000000fe900000, 0x00000000fe900000| Untracked 
|  42|0x00000000fea00000, 0x00000000fea00000, 0x00000000feb00000|  0%| F|  |TAMS 0x00000000fea00000, 0x00000000fea00000| Untracked 
|  43|0x00000000feb00000, 0x00000000feb00000, 0x00000000fec00000|  0%| F|  |TAMS 0x00000000feb00000, 0x00000000feb00000| Untracked 
|  44|0x00000000fec00000, 0x00000000fec00000, 0x00000000fed00000|  0%| F|  |TAMS 0x00000000fec00000, 0x00000000fec00000| Untracked 
|  45|0x00000000fed00000, 0x00000000fed00000, 0x00000000fee00000|  0%| F|  |TAMS 0x00000000fed00000, 0x00000000fed00000| Untracked 
|  46|0x00000000fee00000, 0x00000000fee00000, 0x00000000fef00000|  0%| F|  |TAMS 0x00000000fee00000, 0x00000000fee00000| Untracked 
|  47|0x00000000fef00000, 0x00000000fef00000, 0x00000000ff000000|  0%| F|  |TAMS 0x00000000fef00000, 0x00000000fef00000| Untracked 
|  48|0x00000000ff000000, 0x00000000ff000000, 0x00000000ff100000|  0%| F|  |TAMS 0x00000000ff000000, 0x00000000ff000000| Untracked 
|  49|0x00000000ff100000, 0x00000000ff200000, 0x00000000ff200000|100%| E|  |TAMS 0x00000000ff100000, 0x00000000ff100000| Complete 
|  50|0x00000000ff200000, 0x00000000ff300000, 0x00000000ff300000|100%| E|CS|TAMS 0x00000000ff200000, 0x00000000ff200000| Complete 
|  51|0x00000000ff300000, 0x00000000ff400000, 0x00000000ff400000|100%| E|CS|TAMS 0x00000000ff300000, 0x00000000ff300000| Complete 
|  52|0x00000000ff400000, 0x00000000ff500000, 0x00000000ff500000|100%| E|CS|TAMS 0x00000000ff400000, 0x00000000ff400000| Complete 
|  53|0x00000000ff500000, 0x00000000ff600000, 0x00000000ff600000|100%| E|CS|TAMS 0x00000000ff500000, 0x00000000ff500000| Complete 
|  54|0x00000000ff600000, 0x00000000ff700000, 0x00000000ff700000|100%| E|CS|TAMS 0x00000000ff600000, 0x00000000ff600000| Complete 
|  55|0x00000000ff700000, 0x00000000ff800000, 0x00000000ff800000|100%| E|CS|TAMS 0x00000000ff700000, 0x00000000ff700000| Complete 
|  56|0x00000000ff800000, 0x00000000ff900000, 0x00000000ff900000|100%| E|CS|TAMS 0x00000000ff800000, 0x00000000ff800000| Complete 
|  57|0x00000000ff900000, 0x00000000ffa00000, 0x00000000ffa00000|100%| E|CS|TAMS 0x00000000ff900000, 0x00000000ff900000| Complete 
|  58|0x00000000ffa00000, 0x00000000ffb00000, 0x00000000ffb00000|100%| E|CS|TAMS 0x00000000ffa00000, 0x00000000ffa00000| Complete 
|  59|0x00000000ffb00000, 0x00000000ffc00000, 0x00000000ffc00000|100%| E|CS|TAMS 0x00000000ffb00000, 0x00000000ffb00000| Complete 
|  60|0x00000000ffc00000, 0x00000000ffd00000, 0x00000000ffd00000|100%| E|CS|TAMS 0x00000000ffc00000, 0x00000000ffc00000| Complete 
|  61|0x00000000ffd00000, 0x00000000ffe00000, 0x00000000ffe00000|100%| E|CS|TAMS 0x00000000ffd00000, 0x00000000ffd00000| Complete 
|  62|0x00000000ffe00000, 0x00000000fff00000, 0x00000000fff00000|100%| E|CS|TAMS 0x00000000ffe00000, 0x00000000ffe00000| Complete 
|  63|0x00000000fff00000, 0x0000000100000000, 0x0000000100000000|100%| E|CS|TAMS 0x00000000fff00000, 0x00000000fff00000| Complete 

Card table byte_map: [0x00000242fde00000,0x00000242fde20000] _byte_map_base: 0x00000242fd620000

Marking Bits (Prev, Next): (CMBitMap*) 0x00000242ffe3cb68, (CMBitMap*) 0x00000242ffe3cba0
 Prev Bits: [0x00000242978c0000, 0x00000242979c0000)
 Next Bits: [0x00000242979c0000, 0x0000024297ac0000)

Polling page: 0x00000242fddb0000

Metaspace:

Usage:
  Non-class:     12.15 MB capacity,    12.02 MB ( 99%) used,   116.25 KB ( <1%) free+waste,    19.19 KB ( <1%) overhead. 
      Class:      1.63 MB capacity,     1.53 MB ( 94%) used,    88.48 KB (  5%) free+waste,     9.56 KB ( <1%) overhead. 
       Both:     13.78 MB capacity,    13.55 MB ( 98%) used,   204.73 KB (  1%) free+waste,    28.75 KB ( <1%) overhead. 

Virtual space:
  Non-class space:       14.00 MB reserved,      12.25 MB ( 88%) committed 
      Class space:        1.00 GB reserved,       1.75 MB ( <1%) committed 
             Both:        1.01 GB reserved,      14.00 MB (  1%) committed 

Chunk freelists:
   Non-Class:  35.00 KB
       Class:  28.00 KB
        Both:  63.00 KB

MaxMetaspaceSize: 17179869184.00 GB
CompressedClassSpaceSize: 1.00 GB
Initial GC threshold: 20.80 MB
Current GC threshold: 20.80 MB
CDS: off

CodeHeap 'non-profiled nmethods': size=120000Kb used=449Kb max_used=449Kb free=119550Kb
 bounds [0x0000024290170000, 0x00000242903e0000, 0x00000242976a0000]
CodeHeap 'profiled nmethods': size=120000Kb used=2087Kb max_used=2087Kb free=117912Kb
 bounds [0x0000024288c40000, 0x0000024288eb0000, 0x0000024290170000]
CodeHeap 'non-nmethods': size=5760Kb used=1141Kb max_used=1153Kb free=4618Kb
 bounds [0x00000242886a0000, 0x0000024288910000, 0x0000024288c40000]
 total_blobs=1517 nmethods=1120 adapters=310
 compilation: enabled
              stopped_count=0, restarted_count=0
 full_count=0

Compilation events (20 events):
Event: 42.743 Thread 0x000002429ae8c800 nmethod 1114 0x0000024288e41d10 code [0x0000024288e41fc0, 0x0000024288e42f68]
Event: 43.137 Thread 0x000002429ae8c800 1116       3       java.lang.invoke.VarHandleObjects$FieldInstanceReadWrite::compareAndSet (38 bytes)
Event: 43.139 Thread 0x000002429ae8c800 nmethod 1116 0x0000024288e43490 code [0x0000024288e43700, 0x0000024288e44068]
Event: 43.139 Thread 0x000002429ae8c800 1118       3       java.util.concurrent.locks.ReentrantLock$NonfairSync::tryAcquire (6 bytes)
Event: 43.139 Thread 0x000002429ae8c800 nmethod 1118 0x0000024288e44410 code [0x0000024288e445c0, 0x0000024288e446e8]
Event: 43.139 Thread 0x000002429ae8c800 1117       3       java.util.ArrayList::isEmpty (13 bytes)
Event: 43.140 Thread 0x000002429ae8c800 nmethod 1117 0x0000024288e44790 code [0x0000024288e44940, 0x0000024288e44a98]
Event: 43.742 Thread 0x000002429ae8c800 1119       3       java.util.concurrent.ThreadPoolExecutor::isShutdown (12 bytes)
Event: 43.744 Thread 0x000002429ae8c800 nmethod 1119 0x0000024288e44b10 code [0x0000024288e44cc0, 0x0000024288e44e98]
Event: 43.744 Thread 0x000002429ae8c800 1120       3       java.util.concurrent.ScheduledThreadPoolExecutor::canRunInCurrentRunState (61 bytes)
Event: 43.745 Thread 0x000002429ae8c800 nmethod 1120 0x0000024288e44f90 code [0x0000024288e451c0, 0x0000024288e459e8]
Event: 46.705 Thread 0x000002429ae8c800 1121       3       java.lang.invoke.VarHandleGuards::guard_LL_V (103 bytes)
Event: 46.709 Thread 0x000002429ae8c800 nmethod 1121 0x0000024288e45c10 code [0x0000024288e45f80, 0x0000024288e47a28]
Event: 46.709 Thread 0x000002429ae8c800 1122       3       java.lang.invoke.VarHandleObjects$FieldInstanceReadWrite::set (30 bytes)
Event: 46.710 Thread 0x000002429ae8c800 nmethod 1122 0x0000024288e48310 code [0x0000024288e48540, 0x0000024288e48c48]
Event: 47.015 Thread 0x000002429ae8c800 1124       3       java.util.concurrent.locks.ReentrantLock::unlock (10 bytes)
Event: 47.016 Thread 0x000002429ae8c800 nmethod 1124 0x0000024288e48f10 code [0x0000024288e490e0, 0x0000024288e49418]
Event: 47.016 Thread 0x000002429ae8c800 1125       3       java.util.concurrent.locks.AbstractQueuedSynchronizer::acquire (27 bytes)
Event: 47.017 Thread 0x000002429ae8c800 nmethod 1125 0x0000024288e49590 code [0x0000024288e49780, 0x0000024288e49b58]
Event: 47.025 Thread 0x000002429ae8c800 1126       3       sun.nio.fs.WindowsPathParser::parse (384 bytes)

GC Heap History (2 events):
Event: 34.508 GC heap before
{Heap before GC invocations=0 (full 0):
 garbage-first heap   total 65536K, used 27648K [0x00000000fc000000, 0x0000000100000000)
  region size 1024K, 24 young (24576K), 0 survivors (0K)
 Metaspace       used 10330K, capacity 10597K, committed 10624K, reserved 1058816K
  class space    used 1046K, capacity 1129K, committed 1152K, reserved 1048576K
}
Event: 34.537 GC heap after
{Heap after GC invocations=1 (full 0):
 garbage-first heap   total 65536K, used 10125K [0x00000000fc000000, 0x0000000100000000)
  region size 1024K, 3 young (3072K), 3 survivors (3072K)
 Metaspace       used 10330K, capacity 10597K, committed 10624K, reserved 1058816K
  class space    used 1046K, capacity 1129K, committed 1152K, reserved 1048576K
}

Deoptimization events (20 events):
Event: 33.716 Thread 0x00000242ffe1e800 Uncommon trap: trap_request=0xffffff4d fr.pc=0x00000242901b0c50 relative=0x0000000000000210
Event: 33.716 Thread 0x00000242ffe1e800 Uncommon trap: reason=unstable_if action=reinterpret pc=0x00000242901b0c50 method=java.util.HashMap.hash(Ljava/lang/Object;)I @ 1 c2
Event: 33.716 Thread 0x00000242ffe1e800 DEOPT PACKING pc=0x00000242901b0c50 sp=0x0000007eaf0fcc00
Event: 33.716 Thread 0x00000242ffe1e800 DEOPT UNPACKING pc=0x00000242886ea1af sp=0x0000007eaf0fcb38 mode 2
Event: 33.717 Thread 0x00000242ffe1e800 Uncommon trap: trap_request=0xffffff4d fr.pc=0x0000024290192eac relative=0x000000000000008c
Event: 33.717 Thread 0x00000242ffe1e800 Uncommon trap: reason=unstable_if action=reinterpret pc=0x0000024290192eac method=java.util.HashMap.hash(Ljava/lang/Object;)I @ 1 c2
Event: 33.717 Thread 0x00000242ffe1e800 DEOPT PACKING pc=0x0000024290192eac sp=0x0000007eaf0fcba0
Event: 33.717 Thread 0x00000242ffe1e800 DEOPT UNPACKING pc=0x00000242886ea1af sp=0x0000007eaf0fcb38 mode 2
Event: 38.846 Thread 0x00000242ffe1e800 DEOPT PACKING pc=0x0000024288ce55ff sp=0x0000007eaf0f9d50
Event: 38.864 Thread 0x00000242ffe1e800 DEOPT UNPACKING pc=0x00000242886ea95e sp=0x0000007eaf0f91a0 mode 0
Event: 40.075 Thread 0x00000242ffe1e800 DEOPT PACKING pc=0x0000024288d3dab0 sp=0x0000007eaf0f8170
Event: 40.075 Thread 0x00000242ffe1e800 DEOPT UNPACKING pc=0x00000242886ea95e sp=0x0000007eaf0f7688 mode 0
Event: 40.092 Thread 0x00000242ffe1e800 Uncommon trap: trap_request=0xffffff4d fr.pc=0x00000242901cede0 relative=0x00000000000001a0
Event: 40.092 Thread 0x00000242ffe1e800 Uncommon trap: reason=unstable_if action=reinterpret pc=0x00000242901cede0 method=java.util.HashMap.getNode(ILjava/lang/Object;)Ljava/util/HashMap$Node; @ 129 c2
Event: 40.092 Thread 0x00000242ffe1e800 DEOPT PACKING pc=0x00000242901cede0 sp=0x0000007eaf0fa1c0
Event: 40.092 Thread 0x00000242ffe1e800 DEOPT UNPACKING pc=0x00000242886ea1af sp=0x0000007eaf0fa0c0 mode 2
Event: 47.014 Thread 0x00000242ffe1e800 Uncommon trap: trap_request=0xffffff4d fr.pc=0x00000242901c0fd0 relative=0x0000000000001a70
Event: 47.014 Thread 0x00000242ffe1e800 Uncommon trap: reason=unstable_if action=reinterpret pc=0x00000242901c0fd0 method=java.io.WinNTFileSystem.normalize(Ljava/lang/String;)Ljava/lang/String; @ 128 c2
Event: 47.014 Thread 0x00000242ffe1e800 DEOPT PACKING pc=0x00000242901c0fd0 sp=0x0000007eaf0f9c60
Event: 47.014 Thread 0x00000242ffe1e800 DEOPT UNPACKING pc=0x00000242886ea1af sp=0x0000007eaf0f9c38 mode 2

Classes redefined (0 events):
No events

Internal exceptions (11 events):
Event: 7.265 Thread 0x00000242ffe1e800 Exception <a 'java/lang/NoSuchMethodError'{0x00000000ffc62640}: 'int java.lang.invoke.DirectMethodHandle$Holder.invokeStaticInit(java.lang.Object, java.lang.Object)'> (0x00000000ffc62640) thrown at [s\src\hotspot\share\interpreter\linkResolver.cpp, line 773]
Event: 8.173 Thread 0x00000242ffe1e800 Exception <a 'java/lang/NoSuchMethodError'{0x00000000ffb37078}: 'int java.lang.invoke.DirectMethodHandle$Holder.invokeSpecial(java.lang.Object, java.lang.Object, java.lang.Object, java.lang.Object)'> (0x00000000ffb37078) thrown at [s\src\hotspot\share\interpreter\linkResolver.cpp, line 773]
Event: 8.187 Thread 0x00000242ffe1e800 Exception <a 'java/lang/NoSuchMethodError'{0x00000000ffb6f440}: 'int java.lang.invoke.DirectMethodHandle$Holder.invokeSpecialIFC(java.lang.Object, java.lang.Object, int)'> (0x00000000ffb6f440) thrown at [s\src\hotspot\share\interpreter\linkResolver.cpp, line 773]
Event: 33.716 Thread 0x00000242ffe1e800 Implicit null exception at 0x00000242901b0a75 to 0x00000242901b0c40
Event: 33.717 Thread 0x00000242ffe1e800 Implicit null exception at 0x0000024290192e2f to 0x0000024290192e9d
Event: 34.108 Thread 0x00000242ffe1e800 Exception <a 'java/lang/NoClassDefFoundError'{0x00000000fe81f908}: org/slf4j/impl/StaticMarkerBinder> (0x00000000fe81f908) thrown at [s\src\hotspot\share\classfile\systemDictionary.cpp, line 219]
Event: 34.548 Thread 0x00000242ffe1e800 Exception <a 'java/lang/NoSuchMethodError'{0x00000000fff20b28}: 'java.lang.Object java.lang.invoke.DirectMethodHandle$Holder.invokeVirtual(java.lang.Object, java.lang.Object, java.lang.Object, java.lang.Object, java.lang.Object, java.lang.Object, java.lang.Object)'> (0x00000000fff20b28) thrown at [s\src\hotspot\share\interpreter\linkResolver.cpp, line 773]
Event: 34.903 Thread 0x00000242ffe1e800 Exception <a 'java/lang/NoSuchMethodError'{0x00000000fff34db0}: 'java.lang.Object java.lang.invoke.Invokers$Holder.invoker(java.lang.Object, java.lang.Object, java.lang.Object)'> (0x00000000fff34db0) thrown at [s\src\hotspot\share\interpreter\linkResolver.cpp, line 773]
Event: 34.916 Thread 0x00000242ffe1e800 Exception <a 'java/lang/NoSuchMethodError'{0x00000000fff45a50}: 'void java.lang.invoke.DelegatingMethodHandle$Holder.delegate(java.lang.Object, java.lang.Object, int, java.lang.Object)'> (0x00000000fff45a50) thrown at [s\src\hotspot\share\interpreter\linkResolver.cpp, line 773]
Event: 38.560 Thread 0x00000242ffe1e800 Exception <a 'java/lang/NoSuchMethodError'{0x00000000ff656680}: 'java.lang.Object java.lang.invoke.DirectMethodHandle$Holder.invokeStaticInit(java.lang.Object, java.lang.Object, java.lang.Object)'> (0x00000000ff656680) thrown at [s\src\hotspot\share\interpreter\linkResolver.cpp, line 773]
Event: 40.814 Thread 0x00000242ffe1e800 Exception <a 'java/lang/NoSuchMethodError'{0x00000000ff1627a8}: 'java.lang.Object java.lang.invoke.DirectMethodHandle$Holder.invokeStaticInit(java.lang.Object, int, int, int, int)'> (0x00000000ff1627a8) thrown at [s\src\hotspot\share\interpreter\linkResolver.cpp, line 773]

Events (20 events):
Event: 40.873 loading class java/net/DefaultInterface
Event: 40.873 loading class java/net/DefaultInterface done
Event: 46.320 loading class java/net/NetworkInterface$2
Event: 46.321 loading class java/net/NetworkInterface$2 done
Event: 47.014 loading class java/nio/file/Files$AcceptAllFilter
Event: 47.014 loading class java/nio/file/DirectoryStream$Filter
Event: 47.015 loading class java/nio/file/DirectoryStream$Filter done
Event: 47.015 loading class java/nio/file/Files$AcceptAllFilter done
Event: 47.015 loading class sun/nio/fs/WindowsDirectoryStream
Event: 47.015 loading class java/nio/file/DirectoryStream
Event: 47.017 loading class java/nio/file/DirectoryStream done
Event: 47.017 loading class sun/nio/fs/WindowsDirectoryStream done
Event: 47.018 loading class sun/nio/fs/WindowsDirectoryStream$WindowsDirectoryIterator
Event: 47.018 loading class sun/nio/fs/WindowsDirectoryStream$WindowsDirectoryIterator done
Event: 47.018 loading class sun/nio/fs/WindowsPath$WindowsPathWithAttributes
Event: 47.018 loading class sun/nio/fs/BasicFileAttributesHolder
Event: 47.018 loading class sun/nio/fs/BasicFileAttributesHolder done
Event: 47.018 loading class sun/nio/fs/WindowsPath$WindowsPathWithAttributes done
Event: 47.018 Executing VM operation: Deoptimize
Event: 47.019 Executing VM operation: Deoptimize done


Dynamic libraries:
0x00007ff697f20000 - 0x00007ff697f2d000 	C:\Program Files\Microsoft\jdk-11.0.20.8-hotspot\bin\java.exe
0x00007ffb75870000 - 0x00007ffb75a84000 	C:\WINDOWS\SYSTEM32\ntdll.dll
0x00007ffb73a70000 - 0x00007ffb73b34000 	C:\WINDOWS\System32\KERNEL32.DLL
0x00007ffb72fc0000 - 0x00007ffb73364000 	C:\WINDOWS\System32\KERNELBASE.dll
0x00007ffb734e0000 - 0x00007ffb735f1000 	C:\WINDOWS\System32\ucrtbase.dll
0x00007ffb5ab30000 - 0x00007ffb5ab47000 	C:\Program Files\Microsoft\jdk-11.0.20.8-hotspot\bin\jli.dll
0x00007ffb5a9e0000 - 0x00007ffb5a9f5000 	C:\Program Files\Microsoft\jdk-11.0.20.8-hotspot\bin\VCRUNTIME140.dll
0x00007ffb74cb0000 - 0x00007ffb74e5e000 	C:\WINDOWS\System32\USER32.dll
0x00007ffb72dd0000 - 0x00007ffb72df6000 	C:\WINDOWS\System32\win32u.dll
0x00007ffb56c00000 - 0x00007ffb56e93000 	C:\WINDOWS\WinSxS\amd64_microsoft.windows.common-controls_6595b64144ccf1df_6.0.22621.2215_none_270d72677387dfc3\COMCTL32.dll
0x00007ffb73ee0000 - 0x00007ffb73f09000 	C:\WINDOWS\System32\GDI32.dll
0x00007ffb75780000 - 0x00007ffb75827000 	C:\WINDOWS\System32\msvcrt.dll
0x00007ffb72e00000 - 0x00007ffb72f18000 	C:\WINDOWS\System32\gdi32full.dll
0x00007ffb72f20000 - 0x00007ffb72fba000 	C:\WINDOWS\System32\msvcp_win.dll
0x00007ffb75740000 - 0x00007ffb75771000 	C:\WINDOWS\System32\IMM32.DLL
0x00007ffb2f980000 - 0x00007ffb2fa1b000 	C:\Program Files\Microsoft\jdk-11.0.20.8-hotspot\bin\msvcp140.dll
0x00007ffaf2260000 - 0x00007ffaf2df6000 	C:\Program Files\Microsoft\jdk-11.0.20.8-hotspot\bin\server\jvm.dll
0x00007ffb74190000 - 0x00007ffb74240000 	C:\WINDOWS\System32\ADVAPI32.dll
0x00007ffb73f20000 - 0x00007ffb73fc6000 	C:\WINDOWS\System32\sechost.dll
0x00007ffb75480000 - 0x00007ffb75597000 	C:\WINDOWS\System32\RPCRT4.dll
0x00007ffb73f10000 - 0x00007ffb73f18000 	C:\WINDOWS\System32\PSAPI.DLL
0x00007ffb5ae50000 - 0x00007ffb5ae59000 	C:\WINDOWS\SYSTEM32\WSOCK32.dll
0x00007ffb737a0000 - 0x00007ffb73811000 	C:\WINDOWS\System32\WS2_32.dll
0x00007ffb6b0b0000 - 0x00007ffb6b0e4000 	C:\WINDOWS\SYSTEM32\WINMM.dll
0x00007ffb6ae70000 - 0x00007ffb6ae7a000 	C:\WINDOWS\SYSTEM32\VERSION.dll
0x00007ffb71c60000 - 0x00007ffb71c78000 	C:\WINDOWS\SYSTEM32\kernel.appcore.dll
0x00007ffb5a9d0000 - 0x00007ffb5a9e0000 	C:\Program Files\Microsoft\jdk-11.0.20.8-hotspot\bin\verify.dll
0x00007ffb70710000 - 0x00007ffb7093e000 	C:\WINDOWS\SYSTEM32\DBGHELP.DLL
0x00007ffb73b40000 - 0x00007ffb73eca000 	C:\WINDOWS\System32\combase.dll
0x00007ffb755a0000 - 0x00007ffb75677000 	C:\WINDOWS\System32\OLEAUT32.dll
0x00007ffb68c70000 - 0x00007ffb68ca2000 	C:\WINDOWS\SYSTEM32\dbgcore.DLL
0x00007ffb72c90000 - 0x00007ffb72d0a000 	C:\WINDOWS\System32\bcryptPrimitives.dll
0x00007ffb553b0000 - 0x00007ffb553d8000 	C:\Program Files\Microsoft\jdk-11.0.20.8-hotspot\bin\java.dll
0x00007ffb5a740000 - 0x00007ffb5a74a000 	C:\Program Files\Microsoft\jdk-11.0.20.8-hotspot\bin\jimage.dll
0x00007ffb59d10000 - 0x00007ffb59d28000 	C:\Program Files\Microsoft\jdk-11.0.20.8-hotspot\bin\zip.dll
0x00007ffb74300000 - 0x00007ffb74b23000 	C:\WINDOWS\System32\SHELL32.dll
0x00007ffb70b60000 - 0x00007ffb7144a000 	C:\WINDOWS\SYSTEM32\windows.storage.dll
0x00007ffb70a20000 - 0x00007ffb70b5e000 	C:\WINDOWS\SYSTEM32\wintypes.dll
0x00007ffb73970000 - 0x00007ffb73a63000 	C:\WINDOWS\System32\SHCORE.dll
0x00007ffb738b0000 - 0x00007ffb7390e000 	C:\WINDOWS\System32\shlwapi.dll
0x00007ffb72b50000 - 0x00007ffb72b76000 	C:\WINDOWS\SYSTEM32\profapi.dll
0x00007ffb57cb0000 - 0x00007ffb57cc9000 	C:\Program Files\Microsoft\jdk-11.0.20.8-hotspot\bin\net.dll
0x00007ffb6ba60000 - 0x00007ffb6bb97000 	C:\WINDOWS\SYSTEM32\WINHTTP.dll
0x00007ffb72190000 - 0x00007ffb721f9000 	C:\WINDOWS\system32\mswsock.dll
0x00007ffb558e0000 - 0x00007ffb558f3000 	C:\Program Files\Microsoft\jdk-11.0.20.8-hotspot\bin\nio.dll
0x00007ffb529b0000 - 0x00007ffb529d7000 	C:\Users\wante\.gradle\native\68d5fa5c4cc2d200863cafc0d521ce42e7d3e7ee720ec0a83991735586a16f82\windows-amd64\native-platform.dll
0x00007ffb58520000 - 0x00007ffb58529000 	C:\Program Files\Microsoft\jdk-11.0.20.8-hotspot\bin\management.dll
0x00007ffb56130000 - 0x00007ffb5613b000 	C:\Program Files\Microsoft\jdk-11.0.20.8-hotspot\bin\management_ext.dll
0x00007ffb72430000 - 0x00007ffb7244b000 	C:\WINDOWS\SYSTEM32\CRYPTSP.dll
0x00007ffb71c20000 - 0x00007ffb71c55000 	C:\WINDOWS\system32\rsaenh.dll
0x00007ffb72230000 - 0x00007ffb7225c000 	C:\WINDOWS\SYSTEM32\USERENV.dll
0x00007ffb725d0000 - 0x00007ffb725f8000 	C:\WINDOWS\SYSTEM32\bcrypt.dll
0x00007ffb72390000 - 0x00007ffb7239c000 	C:\WINDOWS\SYSTEM32\CRYPTBASE.dll
0x00007ffb716b0000 - 0x00007ffb716dd000 	C:\WINDOWS\SYSTEM32\IPHLPAPI.DLL
0x00007ffb742f0000 - 0x00007ffb742f9000 	C:\WINDOWS\System32\NSI.dll
0x00007ffb6bc50000 - 0x00007ffb6bc69000 	C:\WINDOWS\SYSTEM32\dhcpcsvc6.DLL
0x00007ffb6b870000 - 0x00007ffb6b88f000 	C:\WINDOWS\SYSTEM32\dhcpcsvc.DLL
0x00007ffb71720000 - 0x00007ffb71812000 	C:\WINDOWS\SYSTEM32\DNSAPI.dll

dbghelp: loaded successfully - version: 4.0.5 - missing functions: none
symbol engine: initialized successfully - sym options: 0x614 - pdb path: .;C:\Program Files\Microsoft\jdk-11.0.20.8-hotspot\bin;C:\WINDOWS\SYSTEM32;C:\WINDOWS\WinSxS\amd64_microsoft.windows.common-controls_6595b64144ccf1df_6.0.22621.2215_none_270d72677387dfc3;C:\Program Files\Microsoft\jdk-11.0.20.8-hotspot\bin\server;C:\Users\wante\.gradle\native\68d5fa5c4cc2d200863cafc0d521ce42e7d3e7ee720ec0a83991735586a16f82\windows-amd64

VM Arguments:
jvm_args: -Xmx64m -Xms64m -Dorg.gradle.appname=gradlew 
java_command: org.gradle.wrapper.GradleWrapperMain tasks
java_class_path (initial): C:\Users\wante\OneDrive\Desktop\vscode\rn_demo\android\\gradle\wrapper\gradle-wrapper.jar
Launcher Type: SUN_STANDARD

[Global flags]
     intx CICompilerCount                          = 4                                         {product} {ergonomic}
     uint ConcGCThreads                            = 2                                         {product} {ergonomic}
     uint G1ConcRefinementThreads                  = 8                                         {product} {ergonomic}
   size_t G1HeapRegionSize                         = 1048576                                   {product} {ergonomic}
    uintx GCDrainStackTargetSize                   = 64                                        {product} {ergonomic}
   size_t InitialHeapSize                          = 67108864                                  {product} {command line}
   size_t MarkStackSize                            = 4194304                                   {product} {ergonomic}
   size_t MaxHeapSize                              = 67108864                                  {product} {command line}
   size_t MaxNewSize                               = 39845888                                  {product} {ergonomic}
   size_t MinHeapDeltaBytes                        = 1048576                                   {product} {ergonomic}
    uintx NonNMethodCodeHeapSize                   = 5836300                                {pd product} {ergonomic}
    uintx NonProfiledCodeHeapSize                  = 122910970                              {pd product} {ergonomic}
    uintx ProfiledCodeHeapSize                     = 122910970                              {pd product} {ergonomic}
    uintx ReservedCodeCacheSize                    = 251658240                              {pd product} {ergonomic}
     bool SegmentedCodeCache                       = true                                      {product} {ergonomic}
     bool UseCompressedClassPointers               = true                                 {lp64_product} {ergonomic}
     bool UseCompressedOops                        = true                                 {lp64_product} {ergonomic}
     bool UseG1GC                                  = true                                      {product} {ergonomic}
     bool UseLargePagesIndividualAllocation        = false                                  {pd product} {ergonomic}

Logging:
Log output configuration:
 #0: stdout all=warning uptime,level,tags
 #1: stderr all=off uptime,level,tags

Environment Variables:
JAVA_HOME=C:\Program Files\Microsoft\jdk-11.0.20.8-hotspot\
CLASSPATH=C:\Users\wante\OneDrive\Desktop\vscode\rn_demo\android\\gradle\wrapper\gradle-wrapper.jar
PATH=C:\Users\wante\OneDrive\Desktop\vscode\rn_demo\node_modules\.bin;C:\Users\wante\OneDrive\Desktop\vscode\rn_demo\node_modules\.bin;C:\Users\wante\OneDrive\Desktop\vscode\node_modules\.bin;C:\Users\wante\OneDrive\Desktop\node_modules\.bin;C:\Users\wante\OneDrive\node_modules\.bin;C:\Users\wante\node_modules\.bin;C:\Users\node_modules\.bin;C:\node_modules\.bin;C:\Program Files\nodejs\node_modules\npm\node_modules\@npmcli\run-script\lib\node-gyp-bin;C:\Users\wante\OneDrive\Desktop\vscode\rn_demo\node_modules\.bin;C:\Users\wante\OneDrive\Desktop\vscode\rn_demo\node_modules\.bin;C:\Users\wante\OneDrive\Desktop\vscode\node_modules\.bin;C:\Users\wante\OneDrive\Desktop\node_modules\.bin;C:\Users\wante\OneDrive\node_modules\.bin;C:\Users\wante\node_modules\.bin;C:\Users\node_modules\.bin;C:\node_modules\.bin;C:\Program Files\nodejs\node_modules\npm\node_modules\@npmcli\run-script\lib\node-gyp-bin;C:\Program Files\Microsoft\jdk-11.0.20.8-hotspot\bin;C:\WINDOWS\system32;C:\WINDOWS;C:\WINDOWS\System32\Wbem;C:\WINDOWS\System32\WindowsPowerShell\v1.0\;C:\WINDOWS\System32\OpenSSH\;C:\Program Files (x86)\NVIDIA Corporation\PhysX\Common;C:\Program Files\NVIDIA Corporation\NVIDIA NvDLISR;C:\WINDOWS\system32;C:\WINDOWS;C:\WINDOWS\System32\Wbem;C:\WINDOWS\System32\WindowsPowerShell\v1.0\;C:\WINDOWS\System32\OpenSSH\;C:\Program Files\Git\cmd;C:\ProgramData\chocolatey\bin;C:\Program Files\nodejs\;C:\Users\wante\AppData\Local\Android\Sdk\platform-tools;C:\Users\wante\AppData\Local\Microsoft\WindowsApps;;C:\Users\wante\Downloads\Microsoft VS Code\bin;C:\Users\wante\AppData\Roaming\npm
USERNAME=wante
LANG=en_US.UTF-8
OS=Windows_NT
PROCESSOR_IDENTIFIER=Intel64 Family 6 Model 158 Stepping 10, GenuineIntel
TMP=C:\Users\wante\AppData\Local\Temp
TEMP=C:\Users\wante\AppData\Local\Temp



---------------  S Y S T E M  ---------------

OS: Windows 11 , 64 bit Build 22621 (10.0.22621.2215)
OS uptime: 3 days 23:18 hours
Hyper-V role detected

CPU:total 8 (initial active 8) (4 cores per cpu, 2 threads per core) family 6 model 158 stepping 10 microcode 0xde, cmov, cx8, fxsr, mmx, sse, sse2, sse3, ssse3, sse4.1, sse4.2, popcnt, avx, avx2, aes, clmul, erms, 3dnowpref, lzcnt, ht, tsc, tscinvbit, bmi1, bmi2, adx, fma

Memory: 4k page, system-wide physical 16239M (983M free)
TotalPageFile size 31361M (AvailPageFile size 7M)
current process WorkingSet (physical memory assigned to process): 84M, peak: 86M
current process commit charge ("private bytes"): 157M, peak: 160M

vm_info: OpenJDK 64-Bit Server VM (11.0.20+8-LTS) for windows-amd64 JRE (11.0.20+8-LTS), built on Jul  7 2023 17:05:21 by "MicrosoftCorporation" with MS VC++ 15.9 (VS2017)

END.
